[0.014s] Invoking command in '/home/ori/Autonomous_Vehicle_Hardware/build/interfaces': CMAKE_PREFIX_PATH=/opt/ros/humble /usr/bin/cmake --build /home/ori/Autonomous_Vehicle_Hardware/build/interfaces -- -j20 -l20
[0.039s] [  3%] [34m[1mGenerating C code for ROS interfaces[0m
[0.047s] [  6%] [34m[1mGenerating C++ code for ROS interfaces[0m
[0.058s] [  6%] Built target ament_cmake_python_copy_interfaces
[0.222s] [  9%] [32mBuilding C object CMakeFiles/interfaces__rosidl_generator_c.dir/rosidl_generator_c/interfaces/srv/detail/get_path__functions.c.o[0m
[0.223s] running egg_info
[0.224s] creating interfaces.egg-info
[0.224s] writing interfaces.egg-info/PKG-INFO
[0.224s] writing dependency_links to interfaces.egg-info/dependency_links.txt
[0.224s] writing top-level names to interfaces.egg-info/top_level.txt
[0.224s] writing manifest file 'interfaces.egg-info/SOURCES.txt'
[0.225s] reading manifest file 'interfaces.egg-info/SOURCES.txt'
[0.226s] writing manifest file 'interfaces.egg-info/SOURCES.txt'
[0.229s] [  9%] Built target interfaces__cpp
[0.236s] [ 16%] [34m[1mGenerating C++ type support dispatch for ROS interfaces[0m
[0.236s] [ 16%] [34m[1mGenerating C++ type support for eProsima Fast-RTPS[0m
[0.236s] [ 19%] [34m[1mGenerating C++ introspection for ROS interfaces[0m
[0.242s] [ 19%] Built target ament_cmake_python_build_interfaces_egg
[0.260s] [ 22%] [32m[1mLinking C shared library libinterfaces__rosidl_generator_c.so[0m
[0.285s] [ 22%] Built target interfaces__rosidl_generator_c
[0.291s] [ 32%] [34m[1mGenerating C type support dispatch for ROS interfaces[0m
[0.291s] [ 32%] [34m[1mGenerating C introspection for ROS interfaces[0m
[0.292s] [ 32%] [34m[1mGenerating C type support for eProsima Fast-RTPS[0m
[0.382s] [ 35%] [32mBuilding CXX object CMakeFiles/interfaces__rosidl_typesupport_cpp.dir/rosidl_typesupport_cpp/interfaces/srv/get_path__type_support.cpp.o[0m
[0.393s] [ 38%] [32mBuilding CXX object CMakeFiles/interfaces__rosidl_typesupport_introspection_cpp.dir/rosidl_typesupport_introspection_cpp/interfaces/srv/detail/get_path__type_support.cpp.o[0m
[0.432s] [ 41%] [32mBuilding CXX object CMakeFiles/interfaces__rosidl_typesupport_fastrtps_cpp.dir/rosidl_typesupport_fastrtps_cpp/interfaces/srv/detail/dds_fastrtps/get_path__type_support.cpp.o[0m
[0.435s] [ 45%] [32mBuilding CXX object CMakeFiles/interfaces__rosidl_typesupport_c.dir/rosidl_typesupport_c/interfaces/srv/get_path__type_support.cpp.o[0m
[0.457s] [ 48%] [32mBuilding CXX object CMakeFiles/interfaces__rosidl_typesupport_fastrtps_c.dir/rosidl_typesupport_fastrtps_c/interfaces/srv/detail/get_path__type_support_c.cpp.o[0m
[0.466s] [ 51%] [32m[1mLinking CXX shared library libinterfaces__rosidl_typesupport_c.so[0m
[0.512s] [ 51%] Built target interfaces__rosidl_typesupport_c
[0.525s] [ 54%] [32mBuilding C object CMakeFiles/interfaces__rosidl_typesupport_introspection_c.dir/rosidl_typesupport_introspection_c/interfaces/srv/detail/get_path__type_support.c.o[0m
[0.536s] [ 58%] [32m[1mLinking CXX shared library libinterfaces__rosidl_typesupport_cpp.so[0m
[0.549s] [ 61%] [32m[1mLinking C shared library libinterfaces__rosidl_typesupport_introspection_c.so[0m
[0.561s] [ 61%] Built target interfaces__rosidl_typesupport_cpp
[0.569s] [ 61%] Built target interfaces__rosidl_typesupport_introspection_c
[0.638s] [ 64%] [32m[1mLinking CXX shared library libinterfaces__rosidl_typesupport_introspection_cpp.so[0m
[0.659s] [ 67%] [32m[1mLinking CXX shared library libinterfaces__rosidl_typesupport_fastrtps_c.so[0m
[0.687s] [ 67%] Built target interfaces__rosidl_typesupport_introspection_cpp
[0.698s] [ 70%] [32m[1mLinking CXX shared library libinterfaces__rosidl_typesupport_fastrtps_cpp.so[0m
[0.707s] [ 70%] Built target interfaces__rosidl_typesupport_fastrtps_c
[0.748s] [ 70%] Built target interfaces__rosidl_typesupport_fastrtps_cpp
[0.761s] [ 70%] Built target interfaces
[0.774s] [ 74%] [34m[1mGenerating Python code for ROS interfaces[0m
[0.993s] [ 74%] Built target interfaces__py
[1.006s] [ 77%] [32mBuilding C object CMakeFiles/interfaces__rosidl_generator_py.dir/rosidl_generator_py/interfaces/srv/_get_path_s.c.o[0m
[1.074s] [ 80%] [32m[1mLinking C shared library rosidl_generator_py/interfaces/libinterfaces__rosidl_generator_py.so[0m
[1.102s] [ 80%] Built target interfaces__rosidl_generator_py
[1.116s] [ 87%] [32mBuilding C object CMakeFiles/interfaces__rosidl_typesupport_fastrtps_c__pyext.dir/rosidl_generator_py/interfaces/_interfaces_s.ep.rosidl_typesupport_fastrtps_c.c.o[0m
[1.116s] [ 87%] [32mBuilding C object CMakeFiles/interfaces__rosidl_typesupport_c__pyext.dir/rosidl_generator_py/interfaces/_interfaces_s.ep.rosidl_typesupport_c.c.o[0m
[1.117s] [ 90%] [32mBuilding C object CMakeFiles/interfaces__rosidl_typesupport_introspection_c__pyext.dir/rosidl_generator_py/interfaces/_interfaces_s.ep.rosidl_typesupport_introspection_c.c.o[0m
[1.177s] [ 93%] [32m[1mLinking C shared library rosidl_generator_py/interfaces/interfaces_s__rosidl_typesupport_c.cpython-310-x86_64-linux-gnu.so[0m
[1.178s] [ 96%] [32m[1mLinking C shared library rosidl_generator_py/interfaces/interfaces_s__rosidl_typesupport_introspection_c.cpython-310-x86_64-linux-gnu.so[0m
[1.179s] [100%] [32m[1mLinking C shared library rosidl_generator_py/interfaces/interfaces_s__rosidl_typesupport_fastrtps_c.cpython-310-x86_64-linux-gnu.so[0m
[1.203s] [100%] Built target interfaces__rosidl_typesupport_c__pyext
[1.203s] [100%] Built target interfaces__rosidl_typesupport_introspection_c__pyext
[1.204s] [100%] Built target interfaces__rosidl_typesupport_fastrtps_c__pyext
