[0.039s] Invoking command in '/home/ori/my_ackermann/build/serial': CMAKE_PREFIX_PATH=/opt/ros/humble /usr/bin/cmake /home/ori/my_ackermann/src/serial -DCMAKE_INSTALL_PREFIX=/home/ori/my_ackermann/install/serial
[0.083s] -- The C compiler identification is GNU 11.4.0
[0.119s] -- The CXX compiler identification is GNU 11.4.0
[0.124s] -- Detecting C compiler ABI info
[0.164s] -- Detecting C compiler ABI info - done
[0.169s] -- Check for working C compiler: /usr/bin/cc - skipped
[0.169s] -- Detecting C compile features
[0.169s] -- Detecting C compile features - done
[0.171s] -- Detecting CXX compiler ABI info
[0.219s] -- Detecting CXX compiler ABI info - done
[0.224s] -- Check for working CXX compiler: /usr/bin/c++ - skipped
[0.224s] -- Detecting CXX compile features
[0.224s] -- Detecting CXX compile features - done
[0.226s] -- Found ament_cmake: 1.3.5 (/opt/ros/humble/share/ament_cmake/cmake)
[0.341s] -- Found Python3: /usr/bin/python3.10 (found version "3.10.12") found components: Interpreter 
[0.401s] -- Found ament_cmake_gtest: 1.3.5 (/opt/ros/humble/share/ament_cmake_gtest/cmake)
[0.409s] -- Found Boost: /usr/lib/x86_64-linux-gnu/cmake/Boost-1.74.0/BoostConfig.cmake (found version "1.74.0")  
[0.411s] -- Found gtest sources under '/opt/ros/humble/src/gtest_vendor': C++ tests using 'Google Test' will be built
[0.413s] -- Looking for pthread.h
[0.459s] -- Looking for pthread.h - found
[0.459s] -- Performing Test CMAKE_HAVE_LIBC_PTHREAD
[0.505s] -- Performing Test CMAKE_HAVE_LIBC_PTHREAD - Success
[0.505s] -- Found Threads: TRUE  
[0.551s] -- Configuring done
[0.557s] -- Generating done
[0.558s] -- Build files have been written to: /home/ori/my_ackermann/build/serial
[0.562s] Invoked command in '/home/ori/my_ackermann/build/serial' returned '0': CMAKE_PREFIX_PATH=/opt/ros/humble /usr/bin/cmake /home/ori/my_ackermann/src/serial -DCMAKE_INSTALL_PREFIX=/home/ori/my_ackermann/install/serial
[0.563s] Invoking command in '/home/ori/my_ackermann/build/serial': CMAKE_PREFIX_PATH=/opt/ros/humble /usr/bin/cmake --build /home/ori/my_ackermann/build/serial -- -j20 -l20
[0.591s] [  7%] [32mBuilding CXX object gtest/CMakeFiles/gtest_main.dir/src/gtest_main.cc.o[0m
[0.592s] [ 14%] [32mBuilding CXX object gtest/CMakeFiles/gtest.dir/src/gtest-all.cc.o[0m
[0.592s] [ 21%] [32mBuilding CXX object CMakeFiles/serial.dir/src/serial.cc.o[0m
[0.596s] [ 28%] [32mBuilding CXX object CMakeFiles/serial.dir/src/impl/unix.cc.o[0m
[0.596s] [ 35%] [32mBuilding CXX object CMakeFiles/serial.dir/src/impl/list_ports/list_ports_linux.cc.o[0m
[0.904s] [ 42%] [32m[1mLinking CXX static library libserial.a[0m
[0.926s] [ 42%] Built target serial
[0.939s] [ 50%] [32mBuilding CXX object CMakeFiles/serial_example.dir/examples/serial_example.cc.o[0m
[1.132s] [ 57%] [32m[1mLinking CXX executable serial_example[0m
[1.149s] [ 64%] [32m[1mLinking CXX static library libgtest_main.a[0m
[1.169s] [ 64%] Built target gtest_main
[1.185s] [ 64%] Built target serial_example
[2.677s] [ 71%] [32m[1mLinking CXX static library libgtest.a[0m
[2.712s] [ 71%] Built target gtest
[2.725s] [ 85%] [32mBuilding CXX object tests/CMakeFiles/serial-test.dir/unix_serial_tests.cc.o[0m
[2.725s] [ 85%] [32mBuilding CXX object tests/CMakeFiles/serial-test-timer.dir/unit/unix_timer_tests.cc.o[0m
[3.220s] In file included from [01m[K/usr/include/boost/bind.hpp:30[m[K,
[3.220s]                  from [01m[K/home/ori/my_ackermann/src/serial/tests/unix_serial_tests.cc:23[m[K:
[3.220s] [01m[K/usr/include/boost/bind.hpp:36:1:[m[K [01;36m[Knote: [m[K‘[01m[K#pragma message: The practice of declaring the Bind placeholders (_1, _2, ...) in the global namespace is deprecated. Please use <boost/bind/bind.hpp> + using namespace boost::placeholders, or define BOOST_BIND_GLOBAL_PLACEHOLDERS to retain the current behavior.[m[K’
[3.220s]    36 | [01;36m[KBOOST_PRAGMA_MESSAGE[m[K(
[3.220s]       | [01;36m[K^~~~~~~~~~~~~~~~~~~~[m[K
[3.302s] [ 92%] [32m[1mLinking CXX executable serial-test-timer[0m
[3.352s] [100%] [32m[1mLinking CXX executable serial-test[0m
[3.385s] [100%] Built target serial-test-timer
[3.437s] [100%] Built target serial-test
[3.446s] Invoked command in '/home/ori/my_ackermann/build/serial' returned '0': CMAKE_PREFIX_PATH=/opt/ros/humble /usr/bin/cmake --build /home/ori/my_ackermann/build/serial -- -j20 -l20
[3.467s] Invoking command in '/home/ori/my_ackermann/build/serial': CMAKE_PREFIX_PATH=/opt/ros/humble /usr/bin/cmake --install /home/ori/my_ackermann/build/serial
[3.472s] -- Install configuration: ""
[3.472s] -- Installing: /home/ori/my_ackermann/install/serial/lib/libserial.a
[3.472s] -- Installing: /home/ori/my_ackermann/install/serial/include/serial/serial.h
[3.472s] -- Installing: /home/ori/my_ackermann/install/serial/include/serial/v8stdint.h
[3.472s] -- Installing: /home/ori/my_ackermann/install/serial/share/serial/environment/library_path.sh
[3.472s] -- Installing: /home/ori/my_ackermann/install/serial/share/serial/environment/library_path.dsv
[3.473s] -- Installing: /home/ori/my_ackermann/install/serial/share/ament_index/resource_index/package_run_dependencies/serial
[3.473s] -- Installing: /home/ori/my_ackermann/install/serial/share/ament_index/resource_index/parent_prefix_path/serial
[3.473s] -- Installing: /home/ori/my_ackermann/install/serial/share/serial/environment/ament_prefix_path.sh
[3.473s] -- Installing: /home/ori/my_ackermann/install/serial/share/serial/environment/ament_prefix_path.dsv
[3.473s] -- Installing: /home/ori/my_ackermann/install/serial/share/serial/environment/path.sh
[3.473s] -- Installing: /home/ori/my_ackermann/install/serial/share/serial/environment/path.dsv
[3.473s] -- Installing: /home/ori/my_ackermann/install/serial/share/serial/local_setup.bash
[3.473s] -- Installing: /home/ori/my_ackermann/install/serial/share/serial/local_setup.sh
[3.473s] -- Installing: /home/ori/my_ackermann/install/serial/share/serial/local_setup.zsh
[3.473s] -- Installing: /home/ori/my_ackermann/install/serial/share/serial/local_setup.dsv
[3.473s] -- Installing: /home/ori/my_ackermann/install/serial/share/serial/package.dsv
[3.473s] -- Installing: /home/ori/my_ackermann/install/serial/share/ament_index/resource_index/packages/serial
[3.473s] -- Installing: /home/ori/my_ackermann/install/serial/share/serial/cmake/ament_cmake_export_include_directories-extras.cmake
[3.473s] -- Installing: /home/ori/my_ackermann/install/serial/share/serial/cmake/ament_cmake_export_libraries-extras.cmake
[3.473s] -- Installing: /home/ori/my_ackermann/install/serial/share/serial/cmake/serialConfig.cmake
[3.473s] -- Installing: /home/ori/my_ackermann/install/serial/share/serial/cmake/serialConfig-version.cmake
[3.473s] -- Installing: /home/ori/my_ackermann/install/serial/share/serial/package.xml
[3.475s] Invoked command in '/home/ori/my_ackermann/build/serial' returned '0': CMAKE_PREFIX_PATH=/opt/ros/humble /usr/bin/cmake --install /home/ori/my_ackermann/build/serial
