[0.031s] Invoking command in '/home/ori/my_ackermann/build/gazebo_ros2_control_demos': AMENT_PREFIX_PATH=/home/ori/my_ackermann/install/gazebo_ros2_control:${AMENT_PREFIX_PATH} CMAKE_PREFIX_PATH=/home/ori/my_ackermann/install/gazebo_ros2_control:/opt/ros/humble LD_LIBRARY_PATH=/home/ori/my_ackermann/install/gazebo_ros2_control/lib:${LD_LIBRARY_PATH} /usr/bin/cmake /home/ori/my_ackermann/src/gazebo_ros2_control/gazebo_ros2_control_demos -DCMAKE_INSTALL_PREFIX=/home/ori/my_ackermann/install/gazebo_ros2_control_demos
[0.067s] -- The C compiler identification is GNU 11.4.0
[0.107s] -- The CXX compiler identification is GNU 11.4.0
[0.112s] -- Detecting C compiler ABI info
[0.178s] -- Detecting C compiler ABI info - done
[0.183s] -- Check for working C compiler: /usr/bin/cc - skipped
[0.183s] -- Detecting C compile features
[0.183s] -- Detecting C compile features - done
[0.185s] -- Detecting CXX compiler ABI info
[0.245s] -- Detecting CXX compiler ABI info - done
[0.250s] -- Check for working CXX compiler: /usr/bin/c++ - skipped
[0.251s] -- Detecting CXX compile features
[0.251s] -- Detecting CXX compile features - done
[0.253s] -- Found ament_cmake: 1.3.5 (/opt/ros/humble/share/ament_cmake/cmake)
[0.368s] -- Found Python3: /usr/bin/python3.10 (found version "3.10.12") found components: Interpreter 
[0.430s] -- Found control_msgs: 4.4.0 (/opt/ros/humble/share/control_msgs/cmake)
[0.456s] -- Found rosidl_generator_c: 3.1.5 (/opt/ros/humble/share/rosidl_generator_c/cmake)
[0.459s] -- Found rosidl_adapter: 3.1.5 (/opt/ros/humble/share/rosidl_adapter/cmake)
[0.465s] -- Found rosidl_generator_cpp: 3.1.5 (/opt/ros/humble/share/rosidl_generator_cpp/cmake)
[0.475s] -- Using all available rosidl_typesupport_c: rosidl_typesupport_fastrtps_c;rosidl_typesupport_introspection_c
[0.488s] -- Using all available rosidl_typesupport_cpp: rosidl_typesupport_fastrtps_cpp;rosidl_typesupport_introspection_cpp
[0.855s] -- Found rclcpp: 16.0.6 (/opt/ros/humble/share/rclcpp/cmake)
[0.896s] -- Found rmw_implementation_cmake: 6.1.1 (/opt/ros/humble/share/rmw_implementation_cmake/cmake)
[0.898s] -- Found rmw_fastrtps_cpp: 6.2.4 (/opt/ros/humble/share/rmw_fastrtps_cpp/cmake)
[0.962s] -- Found OpenSSL: /usr/lib/x86_64-linux-gnu/libcrypto.so (found version "3.0.2")  
[0.980s] -- Found FastRTPS: /opt/ros/humble/include  
[1.012s] -- Using RMW implementation 'rmw_fastrtps_cpp' as default
[1.018s] -- Looking for pthread.h
[1.081s] -- Looking for pthread.h - found
[1.081s] -- Performing Test CMAKE_HAVE_LIBC_PTHREAD
[1.135s] -- Performing Test CMAKE_HAVE_LIBC_PTHREAD - Success
[1.136s] -- Found Threads: TRUE  
[1.223s] -- Found rclcpp_action: 16.0.6 (/opt/ros/humble/share/rclcpp_action/cmake)
[1.247s] -- Found ament_cmake_gtest: 1.3.5 (/opt/ros/humble/share/ament_cmake_gtest/cmake)
[1.248s] -- Found ament_lint_auto: 0.12.8 (/opt/ros/humble/share/ament_lint_auto/cmake)
[1.303s] -- Added test 'copyright' to check source files copyright and LICENSE
[1.305s] -- Added test 'cppcheck' to perform static code analysis on C / C++ code
[1.305s] -- Configured cppcheck include dirs: 
[1.305s] -- Configured cppcheck exclude dirs and/or files: 
[1.306s] -- Added test 'cpplint' to check C / C++ code against the Google style
[1.306s] -- Configured cpplint exclude dirs and/or files: 
[1.306s] -- Added test 'flake8' to check Python code syntax and style conventions
[1.307s] -- Added test 'lint_cmake' to check CMake code style
[1.307s] -- Added test 'pep257' to check Python code against some of the docstring style conventions in PEP 257
[1.308s] -- Added test 'uncrustify' to check C / C++ code style
[1.308s] -- Configured uncrustify additional arguments: 
[1.308s] -- Added test 'xmllint' to check XML markup files
[1.309s] -- Configuring done
[1.324s] -- Generating done
[1.325s] -- Build files have been written to: /home/ori/my_ackermann/build/gazebo_ros2_control_demos
[1.333s] Invoked command in '/home/ori/my_ackermann/build/gazebo_ros2_control_demos' returned '0': AMENT_PREFIX_PATH=/home/ori/my_ackermann/install/gazebo_ros2_control:${AMENT_PREFIX_PATH} CMAKE_PREFIX_PATH=/home/ori/my_ackermann/install/gazebo_ros2_control:/opt/ros/humble LD_LIBRARY_PATH=/home/ori/my_ackermann/install/gazebo_ros2_control/lib:${LD_LIBRARY_PATH} /usr/bin/cmake /home/ori/my_ackermann/src/gazebo_ros2_control/gazebo_ros2_control_demos -DCMAKE_INSTALL_PREFIX=/home/ori/my_ackermann/install/gazebo_ros2_control_demos
[1.333s] Invoking command in '/home/ori/my_ackermann/build/gazebo_ros2_control_demos': AMENT_PREFIX_PATH=/home/ori/my_ackermann/install/gazebo_ros2_control:${AMENT_PREFIX_PATH} CMAKE_PREFIX_PATH=/home/ori/my_ackermann/install/gazebo_ros2_control:/opt/ros/humble LD_LIBRARY_PATH=/home/ori/my_ackermann/install/gazebo_ros2_control/lib:${LD_LIBRARY_PATH} /usr/bin/cmake --build /home/ori/my_ackermann/build/gazebo_ros2_control_demos -- -j20 -l20
[1.366s] [  8%] [32mBuilding CXX object CMakeFiles/example_effort.dir/examples/example_effort.cpp.o[0m
[1.367s] [ 25%] [32mBuilding CXX object CMakeFiles/example_position.dir/examples/example_position.cpp.o[0m
[1.367s] [ 25%] [32mBuilding CXX object CMakeFiles/example_gripper.dir/examples/example_gripper.cpp.o[0m
[1.367s] [ 33%] [32mBuilding CXX object CMakeFiles/example_tricycle_drive.dir/examples/example_tricycle_drive.cpp.o[0m
[1.367s] [ 41%] [32mBuilding CXX object CMakeFiles/example_diff_drive.dir/examples/example_diff_drive.cpp.o[0m
[1.368s] [ 50%] [32mBuilding CXX object CMakeFiles/example_velocity.dir/examples/example_velocity.cpp.o[0m
[3.997s] [ 58%] [32m[1mLinking CXX executable example_tricycle_drive[0m
[4.024s] [ 66%] [32m[1mLinking CXX executable example_gripper[0m
[4.035s] [ 75%] [32m[1mLinking CXX executable example_effort[0m
[4.043s] [ 83%] [32m[1mLinking CXX executable example_diff_drive[0m
[4.121s] [ 83%] Built target example_tricycle_drive
[4.123s] [ 91%] [32m[1mLinking CXX executable example_velocity[0m
[4.143s] [ 91%] Built target example_gripper
[4.162s] [ 91%] Built target example_effort
[4.165s] [ 91%] Built target example_diff_drive
[4.236s] [ 91%] Built target example_velocity
[4.244s] [100%] [32m[1mLinking CXX executable example_position[0m
[4.378s] [100%] Built target example_position
[4.386s] Invoked command in '/home/ori/my_ackermann/build/gazebo_ros2_control_demos' returned '0': AMENT_PREFIX_PATH=/home/ori/my_ackermann/install/gazebo_ros2_control:${AMENT_PREFIX_PATH} CMAKE_PREFIX_PATH=/home/ori/my_ackermann/install/gazebo_ros2_control:/opt/ros/humble LD_LIBRARY_PATH=/home/ori/my_ackermann/install/gazebo_ros2_control/lib:${LD_LIBRARY_PATH} /usr/bin/cmake --build /home/ori/my_ackermann/build/gazebo_ros2_control_demos -- -j20 -l20
[4.441s] Invoking command in '/home/ori/my_ackermann/build/gazebo_ros2_control_demos': AMENT_PREFIX_PATH=/home/ori/my_ackermann/install/gazebo_ros2_control:${AMENT_PREFIX_PATH} CMAKE_PREFIX_PATH=/home/ori/my_ackermann/install/gazebo_ros2_control:/opt/ros/humble LD_LIBRARY_PATH=/home/ori/my_ackermann/install/gazebo_ros2_control/lib:${LD_LIBRARY_PATH} /usr/bin/cmake --install /home/ori/my_ackermann/build/gazebo_ros2_control_demos
[4.451s] -- Install configuration: ""
[4.451s] -- Installing: /home/ori/my_ackermann/install/gazebo_ros2_control_demos/share/gazebo_ros2_control_demos//launch
[4.451s] -- Installing: /home/ori/my_ackermann/install/gazebo_ros2_control_demos/share/gazebo_ros2_control_demos//launch/cart_example_velocity.launch.py
[4.452s] -- Installing: /home/ori/my_ackermann/install/gazebo_ros2_control_demos/share/gazebo_ros2_control_demos//launch/cart_example_effort.launch.py
[4.452s] -- Installing: /home/ori/my_ackermann/install/gazebo_ros2_control_demos/share/gazebo_ros2_control_demos//launch/cart_example_position.launch.py
[4.452s] -- Installing: /home/ori/my_ackermann/install/gazebo_ros2_control_demos/share/gazebo_ros2_control_demos//launch/gripper_mimic_joint_example.launch.py
[4.452s] -- Installing: /home/ori/my_ackermann/install/gazebo_ros2_control_demos/share/gazebo_ros2_control_demos//launch/diff_drive.launch.py
[4.452s] -- Installing: /home/ori/my_ackermann/install/gazebo_ros2_control_demos/share/gazebo_ros2_control_demos//launch/tricycle_drive.launch.py
[4.452s] -- Installing: /home/ori/my_ackermann/install/gazebo_ros2_control_demos/share/gazebo_ros2_control_demos//config
[4.453s] -- Installing: /home/ori/my_ackermann/install/gazebo_ros2_control_demos/share/gazebo_ros2_control_demos//config/tricycle_drive_controller.yaml
[4.453s] -- Installing: /home/ori/my_ackermann/install/gazebo_ros2_control_demos/share/gazebo_ros2_control_demos//config/config.rviz
[4.453s] -- Installing: /home/ori/my_ackermann/install/gazebo_ros2_control_demos/share/gazebo_ros2_control_demos//config/cartpole_controller.yaml
[4.453s] -- Installing: /home/ori/my_ackermann/install/gazebo_ros2_control_demos/share/gazebo_ros2_control_demos//config/gripper_controller.yaml
[4.453s] -- Installing: /home/ori/my_ackermann/install/gazebo_ros2_control_demos/share/gazebo_ros2_control_demos//config/diff_drive_controller.yaml
[4.453s] -- Installing: /home/ori/my_ackermann/install/gazebo_ros2_control_demos/share/gazebo_ros2_control_demos//config/cartpole_controller_velocity.yaml
[4.453s] -- Installing: /home/ori/my_ackermann/install/gazebo_ros2_control_demos/share/gazebo_ros2_control_demos//config/cartpole_controller_effort.yaml
[4.454s] -- Installing: /home/ori/my_ackermann/install/gazebo_ros2_control_demos/share/gazebo_ros2_control_demos//urdf
[4.454s] -- Installing: /home/ori/my_ackermann/install/gazebo_ros2_control_demos/share/gazebo_ros2_control_demos//urdf/test_diff_drive.xacro.urdf
[4.454s] -- Installing: /home/ori/my_ackermann/install/gazebo_ros2_control_demos/share/gazebo_ros2_control_demos//urdf/test_gripper_mimic_joint.xacro.urdf
[4.454s] -- Installing: /home/ori/my_ackermann/install/gazebo_ros2_control_demos/share/gazebo_ros2_control_demos//urdf/test_cart_velocity.xacro.urdf
[4.454s] -- Installing: /home/ori/my_ackermann/install/gazebo_ros2_control_demos/share/gazebo_ros2_control_demos//urdf/test_tricycle_drive.xacro.urdf
[4.454s] -- Installing: /home/ori/my_ackermann/install/gazebo_ros2_control_demos/share/gazebo_ros2_control_demos//urdf/test_cart_position.xacro.urdf
[4.454s] -- Installing: /home/ori/my_ackermann/install/gazebo_ros2_control_demos/share/gazebo_ros2_control_demos//urdf/test_cart_effort.xacro.urdf
[4.454s] -- Installing: /home/ori/my_ackermann/install/gazebo_ros2_control_demos/lib/gazebo_ros2_control_demos/example_position
[4.454s] -- Set runtime path of "/home/ori/my_ackermann/install/gazebo_ros2_control_demos/lib/gazebo_ros2_control_demos/example_position" to ""
[4.455s] -- Installing: /home/ori/my_ackermann/install/gazebo_ros2_control_demos/lib/gazebo_ros2_control_demos/example_velocity
[4.455s] -- Set runtime path of "/home/ori/my_ackermann/install/gazebo_ros2_control_demos/lib/gazebo_ros2_control_demos/example_velocity" to ""
[4.455s] -- Installing: /home/ori/my_ackermann/install/gazebo_ros2_control_demos/lib/gazebo_ros2_control_demos/example_effort
[4.456s] -- Set runtime path of "/home/ori/my_ackermann/install/gazebo_ros2_control_demos/lib/gazebo_ros2_control_demos/example_effort" to ""
[4.456s] -- Installing: /home/ori/my_ackermann/install/gazebo_ros2_control_demos/lib/gazebo_ros2_control_demos/example_diff_drive
[4.457s] -- Set runtime path of "/home/ori/my_ackermann/install/gazebo_ros2_control_demos/lib/gazebo_ros2_control_demos/example_diff_drive" to ""
[4.457s] -- Installing: /home/ori/my_ackermann/install/gazebo_ros2_control_demos/lib/gazebo_ros2_control_demos/example_tricycle_drive
[4.458s] -- Set runtime path of "/home/ori/my_ackermann/install/gazebo_ros2_control_demos/lib/gazebo_ros2_control_demos/example_tricycle_drive" to ""
[4.458s] -- Installing: /home/ori/my_ackermann/install/gazebo_ros2_control_demos/lib/gazebo_ros2_control_demos/example_gripper
[4.458s] -- Set runtime path of "/home/ori/my_ackermann/install/gazebo_ros2_control_demos/lib/gazebo_ros2_control_demos/example_gripper" to ""
[4.458s] -- Installing: /home/ori/my_ackermann/install/gazebo_ros2_control_demos/share/ament_index/resource_index/package_run_dependencies/gazebo_ros2_control_demos
[4.459s] -- Installing: /home/ori/my_ackermann/install/gazebo_ros2_control_demos/share/ament_index/resource_index/parent_prefix_path/gazebo_ros2_control_demos
[4.459s] -- Installing: /home/ori/my_ackermann/install/gazebo_ros2_control_demos/share/gazebo_ros2_control_demos/environment/ament_prefix_path.sh
[4.459s] -- Installing: /home/ori/my_ackermann/install/gazebo_ros2_control_demos/share/gazebo_ros2_control_demos/environment/ament_prefix_path.dsv
[4.459s] -- Installing: /home/ori/my_ackermann/install/gazebo_ros2_control_demos/share/gazebo_ros2_control_demos/environment/path.sh
[4.459s] -- Installing: /home/ori/my_ackermann/install/gazebo_ros2_control_demos/share/gazebo_ros2_control_demos/environment/path.dsv
[4.459s] -- Installing: /home/ori/my_ackermann/install/gazebo_ros2_control_demos/share/gazebo_ros2_control_demos/local_setup.bash
[4.459s] -- Installing: /home/ori/my_ackermann/install/gazebo_ros2_control_demos/share/gazebo_ros2_control_demos/local_setup.sh
[4.459s] -- Installing: /home/ori/my_ackermann/install/gazebo_ros2_control_demos/share/gazebo_ros2_control_demos/local_setup.zsh
[4.459s] -- Installing: /home/ori/my_ackermann/install/gazebo_ros2_control_demos/share/gazebo_ros2_control_demos/local_setup.dsv
[4.459s] -- Installing: /home/ori/my_ackermann/install/gazebo_ros2_control_demos/share/gazebo_ros2_control_demos/package.dsv
[4.459s] -- Installing: /home/ori/my_ackermann/install/gazebo_ros2_control_demos/share/ament_index/resource_index/packages/gazebo_ros2_control_demos
[4.460s] -- Installing: /home/ori/my_ackermann/install/gazebo_ros2_control_demos/share/gazebo_ros2_control_demos/cmake/gazebo_ros2_control_demosConfig.cmake
[4.460s] -- Installing: /home/ori/my_ackermann/install/gazebo_ros2_control_demos/share/gazebo_ros2_control_demos/cmake/gazebo_ros2_control_demosConfig-version.cmake
[4.460s] -- Installing: /home/ori/my_ackermann/install/gazebo_ros2_control_demos/share/gazebo_ros2_control_demos/package.xml
[4.461s] Invoked command in '/home/ori/my_ackermann/build/gazebo_ros2_control_demos' returned '0': AMENT_PREFIX_PATH=/home/ori/my_ackermann/install/gazebo_ros2_control:${AMENT_PREFIX_PATH} CMAKE_PREFIX_PATH=/home/ori/my_ackermann/install/gazebo_ros2_control:/opt/ros/humble LD_LIBRARY_PATH=/home/ori/my_ackermann/install/gazebo_ros2_control/lib:${LD_LIBRARY_PATH} /usr/bin/cmake --install /home/ori/my_ackermann/build/gazebo_ros2_control_demos
