[0.011s] Invoking command in '/home/ori/Autonomous_Vehicle_Hardware/build/serial': CMAKE_PREFIX_PATH=/opt/ros/humble /usr/bin/cmake /home/ori/Autonomous_Vehicle_Hardware/src/serial -DCMAKE_INSTALL_PREFIX=/home/ori/Autonomous_Vehicle_Hardware/install/serial
[0.054s] -- The C compiler identification is GNU 11.4.0
[0.091s] -- The CXX compiler identification is GNU 11.4.0
[0.095s] -- Detecting C compiler ABI info
[0.144s] -- Detecting C compiler ABI info - done
[0.149s] -- Check for working C compiler: /usr/bin/cc - skipped
[0.149s] -- Detecting C compile features
[0.149s] -- Detecting C compile features - done
[0.151s] -- Detecting CXX compiler ABI info
[0.199s] -- Detecting CXX compiler ABI info - done
[0.204s] -- Check for working CXX compiler: /usr/bin/c++ - skipped
[0.205s] -- Detecting CXX compile features
[0.205s] -- Detecting CXX compile features - done
[0.206s] -- Found ament_cmake: 1.3.9 (/opt/ros/humble/share/ament_cmake/cmake)
[0.305s] -- Found Python3: /usr/bin/python3 (found version "3.10.12") found components: Interpreter 
[0.366s] -- Found ament_cmake_gtest: 1.3.9 (/opt/ros/humble/share/ament_cmake_gtest/cmake)
[0.374s] -- Found Boost: /usr/lib/x86_64-linux-gnu/cmake/Boost-1.74.0/BoostConfig.cmake (found version "1.74.0")  
[0.376s] -- Found gtest sources under '/opt/ros/humble/src/gtest_vendor': C++ tests using 'Google Test' will be built
[0.378s] -- Looking for pthread.h
[0.423s] -- Looking for pthread.h - found
[0.423s] -- Performing Test CMAKE_HAVE_LIBC_PTHREAD
[0.469s] -- Performing Test CMAKE_HAVE_LIBC_PTHREAD - Success
[0.470s] -- Found Threads: TRUE  
[0.516s] -- Configuring done
[0.523s] -- Generating done
[0.523s] -- Build files have been written to: /home/ori/Autonomous_Vehicle_Hardware/build/serial
[0.526s] Invoked command in '/home/ori/Autonomous_Vehicle_Hardware/build/serial' returned '0': CMAKE_PREFIX_PATH=/opt/ros/humble /usr/bin/cmake /home/ori/Autonomous_Vehicle_Hardware/src/serial -DCMAKE_INSTALL_PREFIX=/home/ori/Autonomous_Vehicle_Hardware/install/serial
[0.528s] Invoking command in '/home/ori/Autonomous_Vehicle_Hardware/build/serial': CMAKE_PREFIX_PATH=/opt/ros/humble /usr/bin/cmake --build /home/ori/Autonomous_Vehicle_Hardware/build/serial -- -j20 -l20
[0.557s] [ 14%] [32mBuilding CXX object CMakeFiles/serial.dir/src/serial.cc.o[0m
[0.559s] [ 14%] [32mBuilding CXX object gtest/CMakeFiles/gtest_main.dir/src/gtest_main.cc.o[0m
[0.559s] [ 21%] [32mBuilding CXX object CMakeFiles/serial.dir/src/impl/unix.cc.o[0m
[0.561s] [ 28%] [32mBuilding CXX object CMakeFiles/serial.dir/src/impl/list_ports/list_ports_linux.cc.o[0m
[0.562s] [ 35%] [32mBuilding CXX object gtest/CMakeFiles/gtest.dir/src/gtest-all.cc.o[0m
[0.877s] [ 42%] [32m[1mLinking CXX static library libserial.a[0m
[0.899s] [ 42%] Built target serial
[0.912s] [ 50%] [32mBuilding CXX object CMakeFiles/serial_example.dir/examples/serial_example.cc.o[0m
[1.116s] [ 57%] [32m[1mLinking CXX executable serial_example[0m
[1.169s] [ 57%] Built target serial_example
[1.243s] [ 64%] [32m[1mLinking CXX static library libgtest_main.a[0m
[1.263s] [ 64%] Built target gtest_main
[2.673s] [ 71%] [32m[1mLinking CXX static library libgtest.a[0m
[2.707s] [ 71%] Built target gtest
[2.720s] [ 78%] [32mBuilding CXX object tests/CMakeFiles/serial-test.dir/unix_serial_tests.cc.o[0m
[2.720s] [ 85%] [32mBuilding CXX object tests/CMakeFiles/serial-test-timer.dir/unit/unix_timer_tests.cc.o[0m
[3.239s] In file included from [01m[K/usr/include/boost/bind.hpp:30[m[K,
[3.239s]                  from [01m[K/home/ori/Autonomous_Vehicle_Hardware/src/serial/tests/unix_serial_tests.cc:23[m[K:
[3.239s] [01m[K/usr/include/boost/bind.hpp:36:1:[m[K [01;36m[Knote: [m[K‘[01m[K#pragma message: The practice of declaring the Bind placeholders (_1, _2, ...) in the global namespace is deprecated. Please use <boost/bind/bind.hpp> + using namespace boost::placeholders, or define BOOST_BIND_GLOBAL_PLACEHOLDERS to retain the current behavior.[m[K’
[3.239s]    36 | [01;36m[KBOOST_PRAGMA_MESSAGE[m[K(
[3.239s]       | [01;36m[K^~~~~~~~~~~~~~~~~~~~[m[K
[3.293s] [ 92%] [32m[1mLinking CXX executable serial-test-timer[0m
[3.368s] [100%] [32m[1mLinking CXX executable serial-test[0m
[3.374s] [100%] Built target serial-test-timer
[3.451s] [100%] Built target serial-test
