-- The C compiler identification is GNU 11.4.0
-- The CXX compiler identification is GNU 11.4.0
-- Detecting C compiler ABI info
-- Detecting C compiler ABI info - done
-- Check for working C compiler: /usr/bin/cc - skipped
-- Detecting C compile features
-- Detecting C compile features - done
-- Detecting CXX compiler ABI info
-- Detecting CXX compiler ABI info - done
-- Check for working CXX compiler: /usr/bin/c++ - skipped
-- Detecting CXX compile features
-- Detecting CXX compile features - done
-- Found ament_cmake: 1.3.5 (/opt/ros/humble/share/ament_cmake/cmake)
-- Found Python3: /usr/bin/python3.10 (found version "3.10.12") found components: Interpreter 
-- Found rclcpp: 16.0.6 (/opt/ros/humble/share/rclcpp/cmake)
-- Found rosidl_generator_c: 3.1.5 (/opt/ros/humble/share/rosidl_generator_c/cmake)
-- Found rosidl_adapter: 3.1.5 (/opt/ros/humble/share/rosidl_adapter/cmake)
-- Found rosidl_generator_cpp: 3.1.5 (/opt/ros/humble/share/rosidl_generator_cpp/cmake)
-- Using all available rosidl_typesupport_c: rosidl_typesupport_fastrtps_c;rosidl_typesupport_introspection_c
-- Using all available rosidl_typesupport_cpp: rosidl_typesupport_fastrtps_cpp;rosidl_typesupport_introspection_cpp
-- Found rmw_implementation_cmake: 6.1.1 (/opt/ros/humble/share/rmw_implementation_cmake/cmake)
-- Found rmw_fastrtps_cpp: 6.2.4 (/opt/ros/humble/share/rmw_fastrtps_cpp/cmake)
-- Found OpenSSL: /usr/lib/x86_64-linux-gnu/libcrypto.so (found version "3.0.2")  
-- Found FastRTPS: /opt/ros/humble/include  
-- Using RMW implementation 'rmw_fastrtps_cpp' as default
-- Looking for pthread.h
-- Looking for pthread.h - found
-- Performing Test CMAKE_HAVE_LIBC_PTHREAD
-- Performing Test CMAKE_HAVE_LIBC_PTHREAD - Success
-- Found Threads: TRUE  
-- Found rclpy: 3.3.10 (/opt/ros/humble/share/rclpy/cmake)
-- Found geometry_msgs: 4.2.3 (/opt/ros/humble/share/geometry_msgs/cmake)
-- Found ament_lint_auto: 0.12.8 (/opt/ros/humble/share/ament_lint_auto/cmake)
-- Added test 'copyright' to check source files copyright and LICENSE
-- Added test 'flake8' to check Python code syntax and style conventions
-- Added test 'lint_cmake' to check CMake code style
-- Added test 'pep257' to check Python code against some of the docstring style conventions in PEP 257
-- Added test 'xmllint' to check XML markup files
-- Configuring done
-- Generating done
-- Build files have been written to: /home/ori/my_ackermann/build/rc_car
Built target ament_cmake_python_copy_rc_car
running egg_info
creating rc_car.egg-info
writing rc_car.egg-info/PKG-INFO
writing dependency_links to rc_car.egg-info/dependency_links.txt
writing top-level names to rc_car.egg-info/top_level.txt
writing manifest file 'rc_car.egg-info/SOURCES.txt'
reading manifest file 'rc_car.egg-info/SOURCES.txt'
writing manifest file 'rc_car.egg-info/SOURCES.txt'
Built target ament_cmake_python_build_rc_car_egg
-- Install configuration: ""
-- Installing: /home/ori/my_ackermann/install/rc_car/share/rc_car/environment/pythonpath.sh
-- Installing: /home/ori/my_ackermann/install/rc_car/share/rc_car/environment/pythonpath.dsv
-- Installing: /home/ori/my_ackermann/install/rc_car/local/lib/python3.10/dist-packages/rc_car-0.0.0-py3.10.egg-info
-- Installing: /home/ori/my_ackermann/install/rc_car/local/lib/python3.10/dist-packages/rc_car-0.0.0-py3.10.egg-info/dependency_links.txt
-- Installing: /home/ori/my_ackermann/install/rc_car/local/lib/python3.10/dist-packages/rc_car-0.0.0-py3.10.egg-info/top_level.txt
-- Installing: /home/ori/my_ackermann/install/rc_car/local/lib/python3.10/dist-packages/rc_car-0.0.0-py3.10.egg-info/PKG-INFO
-- Installing: /home/ori/my_ackermann/install/rc_car/local/lib/python3.10/dist-packages/rc_car-0.0.0-py3.10.egg-info/SOURCES.txt
-- Installing: /home/ori/my_ackermann/install/rc_car/local/lib/python3.10/dist-packages/rc_car
-- Installing: /home/ori/my_ackermann/install/rc_car/local/lib/python3.10/dist-packages/rc_car/__init__.py
Listing '/home/ori/my_ackermann/install/rc_car/local/lib/python3.10/dist-packages/rc_car'...
Compiling '/home/ori/my_ackermann/install/rc_car/local/lib/python3.10/dist-packages/rc_car/__init__.py'...
-- Installing: /home/ori/my_ackermann/install/rc_car/share/rc_car/config
-- Installing: /home/ori/my_ackermann/install/rc_car/share/rc_car/config/joystick.yaml
-- Installing: /home/ori/my_ackermann/install/rc_car/share/rc_car/config/mapper_params_online_async.yaml
-- Installing: /home/ori/my_ackermann/install/rc_car/share/rc_car/config/main.rviz
-- Installing: /home/ori/my_ackermann/install/rc_car/share/rc_car/config/map.rviz
-- Installing: /home/ori/my_ackermann/install/rc_car/share/rc_car/config/view_bot.rviz
-- Installing: /home/ori/my_ackermann/install/rc_car/share/rc_car/config/gaz_ros2_ctl_use_sim.yaml
-- Installing: /home/ori/my_ackermann/install/rc_car/share/rc_car/config/ball_tracker_params_sim.yaml
-- Installing: /home/ori/my_ackermann/install/rc_car/share/rc_car/config/bicycle_steering_controller.yaml
-- Installing: /home/ori/my_ackermann/install/rc_car/share/rc_car/config/gazebo_params.yaml
-- Installing: /home/ori/my_ackermann/install/rc_car/share/rc_car/config/empty.yaml
-- Installing: /home/ori/my_ackermann/install/rc_car/share/rc_car/config/ball_tracker_params_robot.yaml
-- Installing: /home/ori/my_ackermann/install/rc_car/share/rc_car/config/drive_bot.rviz
-- Installing: /home/ori/my_ackermann/install/rc_car/share/rc_car/config/ekf.yaml
-- Installing: /home/ori/my_ackermann/install/rc_car/share/rc_car/config/twist_mux.yaml
-- Installing: /home/ori/my_ackermann/install/rc_car/share/rc_car/config/nav2_params.yaml
-- Installing: /home/ori/my_ackermann/install/rc_car/share/rc_car/description
-- Installing: /home/ori/my_ackermann/install/rc_car/share/rc_car/description/robot.urdf.xacro
-- Installing: /home/ori/my_ackermann/install/rc_car/share/rc_car/description/camera.xacro
-- Installing: /home/ori/my_ackermann/install/rc_car/share/rc_car/description/imu.xacro
-- Installing: /home/ori/my_ackermann/install/rc_car/share/rc_car/description/depth_camera.xacro
-- Installing: /home/ori/my_ackermann/install/rc_car/share/rc_car/description/Traxxes_2DOF.xacro
-- Installing: /home/ori/my_ackermann/install/rc_car/share/rc_car/description/lidar.xacro
-- Installing: /home/ori/my_ackermann/install/rc_car/share/rc_car/description/face.xacro
-- Installing: /home/ori/my_ackermann/install/rc_car/share/rc_car/description/depricated_Traxxes.xacro
-- Installing: /home/ori/my_ackermann/install/rc_car/share/rc_car/description/ros2_control_bicycle.xacro
-- Installing: /home/ori/my_ackermann/install/rc_car/share/rc_car/description/inertial_macros.xacro
-- Installing: /home/ori/my_ackermann/install/rc_car/share/rc_car/launch
-- Installing: /home/ori/my_ackermann/install/rc_car/share/rc_car/launch/online_async_launch.py
-- Installing: /home/ori/my_ackermann/install/rc_car/share/rc_car/launch/rsp.launch.py
-- Installing: /home/ori/my_ackermann/install/rc_car/share/rc_car/launch/launch_sim_bicycle.launch.py
-- Installing: /home/ori/my_ackermann/install/rc_car/share/rc_car/launch/joystick.launch.py
-- Installing: /home/ori/my_ackermann/install/rc_car/share/rc_car/launch/ball_tracker.launch.py
-- Installing: /home/ori/my_ackermann/install/rc_car/share/rc_car/launch/rplidar.launch.py
-- Installing: /home/ori/my_ackermann/install/rc_car/share/rc_car/launch/camera.launch.py
-- Installing: /home/ori/my_ackermann/install/rc_car/share/rc_car/launch/launch_robot.launch.py
-- Installing: /home/ori/my_ackermann/install/rc_car/share/rc_car/launch/localization_launch.py
-- Installing: /home/ori/my_ackermann/install/rc_car/share/rc_car/launch/navigation_launch.py
-- Installing: /home/ori/my_ackermann/install/rc_car/share/rc_car/worlds
-- Installing: /home/ori/my_ackermann/install/rc_car/share/rc_car/worlds/empty.world
-- Installing: /home/ori/my_ackermann/install/rc_car/share/rc_car/worlds/obstacles.world
-- Installing: /home/ori/my_ackermann/install/rc_car/share/rc_car/worlds/maze1.world
-- Installing: /home/ori/my_ackermann/install/rc_car/share/rc_car/scripts
-- Installing: /home/ori/my_ackermann/install/rc_car/share/rc_car/scripts/odom_publisher_bicycle.py
-- Installing: /home/ori/my_ackermann/install/rc_car/lib/rc_car/odom_publisher_bicycle.py
-- Installing: /home/ori/my_ackermann/install/rc_car/share/ament_index/resource_index/package_run_dependencies/rc_car
-- Installing: /home/ori/my_ackermann/install/rc_car/share/ament_index/resource_index/parent_prefix_path/rc_car
-- Installing: /home/ori/my_ackermann/install/rc_car/share/rc_car/environment/ament_prefix_path.sh
-- Installing: /home/ori/my_ackermann/install/rc_car/share/rc_car/environment/ament_prefix_path.dsv
-- Installing: /home/ori/my_ackermann/install/rc_car/share/rc_car/environment/path.sh
-- Installing: /home/ori/my_ackermann/install/rc_car/share/rc_car/environment/path.dsv
-- Installing: /home/ori/my_ackermann/install/rc_car/share/rc_car/local_setup.bash
-- Installing: /home/ori/my_ackermann/install/rc_car/share/rc_car/local_setup.sh
-- Installing: /home/ori/my_ackermann/install/rc_car/share/rc_car/local_setup.zsh
-- Installing: /home/ori/my_ackermann/install/rc_car/share/rc_car/local_setup.dsv
-- Installing: /home/ori/my_ackermann/install/rc_car/share/rc_car/package.dsv
-- Installing: /home/ori/my_ackermann/install/rc_car/share/ament_index/resource_index/packages/rc_car
-- Installing: /home/ori/my_ackermann/install/rc_car/share/rc_car/cmake/rc_carConfig.cmake
-- Installing: /home/ori/my_ackermann/install/rc_car/share/rc_car/cmake/rc_carConfig-version.cmake
-- Installing: /home/ori/my_ackermann/install/rc_car/share/rc_car/package.xml
