[0.061s] Invoking command in '/home/ori/my_ackermann/build/rc_car': CMAKE_PREFIX_PATH=/opt/ros/humble /usr/bin/cmake /home/ori/my_ackermann/src/rc_car -DCMAKE_INSTALL_PREFIX=/home/ori/my_ackermann/install/rc_car
[0.110s] -- The C compiler identification is GNU 11.4.0
[0.144s] -- The CXX compiler identification is GNU 11.4.0
[0.151s] -- Detecting C compiler ABI info
[0.192s] -- Detecting C compiler ABI info - done
[0.198s] -- Check for working C compiler: /usr/bin/cc - skipped
[0.198s] -- Detecting C compile features
[0.198s] -- Detecting C compile features - done
[0.200s] -- Detecting CXX compiler ABI info
[0.247s] -- Detecting CXX compiler ABI info - done
[0.253s] -- Check for working CXX compiler: /usr/bin/c++ - skipped
[0.253s] -- Detecting CXX compile features
[0.254s] -- Detecting CXX compile features - done
[0.255s] -- Found ament_cmake: 1.3.5 (/opt/ros/humble/share/ament_cmake/cmake)
[0.368s] -- Found Python3: /usr/bin/python3.10 (found version "3.10.12") found components: Interpreter 
[0.430s] -- Found rclcpp: 16.0.6 (/opt/ros/humble/share/rclcpp/cmake)
[0.461s] -- Found rosidl_generator_c: 3.1.5 (/opt/ros/humble/share/rosidl_generator_c/cmake)
[0.464s] -- Found rosidl_adapter: 3.1.5 (/opt/ros/humble/share/rosidl_adapter/cmake)
[0.470s] -- Found rosidl_generator_cpp: 3.1.5 (/opt/ros/humble/share/rosidl_generator_cpp/cmake)
[0.480s] -- Using all available rosidl_typesupport_c: rosidl_typesupport_fastrtps_c;rosidl_typesupport_introspection_c
[0.493s] -- Using all available rosidl_typesupport_cpp: rosidl_typesupport_fastrtps_cpp;rosidl_typesupport_introspection_cpp
[0.551s] -- Found rmw_implementation_cmake: 6.1.1 (/opt/ros/humble/share/rmw_implementation_cmake/cmake)
[0.554s] -- Found rmw_fastrtps_cpp: 6.2.4 (/opt/ros/humble/share/rmw_fastrtps_cpp/cmake)
[0.620s] -- Found OpenSSL: /usr/lib/x86_64-linux-gnu/libcrypto.so (found version "3.0.2")  
[0.639s] -- Found FastRTPS: /opt/ros/humble/include  
[0.684s] -- Using RMW implementation 'rmw_fastrtps_cpp' as default
[0.695s] -- Looking for pthread.h
[0.757s] -- Looking for pthread.h - found
[0.757s] -- Performing Test CMAKE_HAVE_LIBC_PTHREAD
[0.807s] -- Performing Test CMAKE_HAVE_LIBC_PTHREAD - Success
[0.808s] -- Found Threads: TRUE  
[0.936s] -- Found rclpy: 3.3.10 (/opt/ros/humble/share/rclpy/cmake)
[0.937s] -- Found geometry_msgs: 4.2.3 (/opt/ros/humble/share/geometry_msgs/cmake)
[0.967s] -- Found ament_lint_auto: 0.12.8 (/opt/ros/humble/share/ament_lint_auto/cmake)
[1.049s] -- Added test 'copyright' to check source files copyright and LICENSE
[1.056s] -- Added test 'flake8' to check Python code syntax and style conventions
[1.057s] -- Added test 'lint_cmake' to check CMake code style
[1.058s] -- Added test 'pep257' to check Python code against some of the docstring style conventions in PEP 257
[1.061s] -- Added test 'xmllint' to check XML markup files
[1.063s] -- Configuring done
[1.067s] -- Generating done
[1.068s] -- Build files have been written to: /home/ori/my_ackermann/build/rc_car
[1.075s] Invoked command in '/home/ori/my_ackermann/build/rc_car' returned '0': CMAKE_PREFIX_PATH=/opt/ros/humble /usr/bin/cmake /home/ori/my_ackermann/src/rc_car -DCMAKE_INSTALL_PREFIX=/home/ori/my_ackermann/install/rc_car
[1.076s] Invoking command in '/home/ori/my_ackermann/build/rc_car': CMAKE_PREFIX_PATH=/opt/ros/humble /usr/bin/cmake --build /home/ori/my_ackermann/build/rc_car -- -j20 -l20
[1.113s] Built target ament_cmake_python_copy_rc_car
[1.278s] running egg_info
[1.279s] creating rc_car.egg-info
[1.279s] writing rc_car.egg-info/PKG-INFO
[1.279s] writing dependency_links to rc_car.egg-info/dependency_links.txt
[1.279s] writing top-level names to rc_car.egg-info/top_level.txt
[1.279s] writing manifest file 'rc_car.egg-info/SOURCES.txt'
[1.280s] reading manifest file 'rc_car.egg-info/SOURCES.txt'
[1.281s] writing manifest file 'rc_car.egg-info/SOURCES.txt'
[1.297s] Built target ament_cmake_python_build_rc_car_egg
[1.305s] Invoked command in '/home/ori/my_ackermann/build/rc_car' returned '0': CMAKE_PREFIX_PATH=/opt/ros/humble /usr/bin/cmake --build /home/ori/my_ackermann/build/rc_car -- -j20 -l20
[1.326s] Invoking command in '/home/ori/my_ackermann/build/rc_car': CMAKE_PREFIX_PATH=/opt/ros/humble /usr/bin/cmake --install /home/ori/my_ackermann/build/rc_car
[1.330s] -- Install configuration: ""
[1.330s] -- Installing: /home/ori/my_ackermann/install/rc_car/share/rc_car/environment/pythonpath.sh
[1.330s] -- Installing: /home/ori/my_ackermann/install/rc_car/share/rc_car/environment/pythonpath.dsv
[1.330s] -- Installing: /home/ori/my_ackermann/install/rc_car/local/lib/python3.10/dist-packages/rc_car-0.0.0-py3.10.egg-info
[1.330s] -- Installing: /home/ori/my_ackermann/install/rc_car/local/lib/python3.10/dist-packages/rc_car-0.0.0-py3.10.egg-info/dependency_links.txt
[1.330s] -- Installing: /home/ori/my_ackermann/install/rc_car/local/lib/python3.10/dist-packages/rc_car-0.0.0-py3.10.egg-info/top_level.txt
[1.330s] -- Installing: /home/ori/my_ackermann/install/rc_car/local/lib/python3.10/dist-packages/rc_car-0.0.0-py3.10.egg-info/PKG-INFO
[1.330s] -- Installing: /home/ori/my_ackermann/install/rc_car/local/lib/python3.10/dist-packages/rc_car-0.0.0-py3.10.egg-info/SOURCES.txt
[1.330s] -- Installing: /home/ori/my_ackermann/install/rc_car/local/lib/python3.10/dist-packages/rc_car
[1.330s] -- Installing: /home/ori/my_ackermann/install/rc_car/local/lib/python3.10/dist-packages/rc_car/__init__.py
[1.350s] Listing '/home/ori/my_ackermann/install/rc_car/local/lib/python3.10/dist-packages/rc_car'...
[1.350s] Compiling '/home/ori/my_ackermann/install/rc_car/local/lib/python3.10/dist-packages/rc_car/__init__.py'...
[1.353s] -- Installing: /home/ori/my_ackermann/install/rc_car/share/rc_car/config
[1.353s] -- Installing: /home/ori/my_ackermann/install/rc_car/share/rc_car/config/joystick.yaml
[1.353s] -- Installing: /home/ori/my_ackermann/install/rc_car/share/rc_car/config/mapper_params_online_async.yaml
[1.354s] -- Installing: /home/ori/my_ackermann/install/rc_car/share/rc_car/config/main.rviz
[1.354s] -- Installing: /home/ori/my_ackermann/install/rc_car/share/rc_car/config/map.rviz
[1.354s] -- Installing: /home/ori/my_ackermann/install/rc_car/share/rc_car/config/view_bot.rviz
[1.354s] -- Installing: /home/ori/my_ackermann/install/rc_car/share/rc_car/config/gaz_ros2_ctl_use_sim.yaml
[1.354s] -- Installing: /home/ori/my_ackermann/install/rc_car/share/rc_car/config/ball_tracker_params_sim.yaml
[1.354s] -- Installing: /home/ori/my_ackermann/install/rc_car/share/rc_car/config/bicycle_steering_controller.yaml
[1.354s] -- Installing: /home/ori/my_ackermann/install/rc_car/share/rc_car/config/gazebo_params.yaml
[1.354s] -- Installing: /home/ori/my_ackermann/install/rc_car/share/rc_car/config/empty.yaml
[1.354s] -- Installing: /home/ori/my_ackermann/install/rc_car/share/rc_car/config/ball_tracker_params_robot.yaml
[1.354s] -- Installing: /home/ori/my_ackermann/install/rc_car/share/rc_car/config/drive_bot.rviz
[1.354s] -- Installing: /home/ori/my_ackermann/install/rc_car/share/rc_car/config/ekf.yaml
[1.354s] -- Installing: /home/ori/my_ackermann/install/rc_car/share/rc_car/config/twist_mux.yaml
[1.354s] -- Installing: /home/ori/my_ackermann/install/rc_car/share/rc_car/config/nav2_params.yaml
[1.354s] -- Installing: /home/ori/my_ackermann/install/rc_car/share/rc_car/description
[1.354s] -- Installing: /home/ori/my_ackermann/install/rc_car/share/rc_car/description/robot.urdf.xacro
[1.354s] -- Installing: /home/ori/my_ackermann/install/rc_car/share/rc_car/description/camera.xacro
[1.354s] -- Installing: /home/ori/my_ackermann/install/rc_car/share/rc_car/description/imu.xacro
[1.354s] -- Installing: /home/ori/my_ackermann/install/rc_car/share/rc_car/description/depth_camera.xacro
[1.354s] -- Installing: /home/ori/my_ackermann/install/rc_car/share/rc_car/description/Traxxes_2DOF.xacro
[1.355s] -- Installing: /home/ori/my_ackermann/install/rc_car/share/rc_car/description/lidar.xacro
[1.355s] -- Installing: /home/ori/my_ackermann/install/rc_car/share/rc_car/description/face.xacro
[1.355s] -- Installing: /home/ori/my_ackermann/install/rc_car/share/rc_car/description/depricated_Traxxes.xacro
[1.355s] -- Installing: /home/ori/my_ackermann/install/rc_car/share/rc_car/description/ros2_control_bicycle.xacro
[1.355s] -- Installing: /home/ori/my_ackermann/install/rc_car/share/rc_car/description/inertial_macros.xacro
[1.355s] -- Installing: /home/ori/my_ackermann/install/rc_car/share/rc_car/launch
[1.355s] -- Installing: /home/ori/my_ackermann/install/rc_car/share/rc_car/launch/online_async_launch.py
[1.355s] -- Installing: /home/ori/my_ackermann/install/rc_car/share/rc_car/launch/rsp.launch.py
[1.355s] -- Installing: /home/ori/my_ackermann/install/rc_car/share/rc_car/launch/launch_sim_bicycle.launch.py
[1.355s] -- Installing: /home/ori/my_ackermann/install/rc_car/share/rc_car/launch/joystick.launch.py
[1.355s] -- Installing: /home/ori/my_ackermann/install/rc_car/share/rc_car/launch/ball_tracker.launch.py
[1.355s] -- Installing: /home/ori/my_ackermann/install/rc_car/share/rc_car/launch/rplidar.launch.py
[1.355s] -- Installing: /home/ori/my_ackermann/install/rc_car/share/rc_car/launch/camera.launch.py
[1.355s] -- Installing: /home/ori/my_ackermann/install/rc_car/share/rc_car/launch/launch_robot.launch.py
[1.355s] -- Installing: /home/ori/my_ackermann/install/rc_car/share/rc_car/launch/localization_launch.py
[1.355s] -- Installing: /home/ori/my_ackermann/install/rc_car/share/rc_car/launch/navigation_launch.py
[1.355s] -- Installing: /home/ori/my_ackermann/install/rc_car/share/rc_car/worlds
[1.355s] -- Installing: /home/ori/my_ackermann/install/rc_car/share/rc_car/worlds/empty.world
[1.355s] -- Installing: /home/ori/my_ackermann/install/rc_car/share/rc_car/worlds/obstacles.world
[1.355s] -- Installing: /home/ori/my_ackermann/install/rc_car/share/rc_car/worlds/maze1.world
[1.356s] -- Installing: /home/ori/my_ackermann/install/rc_car/share/rc_car/scripts
[1.356s] -- Installing: /home/ori/my_ackermann/install/rc_car/share/rc_car/scripts/odom_publisher_bicycle.py
[1.356s] -- Installing: /home/ori/my_ackermann/install/rc_car/lib/rc_car/odom_publisher_bicycle.py
[1.356s] -- Installing: /home/ori/my_ackermann/install/rc_car/share/ament_index/resource_index/package_run_dependencies/rc_car
[1.356s] -- Installing: /home/ori/my_ackermann/install/rc_car/share/ament_index/resource_index/parent_prefix_path/rc_car
[1.356s] -- Installing: /home/ori/my_ackermann/install/rc_car/share/rc_car/environment/ament_prefix_path.sh
[1.356s] -- Installing: /home/ori/my_ackermann/install/rc_car/share/rc_car/environment/ament_prefix_path.dsv
[1.356s] -- Installing: /home/ori/my_ackermann/install/rc_car/share/rc_car/environment/path.sh
[1.356s] -- Installing: /home/ori/my_ackermann/install/rc_car/share/rc_car/environment/path.dsv
[1.356s] -- Installing: /home/ori/my_ackermann/install/rc_car/share/rc_car/local_setup.bash
[1.356s] -- Installing: /home/ori/my_ackermann/install/rc_car/share/rc_car/local_setup.sh
[1.356s] -- Installing: /home/ori/my_ackermann/install/rc_car/share/rc_car/local_setup.zsh
[1.356s] -- Installing: /home/ori/my_ackermann/install/rc_car/share/rc_car/local_setup.dsv
[1.356s] -- Installing: /home/ori/my_ackermann/install/rc_car/share/rc_car/package.dsv
[1.356s] -- Installing: /home/ori/my_ackermann/install/rc_car/share/ament_index/resource_index/packages/rc_car
[1.357s] -- Installing: /home/ori/my_ackermann/install/rc_car/share/rc_car/cmake/rc_carConfig.cmake
[1.357s] -- Installing: /home/ori/my_ackermann/install/rc_car/share/rc_car/cmake/rc_carConfig-version.cmake
[1.357s] -- Installing: /home/ori/my_ackermann/install/rc_car/share/rc_car/package.xml
[1.359s] Invoked command in '/home/ori/my_ackermann/build/rc_car' returned '0': CMAKE_PREFIX_PATH=/opt/ros/humble /usr/bin/cmake --install /home/ori/my_ackermann/build/rc_car
