[0.117s] Invoking command in '/home/ori/my_ackermann/build/gazebo_ros2_control': CMAKE_PREFIX_PATH=/opt/ros/humble /usr/bin/cmake /home/ori/my_ackermann/src/gazebo_ros2_control/gazebo_ros2_control -DCMAKE_INSTALL_PREFIX=/home/ori/my_ackermann/install/gazebo_ros2_control
[0.170s] -- The C compiler identification is GNU 11.4.0
[0.205s] -- The CXX compiler identification is GNU 11.4.0
[0.210s] -- Detecting C compiler ABI info
[0.252s] -- Detecting C compiler ABI info - done
[0.260s] -- Check for working C compiler: /usr/bin/cc - skipped
[0.261s] -- Detecting C compile features
[0.261s] -- Detecting C compile features - done
[0.263s] -- Detecting CXX compiler ABI info
[0.309s] -- Detecting CXX compiler ABI info - done
[0.317s] -- Check for working CXX compiler: /usr/bin/c++ - skipped
[0.317s] -- Detecting CXX compile features
[0.317s] -- Detecting CXX compile features - done
[0.318s] -- Found ament_cmake: 1.3.5 (/opt/ros/humble/share/ament_cmake/cmake)
[0.429s] -- Found Python3: /usr/bin/python3.10 (found version "3.10.12") found components: Interpreter 
[0.490s] -- Found angles: 1.15.0 (/opt/ros/humble/share/angles/cmake)
[0.492s] -- Found controller_manager: 2.32.0 (/opt/ros/humble/share/controller_manager/cmake)
[0.527s] -- Found rosidl_generator_c: 3.1.5 (/opt/ros/humble/share/rosidl_generator_c/cmake)
[0.531s] -- Found rosidl_adapter: 3.1.5 (/opt/ros/humble/share/rosidl_adapter/cmake)
[0.537s] -- Found rosidl_generator_cpp: 3.1.5 (/opt/ros/humble/share/rosidl_generator_cpp/cmake)
[0.546s] -- Using all available rosidl_typesupport_c: rosidl_typesupport_fastrtps_c;rosidl_typesupport_introspection_c
[0.560s] -- Using all available rosidl_typesupport_cpp: rosidl_typesupport_fastrtps_cpp;rosidl_typesupport_introspection_cpp
[1.039s] -- Found rmw_implementation_cmake: 6.1.1 (/opt/ros/humble/share/rmw_implementation_cmake/cmake)
[1.041s] -- Found rmw_fastrtps_cpp: 6.2.4 (/opt/ros/humble/share/rmw_fastrtps_cpp/cmake)
[1.111s] -- Found OpenSSL: /usr/lib/x86_64-linux-gnu/libcrypto.so (found version "3.0.2")  
[1.134s] -- Found FastRTPS: /opt/ros/humble/include  
[1.169s] -- Using RMW implementation 'rmw_fastrtps_cpp' as default
[1.176s] -- Looking for pthread.h
[1.224s] -- Looking for pthread.h - found
[1.224s] -- Performing Test CMAKE_HAVE_LIBC_PTHREAD
[1.274s] -- Performing Test CMAKE_HAVE_LIBC_PTHREAD - Success
[1.275s] -- Found Threads: TRUE  
[1.693s] -- Found gazebo_dev: 3.7.0 (/opt/ros/humble/share/gazebo_dev/cmake)
[1.698s] -- Found PkgConfig: /usr/bin/pkg-config (found version "0.29.2") 
[1.699s] -- Checking for module 'bullet>=2.82'
[1.707s] --   Found bullet, version 3.05
[1.780s] -- Found fcl: /usr/include (found suitable version "0.7.0", minimum required is "0.5.0") 
[1.812s] -- Found assimp: /usr/include (found version "5.2.0") 
[1.826s] -- Found DART: /usr/include (Required is at least version "6.6") found components: dart 
[1.848s] -- Found Boost: /usr/lib/x86_64-linux-gnu/cmake/Boost-1.74.0/BoostConfig.cmake (found suitable version "1.74.0", minimum required is "1.40.0") found components: thread system filesystem program_options regex iostreams date_time 
[1.860s] -- Found Protobuf: /usr/lib/x86_64-linux-gnu/libprotobuf.so (found version "3.12.4") 
[1.864s] -- Looking for ignition-math6 -- found version 6.15.0
[1.870s] -- Searching for dependencies of ignition-math6
[1.871s] -- Looking for OGRE...
[1.872s] -- OGRE_PREFIX_WATCH changed.
[1.875s] -- Checking for module 'OGRE'
[1.883s] --   Found OGRE, version 1.9.0
[1.901s] -- Found Ogre Ghadamon (1.9.0)
[1.905s] -- Found OGRE: optimized;/usr/lib/x86_64-linux-gnu/libOgreMain.so;debug;/usr/lib/x86_64-linux-gnu/libOgreMain.so
[1.913s] -- Looking for OGRE_Paging...
[1.916s] -- Found OGRE_Paging: optimized;/usr/lib/x86_64-linux-gnu/libOgrePaging.so;debug;/usr/lib/x86_64-linux-gnu/libOgrePaging.so
[1.917s] -- Looking for OGRE_Terrain...
[1.920s] -- Found OGRE_Terrain: optimized;/usr/lib/x86_64-linux-gnu/libOgreTerrain.so;debug;/usr/lib/x86_64-linux-gnu/libOgreTerrain.so
[1.920s] -- Looking for OGRE_Property...
[1.923s] -- Found OGRE_Property: optimized;/usr/lib/x86_64-linux-gnu/libOgreProperty.so;debug;/usr/lib/x86_64-linux-gnu/libOgreProperty.so
[1.923s] -- Looking for OGRE_RTShaderSystem...
[1.926s] -- Found OGRE_RTShaderSystem: optimized;/usr/lib/x86_64-linux-gnu/libOgreRTShaderSystem.so;debug;/usr/lib/x86_64-linux-gnu/libOgreRTShaderSystem.so
[1.926s] -- Looking for OGRE_Volume...
[1.929s] -- Found OGRE_Volume: optimized;/usr/lib/x86_64-linux-gnu/libOgreVolume.so;debug;/usr/lib/x86_64-linux-gnu/libOgreVolume.so
[1.929s] -- Looking for OGRE_Overlay...
[1.932s] -- Found OGRE_Overlay: optimized;/usr/lib/x86_64-linux-gnu/libOgreOverlay.so;debug;/usr/lib/x86_64-linux-gnu/libOgreOverlay.so
[1.995s] -- Looking for ignition-math6 -- found version 6.15.0
[1.997s] -- Looking for ignition-transport8 -- found version 8.2.1
[1.997s] -- Searching for dependencies of ignition-transport8
[2.009s] -- Found Protobuf: /usr/lib/x86_64-linux-gnu/libprotobuf.so (found suitable version "3.12.4", minimum required is "3") 
[2.016s] -- Config-file not installed for ZeroMQ -- checking for pkg-config
[2.019s] -- Checking for module 'libzmq >= 4'
[2.029s] --   Found libzmq , version 4.3.4
[2.049s] -- Found ZeroMQ: TRUE (Required is at least version "4") 
[2.053s] -- Checking for module 'uuid'
[2.061s] --   Found uuid, version 2.37.2
[2.079s] -- Found UUID: TRUE  
[2.081s] -- Looking for ignition-msgs5 -- found version 5.8.1
[2.082s] -- Searching for dependencies of ignition-msgs5
[2.094s] -- Looking for ignition-math6 -- found version 6.15.0
[2.098s] -- Checking for module 'tinyxml2'
[2.106s] --   Found tinyxml2, version 9.0.0
[2.126s] -- Looking for ignition-msgs5 -- found version 5.8.1
[2.128s] -- Looking for ignition-common3 -- found version 3.14.0
[2.128s] -- Searching for dependencies of ignition-common3
[2.128s] -- Looking for dlfcn.h - found
[2.129s] -- Looking for libdl - found
[2.130s] -- Found DL: TRUE  
[2.138s] -- Found tinyobjloader: /usr/lib/x86_64-linux-gnu/cmake/tinyobjloader/tinyobjloader-config.cmake (found version "2.0.0") 
[2.139s] -- Searching for <ignition-common3> component [graphics]
[2.140s] -- Looking for ignition-common3-graphics -- found version 3.14.0
[2.140s] -- Searching for dependencies of ignition-common3-graphics
[2.141s] -- Looking for ignition-math6 -- found version 6.15.0
[2.143s] -- Looking for ignition-fuel_tools4 -- found version 4.4.0
[2.143s] -- Searching for dependencies of ignition-fuel_tools4
[2.201s] -- Found CURL: /usr/lib/x86_64-linux-gnu/libcurl.so (found version "7.81.0")  
[2.207s] -- Checking for module 'jsoncpp'
[2.215s] --   Found jsoncpp, version 1.9.5
[2.239s] -- Found JSONCPP: TRUE  
[2.243s] -- Checking for module 'libzip'
[2.251s] --   Found libzip, version 1.7.3
[2.270s] -- Found ZIP: TRUE  
[2.270s] -- Looking for ignition-common3 -- found version 3.14.0
[2.270s] -- Looking for ignition-math6 -- found version 6.15.0
[2.271s] -- Looking for ignition-msgs5 -- found version 5.8.1
[2.274s] -- Gazebo version: 11.10
[2.274s] -- Checking for module 'tbb'
[2.283s] --   Found tbb, version 2021.5.0
[2.303s] -- Found gazebo_ros: 3.7.0 (/opt/ros/humble/share/gazebo_ros/cmake)
[2.311s] -- Found yaml_cpp_vendor: 8.0.2 (/opt/ros/humble/share/yaml_cpp_vendor/cmake)
[2.705s] -- Found ament_cmake_gtest: 1.3.5 (/opt/ros/humble/share/ament_cmake_gtest/cmake)
[2.707s] -- Found ament_lint_auto: 0.12.8 (/opt/ros/humble/share/ament_lint_auto/cmake)
[2.763s] -- Added test 'copyright' to check source files copyright and LICENSE
[2.764s] -- Added test 'cppcheck' to perform static code analysis on C / C++ code
[2.764s] -- Configured cppcheck include dirs: /home/ori/my_ackermann/src/gazebo_ros2_control/gazebo_ros2_control/include
[2.764s] -- Configured cppcheck exclude dirs and/or files: 
[2.765s] -- Added test 'cpplint' to check C / C++ code against the Google style
[2.765s] -- Configured cpplint exclude dirs and/or files: 
[2.765s] -- Added test 'lint_cmake' to check CMake code style
[2.766s] -- Added test 'uncrustify' to check C / C++ code style
[2.766s] -- Configured uncrustify additional arguments: 
[2.767s] -- Added test 'xmllint' to check XML markup files
[2.768s] -- Configuring done
[2.827s] -- Generating done
[2.829s] -- Build files have been written to: /home/ori/my_ackermann/build/gazebo_ros2_control
[2.840s] Invoked command in '/home/ori/my_ackermann/build/gazebo_ros2_control' returned '0': CMAKE_PREFIX_PATH=/opt/ros/humble /usr/bin/cmake /home/ori/my_ackermann/src/gazebo_ros2_control/gazebo_ros2_control -DCMAKE_INSTALL_PREFIX=/home/ori/my_ackermann/install/gazebo_ros2_control
[2.841s] Invoking command in '/home/ori/my_ackermann/build/gazebo_ros2_control': CMAKE_PREFIX_PATH=/opt/ros/humble /usr/bin/cmake --build /home/ori/my_ackermann/build/gazebo_ros2_control -- -j20 -l20
[2.876s] [ 25%] [32mBuilding CXX object CMakeFiles/gazebo_hardware_plugins.dir/src/gazebo_system.cpp.o[0m
[2.876s] [ 50%] [32mBuilding CXX object CMakeFiles/gazebo_ros2_control.dir/src/gazebo_ros2_control_plugin.cpp.o[0m
[10.385s] [ 75%] [32m[1mLinking CXX shared library libgazebo_hardware_plugins.so[0m
[10.720s] [ 75%] Built target gazebo_hardware_plugins
[11.486s] [100%] [32m[1mLinking CXX shared library libgazebo_ros2_control.so[0m
[11.908s] [100%] Built target gazebo_ros2_control
[11.921s] Invoked command in '/home/ori/my_ackermann/build/gazebo_ros2_control' returned '0': CMAKE_PREFIX_PATH=/opt/ros/humble /usr/bin/cmake --build /home/ori/my_ackermann/build/gazebo_ros2_control -- -j20 -l20
[11.947s] Invoking command in '/home/ori/my_ackermann/build/gazebo_ros2_control': CMAKE_PREFIX_PATH=/opt/ros/humble /usr/bin/cmake --install /home/ori/my_ackermann/build/gazebo_ros2_control
[11.957s] -- Install configuration: ""
[11.957s] -- Installing: /home/ori/my_ackermann/install/gazebo_ros2_control/lib/libgazebo_ros2_control.so
[11.960s] -- Set runtime path of "/home/ori/my_ackermann/install/gazebo_ros2_control/lib/libgazebo_ros2_control.so" to ""
[11.961s] -- Installing: /home/ori/my_ackermann/install/gazebo_ros2_control/lib/libgazebo_hardware_plugins.so
[11.963s] -- Set runtime path of "/home/ori/my_ackermann/install/gazebo_ros2_control/lib/libgazebo_hardware_plugins.so" to ""
[11.963s] -- Installing: /home/ori/my_ackermann/install/gazebo_ros2_control/share/gazebo_ros2_control/environment/library_path.sh
[11.964s] -- Installing: /home/ori/my_ackermann/install/gazebo_ros2_control/share/gazebo_ros2_control/environment/library_path.dsv
[11.964s] -- Installing: /home/ori/my_ackermann/install/gazebo_ros2_control/include/gazebo_ros2_control
[11.964s] -- Installing: /home/ori/my_ackermann/install/gazebo_ros2_control/include/gazebo_ros2_control/gazebo_system_interface.hpp
[11.964s] -- Installing: /home/ori/my_ackermann/install/gazebo_ros2_control/include/gazebo_ros2_control/gazebo_system.hpp
[11.964s] -- Installing: /home/ori/my_ackermann/install/gazebo_ros2_control/include/gazebo_ros2_control/gazebo_ros2_control_plugin.hpp
[11.964s] -- Installing: /home/ori/my_ackermann/install/gazebo_ros2_control/share/gazebo_ros2_control/gazebo_hardware_plugins.xml
[11.964s] -- Installing: /home/ori/my_ackermann/install/gazebo_ros2_control/share/ament_index/resource_index/package_run_dependencies/gazebo_ros2_control
[11.964s] -- Installing: /home/ori/my_ackermann/install/gazebo_ros2_control/share/ament_index/resource_index/parent_prefix_path/gazebo_ros2_control
[11.964s] -- Installing: /home/ori/my_ackermann/install/gazebo_ros2_control/share/gazebo_ros2_control/environment/ament_prefix_path.sh
[11.964s] -- Installing: /home/ori/my_ackermann/install/gazebo_ros2_control/share/gazebo_ros2_control/environment/ament_prefix_path.dsv
[11.965s] -- Installing: /home/ori/my_ackermann/install/gazebo_ros2_control/share/gazebo_ros2_control/environment/path.sh
[11.965s] -- Installing: /home/ori/my_ackermann/install/gazebo_ros2_control/share/gazebo_ros2_control/environment/path.dsv
[11.965s] -- Installing: /home/ori/my_ackermann/install/gazebo_ros2_control/share/gazebo_ros2_control/local_setup.bash
[11.965s] -- Installing: /home/ori/my_ackermann/install/gazebo_ros2_control/share/gazebo_ros2_control/local_setup.sh
[11.965s] -- Installing: /home/ori/my_ackermann/install/gazebo_ros2_control/share/gazebo_ros2_control/local_setup.zsh
[11.965s] -- Installing: /home/ori/my_ackermann/install/gazebo_ros2_control/share/gazebo_ros2_control/local_setup.dsv
[11.965s] -- Installing: /home/ori/my_ackermann/install/gazebo_ros2_control/share/gazebo_ros2_control/package.dsv
[11.965s] -- Installing: /home/ori/my_ackermann/install/gazebo_ros2_control/share/ament_index/resource_index/packages/gazebo_ros2_control
[11.966s] -- Installing: /home/ori/my_ackermann/install/gazebo_ros2_control/share/ament_index/resource_index/gazebo_ros2_control__pluginlib__plugin/gazebo_ros2_control
[11.966s] -- Installing: /home/ori/my_ackermann/install/gazebo_ros2_control/share/gazebo_ros2_control/cmake/ament_cmake_export_include_directories-extras.cmake
[11.966s] -- Installing: /home/ori/my_ackermann/install/gazebo_ros2_control/share/gazebo_ros2_control/cmake/ament_cmake_export_dependencies-extras.cmake
[11.966s] -- Installing: /home/ori/my_ackermann/install/gazebo_ros2_control/share/gazebo_ros2_control/cmake/ament_cmake_export_libraries-extras.cmake
[11.966s] -- Installing: /home/ori/my_ackermann/install/gazebo_ros2_control/share/gazebo_ros2_control/cmake/gazebo_ros2_controlConfig.cmake
[11.966s] -- Installing: /home/ori/my_ackermann/install/gazebo_ros2_control/share/gazebo_ros2_control/cmake/gazebo_ros2_controlConfig-version.cmake
[11.966s] -- Installing: /home/ori/my_ackermann/install/gazebo_ros2_control/share/gazebo_ros2_control/package.xml
[11.968s] Invoked command in '/home/ori/my_ackermann/build/gazebo_ros2_control' returned '0': CMAKE_PREFIX_PATH=/opt/ros/humble /usr/bin/cmake --install /home/ori/my_ackermann/build/gazebo_ros2_control
