[0.087s] Invoking command in '/home/ori/my_ackermann/build/diffdrive_arduino': CMAKE_PREFIX_PATH=/opt/ros/humble /usr/bin/cmake /home/ori/my_ackermann/src/diffdrive_arduino -DCMAKE_INSTALL_PREFIX=/home/ori/my_ackermann/install/diffdrive_arduino
[0.142s] -- The CXX compiler identification is GNU 11.4.0
[0.149s] -- Detecting CXX compiler ABI info
[0.201s] -- Detecting CXX compiler ABI info - done
[0.206s] -- Check for working CXX compiler: /usr/bin/c++ - skipped
[0.206s] -- Detecting CXX compile features
[0.207s] -- Detecting CXX compile features - done
[0.210s] -- Found ament_cmake: 1.3.5 (/opt/ros/humble/share/ament_cmake/cmake)
[0.332s] -- Found Python3: /usr/bin/python3.10 (found version "3.10.12") found components: Interpreter 
[0.403s] -- Found hardware_interface: 2.32.0 (/opt/ros/humble/share/hardware_interface/cmake)
[0.439s] -- Found rosidl_generator_c: 3.1.5 (/opt/ros/humble/share/rosidl_generator_c/cmake)
[0.444s] -- Found rosidl_adapter: 3.1.5 (/opt/ros/humble/share/rosidl_adapter/cmake)
[0.454s] -- Found rosidl_generator_cpp: 3.1.5 (/opt/ros/humble/share/rosidl_generator_cpp/cmake)
[0.467s] -- Using all available rosidl_typesupport_c: rosidl_typesupport_fastrtps_c;rosidl_typesupport_introspection_c
[0.485s] -- Using all available rosidl_typesupport_cpp: rosidl_typesupport_fastrtps_cpp;rosidl_typesupport_introspection_cpp
[1.008s] -- Found rmw_implementation_cmake: 6.1.1 (/opt/ros/humble/share/rmw_implementation_cmake/cmake)
[1.010s] -- Found rmw_fastrtps_cpp: 6.2.4 (/opt/ros/humble/share/rmw_fastrtps_cpp/cmake)
[1.076s] -- Found OpenSSL: /usr/lib/x86_64-linux-gnu/libcrypto.so (found version "3.0.2")  
[1.105s] -- Found FastRTPS: /opt/ros/humble/include  
[1.140s] -- Using RMW implementation 'rmw_fastrtps_cpp' as default
[1.147s] -- Looking for C++ include pthread.h
[1.206s] -- Looking for C++ include pthread.h - found
[1.206s] -- Performing Test CMAKE_HAVE_LIBC_PTHREAD
[1.263s] -- Performing Test CMAKE_HAVE_LIBC_PTHREAD - Success
[1.264s] -- Found Threads: TRUE  
[1.422s] -- Found ament_cmake_gtest: 1.3.5 (/opt/ros/humble/share/ament_cmake_gtest/cmake)
[1.467s] -- Configuring done
[1.502s] -- Generating done
[1.504s] -- Build files have been written to: /home/ori/my_ackermann/build/diffdrive_arduino
[1.512s] Invoked command in '/home/ori/my_ackermann/build/diffdrive_arduino' returned '0': CMAKE_PREFIX_PATH=/opt/ros/humble /usr/bin/cmake /home/ori/my_ackermann/src/diffdrive_arduino -DCMAKE_INSTALL_PREFIX=/home/ori/my_ackermann/install/diffdrive_arduino
[1.513s] Invoking command in '/home/ori/my_ackermann/build/diffdrive_arduino': CMAKE_PREFIX_PATH=/opt/ros/humble /usr/bin/cmake --build /home/ori/my_ackermann/build/diffdrive_arduino -- -j20 -l20
[1.544s] [ 50%] [32mBuilding CXX object CMakeFiles/diffdrive_arduino.dir/hardware/diffbot_system.cpp.o[0m
[3.635s] [100%] [32m[1mLinking CXX shared library libdiffdrive_arduino.so[0m
[3.756s] [100%] Built target diffdrive_arduino
[3.764s] Invoked command in '/home/ori/my_ackermann/build/diffdrive_arduino' returned '0': CMAKE_PREFIX_PATH=/opt/ros/humble /usr/bin/cmake --build /home/ori/my_ackermann/build/diffdrive_arduino -- -j20 -l20
[3.780s] Invoking command in '/home/ori/my_ackermann/build/diffdrive_arduino': CMAKE_PREFIX_PATH=/opt/ros/humble /usr/bin/cmake --install /home/ori/my_ackermann/build/diffdrive_arduino
[3.785s] -- Install configuration: ""
[3.785s] -- Installing: /home/ori/my_ackermann/install/diffdrive_arduino/share/diffdrive_arduino/diffdrive_arduino.xml
[3.785s] -- Installing: /home/ori/my_ackermann/install/diffdrive_arduino/include/diffdrive_arduino
[3.786s] -- Installing: /home/ori/my_ackermann/install/diffdrive_arduino/include/diffdrive_arduino/diffdrive_arduino
[3.786s] -- Installing: /home/ori/my_ackermann/install/diffdrive_arduino/include/diffdrive_arduino/diffdrive_arduino/wheel.hpp
[3.786s] -- Installing: /home/ori/my_ackermann/install/diffdrive_arduino/include/diffdrive_arduino/diffdrive_arduino/visibility_control.h
[3.786s] -- Installing: /home/ori/my_ackermann/install/diffdrive_arduino/include/diffdrive_arduino/diffdrive_arduino/diffbot_system.hpp
[3.786s] -- Installing: /home/ori/my_ackermann/install/diffdrive_arduino/include/diffdrive_arduino/diffdrive_arduino/arduino_comms.hpp
[3.786s] -- Installing: /home/ori/my_ackermann/install/diffdrive_arduino/share/diffdrive_arduino/launch
[3.786s] -- Installing: /home/ori/my_ackermann/install/diffdrive_arduino/share/diffdrive_arduino/launch/view_robot.launch.py
[3.786s] -- Installing: /home/ori/my_ackermann/install/diffdrive_arduino/share/diffdrive_arduino/ros2_control
[3.786s] -- Installing: /home/ori/my_ackermann/install/diffdrive_arduino/share/diffdrive_arduino/ros2_control/diffbot.ros2_control.xacro
[3.786s] -- Installing: /home/ori/my_ackermann/install/diffdrive_arduino/share/diffdrive_arduino/urdf
[3.786s] -- Installing: /home/ori/my_ackermann/install/diffdrive_arduino/share/diffdrive_arduino/urdf/diffbot.urdf.xacro
[3.787s] -- Installing: /home/ori/my_ackermann/install/diffdrive_arduino/share/diffdrive_arduino/urdf/diffbot.materials.xacro
[3.787s] -- Installing: /home/ori/my_ackermann/install/diffdrive_arduino/share/diffdrive_arduino/urdf/diffbot_description.urdf.xacro
[3.787s] -- Installing: /home/ori/my_ackermann/install/diffdrive_arduino/share/diffdrive_arduino/rviz
[3.787s] -- Installing: /home/ori/my_ackermann/install/diffdrive_arduino/share/diffdrive_arduino/rviz/diffbot.rviz
[3.787s] -- Installing: /home/ori/my_ackermann/install/diffdrive_arduino/share/diffdrive_arduino/rviz/diffbot_view.rviz
[3.787s] -- Up-to-date: /home/ori/my_ackermann/install/diffdrive_arduino/share/diffdrive_arduino/launch
[3.787s] -- Installing: /home/ori/my_ackermann/install/diffdrive_arduino/share/diffdrive_arduino/launch/diffbot.launch.py
[3.787s] -- Installing: /home/ori/my_ackermann/install/diffdrive_arduino/share/diffdrive_arduino/config
[3.787s] -- Installing: /home/ori/my_ackermann/install/diffdrive_arduino/share/diffdrive_arduino/config/diffbot_controllers.yaml
[3.787s] -- Installing: /home/ori/my_ackermann/install/diffdrive_arduino/lib/libdiffdrive_arduino.so
[3.788s] -- Set runtime path of "/home/ori/my_ackermann/install/diffdrive_arduino/lib/libdiffdrive_arduino.so" to ""
[3.788s] -- Installing: /home/ori/my_ackermann/install/diffdrive_arduino/share/diffdrive_arduino/environment/library_path.sh
[3.788s] -- Installing: /home/ori/my_ackermann/install/diffdrive_arduino/share/diffdrive_arduino/environment/library_path.dsv
[3.788s] -- Installing: /home/ori/my_ackermann/install/diffdrive_arduino/share/ament_index/resource_index/package_run_dependencies/diffdrive_arduino
[3.788s] -- Installing: /home/ori/my_ackermann/install/diffdrive_arduino/share/ament_index/resource_index/parent_prefix_path/diffdrive_arduino
[3.788s] -- Installing: /home/ori/my_ackermann/install/diffdrive_arduino/share/diffdrive_arduino/environment/ament_prefix_path.sh
[3.788s] -- Installing: /home/ori/my_ackermann/install/diffdrive_arduino/share/diffdrive_arduino/environment/ament_prefix_path.dsv
[3.788s] -- Installing: /home/ori/my_ackermann/install/diffdrive_arduino/share/diffdrive_arduino/environment/path.sh
[3.788s] -- Installing: /home/ori/my_ackermann/install/diffdrive_arduino/share/diffdrive_arduino/environment/path.dsv
[3.789s] -- Installing: /home/ori/my_ackermann/install/diffdrive_arduino/share/diffdrive_arduino/local_setup.bash
[3.789s] -- Installing: /home/ori/my_ackermann/install/diffdrive_arduino/share/diffdrive_arduino/local_setup.sh
[3.789s] -- Installing: /home/ori/my_ackermann/install/diffdrive_arduino/share/diffdrive_arduino/local_setup.zsh
[3.789s] -- Installing: /home/ori/my_ackermann/install/diffdrive_arduino/share/diffdrive_arduino/local_setup.dsv
[3.790s] -- Installing: /home/ori/my_ackermann/install/diffdrive_arduino/share/diffdrive_arduino/package.dsv
[3.790s] -- Installing: /home/ori/my_ackermann/install/diffdrive_arduino/share/ament_index/resource_index/packages/diffdrive_arduino
[3.790s] -- Installing: /home/ori/my_ackermann/install/diffdrive_arduino/share/ament_index/resource_index/hardware_interface__pluginlib__plugin/diffdrive_arduino
[3.790s] -- Installing: /home/ori/my_ackermann/install/diffdrive_arduino/share/diffdrive_arduino/cmake/export_diffdrive_arduinoExport.cmake
[3.790s] -- Installing: /home/ori/my_ackermann/install/diffdrive_arduino/share/diffdrive_arduino/cmake/export_diffdrive_arduinoExport-noconfig.cmake
[3.791s] -- Installing: /home/ori/my_ackermann/install/diffdrive_arduino/share/diffdrive_arduino/cmake/ament_cmake_export_targets-extras.cmake
[3.791s] -- Installing: /home/ori/my_ackermann/install/diffdrive_arduino/share/diffdrive_arduino/cmake/ament_cmake_export_dependencies-extras.cmake
[3.791s] -- Installing: /home/ori/my_ackermann/install/diffdrive_arduino/share/diffdrive_arduino/cmake/diffdrive_arduinoConfig.cmake
[3.791s] -- Installing: /home/ori/my_ackermann/install/diffdrive_arduino/share/diffdrive_arduino/cmake/diffdrive_arduinoConfig-version.cmake
[3.791s] -- Installing: /home/ori/my_ackermann/install/diffdrive_arduino/share/diffdrive_arduino/package.xml
[3.792s] Invoked command in '/home/ori/my_ackermann/build/diffdrive_arduino' returned '0': CMAKE_PREFIX_PATH=/opt/ros/humble /usr/bin/cmake --install /home/ori/my_ackermann/build/diffdrive_arduino
