[0.578s] DEBUG:colcon:Command line arguments: ['/usr/bin/colcon', 'build']
[0.578s] DEBUG:colcon:Parsed command line arguments: Namespace(log_base=None, log_level=None, verb_name='build', build_base='build', install_base='install', merge_install=False, symlink_install=False, test_result_base=None, continue_on_error=False, executor='parallel', parallel_workers=20, event_handlers=None, ignore_user_meta=False, metas=['./colcon.meta'], base_paths=['.'], packages_ignore=None, packages_ignore_regex=None, paths=None, packages_up_to=None, packages_up_to_regex=None, packages_above=None, packages_above_and_dependencies=None, packages_above_depth=None, packages_select_by_dep=None, packages_skip_by_dep=None, packages_skip_up_to=None, packages_select_build_failed=False, packages_skip_build_finished=False, packages_select_test_failures=False, packages_skip_test_passed=False, packages_select=None, packages_skip=None, packages_select_regex=None, packages_skip_regex=None, packages_start=None, packages_end=None, allow_overriding=[], cmake_args=None, cmake_target=None, cmake_target_skip_unavailable=False, cmake_clean_cache=False, cmake_clean_first=False, cmake_force_configure=False, ament_cmake_args=None, catkin_cmake_args=None, catkin_skip_building_tests=False, verb_parser=<colcon_defaults.argument_parser.defaults.DefaultArgumentsDecorator object at 0x7fc047aca5f0>, verb_extension=<colcon_core.verb.build.BuildVerb object at 0x7fc047ac9690>, main=<bound method BuildVerb.main of <colcon_core.verb.build.BuildVerb object at 0x7fc047ac9690>>)
[0.604s] Level 1:colcon.colcon_core.package_discovery:discover_packages(colcon_meta) check parameters
[0.604s] Level 1:colcon.colcon_core.package_discovery:discover_packages(recursive) check parameters
[0.604s] Level 1:colcon.colcon_core.package_discovery:discover_packages(ignore) check parameters
[0.605s] Level 1:colcon.colcon_core.package_discovery:discover_packages(path) check parameters
[0.605s] Level 1:colcon.colcon_core.package_discovery:discover_packages(colcon_meta) discover
[0.605s] Level 1:colcon.colcon_core.package_discovery:discover_packages(recursive) discover
[0.605s] INFO:colcon.colcon_core.package_discovery:Crawling recursively for packages in '/home/ori/my_ackermann'
[0.605s] Level 1:colcon.colcon_core.package_identification:_identify(.) by extensions ['ignore', 'ignore_ament_install']
[0.605s] Level 1:colcon.colcon_core.package_identification:_identify(.) by extension 'ignore'
[0.605s] Level 1:colcon.colcon_core.package_identification:_identify(.) by extension 'ignore_ament_install'
[0.605s] Level 1:colcon.colcon_core.package_identification:_identify(.) by extensions ['colcon_pkg']
[0.605s] Level 1:colcon.colcon_core.package_identification:_identify(.) by extension 'colcon_pkg'
[0.605s] Level 1:colcon.colcon_core.package_identification:_identify(.) by extensions ['colcon_meta']
[0.605s] Level 1:colcon.colcon_core.package_identification:_identify(.) by extension 'colcon_meta'
[0.605s] Level 1:colcon.colcon_core.package_identification:_identify(.) by extensions ['ros']
[0.605s] Level 1:colcon.colcon_core.package_identification:_identify(.) by extension 'ros'
[0.612s] Level 1:colcon.colcon_core.package_identification:_identify(.) by extensions ['cmake', 'python']
[0.612s] Level 1:colcon.colcon_core.package_identification:_identify(.) by extension 'cmake'
[0.612s] Level 1:colcon.colcon_core.package_identification:_identify(.) by extension 'python'
[0.612s] Level 1:colcon.colcon_core.package_identification:_identify(.) by extensions ['python_setup_py']
[0.612s] Level 1:colcon.colcon_core.package_identification:_identify(.) by extension 'python_setup_py'
[0.612s] Level 1:colcon.colcon_core.package_identification:_identify(build) by extensions ['ignore', 'ignore_ament_install']
[0.612s] Level 1:colcon.colcon_core.package_identification:_identify(build) by extension 'ignore'
[0.612s] Level 1:colcon.colcon_core.package_identification:_identify(build) ignored
[0.612s] Level 1:colcon.colcon_core.package_identification:_identify(install) by extensions ['ignore', 'ignore_ament_install']
[0.612s] Level 1:colcon.colcon_core.package_identification:_identify(install) by extension 'ignore'
[0.612s] Level 1:colcon.colcon_core.package_identification:_identify(install) ignored
[0.613s] Level 1:colcon.colcon_core.package_identification:_identify(log) by extensions ['ignore', 'ignore_ament_install']
[0.613s] Level 1:colcon.colcon_core.package_identification:_identify(log) by extension 'ignore'
[0.613s] Level 1:colcon.colcon_core.package_identification:_identify(log) ignored
[0.613s] Level 1:colcon.colcon_core.package_identification:_identify(src) by extensions ['ignore', 'ignore_ament_install']
[0.613s] Level 1:colcon.colcon_core.package_identification:_identify(src) by extension 'ignore'
[0.613s] Level 1:colcon.colcon_core.package_identification:_identify(src) by extension 'ignore_ament_install'
[0.613s] Level 1:colcon.colcon_core.package_identification:_identify(src) by extensions ['colcon_pkg']
[0.613s] Level 1:colcon.colcon_core.package_identification:_identify(src) by extension 'colcon_pkg'
[0.613s] Level 1:colcon.colcon_core.package_identification:_identify(src) by extensions ['colcon_meta']
[0.613s] Level 1:colcon.colcon_core.package_identification:_identify(src) by extension 'colcon_meta'
[0.613s] Level 1:colcon.colcon_core.package_identification:_identify(src) by extensions ['ros']
[0.613s] Level 1:colcon.colcon_core.package_identification:_identify(src) by extension 'ros'
[0.613s] Level 1:colcon.colcon_core.package_identification:_identify(src) by extensions ['cmake', 'python']
[0.613s] Level 1:colcon.colcon_core.package_identification:_identify(src) by extension 'cmake'
[0.613s] Level 1:colcon.colcon_core.package_identification:_identify(src) by extension 'python'
[0.613s] Level 1:colcon.colcon_core.package_identification:_identify(src) by extensions ['python_setup_py']
[0.613s] Level 1:colcon.colcon_core.package_identification:_identify(src) by extension 'python_setup_py'
[0.613s] Level 1:colcon.colcon_core.package_identification:_identify(src/diffdrive_arduino) by extensions ['ignore', 'ignore_ament_install']
[0.613s] Level 1:colcon.colcon_core.package_identification:_identify(src/diffdrive_arduino) by extension 'ignore'
[0.613s] Level 1:colcon.colcon_core.package_identification:_identify(src/diffdrive_arduino) by extension 'ignore_ament_install'
[0.613s] Level 1:colcon.colcon_core.package_identification:_identify(src/diffdrive_arduino) by extensions ['colcon_pkg']
[0.613s] Level 1:colcon.colcon_core.package_identification:_identify(src/diffdrive_arduino) by extension 'colcon_pkg'
[0.613s] Level 1:colcon.colcon_core.package_identification:_identify(src/diffdrive_arduino) by extensions ['colcon_meta']
[0.613s] Level 1:colcon.colcon_core.package_identification:_identify(src/diffdrive_arduino) by extension 'colcon_meta'
[0.613s] Level 1:colcon.colcon_core.package_identification:_identify(src/diffdrive_arduino) by extensions ['ros']
[0.613s] Level 1:colcon.colcon_core.package_identification:_identify(src/diffdrive_arduino) by extension 'ros'
[0.615s] DEBUG:colcon.colcon_core.package_identification:Package 'src/diffdrive_arduino' with type 'ros.ament_cmake' and name 'diffdrive_arduino'
[0.615s] Level 1:colcon.colcon_core.package_identification:_identify(src/gazebo_ros2_control) by extensions ['ignore', 'ignore_ament_install']
[0.615s] Level 1:colcon.colcon_core.package_identification:_identify(src/gazebo_ros2_control) by extension 'ignore'
[0.615s] Level 1:colcon.colcon_core.package_identification:_identify(src/gazebo_ros2_control) by extension 'ignore_ament_install'
[0.615s] Level 1:colcon.colcon_core.package_identification:_identify(src/gazebo_ros2_control) by extensions ['colcon_pkg']
[0.615s] Level 1:colcon.colcon_core.package_identification:_identify(src/gazebo_ros2_control) by extension 'colcon_pkg'
[0.615s] Level 1:colcon.colcon_core.package_identification:_identify(src/gazebo_ros2_control) by extensions ['colcon_meta']
[0.615s] Level 1:colcon.colcon_core.package_identification:_identify(src/gazebo_ros2_control) by extension 'colcon_meta'
[0.615s] Level 1:colcon.colcon_core.package_identification:_identify(src/gazebo_ros2_control) by extensions ['ros']
[0.615s] Level 1:colcon.colcon_core.package_identification:_identify(src/gazebo_ros2_control) by extension 'ros'
[0.615s] Level 1:colcon.colcon_core.package_identification:_identify(src/gazebo_ros2_control) by extensions ['cmake', 'python']
[0.615s] Level 1:colcon.colcon_core.package_identification:_identify(src/gazebo_ros2_control) by extension 'cmake'
[0.615s] Level 1:colcon.colcon_core.package_identification:_identify(src/gazebo_ros2_control) by extension 'python'
[0.615s] Level 1:colcon.colcon_core.package_identification:_identify(src/gazebo_ros2_control) by extensions ['python_setup_py']
[0.615s] Level 1:colcon.colcon_core.package_identification:_identify(src/gazebo_ros2_control) by extension 'python_setup_py'
[0.615s] Level 1:colcon.colcon_core.package_identification:_identify(src/gazebo_ros2_control/Docker) by extensions ['ignore', 'ignore_ament_install']
[0.615s] Level 1:colcon.colcon_core.package_identification:_identify(src/gazebo_ros2_control/Docker) by extension 'ignore'
[0.615s] Level 1:colcon.colcon_core.package_identification:_identify(src/gazebo_ros2_control/Docker) by extension 'ignore_ament_install'
[0.616s] Level 1:colcon.colcon_core.package_identification:_identify(src/gazebo_ros2_control/Docker) by extensions ['colcon_pkg']
[0.616s] Level 1:colcon.colcon_core.package_identification:_identify(src/gazebo_ros2_control/Docker) by extension 'colcon_pkg'
[0.616s] Level 1:colcon.colcon_core.package_identification:_identify(src/gazebo_ros2_control/Docker) by extensions ['colcon_meta']
[0.616s] Level 1:colcon.colcon_core.package_identification:_identify(src/gazebo_ros2_control/Docker) by extension 'colcon_meta'
[0.616s] Level 1:colcon.colcon_core.package_identification:_identify(src/gazebo_ros2_control/Docker) by extensions ['ros']
[0.616s] Level 1:colcon.colcon_core.package_identification:_identify(src/gazebo_ros2_control/Docker) by extension 'ros'
[0.616s] Level 1:colcon.colcon_core.package_identification:_identify(src/gazebo_ros2_control/Docker) by extensions ['cmake', 'python']
[0.616s] Level 1:colcon.colcon_core.package_identification:_identify(src/gazebo_ros2_control/Docker) by extension 'cmake'
[0.616s] Level 1:colcon.colcon_core.package_identification:_identify(src/gazebo_ros2_control/Docker) by extension 'python'
[0.616s] Level 1:colcon.colcon_core.package_identification:_identify(src/gazebo_ros2_control/Docker) by extensions ['python_setup_py']
[0.616s] Level 1:colcon.colcon_core.package_identification:_identify(src/gazebo_ros2_control/Docker) by extension 'python_setup_py'
[0.616s] Level 1:colcon.colcon_core.package_identification:_identify(src/gazebo_ros2_control/doc) by extensions ['ignore', 'ignore_ament_install']
[0.616s] Level 1:colcon.colcon_core.package_identification:_identify(src/gazebo_ros2_control/doc) by extension 'ignore'
[0.616s] Level 1:colcon.colcon_core.package_identification:_identify(src/gazebo_ros2_control/doc) by extension 'ignore_ament_install'
[0.616s] Level 1:colcon.colcon_core.package_identification:_identify(src/gazebo_ros2_control/doc) by extensions ['colcon_pkg']
[0.616s] Level 1:colcon.colcon_core.package_identification:_identify(src/gazebo_ros2_control/doc) by extension 'colcon_pkg'
[0.616s] Level 1:colcon.colcon_core.package_identification:_identify(src/gazebo_ros2_control/doc) by extensions ['colcon_meta']
[0.616s] Level 1:colcon.colcon_core.package_identification:_identify(src/gazebo_ros2_control/doc) by extension 'colcon_meta'
[0.616s] Level 1:colcon.colcon_core.package_identification:_identify(src/gazebo_ros2_control/doc) by extensions ['ros']
[0.616s] Level 1:colcon.colcon_core.package_identification:_identify(src/gazebo_ros2_control/doc) by extension 'ros'
[0.616s] Level 1:colcon.colcon_core.package_identification:_identify(src/gazebo_ros2_control/doc) by extensions ['cmake', 'python']
[0.616s] Level 1:colcon.colcon_core.package_identification:_identify(src/gazebo_ros2_control/doc) by extension 'cmake'
[0.616s] Level 1:colcon.colcon_core.package_identification:_identify(src/gazebo_ros2_control/doc) by extension 'python'
[0.616s] Level 1:colcon.colcon_core.package_identification:_identify(src/gazebo_ros2_control/doc) by extensions ['python_setup_py']
[0.616s] Level 1:colcon.colcon_core.package_identification:_identify(src/gazebo_ros2_control/doc) by extension 'python_setup_py'
[0.616s] Level 1:colcon.colcon_core.package_identification:_identify(src/gazebo_ros2_control/doc/img) by extensions ['ignore', 'ignore_ament_install']
[0.616s] Level 1:colcon.colcon_core.package_identification:_identify(src/gazebo_ros2_control/doc/img) by extension 'ignore'
[0.616s] Level 1:colcon.colcon_core.package_identification:_identify(src/gazebo_ros2_control/doc/img) by extension 'ignore_ament_install'
[0.616s] Level 1:colcon.colcon_core.package_identification:_identify(src/gazebo_ros2_control/doc/img) by extensions ['colcon_pkg']
[0.616s] Level 1:colcon.colcon_core.package_identification:_identify(src/gazebo_ros2_control/doc/img) by extension 'colcon_pkg'
[0.616s] Level 1:colcon.colcon_core.package_identification:_identify(src/gazebo_ros2_control/doc/img) by extensions ['colcon_meta']
[0.616s] Level 1:colcon.colcon_core.package_identification:_identify(src/gazebo_ros2_control/doc/img) by extension 'colcon_meta'
[0.616s] Level 1:colcon.colcon_core.package_identification:_identify(src/gazebo_ros2_control/doc/img) by extensions ['ros']
[0.616s] Level 1:colcon.colcon_core.package_identification:_identify(src/gazebo_ros2_control/doc/img) by extension 'ros'
[0.616s] Level 1:colcon.colcon_core.package_identification:_identify(src/gazebo_ros2_control/doc/img) by extensions ['cmake', 'python']
[0.616s] Level 1:colcon.colcon_core.package_identification:_identify(src/gazebo_ros2_control/doc/img) by extension 'cmake'
[0.616s] Level 1:colcon.colcon_core.package_identification:_identify(src/gazebo_ros2_control/doc/img) by extension 'python'
[0.616s] Level 1:colcon.colcon_core.package_identification:_identify(src/gazebo_ros2_control/doc/img) by extensions ['python_setup_py']
[0.616s] Level 1:colcon.colcon_core.package_identification:_identify(src/gazebo_ros2_control/doc/img) by extension 'python_setup_py'
[0.616s] Level 1:colcon.colcon_core.package_identification:_identify(src/gazebo_ros2_control/gazebo_ros2_control) by extensions ['ignore', 'ignore_ament_install']
[0.617s] Level 1:colcon.colcon_core.package_identification:_identify(src/gazebo_ros2_control/gazebo_ros2_control) by extension 'ignore'
[0.617s] Level 1:colcon.colcon_core.package_identification:_identify(src/gazebo_ros2_control/gazebo_ros2_control) by extension 'ignore_ament_install'
[0.617s] Level 1:colcon.colcon_core.package_identification:_identify(src/gazebo_ros2_control/gazebo_ros2_control) by extensions ['colcon_pkg']
[0.617s] Level 1:colcon.colcon_core.package_identification:_identify(src/gazebo_ros2_control/gazebo_ros2_control) by extension 'colcon_pkg'
[0.617s] Level 1:colcon.colcon_core.package_identification:_identify(src/gazebo_ros2_control/gazebo_ros2_control) by extensions ['colcon_meta']
[0.617s] Level 1:colcon.colcon_core.package_identification:_identify(src/gazebo_ros2_control/gazebo_ros2_control) by extension 'colcon_meta'
[0.617s] Level 1:colcon.colcon_core.package_identification:_identify(src/gazebo_ros2_control/gazebo_ros2_control) by extensions ['ros']
[0.617s] Level 1:colcon.colcon_core.package_identification:_identify(src/gazebo_ros2_control/gazebo_ros2_control) by extension 'ros'
[0.617s] DEBUG:colcon.colcon_core.package_identification:Package 'src/gazebo_ros2_control/gazebo_ros2_control' with type 'ros.ament_cmake' and name 'gazebo_ros2_control'
[0.617s] Level 1:colcon.colcon_core.package_identification:_identify(src/gazebo_ros2_control/gazebo_ros2_control_demos) by extensions ['ignore', 'ignore_ament_install']
[0.617s] Level 1:colcon.colcon_core.package_identification:_identify(src/gazebo_ros2_control/gazebo_ros2_control_demos) by extension 'ignore'
[0.618s] Level 1:colcon.colcon_core.package_identification:_identify(src/gazebo_ros2_control/gazebo_ros2_control_demos) by extension 'ignore_ament_install'
[0.618s] Level 1:colcon.colcon_core.package_identification:_identify(src/gazebo_ros2_control/gazebo_ros2_control_demos) by extensions ['colcon_pkg']
[0.618s] Level 1:colcon.colcon_core.package_identification:_identify(src/gazebo_ros2_control/gazebo_ros2_control_demos) by extension 'colcon_pkg'
[0.618s] Level 1:colcon.colcon_core.package_identification:_identify(src/gazebo_ros2_control/gazebo_ros2_control_demos) by extensions ['colcon_meta']
[0.618s] Level 1:colcon.colcon_core.package_identification:_identify(src/gazebo_ros2_control/gazebo_ros2_control_demos) by extension 'colcon_meta'
[0.618s] Level 1:colcon.colcon_core.package_identification:_identify(src/gazebo_ros2_control/gazebo_ros2_control_demos) by extensions ['ros']
[0.618s] Level 1:colcon.colcon_core.package_identification:_identify(src/gazebo_ros2_control/gazebo_ros2_control_demos) by extension 'ros'
[0.618s] DEBUG:colcon.colcon_core.package_identification:Package 'src/gazebo_ros2_control/gazebo_ros2_control_demos' with type 'ros.ament_cmake' and name 'gazebo_ros2_control_demos'
[0.618s] Level 1:colcon.colcon_core.package_identification:_identify(src/rc_car) by extensions ['ignore', 'ignore_ament_install']
[0.618s] Level 1:colcon.colcon_core.package_identification:_identify(src/rc_car) by extension 'ignore'
[0.618s] Level 1:colcon.colcon_core.package_identification:_identify(src/rc_car) by extension 'ignore_ament_install'
[0.618s] Level 1:colcon.colcon_core.package_identification:_identify(src/rc_car) by extensions ['colcon_pkg']
[0.618s] Level 1:colcon.colcon_core.package_identification:_identify(src/rc_car) by extension 'colcon_pkg'
[0.618s] Level 1:colcon.colcon_core.package_identification:_identify(src/rc_car) by extensions ['colcon_meta']
[0.618s] Level 1:colcon.colcon_core.package_identification:_identify(src/rc_car) by extension 'colcon_meta'
[0.618s] Level 1:colcon.colcon_core.package_identification:_identify(src/rc_car) by extensions ['ros']
[0.618s] Level 1:colcon.colcon_core.package_identification:_identify(src/rc_car) by extension 'ros'
[0.619s] DEBUG:colcon.colcon_core.package_identification:Package 'src/rc_car' with type 'ros.ament_cmake' and name 'rc_car'
[0.619s] Level 1:colcon.colcon_core.package_identification:_identify(src/serial) by extensions ['ignore', 'ignore_ament_install']
[0.619s] Level 1:colcon.colcon_core.package_identification:_identify(src/serial) by extension 'ignore'
[0.619s] Level 1:colcon.colcon_core.package_identification:_identify(src/serial) by extension 'ignore_ament_install'
[0.619s] Level 1:colcon.colcon_core.package_identification:_identify(src/serial) by extensions ['colcon_pkg']
[0.619s] Level 1:colcon.colcon_core.package_identification:_identify(src/serial) by extension 'colcon_pkg'
[0.619s] Level 1:colcon.colcon_core.package_identification:_identify(src/serial) by extensions ['colcon_meta']
[0.619s] Level 1:colcon.colcon_core.package_identification:_identify(src/serial) by extension 'colcon_meta'
[0.619s] Level 1:colcon.colcon_core.package_identification:_identify(src/serial) by extensions ['ros']
[0.619s] Level 1:colcon.colcon_core.package_identification:_identify(src/serial) by extension 'ros'
[0.619s] DEBUG:colcon.colcon_core.package_identification:Package 'src/serial' with type 'ros.ament_cmake' and name 'serial'
[0.619s] Level 1:colcon.colcon_core.package_discovery:discover_packages(recursive) using defaults
[0.619s] Level 1:colcon.colcon_core.package_discovery:discover_packages(ignore) discover
[0.619s] Level 1:colcon.colcon_core.package_discovery:discover_packages(ignore) using defaults
[0.619s] Level 1:colcon.colcon_core.package_discovery:discover_packages(path) discover
[0.619s] Level 1:colcon.colcon_core.package_discovery:discover_packages(path) using defaults
[0.672s] Level 1:colcon.colcon_core.package_discovery:discover_packages(prefix_path) check parameters
[0.672s] Level 1:colcon.colcon_core.package_discovery:discover_packages(prefix_path) discover
[0.689s] DEBUG:colcon.colcon_installed_package_information.package_discovery:Found 5 installed packages in /home/ori/my_ackermann/install
[0.704s] DEBUG:colcon.colcon_installed_package_information.package_discovery:Found 426 installed packages in /opt/ros/humble
[0.706s] Level 1:colcon.colcon_core.package_discovery:discover_packages(prefix_path) using defaults
[0.770s] Level 5:colcon.colcon_core.verb:set package 'diffdrive_arduino' build argument 'cmake_args' from command line to 'None'
[0.770s] Level 5:colcon.colcon_core.verb:set package 'diffdrive_arduino' build argument 'cmake_target' from command line to 'None'
[0.770s] Level 5:colcon.colcon_core.verb:set package 'diffdrive_arduino' build argument 'cmake_target_skip_unavailable' from command line to 'False'
[0.770s] Level 5:colcon.colcon_core.verb:set package 'diffdrive_arduino' build argument 'cmake_clean_cache' from command line to 'False'
[0.770s] Level 5:colcon.colcon_core.verb:set package 'diffdrive_arduino' build argument 'cmake_clean_first' from command line to 'False'
[0.770s] Level 5:colcon.colcon_core.verb:set package 'diffdrive_arduino' build argument 'cmake_force_configure' from command line to 'False'
[0.770s] Level 5:colcon.colcon_core.verb:set package 'diffdrive_arduino' build argument 'ament_cmake_args' from command line to 'None'
[0.770s] Level 5:colcon.colcon_core.verb:set package 'diffdrive_arduino' build argument 'catkin_cmake_args' from command line to 'None'
[0.770s] Level 5:colcon.colcon_core.verb:set package 'diffdrive_arduino' build argument 'catkin_skip_building_tests' from command line to 'False'
[0.770s] DEBUG:colcon.colcon_core.verb:Building package 'diffdrive_arduino' with the following arguments: {'ament_cmake_args': None, 'build_base': '/home/ori/my_ackermann/build/diffdrive_arduino', 'catkin_cmake_args': None, 'catkin_skip_building_tests': False, 'cmake_args': None, 'cmake_clean_cache': False, 'cmake_clean_first': False, 'cmake_force_configure': False, 'cmake_target': None, 'cmake_target_skip_unavailable': False, 'install_base': '/home/ori/my_ackermann/install/diffdrive_arduino', 'merge_install': False, 'path': '/home/ori/my_ackermann/src/diffdrive_arduino', 'symlink_install': False, 'test_result_base': None}
[0.778s] Level 5:colcon.colcon_core.verb:set package 'gazebo_ros2_control' build argument 'cmake_args' from command line to 'None'
[0.778s] Level 5:colcon.colcon_core.verb:set package 'gazebo_ros2_control' build argument 'cmake_target' from command line to 'None'
[0.778s] Level 5:colcon.colcon_core.verb:set package 'gazebo_ros2_control' build argument 'cmake_target_skip_unavailable' from command line to 'False'
[0.778s] Level 5:colcon.colcon_core.verb:set package 'gazebo_ros2_control' build argument 'cmake_clean_cache' from command line to 'False'
[0.778s] Level 5:colcon.colcon_core.verb:set package 'gazebo_ros2_control' build argument 'cmake_clean_first' from command line to 'False'
[0.778s] Level 5:colcon.colcon_core.verb:set package 'gazebo_ros2_control' build argument 'cmake_force_configure' from command line to 'False'
[0.778s] Level 5:colcon.colcon_core.verb:set package 'gazebo_ros2_control' build argument 'ament_cmake_args' from command line to 'None'
[0.778s] Level 5:colcon.colcon_core.verb:set package 'gazebo_ros2_control' build argument 'catkin_cmake_args' from command line to 'None'
[0.778s] Level 5:colcon.colcon_core.verb:set package 'gazebo_ros2_control' build argument 'catkin_skip_building_tests' from command line to 'False'
[0.778s] DEBUG:colcon.colcon_core.verb:Building package 'gazebo_ros2_control' with the following arguments: {'ament_cmake_args': None, 'build_base': '/home/ori/my_ackermann/build/gazebo_ros2_control', 'catkin_cmake_args': None, 'catkin_skip_building_tests': False, 'cmake_args': None, 'cmake_clean_cache': False, 'cmake_clean_first': False, 'cmake_force_configure': False, 'cmake_target': None, 'cmake_target_skip_unavailable': False, 'install_base': '/home/ori/my_ackermann/install/gazebo_ros2_control', 'merge_install': False, 'path': '/home/ori/my_ackermann/src/gazebo_ros2_control/gazebo_ros2_control', 'symlink_install': False, 'test_result_base': None}
[0.787s] Level 5:colcon.colcon_core.verb:set package 'rc_car' build argument 'cmake_args' from command line to 'None'
[0.787s] Level 5:colcon.colcon_core.verb:set package 'rc_car' build argument 'cmake_target' from command line to 'None'
[0.787s] Level 5:colcon.colcon_core.verb:set package 'rc_car' build argument 'cmake_target_skip_unavailable' from command line to 'False'
[0.787s] Level 5:colcon.colcon_core.verb:set package 'rc_car' build argument 'cmake_clean_cache' from command line to 'False'
[0.787s] Level 5:colcon.colcon_core.verb:set package 'rc_car' build argument 'cmake_clean_first' from command line to 'False'
[0.787s] Level 5:colcon.colcon_core.verb:set package 'rc_car' build argument 'cmake_force_configure' from command line to 'False'
[0.787s] Level 5:colcon.colcon_core.verb:set package 'rc_car' build argument 'ament_cmake_args' from command line to 'None'
[0.787s] Level 5:colcon.colcon_core.verb:set package 'rc_car' build argument 'catkin_cmake_args' from command line to 'None'
[0.787s] Level 5:colcon.colcon_core.verb:set package 'rc_car' build argument 'catkin_skip_building_tests' from command line to 'False'
[0.787s] DEBUG:colcon.colcon_core.verb:Building package 'rc_car' with the following arguments: {'ament_cmake_args': None, 'build_base': '/home/ori/my_ackermann/build/rc_car', 'catkin_cmake_args': None, 'catkin_skip_building_tests': False, 'cmake_args': None, 'cmake_clean_cache': False, 'cmake_clean_first': False, 'cmake_force_configure': False, 'cmake_target': None, 'cmake_target_skip_unavailable': False, 'install_base': '/home/ori/my_ackermann/install/rc_car', 'merge_install': False, 'path': '/home/ori/my_ackermann/src/rc_car', 'symlink_install': False, 'test_result_base': None}
[0.795s] Level 5:colcon.colcon_core.verb:set package 'serial' build argument 'cmake_args' from command line to 'None'
[0.795s] Level 5:colcon.colcon_core.verb:set package 'serial' build argument 'cmake_target' from command line to 'None'
[0.795s] Level 5:colcon.colcon_core.verb:set package 'serial' build argument 'cmake_target_skip_unavailable' from command line to 'False'
[0.795s] Level 5:colcon.colcon_core.verb:set package 'serial' build argument 'cmake_clean_cache' from command line to 'False'
[0.795s] Level 5:colcon.colcon_core.verb:set package 'serial' build argument 'cmake_clean_first' from command line to 'False'
[0.795s] Level 5:colcon.colcon_core.verb:set package 'serial' build argument 'cmake_force_configure' from command line to 'False'
[0.795s] Level 5:colcon.colcon_core.verb:set package 'serial' build argument 'ament_cmake_args' from command line to 'None'
[0.795s] Level 5:colcon.colcon_core.verb:set package 'serial' build argument 'catkin_cmake_args' from command line to 'None'
[0.795s] Level 5:colcon.colcon_core.verb:set package 'serial' build argument 'catkin_skip_building_tests' from command line to 'False'
[0.795s] DEBUG:colcon.colcon_core.verb:Building package 'serial' with the following arguments: {'ament_cmake_args': None, 'build_base': '/home/ori/my_ackermann/build/serial', 'catkin_cmake_args': None, 'catkin_skip_building_tests': False, 'cmake_args': None, 'cmake_clean_cache': False, 'cmake_clean_first': False, 'cmake_force_configure': False, 'cmake_target': None, 'cmake_target_skip_unavailable': False, 'install_base': '/home/ori/my_ackermann/install/serial', 'merge_install': False, 'path': '/home/ori/my_ackermann/src/serial', 'symlink_install': False, 'test_result_base': None}
[0.803s] Level 5:colcon.colcon_core.verb:set package 'gazebo_ros2_control_demos' build argument 'cmake_args' from command line to 'None'
[0.803s] Level 5:colcon.colcon_core.verb:set package 'gazebo_ros2_control_demos' build argument 'cmake_target' from command line to 'None'
[0.803s] Level 5:colcon.colcon_core.verb:set package 'gazebo_ros2_control_demos' build argument 'cmake_target_skip_unavailable' from command line to 'False'
[0.803s] Level 5:colcon.colcon_core.verb:set package 'gazebo_ros2_control_demos' build argument 'cmake_clean_cache' from command line to 'False'
[0.803s] Level 5:colcon.colcon_core.verb:set package 'gazebo_ros2_control_demos' build argument 'cmake_clean_first' from command line to 'False'
[0.803s] Level 5:colcon.colcon_core.verb:set package 'gazebo_ros2_control_demos' build argument 'cmake_force_configure' from command line to 'False'
[0.803s] Level 5:colcon.colcon_core.verb:set package 'gazebo_ros2_control_demos' build argument 'ament_cmake_args' from command line to 'None'
[0.803s] Level 5:colcon.colcon_core.verb:set package 'gazebo_ros2_control_demos' build argument 'catkin_cmake_args' from command line to 'None'
[0.803s] Level 5:colcon.colcon_core.verb:set package 'gazebo_ros2_control_demos' build argument 'catkin_skip_building_tests' from command line to 'False'
[0.803s] DEBUG:colcon.colcon_core.verb:Building package 'gazebo_ros2_control_demos' with the following arguments: {'ament_cmake_args': None, 'build_base': '/home/ori/my_ackermann/build/gazebo_ros2_control_demos', 'catkin_cmake_args': None, 'catkin_skip_building_tests': False, 'cmake_args': None, 'cmake_clean_cache': False, 'cmake_clean_first': False, 'cmake_force_configure': False, 'cmake_target': None, 'cmake_target_skip_unavailable': False, 'install_base': '/home/ori/my_ackermann/install/gazebo_ros2_control_demos', 'merge_install': False, 'path': '/home/ori/my_ackermann/src/gazebo_ros2_control/gazebo_ros2_control_demos', 'symlink_install': False, 'test_result_base': None}
[0.811s] INFO:colcon.colcon_core.executor:Executing jobs using 'parallel' executor
[0.820s] DEBUG:colcon.colcon_parallel_executor.executor.parallel:run_until_complete
[0.820s] INFO:colcon.colcon_ros.task.ament_cmake.build:Building ROS package in '/home/ori/my_ackermann/src/gazebo_ros2_control/gazebo_ros2_control' with build type 'ament_cmake'
[0.820s] INFO:colcon.colcon_cmake.task.cmake.build:Building CMake package in '/home/ori/my_ackermann/src/gazebo_ros2_control/gazebo_ros2_control'
[0.829s] INFO:colcon.colcon_core.plugin_system:Skipping extension 'colcon_core.shell.bat': Not used on non-Windows systems
[0.829s] INFO:colcon.colcon_core.shell:Skip shell extension 'powershell' for command environment: Not usable outside of PowerShell
[0.829s] DEBUG:colcon.colcon_core.shell:Skip shell extension 'dsv' for command environment
[0.857s] INFO:colcon.colcon_ros.task.ament_cmake.build:Building ROS package in '/home/ori/my_ackermann/src/diffdrive_arduino' with build type 'ament_cmake'
[0.857s] INFO:colcon.colcon_cmake.task.cmake.build:Building CMake package in '/home/ori/my_ackermann/src/diffdrive_arduino'
[0.866s] INFO:colcon.colcon_core.shell:Skip shell extension 'powershell' for command environment: Not usable outside of PowerShell
[0.866s] DEBUG:colcon.colcon_core.shell:Skip shell extension 'dsv' for command environment
[0.893s] INFO:colcon.colcon_ros.task.ament_cmake.build:Building ROS package in '/home/ori/my_ackermann/src/rc_car' with build type 'ament_cmake'
[0.893s] INFO:colcon.colcon_cmake.task.cmake.build:Building CMake package in '/home/ori/my_ackermann/src/rc_car'
[0.902s] INFO:colcon.colcon_core.shell:Skip shell extension 'powershell' for command environment: Not usable outside of PowerShell
[0.902s] DEBUG:colcon.colcon_core.shell:Skip shell extension 'dsv' for command environment
[0.929s] INFO:colcon.colcon_ros.task.ament_cmake.build:Building ROS package in '/home/ori/my_ackermann/src/serial' with build type 'ament_cmake'
[0.929s] INFO:colcon.colcon_cmake.task.cmake.build:Building CMake package in '/home/ori/my_ackermann/src/serial'
[0.937s] INFO:colcon.colcon_core.shell:Skip shell extension 'powershell' for command environment: Not usable outside of PowerShell
[0.937s] DEBUG:colcon.colcon_core.shell:Skip shell extension 'dsv' for command environment
[0.969s] DEBUG:colcon.colcon_core.event_handler.log_command:Invoking command in '/home/ori/my_ackermann/build/gazebo_ros2_control': CMAKE_PREFIX_PATH=${CMAKE_PREFIX_PATH}:/opt/ros/humble /usr/bin/cmake --build /home/ori/my_ackermann/build/gazebo_ros2_control -- -j20 -l20
[0.972s] DEBUG:colcon.colcon_core.event_handler.log_command:Invoking command in '/home/ori/my_ackermann/build/diffdrive_arduino': CMAKE_PREFIX_PATH=${CMAKE_PREFIX_PATH}:/opt/ros/humble /usr/bin/cmake --build /home/ori/my_ackermann/build/diffdrive_arduino -- -j20 -l20
[0.974s] DEBUG:colcon.colcon_core.event_handler.log_command:Invoking command in '/home/ori/my_ackermann/build/rc_car': CMAKE_PREFIX_PATH=${CMAKE_PREFIX_PATH}:/opt/ros/humble /usr/bin/cmake --build /home/ori/my_ackermann/build/rc_car -- -j20 -l20
[0.975s] DEBUG:colcon.colcon_core.event_handler.log_command:Invoking command in '/home/ori/my_ackermann/build/serial': CMAKE_PREFIX_PATH=${CMAKE_PREFIX_PATH}:/opt/ros/humble /usr/bin/cmake --build /home/ori/my_ackermann/build/serial -- -j20 -l20
[1.013s] DEBUG:colcon.colcon_core.event_handler.log_command:Invoked command in '/home/ori/my_ackermann/build/diffdrive_arduino' returned '0': CMAKE_PREFIX_PATH=${CMAKE_PREFIX_PATH}:/opt/ros/humble /usr/bin/cmake --build /home/ori/my_ackermann/build/diffdrive_arduino -- -j20 -l20
[1.022s] DEBUG:colcon.colcon_core.event_handler.log_command:Invoked command in '/home/ori/my_ackermann/build/gazebo_ros2_control' returned '0': CMAKE_PREFIX_PATH=${CMAKE_PREFIX_PATH}:/opt/ros/humble /usr/bin/cmake --build /home/ori/my_ackermann/build/gazebo_ros2_control -- -j20 -l20
[1.036s] DEBUG:colcon.colcon_core.event_handler.log_command:Invoking command in '/home/ori/my_ackermann/build/diffdrive_arduino': CMAKE_PREFIX_PATH=${CMAKE_PREFIX_PATH}:/opt/ros/humble /usr/bin/cmake --install /home/ori/my_ackermann/build/diffdrive_arduino
[1.037s] DEBUG:colcon.colcon_core.event_handler.log_command:Invoked command in '/home/ori/my_ackermann/build/serial' returned '0': CMAKE_PREFIX_PATH=${CMAKE_PREFIX_PATH}:/opt/ros/humble /usr/bin/cmake --build /home/ori/my_ackermann/build/serial -- -j20 -l20
[1.041s] DEBUG:colcon.colcon_core.event_handler.log_command:Invoking command in '/home/ori/my_ackermann/build/gazebo_ros2_control': CMAKE_PREFIX_PATH=${CMAKE_PREFIX_PATH}:/opt/ros/humble /usr/bin/cmake --install /home/ori/my_ackermann/build/gazebo_ros2_control
[1.042s] Level 1:colcon.colcon_core.environment:create_environment_scripts_only(diffdrive_arduino)
[1.050s] DEBUG:colcon.colcon_core.event_handler.log_command:Invoked command in '/home/ori/my_ackermann/build/diffdrive_arduino' returned '0': CMAKE_PREFIX_PATH=${CMAKE_PREFIX_PATH}:/opt/ros/humble /usr/bin/cmake --install /home/ori/my_ackermann/build/diffdrive_arduino
[1.064s] Level 1:colcon.colcon_core.environment:checking '/home/ori/my_ackermann/install/diffdrive_arduino' for CMake module files
[1.064s] Level 1:colcon.colcon_core.environment:checking '/home/ori/my_ackermann/install/diffdrive_arduino' for CMake config files
[1.064s] Level 1:colcon.colcon_core.shell:create_environment_hook('diffdrive_arduino', 'cmake_prefix_path')
[1.073s] INFO:colcon.colcon_core.shell:Creating environment hook '/home/ori/my_ackermann/install/diffdrive_arduino/share/diffdrive_arduino/hook/cmake_prefix_path.ps1'
[1.073s] INFO:colcon.colcon_core.shell:Creating environment descriptor '/home/ori/my_ackermann/install/diffdrive_arduino/share/diffdrive_arduino/hook/cmake_prefix_path.dsv'
[1.073s] INFO:colcon.colcon_core.shell:Creating environment hook '/home/ori/my_ackermann/install/diffdrive_arduino/share/diffdrive_arduino/hook/cmake_prefix_path.sh'
[1.074s] Level 1:colcon.colcon_core.environment:checking '/home/ori/my_ackermann/install/diffdrive_arduino/lib'
[1.074s] Level 1:colcon.colcon_core.shell:create_environment_hook('diffdrive_arduino', 'ld_library_path_lib')
[1.082s] INFO:colcon.colcon_core.shell:Creating environment hook '/home/ori/my_ackermann/install/diffdrive_arduino/share/diffdrive_arduino/hook/ld_library_path_lib.ps1'
[1.082s] INFO:colcon.colcon_core.shell:Creating environment descriptor '/home/ori/my_ackermann/install/diffdrive_arduino/share/diffdrive_arduino/hook/ld_library_path_lib.dsv'
[1.083s] INFO:colcon.colcon_core.shell:Creating environment hook '/home/ori/my_ackermann/install/diffdrive_arduino/share/diffdrive_arduino/hook/ld_library_path_lib.sh'
[1.083s] Level 1:colcon.colcon_core.environment:checking '/home/ori/my_ackermann/install/diffdrive_arduino/bin'
[1.083s] Level 1:colcon.colcon_core.environment:checking '/home/ori/my_ackermann/install/diffdrive_arduino/lib/pkgconfig/diffdrive_arduino.pc'
[1.083s] Level 1:colcon.colcon_core.environment:checking '/home/ori/my_ackermann/install/diffdrive_arduino/lib/python3.10/site-packages'
[1.083s] Level 1:colcon.colcon_core.environment:checking '/home/ori/my_ackermann/install/diffdrive_arduino/bin'
[1.092s] INFO:colcon.colcon_core.shell:Creating package script '/home/ori/my_ackermann/install/diffdrive_arduino/share/diffdrive_arduino/package.ps1'
[1.092s] INFO:colcon.colcon_core.shell:Creating package descriptor '/home/ori/my_ackermann/install/diffdrive_arduino/share/diffdrive_arduino/package.dsv'
[1.092s] INFO:colcon.colcon_core.shell:Creating package script '/home/ori/my_ackermann/install/diffdrive_arduino/share/diffdrive_arduino/package.sh'
[1.093s] INFO:colcon.colcon_core.shell:Creating package script '/home/ori/my_ackermann/install/diffdrive_arduino/share/diffdrive_arduino/package.bash'
[1.093s] INFO:colcon.colcon_core.shell:Creating package script '/home/ori/my_ackermann/install/diffdrive_arduino/share/diffdrive_arduino/package.zsh'
[1.093s] Level 1:colcon.colcon_core.environment:create_file_with_runtime_dependencies(/home/ori/my_ackermann/install/diffdrive_arduino/share/colcon-core/packages/diffdrive_arduino)
[1.096s] Level 1:colcon.colcon_core.environment:create_environment_scripts_only(gazebo_ros2_control)
[1.097s] DEBUG:colcon.colcon_core.event_handler.log_command:Invoking command in '/home/ori/my_ackermann/build/serial': CMAKE_PREFIX_PATH=${CMAKE_PREFIX_PATH}:/opt/ros/humble /usr/bin/cmake --install /home/ori/my_ackermann/build/serial
[1.098s] DEBUG:colcon.colcon_core.event_handler.log_command:Invoked command in '/home/ori/my_ackermann/build/gazebo_ros2_control' returned '0': CMAKE_PREFIX_PATH=${CMAKE_PREFIX_PATH}:/opt/ros/humble /usr/bin/cmake --install /home/ori/my_ackermann/build/gazebo_ros2_control
[1.109s] Level 1:colcon.colcon_core.environment:checking '/home/ori/my_ackermann/install/gazebo_ros2_control' for CMake module files
[1.109s] Level 1:colcon.colcon_core.environment:checking '/home/ori/my_ackermann/install/gazebo_ros2_control' for CMake config files
[1.109s] Level 1:colcon.colcon_core.shell:create_environment_hook('gazebo_ros2_control', 'cmake_prefix_path')
[1.117s] INFO:colcon.colcon_core.shell:Creating environment hook '/home/ori/my_ackermann/install/gazebo_ros2_control/share/gazebo_ros2_control/hook/cmake_prefix_path.ps1'
[1.118s] INFO:colcon.colcon_core.shell:Creating environment descriptor '/home/ori/my_ackermann/install/gazebo_ros2_control/share/gazebo_ros2_control/hook/cmake_prefix_path.dsv'
[1.118s] INFO:colcon.colcon_core.shell:Creating environment hook '/home/ori/my_ackermann/install/gazebo_ros2_control/share/gazebo_ros2_control/hook/cmake_prefix_path.sh'
[1.118s] Level 1:colcon.colcon_core.environment:checking '/home/ori/my_ackermann/install/gazebo_ros2_control/lib'
[1.118s] Level 1:colcon.colcon_core.shell:create_environment_hook('gazebo_ros2_control', 'ld_library_path_lib')
[1.126s] INFO:colcon.colcon_core.shell:Creating environment hook '/home/ori/my_ackermann/install/gazebo_ros2_control/share/gazebo_ros2_control/hook/ld_library_path_lib.ps1'
[1.127s] INFO:colcon.colcon_core.shell:Creating environment descriptor '/home/ori/my_ackermann/install/gazebo_ros2_control/share/gazebo_ros2_control/hook/ld_library_path_lib.dsv'
[1.127s] INFO:colcon.colcon_core.shell:Creating environment hook '/home/ori/my_ackermann/install/gazebo_ros2_control/share/gazebo_ros2_control/hook/ld_library_path_lib.sh'
[1.127s] Level 1:colcon.colcon_core.environment:checking '/home/ori/my_ackermann/install/gazebo_ros2_control/bin'
[1.127s] Level 1:colcon.colcon_core.environment:checking '/home/ori/my_ackermann/install/gazebo_ros2_control/lib/pkgconfig/gazebo_ros2_control.pc'
[1.127s] Level 1:colcon.colcon_core.environment:checking '/home/ori/my_ackermann/install/gazebo_ros2_control/lib/python3.10/site-packages'
[1.127s] Level 1:colcon.colcon_core.environment:checking '/home/ori/my_ackermann/install/gazebo_ros2_control/bin'
[1.135s] INFO:colcon.colcon_core.shell:Creating package script '/home/ori/my_ackermann/install/gazebo_ros2_control/share/gazebo_ros2_control/package.ps1'
[1.136s] INFO:colcon.colcon_core.shell:Creating package descriptor '/home/ori/my_ackermann/install/gazebo_ros2_control/share/gazebo_ros2_control/package.dsv'
[1.136s] INFO:colcon.colcon_core.shell:Creating package script '/home/ori/my_ackermann/install/gazebo_ros2_control/share/gazebo_ros2_control/package.sh'
[1.136s] INFO:colcon.colcon_core.shell:Creating package script '/home/ori/my_ackermann/install/gazebo_ros2_control/share/gazebo_ros2_control/package.bash'
[1.136s] INFO:colcon.colcon_core.shell:Creating package script '/home/ori/my_ackermann/install/gazebo_ros2_control/share/gazebo_ros2_control/package.zsh'
[1.136s] Level 1:colcon.colcon_core.environment:create_file_with_runtime_dependencies(/home/ori/my_ackermann/install/gazebo_ros2_control/share/colcon-core/packages/gazebo_ros2_control)
[1.146s] Level 1:colcon.colcon_core.environment:create_environment_scripts_only(diffdrive_arduino)
[1.155s] Level 1:colcon.colcon_core.environment:checking '/home/ori/my_ackermann/install/diffdrive_arduino' for CMake module files
[1.155s] Level 1:colcon.colcon_core.environment:checking '/home/ori/my_ackermann/install/diffdrive_arduino' for CMake config files
[1.155s] Level 1:colcon.colcon_core.shell:create_environment_hook('diffdrive_arduino', 'cmake_prefix_path')
[1.164s] INFO:colcon.colcon_core.shell:Creating environment hook '/home/ori/my_ackermann/install/diffdrive_arduino/share/diffdrive_arduino/hook/cmake_prefix_path.ps1'
[1.164s] INFO:colcon.colcon_core.shell:Creating environment descriptor '/home/ori/my_ackermann/install/diffdrive_arduino/share/diffdrive_arduino/hook/cmake_prefix_path.dsv'
[1.165s] INFO:colcon.colcon_core.shell:Creating environment hook '/home/ori/my_ackermann/install/diffdrive_arduino/share/diffdrive_arduino/hook/cmake_prefix_path.sh'
[1.165s] Level 1:colcon.colcon_core.environment:checking '/home/ori/my_ackermann/install/diffdrive_arduino/lib'
[1.165s] Level 1:colcon.colcon_core.shell:create_environment_hook('diffdrive_arduino', 'ld_library_path_lib')
[1.178s] INFO:colcon.colcon_core.shell:Creating environment hook '/home/ori/my_ackermann/install/diffdrive_arduino/share/diffdrive_arduino/hook/ld_library_path_lib.ps1'
[1.178s] INFO:colcon.colcon_core.shell:Creating environment descriptor '/home/ori/my_ackermann/install/diffdrive_arduino/share/diffdrive_arduino/hook/ld_library_path_lib.dsv'
[1.178s] INFO:colcon.colcon_core.shell:Creating environment hook '/home/ori/my_ackermann/install/diffdrive_arduino/share/diffdrive_arduino/hook/ld_library_path_lib.sh'
[1.178s] Level 1:colcon.colcon_core.environment:checking '/home/ori/my_ackermann/install/diffdrive_arduino/bin'
[1.178s] Level 1:colcon.colcon_core.environment:checking '/home/ori/my_ackermann/install/diffdrive_arduino/lib/pkgconfig/diffdrive_arduino.pc'
[1.178s] Level 1:colcon.colcon_core.environment:checking '/home/ori/my_ackermann/install/diffdrive_arduino/lib/python3.10/site-packages'
[1.179s] Level 1:colcon.colcon_core.environment:checking '/home/ori/my_ackermann/install/diffdrive_arduino/bin'
[1.187s] INFO:colcon.colcon_core.shell:Creating package script '/home/ori/my_ackermann/install/diffdrive_arduino/share/diffdrive_arduino/package.ps1'
[1.188s] INFO:colcon.colcon_core.shell:Creating package descriptor '/home/ori/my_ackermann/install/diffdrive_arduino/share/diffdrive_arduino/package.dsv'
[1.188s] INFO:colcon.colcon_core.shell:Creating package script '/home/ori/my_ackermann/install/diffdrive_arduino/share/diffdrive_arduino/package.sh'
[1.188s] INFO:colcon.colcon_core.shell:Creating package script '/home/ori/my_ackermann/install/diffdrive_arduino/share/diffdrive_arduino/package.bash'
[1.188s] INFO:colcon.colcon_core.shell:Creating package script '/home/ori/my_ackermann/install/diffdrive_arduino/share/diffdrive_arduino/package.zsh'
[1.188s] Level 1:colcon.colcon_core.environment:create_file_with_runtime_dependencies(/home/ori/my_ackermann/install/diffdrive_arduino/share/colcon-core/packages/diffdrive_arduino)
[1.189s] Level 1:colcon.colcon_core.environment:create_environment_scripts_only(serial)
[1.190s] DEBUG:colcon.colcon_core.event_handler.log_command:Invoked command in '/home/ori/my_ackermann/build/serial' returned '0': CMAKE_PREFIX_PATH=${CMAKE_PREFIX_PATH}:/opt/ros/humble /usr/bin/cmake --install /home/ori/my_ackermann/build/serial
[1.203s] Level 1:colcon.colcon_core.environment:checking '/home/ori/my_ackermann/install/serial' for CMake module files
[1.203s] Level 1:colcon.colcon_core.environment:checking '/home/ori/my_ackermann/install/serial' for CMake config files
[1.203s] Level 1:colcon.colcon_core.shell:create_environment_hook('serial', 'cmake_prefix_path')
[1.216s] INFO:colcon.colcon_core.shell:Creating environment hook '/home/ori/my_ackermann/install/serial/share/serial/hook/cmake_prefix_path.ps1'
[1.216s] INFO:colcon.colcon_core.shell:Creating environment descriptor '/home/ori/my_ackermann/install/serial/share/serial/hook/cmake_prefix_path.dsv'
[1.217s] INFO:colcon.colcon_core.shell:Creating environment hook '/home/ori/my_ackermann/install/serial/share/serial/hook/cmake_prefix_path.sh'
[1.217s] Level 1:colcon.colcon_core.environment:checking '/home/ori/my_ackermann/install/serial/lib'
[1.217s] Level 1:colcon.colcon_core.environment:checking '/home/ori/my_ackermann/install/serial/bin'
[1.217s] Level 1:colcon.colcon_core.environment:checking '/home/ori/my_ackermann/install/serial/lib/pkgconfig/serial.pc'
[1.217s] Level 1:colcon.colcon_core.environment:checking '/home/ori/my_ackermann/install/serial/lib/python3.10/site-packages'
[1.217s] Level 1:colcon.colcon_core.environment:checking '/home/ori/my_ackermann/install/serial/bin'
[1.226s] INFO:colcon.colcon_core.shell:Creating package script '/home/ori/my_ackermann/install/serial/share/serial/package.ps1'
[1.227s] INFO:colcon.colcon_core.shell:Creating package descriptor '/home/ori/my_ackermann/install/serial/share/serial/package.dsv'
[1.227s] INFO:colcon.colcon_core.shell:Creating package script '/home/ori/my_ackermann/install/serial/share/serial/package.sh'
[1.227s] INFO:colcon.colcon_core.shell:Creating package script '/home/ori/my_ackermann/install/serial/share/serial/package.bash'
[1.227s] INFO:colcon.colcon_core.shell:Creating package script '/home/ori/my_ackermann/install/serial/share/serial/package.zsh'
[1.227s] Level 1:colcon.colcon_core.environment:create_file_with_runtime_dependencies(/home/ori/my_ackermann/install/serial/share/colcon-core/packages/serial)
[1.237s] Level 1:colcon.colcon_core.environment:create_environment_scripts_only(gazebo_ros2_control)
[1.246s] Level 1:colcon.colcon_core.environment:checking '/home/ori/my_ackermann/install/gazebo_ros2_control' for CMake module files
[1.246s] Level 1:colcon.colcon_core.environment:checking '/home/ori/my_ackermann/install/gazebo_ros2_control' for CMake config files
[1.246s] Level 1:colcon.colcon_core.shell:create_environment_hook('gazebo_ros2_control', 'cmake_prefix_path')
[1.254s] INFO:colcon.colcon_core.shell:Creating environment hook '/home/ori/my_ackermann/install/gazebo_ros2_control/share/gazebo_ros2_control/hook/cmake_prefix_path.ps1'
[1.255s] INFO:colcon.colcon_core.shell:Creating environment descriptor '/home/ori/my_ackermann/install/gazebo_ros2_control/share/gazebo_ros2_control/hook/cmake_prefix_path.dsv'
[1.255s] INFO:colcon.colcon_core.shell:Creating environment hook '/home/ori/my_ackermann/install/gazebo_ros2_control/share/gazebo_ros2_control/hook/cmake_prefix_path.sh'
[1.255s] Level 1:colcon.colcon_core.environment:checking '/home/ori/my_ackermann/install/gazebo_ros2_control/lib'
[1.255s] Level 1:colcon.colcon_core.shell:create_environment_hook('gazebo_ros2_control', 'ld_library_path_lib')
[1.263s] INFO:colcon.colcon_core.shell:Creating environment hook '/home/ori/my_ackermann/install/gazebo_ros2_control/share/gazebo_ros2_control/hook/ld_library_path_lib.ps1'
[1.264s] INFO:colcon.colcon_core.shell:Creating environment descriptor '/home/ori/my_ackermann/install/gazebo_ros2_control/share/gazebo_ros2_control/hook/ld_library_path_lib.dsv'
[1.264s] INFO:colcon.colcon_core.shell:Creating environment hook '/home/ori/my_ackermann/install/gazebo_ros2_control/share/gazebo_ros2_control/hook/ld_library_path_lib.sh'
[1.264s] Level 1:colcon.colcon_core.environment:checking '/home/ori/my_ackermann/install/gazebo_ros2_control/bin'
[1.264s] Level 1:colcon.colcon_core.environment:checking '/home/ori/my_ackermann/install/gazebo_ros2_control/lib/pkgconfig/gazebo_ros2_control.pc'
[1.264s] Level 1:colcon.colcon_core.environment:checking '/home/ori/my_ackermann/install/gazebo_ros2_control/lib/python3.10/site-packages'
[1.264s] Level 1:colcon.colcon_core.environment:checking '/home/ori/my_ackermann/install/gazebo_ros2_control/bin'
[1.273s] INFO:colcon.colcon_core.shell:Creating package script '/home/ori/my_ackermann/install/gazebo_ros2_control/share/gazebo_ros2_control/package.ps1'
[1.273s] INFO:colcon.colcon_core.shell:Creating package descriptor '/home/ori/my_ackermann/install/gazebo_ros2_control/share/gazebo_ros2_control/package.dsv'
[1.273s] INFO:colcon.colcon_core.shell:Creating package script '/home/ori/my_ackermann/install/gazebo_ros2_control/share/gazebo_ros2_control/package.sh'
[1.273s] INFO:colcon.colcon_core.shell:Creating package script '/home/ori/my_ackermann/install/gazebo_ros2_control/share/gazebo_ros2_control/package.bash'
[1.274s] INFO:colcon.colcon_core.shell:Creating package script '/home/ori/my_ackermann/install/gazebo_ros2_control/share/gazebo_ros2_control/package.zsh'
[1.274s] Level 1:colcon.colcon_core.environment:create_file_with_runtime_dependencies(/home/ori/my_ackermann/install/gazebo_ros2_control/share/colcon-core/packages/gazebo_ros2_control)
[1.274s] INFO:colcon.colcon_ros.task.ament_cmake.build:Building ROS package in '/home/ori/my_ackermann/src/gazebo_ros2_control/gazebo_ros2_control_demos' with build type 'ament_cmake'
[1.274s] INFO:colcon.colcon_cmake.task.cmake.build:Building CMake package in '/home/ori/my_ackermann/src/gazebo_ros2_control/gazebo_ros2_control_demos'
[1.283s] INFO:colcon.colcon_core.shell:Skip shell extension 'powershell' for command environment: Not usable outside of PowerShell
[1.283s] DEBUG:colcon.colcon_core.shell:Skip shell extension 'dsv' for command environment
[1.319s] DEBUG:colcon.colcon_core.event_handler.log_command:Invoked command in '/home/ori/my_ackermann/build/rc_car' returned '0': CMAKE_PREFIX_PATH=${CMAKE_PREFIX_PATH}:/opt/ros/humble /usr/bin/cmake --build /home/ori/my_ackermann/build/rc_car -- -j20 -l20
[1.328s] Level 1:colcon.colcon_core.environment:create_environment_scripts_only(serial)
[1.337s] Level 1:colcon.colcon_core.environment:checking '/home/ori/my_ackermann/install/serial' for CMake module files
[1.337s] Level 1:colcon.colcon_core.environment:checking '/home/ori/my_ackermann/install/serial' for CMake config files
[1.337s] Level 1:colcon.colcon_core.shell:create_environment_hook('serial', 'cmake_prefix_path')
[1.346s] INFO:colcon.colcon_core.shell:Creating environment hook '/home/ori/my_ackermann/install/serial/share/serial/hook/cmake_prefix_path.ps1'
[1.346s] INFO:colcon.colcon_core.shell:Creating environment descriptor '/home/ori/my_ackermann/install/serial/share/serial/hook/cmake_prefix_path.dsv'
[1.346s] INFO:colcon.colcon_core.shell:Creating environment hook '/home/ori/my_ackermann/install/serial/share/serial/hook/cmake_prefix_path.sh'
[1.346s] Level 1:colcon.colcon_core.environment:checking '/home/ori/my_ackermann/install/serial/lib'
[1.347s] Level 1:colcon.colcon_core.environment:checking '/home/ori/my_ackermann/install/serial/bin'
[1.347s] Level 1:colcon.colcon_core.environment:checking '/home/ori/my_ackermann/install/serial/lib/pkgconfig/serial.pc'
[1.347s] Level 1:colcon.colcon_core.environment:checking '/home/ori/my_ackermann/install/serial/lib/python3.10/site-packages'
[1.347s] Level 1:colcon.colcon_core.environment:checking '/home/ori/my_ackermann/install/serial/bin'
[1.355s] INFO:colcon.colcon_core.shell:Creating package script '/home/ori/my_ackermann/install/serial/share/serial/package.ps1'
[1.356s] INFO:colcon.colcon_core.shell:Creating package descriptor '/home/ori/my_ackermann/install/serial/share/serial/package.dsv'
[1.356s] INFO:colcon.colcon_core.shell:Creating package script '/home/ori/my_ackermann/install/serial/share/serial/package.sh'
[1.356s] INFO:colcon.colcon_core.shell:Creating package script '/home/ori/my_ackermann/install/serial/share/serial/package.bash'
[1.356s] INFO:colcon.colcon_core.shell:Creating package script '/home/ori/my_ackermann/install/serial/share/serial/package.zsh'
[1.356s] Level 1:colcon.colcon_core.environment:create_file_with_runtime_dependencies(/home/ori/my_ackermann/install/serial/share/colcon-core/packages/serial)
[1.360s] DEBUG:colcon.colcon_core.event_handler.log_command:Invoking command in '/home/ori/my_ackermann/build/gazebo_ros2_control_demos': CMAKE_PREFIX_PATH=/home/ori/my_ackermann/install/gazebo_ros2_control:/home/ori/my_ackermann/install/serial:/home/ori/my_ackermann/install/rc_car:/home/ori/my_ackermann/install/gazebo_ros2_control_demos:/home/ori/my_ackermann/install/diffdrive_arduino:/opt/ros/humble LD_LIBRARY_PATH=/home/ori/my_ackermann/install/gazebo_ros2_control/lib:/home/ori/my_ackermann/install/serial/lib:/home/ori/my_ackermann/install/diffdrive_arduino/lib:/usr/lib/x86_64-linux-gnu/gazebo-11/plugins:/opt/ros/humble/opt/rviz_ogre_vendor/lib:/opt/ros/humble/lib/x86_64-linux-gnu:/opt/ros/humble/lib /usr/bin/cmake --build /home/ori/my_ackermann/build/gazebo_ros2_control_demos -- -j20 -l20
[1.361s] DEBUG:colcon.colcon_core.event_handler.log_command:Invoking command in '/home/ori/my_ackermann/build/rc_car': CMAKE_PREFIX_PATH=${CMAKE_PREFIX_PATH}:/opt/ros/humble /usr/bin/cmake --install /home/ori/my_ackermann/build/rc_car
[1.391s] Level 1:colcon.colcon_core.environment:create_environment_scripts_only(rc_car)
[1.395s] DEBUG:colcon.colcon_core.event_handler.log_command:Invoked command in '/home/ori/my_ackermann/build/rc_car' returned '0': CMAKE_PREFIX_PATH=${CMAKE_PREFIX_PATH}:/opt/ros/humble /usr/bin/cmake --install /home/ori/my_ackermann/build/rc_car
[1.407s] Level 1:colcon.colcon_core.environment:checking '/home/ori/my_ackermann/install/rc_car' for CMake module files
[1.408s] Level 1:colcon.colcon_core.environment:checking '/home/ori/my_ackermann/install/rc_car' for CMake config files
[1.408s] Level 1:colcon.colcon_core.shell:create_environment_hook('rc_car', 'cmake_prefix_path')
[1.417s] INFO:colcon.colcon_core.shell:Creating environment hook '/home/ori/my_ackermann/install/rc_car/share/rc_car/hook/cmake_prefix_path.ps1'
[1.417s] INFO:colcon.colcon_core.shell:Creating environment descriptor '/home/ori/my_ackermann/install/rc_car/share/rc_car/hook/cmake_prefix_path.dsv'
[1.417s] INFO:colcon.colcon_core.shell:Creating environment hook '/home/ori/my_ackermann/install/rc_car/share/rc_car/hook/cmake_prefix_path.sh'
[1.418s] Level 1:colcon.colcon_core.environment:checking '/home/ori/my_ackermann/install/rc_car/lib'
[1.418s] Level 1:colcon.colcon_core.environment:checking '/home/ori/my_ackermann/install/rc_car/bin'
[1.418s] Level 1:colcon.colcon_core.environment:checking '/home/ori/my_ackermann/install/rc_car/lib/pkgconfig/rc_car.pc'
[1.418s] Level 1:colcon.colcon_core.environment:checking '/home/ori/my_ackermann/install/rc_car/lib/python3.10/site-packages'
[1.418s] Level 1:colcon.colcon_core.environment:checking '/home/ori/my_ackermann/install/rc_car/bin'
[1.427s] INFO:colcon.colcon_core.shell:Creating package script '/home/ori/my_ackermann/install/rc_car/share/rc_car/package.ps1'
[1.427s] INFO:colcon.colcon_core.shell:Creating package descriptor '/home/ori/my_ackermann/install/rc_car/share/rc_car/package.dsv'
[1.427s] INFO:colcon.colcon_core.shell:Creating package script '/home/ori/my_ackermann/install/rc_car/share/rc_car/package.sh'
[1.428s] INFO:colcon.colcon_core.shell:Creating package script '/home/ori/my_ackermann/install/rc_car/share/rc_car/package.bash'
[1.428s] INFO:colcon.colcon_core.shell:Creating package script '/home/ori/my_ackermann/install/rc_car/share/rc_car/package.zsh'
[1.428s] Level 1:colcon.colcon_core.environment:create_file_with_runtime_dependencies(/home/ori/my_ackermann/install/rc_car/share/colcon-core/packages/rc_car)
[1.429s] DEBUG:colcon.colcon_core.event_handler.log_command:Invoked command in '/home/ori/my_ackermann/build/gazebo_ros2_control_demos' returned '0': CMAKE_PREFIX_PATH=/home/ori/my_ackermann/install/gazebo_ros2_control:/home/ori/my_ackermann/install/serial:/home/ori/my_ackermann/install/rc_car:/home/ori/my_ackermann/install/gazebo_ros2_control_demos:/home/ori/my_ackermann/install/diffdrive_arduino:/opt/ros/humble LD_LIBRARY_PATH=/home/ori/my_ackermann/install/gazebo_ros2_control/lib:/home/ori/my_ackermann/install/serial/lib:/home/ori/my_ackermann/install/diffdrive_arduino/lib:/usr/lib/x86_64-linux-gnu/gazebo-11/plugins:/opt/ros/humble/opt/rviz_ogre_vendor/lib:/opt/ros/humble/lib/x86_64-linux-gnu:/opt/ros/humble/lib /usr/bin/cmake --build /home/ori/my_ackermann/build/gazebo_ros2_control_demos -- -j20 -l20
[1.453s] Level 1:colcon.colcon_core.environment:create_environment_scripts_only(rc_car)
[1.461s] Level 1:colcon.colcon_core.environment:checking '/home/ori/my_ackermann/install/rc_car' for CMake module files
[1.462s] Level 1:colcon.colcon_core.environment:checking '/home/ori/my_ackermann/install/rc_car' for CMake config files
[1.462s] Level 1:colcon.colcon_core.shell:create_environment_hook('rc_car', 'cmake_prefix_path')
[1.470s] INFO:colcon.colcon_core.shell:Creating environment hook '/home/ori/my_ackermann/install/rc_car/share/rc_car/hook/cmake_prefix_path.ps1'
[1.470s] INFO:colcon.colcon_core.shell:Creating environment descriptor '/home/ori/my_ackermann/install/rc_car/share/rc_car/hook/cmake_prefix_path.dsv'
[1.470s] INFO:colcon.colcon_core.shell:Creating environment hook '/home/ori/my_ackermann/install/rc_car/share/rc_car/hook/cmake_prefix_path.sh'
[1.471s] Level 1:colcon.colcon_core.environment:checking '/home/ori/my_ackermann/install/rc_car/lib'
[1.471s] Level 1:colcon.colcon_core.environment:checking '/home/ori/my_ackermann/install/rc_car/bin'
[1.471s] Level 1:colcon.colcon_core.environment:checking '/home/ori/my_ackermann/install/rc_car/lib/pkgconfig/rc_car.pc'
[1.471s] Level 1:colcon.colcon_core.environment:checking '/home/ori/my_ackermann/install/rc_car/lib/python3.10/site-packages'
[1.471s] Level 1:colcon.colcon_core.environment:checking '/home/ori/my_ackermann/install/rc_car/bin'
[1.479s] INFO:colcon.colcon_core.shell:Creating package script '/home/ori/my_ackermann/install/rc_car/share/rc_car/package.ps1'
[1.480s] INFO:colcon.colcon_core.shell:Creating package descriptor '/home/ori/my_ackermann/install/rc_car/share/rc_car/package.dsv'
[1.480s] INFO:colcon.colcon_core.shell:Creating package script '/home/ori/my_ackermann/install/rc_car/share/rc_car/package.sh'
[1.480s] INFO:colcon.colcon_core.shell:Creating package script '/home/ori/my_ackermann/install/rc_car/share/rc_car/package.bash'
[1.480s] INFO:colcon.colcon_core.shell:Creating package script '/home/ori/my_ackermann/install/rc_car/share/rc_car/package.zsh'
[1.481s] Level 1:colcon.colcon_core.environment:create_file_with_runtime_dependencies(/home/ori/my_ackermann/install/rc_car/share/colcon-core/packages/rc_car)
[1.482s] DEBUG:colcon.colcon_core.event_handler.log_command:Invoking command in '/home/ori/my_ackermann/build/gazebo_ros2_control_demos': CMAKE_PREFIX_PATH=/home/ori/my_ackermann/install/gazebo_ros2_control:/home/ori/my_ackermann/install/serial:/home/ori/my_ackermann/install/rc_car:/home/ori/my_ackermann/install/gazebo_ros2_control_demos:/home/ori/my_ackermann/install/diffdrive_arduino:/opt/ros/humble LD_LIBRARY_PATH=/home/ori/my_ackermann/install/gazebo_ros2_control/lib:/home/ori/my_ackermann/install/serial/lib:/home/ori/my_ackermann/install/diffdrive_arduino/lib:/usr/lib/x86_64-linux-gnu/gazebo-11/plugins:/opt/ros/humble/opt/rviz_ogre_vendor/lib:/opt/ros/humble/lib/x86_64-linux-gnu:/opt/ros/humble/lib /usr/bin/cmake --install /home/ori/my_ackermann/build/gazebo_ros2_control_demos
[1.491s] Level 1:colcon.colcon_core.environment:create_environment_scripts_only(gazebo_ros2_control_demos)
[1.491s] DEBUG:colcon.colcon_core.event_handler.log_command:Invoked command in '/home/ori/my_ackermann/build/gazebo_ros2_control_demos' returned '0': CMAKE_PREFIX_PATH=/home/ori/my_ackermann/install/gazebo_ros2_control:/home/ori/my_ackermann/install/serial:/home/ori/my_ackermann/install/rc_car:/home/ori/my_ackermann/install/gazebo_ros2_control_demos:/home/ori/my_ackermann/install/diffdrive_arduino:/opt/ros/humble LD_LIBRARY_PATH=/home/ori/my_ackermann/install/gazebo_ros2_control/lib:/home/ori/my_ackermann/install/serial/lib:/home/ori/my_ackermann/install/diffdrive_arduino/lib:/usr/lib/x86_64-linux-gnu/gazebo-11/plugins:/opt/ros/humble/opt/rviz_ogre_vendor/lib:/opt/ros/humble/lib/x86_64-linux-gnu:/opt/ros/humble/lib /usr/bin/cmake --install /home/ori/my_ackermann/build/gazebo_ros2_control_demos
[1.500s] Level 1:colcon.colcon_core.environment:checking '/home/ori/my_ackermann/install/gazebo_ros2_control_demos' for CMake module files
[1.500s] Level 1:colcon.colcon_core.environment:checking '/home/ori/my_ackermann/install/gazebo_ros2_control_demos' for CMake config files
[1.500s] Level 1:colcon.colcon_core.shell:create_environment_hook('gazebo_ros2_control_demos', 'cmake_prefix_path')
[1.509s] INFO:colcon.colcon_core.shell:Creating environment hook '/home/ori/my_ackermann/install/gazebo_ros2_control_demos/share/gazebo_ros2_control_demos/hook/cmake_prefix_path.ps1'
[1.509s] INFO:colcon.colcon_core.shell:Creating environment descriptor '/home/ori/my_ackermann/install/gazebo_ros2_control_demos/share/gazebo_ros2_control_demos/hook/cmake_prefix_path.dsv'
[1.509s] INFO:colcon.colcon_core.shell:Creating environment hook '/home/ori/my_ackermann/install/gazebo_ros2_control_demos/share/gazebo_ros2_control_demos/hook/cmake_prefix_path.sh'
[1.509s] Level 1:colcon.colcon_core.environment:checking '/home/ori/my_ackermann/install/gazebo_ros2_control_demos/lib'
[1.509s] Level 1:colcon.colcon_core.environment:checking '/home/ori/my_ackermann/install/gazebo_ros2_control_demos/bin'
[1.509s] Level 1:colcon.colcon_core.environment:checking '/home/ori/my_ackermann/install/gazebo_ros2_control_demos/lib/pkgconfig/gazebo_ros2_control_demos.pc'
[1.510s] Level 1:colcon.colcon_core.environment:checking '/home/ori/my_ackermann/install/gazebo_ros2_control_demos/lib/python3.10/site-packages'
[1.510s] Level 1:colcon.colcon_core.environment:checking '/home/ori/my_ackermann/install/gazebo_ros2_control_demos/bin'
[1.519s] INFO:colcon.colcon_core.shell:Creating package script '/home/ori/my_ackermann/install/gazebo_ros2_control_demos/share/gazebo_ros2_control_demos/package.ps1'
[1.519s] INFO:colcon.colcon_core.shell:Creating package descriptor '/home/ori/my_ackermann/install/gazebo_ros2_control_demos/share/gazebo_ros2_control_demos/package.dsv'
[1.520s] INFO:colcon.colcon_core.shell:Creating package script '/home/ori/my_ackermann/install/gazebo_ros2_control_demos/share/gazebo_ros2_control_demos/package.sh'
[1.520s] INFO:colcon.colcon_core.shell:Creating package script '/home/ori/my_ackermann/install/gazebo_ros2_control_demos/share/gazebo_ros2_control_demos/package.bash'
[1.520s] INFO:colcon.colcon_core.shell:Creating package script '/home/ori/my_ackermann/install/gazebo_ros2_control_demos/share/gazebo_ros2_control_demos/package.zsh'
[1.520s] Level 1:colcon.colcon_core.environment:create_file_with_runtime_dependencies(/home/ori/my_ackermann/install/gazebo_ros2_control_demos/share/colcon-core/packages/gazebo_ros2_control_demos)
[1.579s] Level 1:colcon.colcon_core.environment:create_environment_scripts_only(gazebo_ros2_control_demos)
[1.587s] Level 1:colcon.colcon_core.environment:checking '/home/ori/my_ackermann/install/gazebo_ros2_control_demos' for CMake module files
[1.588s] Level 1:colcon.colcon_core.environment:checking '/home/ori/my_ackermann/install/gazebo_ros2_control_demos' for CMake config files
[1.588s] Level 1:colcon.colcon_core.shell:create_environment_hook('gazebo_ros2_control_demos', 'cmake_prefix_path')
[1.596s] INFO:colcon.colcon_core.shell:Creating environment hook '/home/ori/my_ackermann/install/gazebo_ros2_control_demos/share/gazebo_ros2_control_demos/hook/cmake_prefix_path.ps1'
[1.596s] INFO:colcon.colcon_core.shell:Creating environment descriptor '/home/ori/my_ackermann/install/gazebo_ros2_control_demos/share/gazebo_ros2_control_demos/hook/cmake_prefix_path.dsv'
[1.596s] INFO:colcon.colcon_core.shell:Creating environment hook '/home/ori/my_ackermann/install/gazebo_ros2_control_demos/share/gazebo_ros2_control_demos/hook/cmake_prefix_path.sh'
[1.597s] Level 1:colcon.colcon_core.environment:checking '/home/ori/my_ackermann/install/gazebo_ros2_control_demos/lib'
[1.597s] Level 1:colcon.colcon_core.environment:checking '/home/ori/my_ackermann/install/gazebo_ros2_control_demos/bin'
[1.597s] Level 1:colcon.colcon_core.environment:checking '/home/ori/my_ackermann/install/gazebo_ros2_control_demos/lib/pkgconfig/gazebo_ros2_control_demos.pc'
[1.597s] Level 1:colcon.colcon_core.environment:checking '/home/ori/my_ackermann/install/gazebo_ros2_control_demos/lib/python3.10/site-packages'
[1.597s] Level 1:colcon.colcon_core.environment:checking '/home/ori/my_ackermann/install/gazebo_ros2_control_demos/bin'
[1.605s] INFO:colcon.colcon_core.shell:Creating package script '/home/ori/my_ackermann/install/gazebo_ros2_control_demos/share/gazebo_ros2_control_demos/package.ps1'
[1.606s] INFO:colcon.colcon_core.shell:Creating package descriptor '/home/ori/my_ackermann/install/gazebo_ros2_control_demos/share/gazebo_ros2_control_demos/package.dsv'
[1.606s] INFO:colcon.colcon_core.shell:Creating package script '/home/ori/my_ackermann/install/gazebo_ros2_control_demos/share/gazebo_ros2_control_demos/package.sh'
[1.606s] INFO:colcon.colcon_core.shell:Creating package script '/home/ori/my_ackermann/install/gazebo_ros2_control_demos/share/gazebo_ros2_control_demos/package.bash'
[1.606s] INFO:colcon.colcon_core.shell:Creating package script '/home/ori/my_ackermann/install/gazebo_ros2_control_demos/share/gazebo_ros2_control_demos/package.zsh'
[1.606s] Level 1:colcon.colcon_core.environment:create_file_with_runtime_dependencies(/home/ori/my_ackermann/install/gazebo_ros2_control_demos/share/colcon-core/packages/gazebo_ros2_control_demos)
[1.607s] DEBUG:colcon.colcon_parallel_executor.executor.parallel:closing loop
[1.607s] DEBUG:colcon.colcon_parallel_executor.executor.parallel:loop closed
[1.607s] DEBUG:colcon.colcon_parallel_executor.executor.parallel:run_until_complete finished with '0'
[1.607s] DEBUG:colcon.colcon_core.event_reactor:joining thread
[1.620s] INFO:colcon.colcon_core.plugin_system:Skipping extension 'colcon_notification.desktop_notification.terminal_notifier': Not used on non-Darwin systems
[1.620s] INFO:colcon.colcon_core.plugin_system:Skipping extension 'colcon_notification.desktop_notification.win32': Not used on non-Windows systems
[1.620s] INFO:colcon.colcon_notification.desktop_notification:Sending desktop notification using 'notify2'
[1.628s] DEBUG:colcon.colcon_core.event_reactor:joined thread
[1.637s] INFO:colcon.colcon_core.shell:Creating prefix script '/home/ori/my_ackermann/install/local_setup.ps1'
[1.638s] INFO:colcon.colcon_core.shell:Creating prefix util module '/home/ori/my_ackermann/install/_local_setup_util_ps1.py'
[1.638s] INFO:colcon.colcon_core.shell:Creating prefix chain script '/home/ori/my_ackermann/install/setup.ps1'
[1.647s] INFO:colcon.colcon_core.shell:Creating prefix script '/home/ori/my_ackermann/install/local_setup.sh'
[1.648s] INFO:colcon.colcon_core.shell:Creating prefix util module '/home/ori/my_ackermann/install/_local_setup_util_sh.py'
[1.648s] INFO:colcon.colcon_core.shell:Creating prefix chain script '/home/ori/my_ackermann/install/setup.sh'
[1.657s] INFO:colcon.colcon_core.shell:Creating prefix script '/home/ori/my_ackermann/install/local_setup.bash'
[1.657s] INFO:colcon.colcon_core.shell:Creating prefix chain script '/home/ori/my_ackermann/install/setup.bash'
[1.666s] INFO:colcon.colcon_core.shell:Creating prefix script '/home/ori/my_ackermann/install/local_setup.zsh'
[1.666s] INFO:colcon.colcon_core.shell:Creating prefix chain script '/home/ori/my_ackermann/install/setup.zsh'
