[0.114s] Invoking command in '/home/ori/my_ackermann/build/gazebo_ros2_control': CMAKE_PREFIX_PATH=/opt/ros/humble /usr/bin/cmake --build /home/ori/my_ackermann/build/gazebo_ros2_control -- -j20 -l20
[0.164s] [ 50%] Built target gazebo_ros2_control
[0.170s] [100%] Built target gazebo_hardware_plugins
[0.177s] Invoked command in '/home/ori/my_ackermann/build/gazebo_ros2_control' returned '0': CMAKE_PREFIX_PATH=/opt/ros/humble /usr/bin/cmake --build /home/ori/my_ackermann/build/gazebo_ros2_control -- -j20 -l20
[0.242s] Invoking command in '/home/ori/my_ackermann/build/gazebo_ros2_control': CMAKE_PREFIX_PATH=/opt/ros/humble /usr/bin/cmake --install /home/ori/my_ackermann/build/gazebo_ros2_control
[0.249s] -- Install configuration: ""
[0.250s] -- Up-to-date: /home/ori/my_ackermann/install/gazebo_ros2_control/lib/libgazebo_ros2_control.so
[0.251s] -- Up-to-date: /home/ori/my_ackermann/install/gazebo_ros2_control/lib/libgazebo_hardware_plugins.so
[0.251s] -- Up-to-date: /home/ori/my_ackermann/install/gazebo_ros2_control/share/gazebo_ros2_control/environment/library_path.sh
[0.252s] -- Up-to-date: /home/ori/my_ackermann/install/gazebo_ros2_control/share/gazebo_ros2_control/environment/library_path.dsv
[0.252s] -- Up-to-date: /home/ori/my_ackermann/install/gazebo_ros2_control/include/gazebo_ros2_control
[0.252s] -- Up-to-date: /home/ori/my_ackermann/install/gazebo_ros2_control/include/gazebo_ros2_control/gazebo_system_interface.hpp
[0.252s] -- Up-to-date: /home/ori/my_ackermann/install/gazebo_ros2_control/include/gazebo_ros2_control/gazebo_system.hpp
[0.252s] -- Up-to-date: /home/ori/my_ackermann/install/gazebo_ros2_control/include/gazebo_ros2_control/gazebo_ros2_control_plugin.hpp
[0.252s] -- Up-to-date: /home/ori/my_ackermann/install/gazebo_ros2_control/share/gazebo_ros2_control/gazebo_hardware_plugins.xml
[0.253s] -- Up-to-date: /home/ori/my_ackermann/install/gazebo_ros2_control/share/ament_index/resource_index/package_run_dependencies/gazebo_ros2_control
[0.253s] -- Up-to-date: /home/ori/my_ackermann/install/gazebo_ros2_control/share/ament_index/resource_index/parent_prefix_path/gazebo_ros2_control
[0.253s] -- Up-to-date: /home/ori/my_ackermann/install/gazebo_ros2_control/share/gazebo_ros2_control/environment/ament_prefix_path.sh
[0.253s] -- Up-to-date: /home/ori/my_ackermann/install/gazebo_ros2_control/share/gazebo_ros2_control/environment/ament_prefix_path.dsv
[0.254s] -- Up-to-date: /home/ori/my_ackermann/install/gazebo_ros2_control/share/gazebo_ros2_control/environment/path.sh
[0.254s] -- Up-to-date: /home/ori/my_ackermann/install/gazebo_ros2_control/share/gazebo_ros2_control/environment/path.dsv
[0.254s] -- Up-to-date: /home/ori/my_ackermann/install/gazebo_ros2_control/share/gazebo_ros2_control/local_setup.bash
[0.255s] -- Up-to-date: /home/ori/my_ackermann/install/gazebo_ros2_control/share/gazebo_ros2_control/local_setup.sh
[0.255s] -- Up-to-date: /home/ori/my_ackermann/install/gazebo_ros2_control/share/gazebo_ros2_control/local_setup.zsh
[0.256s] -- Up-to-date: /home/ori/my_ackermann/install/gazebo_ros2_control/share/gazebo_ros2_control/local_setup.dsv
[0.256s] -- Installing: /home/ori/my_ackermann/install/gazebo_ros2_control/share/gazebo_ros2_control/package.dsv
[0.257s] -- Up-to-date: /home/ori/my_ackermann/install/gazebo_ros2_control/share/ament_index/resource_index/packages/gazebo_ros2_control
[0.257s] -- Up-to-date: /home/ori/my_ackermann/install/gazebo_ros2_control/share/ament_index/resource_index/gazebo_ros2_control__pluginlib__plugin/gazebo_ros2_control
[0.257s] -- Up-to-date: /home/ori/my_ackermann/install/gazebo_ros2_control/share/gazebo_ros2_control/cmake/ament_cmake_export_include_directories-extras.cmake
[0.257s] -- Up-to-date: /home/ori/my_ackermann/install/gazebo_ros2_control/share/gazebo_ros2_control/cmake/ament_cmake_export_dependencies-extras.cmake
[0.258s] -- Up-to-date: /home/ori/my_ackermann/install/gazebo_ros2_control/share/gazebo_ros2_control/cmake/ament_cmake_export_libraries-extras.cmake
[0.258s] -- Up-to-date: /home/ori/my_ackermann/install/gazebo_ros2_control/share/gazebo_ros2_control/cmake/gazebo_ros2_controlConfig.cmake
[0.259s] -- Up-to-date: /home/ori/my_ackermann/install/gazebo_ros2_control/share/gazebo_ros2_control/cmake/gazebo_ros2_controlConfig-version.cmake
[0.259s] -- Up-to-date: /home/ori/my_ackermann/install/gazebo_ros2_control/share/gazebo_ros2_control/package.xml
[0.331s] Invoked command in '/home/ori/my_ackermann/build/gazebo_ros2_control' returned '0': CMAKE_PREFIX_PATH=/opt/ros/humble /usr/bin/cmake --install /home/ori/my_ackermann/build/gazebo_ros2_control
