[0.589s] DEBUG:colcon:Command line arguments: ['/usr/bin/colcon', 'build']
[0.589s] DEBUG:colcon:Parsed command line arguments: Namespace(log_base=None, log_level=None, verb_name='build', build_base='build', install_base='install', merge_install=False, symlink_install=False, test_result_base=None, continue_on_error=False, executor='parallel', parallel_workers=20, event_handlers=None, ignore_user_meta=False, metas=['./colcon.meta'], base_paths=['.'], packages_ignore=None, packages_ignore_regex=None, paths=None, packages_up_to=None, packages_up_to_regex=None, packages_above=None, packages_above_and_dependencies=None, packages_above_depth=None, packages_select_by_dep=None, packages_skip_by_dep=None, packages_skip_up_to=None, packages_select_build_failed=False, packages_skip_build_finished=False, packages_select_test_failures=False, packages_skip_test_passed=False, packages_select=None, packages_skip=None, packages_select_regex=None, packages_skip_regex=None, packages_start=None, packages_end=None, allow_overriding=[], cmake_args=None, cmake_target=None, cmake_target_skip_unavailable=False, cmake_clean_cache=False, cmake_clean_first=False, cmake_force_configure=False, ament_cmake_args=None, catkin_cmake_args=None, catkin_skip_building_tests=False, verb_parser=<colcon_defaults.argument_parser.defaults.DefaultArgumentsDecorator object at 0x7f4541bca590>, verb_extension=<colcon_core.verb.build.BuildVerb object at 0x7f4541bcb3a0>, main=<bound method BuildVerb.main of <colcon_core.verb.build.BuildVerb object at 0x7f4541bcb3a0>>)
[0.616s] Level 1:colcon.colcon_core.package_discovery:discover_packages(colcon_meta) check parameters
[0.616s] Level 1:colcon.colcon_core.package_discovery:discover_packages(recursive) check parameters
[0.617s] Level 1:colcon.colcon_core.package_discovery:discover_packages(ignore) check parameters
[0.617s] Level 1:colcon.colcon_core.package_discovery:discover_packages(path) check parameters
[0.617s] Level 1:colcon.colcon_core.package_discovery:discover_packages(colcon_meta) discover
[0.617s] Level 1:colcon.colcon_core.package_discovery:discover_packages(recursive) discover
[0.617s] INFO:colcon.colcon_core.package_discovery:Crawling recursively for packages in '/home/ori/my_ackermann'
[0.617s] Level 1:colcon.colcon_core.package_identification:_identify(.) by extensions ['ignore', 'ignore_ament_install']
[0.617s] Level 1:colcon.colcon_core.package_identification:_identify(.) by extension 'ignore'
[0.617s] Level 1:colcon.colcon_core.package_identification:_identify(.) by extension 'ignore_ament_install'
[0.617s] Level 1:colcon.colcon_core.package_identification:_identify(.) by extensions ['colcon_pkg']
[0.617s] Level 1:colcon.colcon_core.package_identification:_identify(.) by extension 'colcon_pkg'
[0.617s] Level 1:colcon.colcon_core.package_identification:_identify(.) by extensions ['colcon_meta']
[0.617s] Level 1:colcon.colcon_core.package_identification:_identify(.) by extension 'colcon_meta'
[0.617s] Level 1:colcon.colcon_core.package_identification:_identify(.) by extensions ['ros']
[0.617s] Level 1:colcon.colcon_core.package_identification:_identify(.) by extension 'ros'
[0.624s] Level 1:colcon.colcon_core.package_identification:_identify(.) by extensions ['cmake', 'python']
[0.624s] Level 1:colcon.colcon_core.package_identification:_identify(.) by extension 'cmake'
[0.624s] Level 1:colcon.colcon_core.package_identification:_identify(.) by extension 'python'
[0.624s] Level 1:colcon.colcon_core.package_identification:_identify(.) by extensions ['python_setup_py']
[0.624s] Level 1:colcon.colcon_core.package_identification:_identify(.) by extension 'python_setup_py'
[0.624s] Level 1:colcon.colcon_core.package_identification:_identify(build) by extensions ['ignore', 'ignore_ament_install']
[0.624s] Level 1:colcon.colcon_core.package_identification:_identify(build) by extension 'ignore'
[0.624s] Level 1:colcon.colcon_core.package_identification:_identify(build) ignored
[0.624s] Level 1:colcon.colcon_core.package_identification:_identify(install) by extensions ['ignore', 'ignore_ament_install']
[0.624s] Level 1:colcon.colcon_core.package_identification:_identify(install) by extension 'ignore'
[0.625s] Level 1:colcon.colcon_core.package_identification:_identify(install) ignored
[0.625s] Level 1:colcon.colcon_core.package_identification:_identify(log) by extensions ['ignore', 'ignore_ament_install']
[0.625s] Level 1:colcon.colcon_core.package_identification:_identify(log) by extension 'ignore'
[0.625s] Level 1:colcon.colcon_core.package_identification:_identify(log) ignored
[0.625s] Level 1:colcon.colcon_core.package_identification:_identify(src) by extensions ['ignore', 'ignore_ament_install']
[0.625s] Level 1:colcon.colcon_core.package_identification:_identify(src) by extension 'ignore'
[0.625s] Level 1:colcon.colcon_core.package_identification:_identify(src) by extension 'ignore_ament_install'
[0.625s] Level 1:colcon.colcon_core.package_identification:_identify(src) by extensions ['colcon_pkg']
[0.625s] Level 1:colcon.colcon_core.package_identification:_identify(src) by extension 'colcon_pkg'
[0.625s] Level 1:colcon.colcon_core.package_identification:_identify(src) by extensions ['colcon_meta']
[0.625s] Level 1:colcon.colcon_core.package_identification:_identify(src) by extension 'colcon_meta'
[0.625s] Level 1:colcon.colcon_core.package_identification:_identify(src) by extensions ['ros']
[0.625s] Level 1:colcon.colcon_core.package_identification:_identify(src) by extension 'ros'
[0.625s] Level 1:colcon.colcon_core.package_identification:_identify(src) by extensions ['cmake', 'python']
[0.625s] Level 1:colcon.colcon_core.package_identification:_identify(src) by extension 'cmake'
[0.625s] Level 1:colcon.colcon_core.package_identification:_identify(src) by extension 'python'
[0.625s] Level 1:colcon.colcon_core.package_identification:_identify(src) by extensions ['python_setup_py']
[0.625s] Level 1:colcon.colcon_core.package_identification:_identify(src) by extension 'python_setup_py'
[0.625s] Level 1:colcon.colcon_core.package_identification:_identify(src/diffdrive_arduino) by extensions ['ignore', 'ignore_ament_install']
[0.625s] Level 1:colcon.colcon_core.package_identification:_identify(src/diffdrive_arduino) by extension 'ignore'
[0.625s] Level 1:colcon.colcon_core.package_identification:_identify(src/diffdrive_arduino) by extension 'ignore_ament_install'
[0.625s] Level 1:colcon.colcon_core.package_identification:_identify(src/diffdrive_arduino) by extensions ['colcon_pkg']
[0.625s] Level 1:colcon.colcon_core.package_identification:_identify(src/diffdrive_arduino) by extension 'colcon_pkg'
[0.625s] Level 1:colcon.colcon_core.package_identification:_identify(src/diffdrive_arduino) by extensions ['colcon_meta']
[0.625s] Level 1:colcon.colcon_core.package_identification:_identify(src/diffdrive_arduino) by extension 'colcon_meta'
[0.625s] Level 1:colcon.colcon_core.package_identification:_identify(src/diffdrive_arduino) by extensions ['ros']
[0.625s] Level 1:colcon.colcon_core.package_identification:_identify(src/diffdrive_arduino) by extension 'ros'
[0.627s] DEBUG:colcon.colcon_core.package_identification:Package 'src/diffdrive_arduino' with type 'ros.ament_cmake' and name 'diffdrive_arduino'
[0.627s] Level 1:colcon.colcon_core.package_identification:_identify(src/gazebo_ros2_control) by extensions ['ignore', 'ignore_ament_install']
[0.627s] Level 1:colcon.colcon_core.package_identification:_identify(src/gazebo_ros2_control) by extension 'ignore'
[0.627s] Level 1:colcon.colcon_core.package_identification:_identify(src/gazebo_ros2_control) by extension 'ignore_ament_install'
[0.627s] Level 1:colcon.colcon_core.package_identification:_identify(src/gazebo_ros2_control) by extensions ['colcon_pkg']
[0.627s] Level 1:colcon.colcon_core.package_identification:_identify(src/gazebo_ros2_control) by extension 'colcon_pkg'
[0.627s] Level 1:colcon.colcon_core.package_identification:_identify(src/gazebo_ros2_control) by extensions ['colcon_meta']
[0.627s] Level 1:colcon.colcon_core.package_identification:_identify(src/gazebo_ros2_control) by extension 'colcon_meta'
[0.627s] Level 1:colcon.colcon_core.package_identification:_identify(src/gazebo_ros2_control) by extensions ['ros']
[0.628s] Level 1:colcon.colcon_core.package_identification:_identify(src/gazebo_ros2_control) by extension 'ros'
[0.628s] Level 1:colcon.colcon_core.package_identification:_identify(src/gazebo_ros2_control) by extensions ['cmake', 'python']
[0.628s] Level 1:colcon.colcon_core.package_identification:_identify(src/gazebo_ros2_control) by extension 'cmake'
[0.628s] Level 1:colcon.colcon_core.package_identification:_identify(src/gazebo_ros2_control) by extension 'python'
[0.628s] Level 1:colcon.colcon_core.package_identification:_identify(src/gazebo_ros2_control) by extensions ['python_setup_py']
[0.628s] Level 1:colcon.colcon_core.package_identification:_identify(src/gazebo_ros2_control) by extension 'python_setup_py'
[0.628s] Level 1:colcon.colcon_core.package_identification:_identify(src/gazebo_ros2_control/Docker) by extensions ['ignore', 'ignore_ament_install']
[0.628s] Level 1:colcon.colcon_core.package_identification:_identify(src/gazebo_ros2_control/Docker) by extension 'ignore'
[0.628s] Level 1:colcon.colcon_core.package_identification:_identify(src/gazebo_ros2_control/Docker) by extension 'ignore_ament_install'
[0.628s] Level 1:colcon.colcon_core.package_identification:_identify(src/gazebo_ros2_control/Docker) by extensions ['colcon_pkg']
[0.628s] Level 1:colcon.colcon_core.package_identification:_identify(src/gazebo_ros2_control/Docker) by extension 'colcon_pkg'
[0.628s] Level 1:colcon.colcon_core.package_identification:_identify(src/gazebo_ros2_control/Docker) by extensions ['colcon_meta']
[0.628s] Level 1:colcon.colcon_core.package_identification:_identify(src/gazebo_ros2_control/Docker) by extension 'colcon_meta'
[0.628s] Level 1:colcon.colcon_core.package_identification:_identify(src/gazebo_ros2_control/Docker) by extensions ['ros']
[0.628s] Level 1:colcon.colcon_core.package_identification:_identify(src/gazebo_ros2_control/Docker) by extension 'ros'
[0.628s] Level 1:colcon.colcon_core.package_identification:_identify(src/gazebo_ros2_control/Docker) by extensions ['cmake', 'python']
[0.628s] Level 1:colcon.colcon_core.package_identification:_identify(src/gazebo_ros2_control/Docker) by extension 'cmake'
[0.628s] Level 1:colcon.colcon_core.package_identification:_identify(src/gazebo_ros2_control/Docker) by extension 'python'
[0.628s] Level 1:colcon.colcon_core.package_identification:_identify(src/gazebo_ros2_control/Docker) by extensions ['python_setup_py']
[0.628s] Level 1:colcon.colcon_core.package_identification:_identify(src/gazebo_ros2_control/Docker) by extension 'python_setup_py'
[0.628s] Level 1:colcon.colcon_core.package_identification:_identify(src/gazebo_ros2_control/doc) by extensions ['ignore', 'ignore_ament_install']
[0.628s] Level 1:colcon.colcon_core.package_identification:_identify(src/gazebo_ros2_control/doc) by extension 'ignore'
[0.628s] Level 1:colcon.colcon_core.package_identification:_identify(src/gazebo_ros2_control/doc) by extension 'ignore_ament_install'
[0.628s] Level 1:colcon.colcon_core.package_identification:_identify(src/gazebo_ros2_control/doc) by extensions ['colcon_pkg']
[0.628s] Level 1:colcon.colcon_core.package_identification:_identify(src/gazebo_ros2_control/doc) by extension 'colcon_pkg'
[0.628s] Level 1:colcon.colcon_core.package_identification:_identify(src/gazebo_ros2_control/doc) by extensions ['colcon_meta']
[0.628s] Level 1:colcon.colcon_core.package_identification:_identify(src/gazebo_ros2_control/doc) by extension 'colcon_meta'
[0.628s] Level 1:colcon.colcon_core.package_identification:_identify(src/gazebo_ros2_control/doc) by extensions ['ros']
[0.628s] Level 1:colcon.colcon_core.package_identification:_identify(src/gazebo_ros2_control/doc) by extension 'ros'
[0.628s] Level 1:colcon.colcon_core.package_identification:_identify(src/gazebo_ros2_control/doc) by extensions ['cmake', 'python']
[0.628s] Level 1:colcon.colcon_core.package_identification:_identify(src/gazebo_ros2_control/doc) by extension 'cmake'
[0.628s] Level 1:colcon.colcon_core.package_identification:_identify(src/gazebo_ros2_control/doc) by extension 'python'
[0.628s] Level 1:colcon.colcon_core.package_identification:_identify(src/gazebo_ros2_control/doc) by extensions ['python_setup_py']
[0.628s] Level 1:colcon.colcon_core.package_identification:_identify(src/gazebo_ros2_control/doc) by extension 'python_setup_py'
[0.628s] Level 1:colcon.colcon_core.package_identification:_identify(src/gazebo_ros2_control/doc/img) by extensions ['ignore', 'ignore_ament_install']
[0.628s] Level 1:colcon.colcon_core.package_identification:_identify(src/gazebo_ros2_control/doc/img) by extension 'ignore'
[0.628s] Level 1:colcon.colcon_core.package_identification:_identify(src/gazebo_ros2_control/doc/img) by extension 'ignore_ament_install'
[0.629s] Level 1:colcon.colcon_core.package_identification:_identify(src/gazebo_ros2_control/doc/img) by extensions ['colcon_pkg']
[0.629s] Level 1:colcon.colcon_core.package_identification:_identify(src/gazebo_ros2_control/doc/img) by extension 'colcon_pkg'
[0.629s] Level 1:colcon.colcon_core.package_identification:_identify(src/gazebo_ros2_control/doc/img) by extensions ['colcon_meta']
[0.629s] Level 1:colcon.colcon_core.package_identification:_identify(src/gazebo_ros2_control/doc/img) by extension 'colcon_meta'
[0.629s] Level 1:colcon.colcon_core.package_identification:_identify(src/gazebo_ros2_control/doc/img) by extensions ['ros']
[0.629s] Level 1:colcon.colcon_core.package_identification:_identify(src/gazebo_ros2_control/doc/img) by extension 'ros'
[0.629s] Level 1:colcon.colcon_core.package_identification:_identify(src/gazebo_ros2_control/doc/img) by extensions ['cmake', 'python']
[0.629s] Level 1:colcon.colcon_core.package_identification:_identify(src/gazebo_ros2_control/doc/img) by extension 'cmake'
[0.629s] Level 1:colcon.colcon_core.package_identification:_identify(src/gazebo_ros2_control/doc/img) by extension 'python'
[0.629s] Level 1:colcon.colcon_core.package_identification:_identify(src/gazebo_ros2_control/doc/img) by extensions ['python_setup_py']
[0.629s] Level 1:colcon.colcon_core.package_identification:_identify(src/gazebo_ros2_control/doc/img) by extension 'python_setup_py'
[0.629s] Level 1:colcon.colcon_core.package_identification:_identify(src/gazebo_ros2_control/gazebo_ros2_control) by extensions ['ignore', 'ignore_ament_install']
[0.629s] Level 1:colcon.colcon_core.package_identification:_identify(src/gazebo_ros2_control/gazebo_ros2_control) by extension 'ignore'
[0.629s] Level 1:colcon.colcon_core.package_identification:_identify(src/gazebo_ros2_control/gazebo_ros2_control) by extension 'ignore_ament_install'
[0.629s] Level 1:colcon.colcon_core.package_identification:_identify(src/gazebo_ros2_control/gazebo_ros2_control) by extensions ['colcon_pkg']
[0.629s] Level 1:colcon.colcon_core.package_identification:_identify(src/gazebo_ros2_control/gazebo_ros2_control) by extension 'colcon_pkg'
[0.629s] Level 1:colcon.colcon_core.package_identification:_identify(src/gazebo_ros2_control/gazebo_ros2_control) by extensions ['colcon_meta']
[0.629s] Level 1:colcon.colcon_core.package_identification:_identify(src/gazebo_ros2_control/gazebo_ros2_control) by extension 'colcon_meta'
[0.629s] Level 1:colcon.colcon_core.package_identification:_identify(src/gazebo_ros2_control/gazebo_ros2_control) by extensions ['ros']
[0.629s] Level 1:colcon.colcon_core.package_identification:_identify(src/gazebo_ros2_control/gazebo_ros2_control) by extension 'ros'
[0.630s] DEBUG:colcon.colcon_core.package_identification:Package 'src/gazebo_ros2_control/gazebo_ros2_control' with type 'ros.ament_cmake' and name 'gazebo_ros2_control'
[0.630s] Level 1:colcon.colcon_core.package_identification:_identify(src/gazebo_ros2_control/gazebo_ros2_control_demos) by extensions ['ignore', 'ignore_ament_install']
[0.630s] Level 1:colcon.colcon_core.package_identification:_identify(src/gazebo_ros2_control/gazebo_ros2_control_demos) by extension 'ignore'
[0.630s] Level 1:colcon.colcon_core.package_identification:_identify(src/gazebo_ros2_control/gazebo_ros2_control_demos) by extension 'ignore_ament_install'
[0.630s] Level 1:colcon.colcon_core.package_identification:_identify(src/gazebo_ros2_control/gazebo_ros2_control_demos) by extensions ['colcon_pkg']
[0.630s] Level 1:colcon.colcon_core.package_identification:_identify(src/gazebo_ros2_control/gazebo_ros2_control_demos) by extension 'colcon_pkg'
[0.630s] Level 1:colcon.colcon_core.package_identification:_identify(src/gazebo_ros2_control/gazebo_ros2_control_demos) by extensions ['colcon_meta']
[0.630s] Level 1:colcon.colcon_core.package_identification:_identify(src/gazebo_ros2_control/gazebo_ros2_control_demos) by extension 'colcon_meta'
[0.630s] Level 1:colcon.colcon_core.package_identification:_identify(src/gazebo_ros2_control/gazebo_ros2_control_demos) by extensions ['ros']
[0.630s] Level 1:colcon.colcon_core.package_identification:_identify(src/gazebo_ros2_control/gazebo_ros2_control_demos) by extension 'ros'
[0.630s] DEBUG:colcon.colcon_core.package_identification:Package 'src/gazebo_ros2_control/gazebo_ros2_control_demos' with type 'ros.ament_cmake' and name 'gazebo_ros2_control_demos'
[0.631s] Level 1:colcon.colcon_core.package_identification:_identify(src/rc_car) by extensions ['ignore', 'ignore_ament_install']
[0.631s] Level 1:colcon.colcon_core.package_identification:_identify(src/rc_car) by extension 'ignore'
[0.631s] Level 1:colcon.colcon_core.package_identification:_identify(src/rc_car) by extension 'ignore_ament_install'
[0.631s] Level 1:colcon.colcon_core.package_identification:_identify(src/rc_car) by extensions ['colcon_pkg']
[0.631s] Level 1:colcon.colcon_core.package_identification:_identify(src/rc_car) by extension 'colcon_pkg'
[0.631s] Level 1:colcon.colcon_core.package_identification:_identify(src/rc_car) by extensions ['colcon_meta']
[0.631s] Level 1:colcon.colcon_core.package_identification:_identify(src/rc_car) by extension 'colcon_meta'
[0.631s] Level 1:colcon.colcon_core.package_identification:_identify(src/rc_car) by extensions ['ros']
[0.631s] Level 1:colcon.colcon_core.package_identification:_identify(src/rc_car) by extension 'ros'
[0.631s] DEBUG:colcon.colcon_core.package_identification:Package 'src/rc_car' with type 'ros.ament_cmake' and name 'rc_car'
[0.631s] Level 1:colcon.colcon_core.package_identification:_identify(src/serial) by extensions ['ignore', 'ignore_ament_install']
[0.631s] Level 1:colcon.colcon_core.package_identification:_identify(src/serial) by extension 'ignore'
[0.631s] Level 1:colcon.colcon_core.package_identification:_identify(src/serial) by extension 'ignore_ament_install'
[0.631s] Level 1:colcon.colcon_core.package_identification:_identify(src/serial) by extensions ['colcon_pkg']
[0.631s] Level 1:colcon.colcon_core.package_identification:_identify(src/serial) by extension 'colcon_pkg'
[0.631s] Level 1:colcon.colcon_core.package_identification:_identify(src/serial) by extensions ['colcon_meta']
[0.631s] Level 1:colcon.colcon_core.package_identification:_identify(src/serial) by extension 'colcon_meta'
[0.631s] Level 1:colcon.colcon_core.package_identification:_identify(src/serial) by extensions ['ros']
[0.631s] Level 1:colcon.colcon_core.package_identification:_identify(src/serial) by extension 'ros'
[0.632s] DEBUG:colcon.colcon_core.package_identification:Package 'src/serial' with type 'ros.ament_cmake' and name 'serial'
[0.632s] Level 1:colcon.colcon_core.package_discovery:discover_packages(recursive) using defaults
[0.632s] Level 1:colcon.colcon_core.package_discovery:discover_packages(ignore) discover
[0.632s] Level 1:colcon.colcon_core.package_discovery:discover_packages(ignore) using defaults
[0.632s] Level 1:colcon.colcon_core.package_discovery:discover_packages(path) discover
[0.632s] Level 1:colcon.colcon_core.package_discovery:discover_packages(path) using defaults
[0.686s] Level 1:colcon.colcon_core.package_discovery:discover_packages(prefix_path) check parameters
[0.686s] Level 1:colcon.colcon_core.package_discovery:discover_packages(prefix_path) discover
[0.703s] DEBUG:colcon.colcon_installed_package_information.package_discovery:Found 5 installed packages in /home/ori/my_ackermann/install
[0.718s] DEBUG:colcon.colcon_installed_package_information.package_discovery:Found 426 installed packages in /opt/ros/humble
[0.719s] Level 1:colcon.colcon_core.package_discovery:discover_packages(prefix_path) using defaults
[0.784s] Level 5:colcon.colcon_core.verb:set package 'diffdrive_arduino' build argument 'cmake_args' from command line to 'None'
[0.784s] Level 5:colcon.colcon_core.verb:set package 'diffdrive_arduino' build argument 'cmake_target' from command line to 'None'
[0.784s] Level 5:colcon.colcon_core.verb:set package 'diffdrive_arduino' build argument 'cmake_target_skip_unavailable' from command line to 'False'
[0.784s] Level 5:colcon.colcon_core.verb:set package 'diffdrive_arduino' build argument 'cmake_clean_cache' from command line to 'False'
[0.784s] Level 5:colcon.colcon_core.verb:set package 'diffdrive_arduino' build argument 'cmake_clean_first' from command line to 'False'
[0.784s] Level 5:colcon.colcon_core.verb:set package 'diffdrive_arduino' build argument 'cmake_force_configure' from command line to 'False'
[0.784s] Level 5:colcon.colcon_core.verb:set package 'diffdrive_arduino' build argument 'ament_cmake_args' from command line to 'None'
[0.784s] Level 5:colcon.colcon_core.verb:set package 'diffdrive_arduino' build argument 'catkin_cmake_args' from command line to 'None'
[0.785s] Level 5:colcon.colcon_core.verb:set package 'diffdrive_arduino' build argument 'catkin_skip_building_tests' from command line to 'False'
[0.785s] DEBUG:colcon.colcon_core.verb:Building package 'diffdrive_arduino' with the following arguments: {'ament_cmake_args': None, 'build_base': '/home/ori/my_ackermann/build/diffdrive_arduino', 'catkin_cmake_args': None, 'catkin_skip_building_tests': False, 'cmake_args': None, 'cmake_clean_cache': False, 'cmake_clean_first': False, 'cmake_force_configure': False, 'cmake_target': None, 'cmake_target_skip_unavailable': False, 'install_base': '/home/ori/my_ackermann/install/diffdrive_arduino', 'merge_install': False, 'path': '/home/ori/my_ackermann/src/diffdrive_arduino', 'symlink_install': False, 'test_result_base': None}
[0.793s] Level 5:colcon.colcon_core.verb:set package 'gazebo_ros2_control' build argument 'cmake_args' from command line to 'None'
[0.793s] Level 5:colcon.colcon_core.verb:set package 'gazebo_ros2_control' build argument 'cmake_target' from command line to 'None'
[0.793s] Level 5:colcon.colcon_core.verb:set package 'gazebo_ros2_control' build argument 'cmake_target_skip_unavailable' from command line to 'False'
[0.793s] Level 5:colcon.colcon_core.verb:set package 'gazebo_ros2_control' build argument 'cmake_clean_cache' from command line to 'False'
[0.793s] Level 5:colcon.colcon_core.verb:set package 'gazebo_ros2_control' build argument 'cmake_clean_first' from command line to 'False'
[0.793s] Level 5:colcon.colcon_core.verb:set package 'gazebo_ros2_control' build argument 'cmake_force_configure' from command line to 'False'
[0.793s] Level 5:colcon.colcon_core.verb:set package 'gazebo_ros2_control' build argument 'ament_cmake_args' from command line to 'None'
[0.793s] Level 5:colcon.colcon_core.verb:set package 'gazebo_ros2_control' build argument 'catkin_cmake_args' from command line to 'None'
[0.793s] Level 5:colcon.colcon_core.verb:set package 'gazebo_ros2_control' build argument 'catkin_skip_building_tests' from command line to 'False'
[0.793s] DEBUG:colcon.colcon_core.verb:Building package 'gazebo_ros2_control' with the following arguments: {'ament_cmake_args': None, 'build_base': '/home/ori/my_ackermann/build/gazebo_ros2_control', 'catkin_cmake_args': None, 'catkin_skip_building_tests': False, 'cmake_args': None, 'cmake_clean_cache': False, 'cmake_clean_first': False, 'cmake_force_configure': False, 'cmake_target': None, 'cmake_target_skip_unavailable': False, 'install_base': '/home/ori/my_ackermann/install/gazebo_ros2_control', 'merge_install': False, 'path': '/home/ori/my_ackermann/src/gazebo_ros2_control/gazebo_ros2_control', 'symlink_install': False, 'test_result_base': None}
[0.801s] Level 5:colcon.colcon_core.verb:set package 'rc_car' build argument 'cmake_args' from command line to 'None'
[0.801s] Level 5:colcon.colcon_core.verb:set package 'rc_car' build argument 'cmake_target' from command line to 'None'
[0.801s] Level 5:colcon.colcon_core.verb:set package 'rc_car' build argument 'cmake_target_skip_unavailable' from command line to 'False'
[0.801s] Level 5:colcon.colcon_core.verb:set package 'rc_car' build argument 'cmake_clean_cache' from command line to 'False'
[0.801s] Level 5:colcon.colcon_core.verb:set package 'rc_car' build argument 'cmake_clean_first' from command line to 'False'
[0.801s] Level 5:colcon.colcon_core.verb:set package 'rc_car' build argument 'cmake_force_configure' from command line to 'False'
[0.801s] Level 5:colcon.colcon_core.verb:set package 'rc_car' build argument 'ament_cmake_args' from command line to 'None'
[0.801s] Level 5:colcon.colcon_core.verb:set package 'rc_car' build argument 'catkin_cmake_args' from command line to 'None'
[0.801s] Level 5:colcon.colcon_core.verb:set package 'rc_car' build argument 'catkin_skip_building_tests' from command line to 'False'
[0.802s] DEBUG:colcon.colcon_core.verb:Building package 'rc_car' with the following arguments: {'ament_cmake_args': None, 'build_base': '/home/ori/my_ackermann/build/rc_car', 'catkin_cmake_args': None, 'catkin_skip_building_tests': False, 'cmake_args': None, 'cmake_clean_cache': False, 'cmake_clean_first': False, 'cmake_force_configure': False, 'cmake_target': None, 'cmake_target_skip_unavailable': False, 'install_base': '/home/ori/my_ackermann/install/rc_car', 'merge_install': False, 'path': '/home/ori/my_ackermann/src/rc_car', 'symlink_install': False, 'test_result_base': None}
[0.810s] Level 5:colcon.colcon_core.verb:set package 'serial' build argument 'cmake_args' from command line to 'None'
[0.810s] Level 5:colcon.colcon_core.verb:set package 'serial' build argument 'cmake_target' from command line to 'None'
[0.810s] Level 5:colcon.colcon_core.verb:set package 'serial' build argument 'cmake_target_skip_unavailable' from command line to 'False'
[0.810s] Level 5:colcon.colcon_core.verb:set package 'serial' build argument 'cmake_clean_cache' from command line to 'False'
[0.810s] Level 5:colcon.colcon_core.verb:set package 'serial' build argument 'cmake_clean_first' from command line to 'False'
[0.810s] Level 5:colcon.colcon_core.verb:set package 'serial' build argument 'cmake_force_configure' from command line to 'False'
[0.810s] Level 5:colcon.colcon_core.verb:set package 'serial' build argument 'ament_cmake_args' from command line to 'None'
[0.810s] Level 5:colcon.colcon_core.verb:set package 'serial' build argument 'catkin_cmake_args' from command line to 'None'
[0.810s] Level 5:colcon.colcon_core.verb:set package 'serial' build argument 'catkin_skip_building_tests' from command line to 'False'
[0.810s] DEBUG:colcon.colcon_core.verb:Building package 'serial' with the following arguments: {'ament_cmake_args': None, 'build_base': '/home/ori/my_ackermann/build/serial', 'catkin_cmake_args': None, 'catkin_skip_building_tests': False, 'cmake_args': None, 'cmake_clean_cache': False, 'cmake_clean_first': False, 'cmake_force_configure': False, 'cmake_target': None, 'cmake_target_skip_unavailable': False, 'install_base': '/home/ori/my_ackermann/install/serial', 'merge_install': False, 'path': '/home/ori/my_ackermann/src/serial', 'symlink_install': False, 'test_result_base': None}
[0.818s] Level 5:colcon.colcon_core.verb:set package 'gazebo_ros2_control_demos' build argument 'cmake_args' from command line to 'None'
[0.818s] Level 5:colcon.colcon_core.verb:set package 'gazebo_ros2_control_demos' build argument 'cmake_target' from command line to 'None'
[0.818s] Level 5:colcon.colcon_core.verb:set package 'gazebo_ros2_control_demos' build argument 'cmake_target_skip_unavailable' from command line to 'False'
[0.818s] Level 5:colcon.colcon_core.verb:set package 'gazebo_ros2_control_demos' build argument 'cmake_clean_cache' from command line to 'False'
[0.818s] Level 5:colcon.colcon_core.verb:set package 'gazebo_ros2_control_demos' build argument 'cmake_clean_first' from command line to 'False'
[0.818s] Level 5:colcon.colcon_core.verb:set package 'gazebo_ros2_control_demos' build argument 'cmake_force_configure' from command line to 'False'
[0.818s] Level 5:colcon.colcon_core.verb:set package 'gazebo_ros2_control_demos' build argument 'ament_cmake_args' from command line to 'None'
[0.818s] Level 5:colcon.colcon_core.verb:set package 'gazebo_ros2_control_demos' build argument 'catkin_cmake_args' from command line to 'None'
[0.818s] Level 5:colcon.colcon_core.verb:set package 'gazebo_ros2_control_demos' build argument 'catkin_skip_building_tests' from command line to 'False'
[0.818s] DEBUG:colcon.colcon_core.verb:Building package 'gazebo_ros2_control_demos' with the following arguments: {'ament_cmake_args': None, 'build_base': '/home/ori/my_ackermann/build/gazebo_ros2_control_demos', 'catkin_cmake_args': None, 'catkin_skip_building_tests': False, 'cmake_args': None, 'cmake_clean_cache': False, 'cmake_clean_first': False, 'cmake_force_configure': False, 'cmake_target': None, 'cmake_target_skip_unavailable': False, 'install_base': '/home/ori/my_ackermann/install/gazebo_ros2_control_demos', 'merge_install': False, 'path': '/home/ori/my_ackermann/src/gazebo_ros2_control/gazebo_ros2_control_demos', 'symlink_install': False, 'test_result_base': None}
[0.826s] INFO:colcon.colcon_core.executor:Executing jobs using 'parallel' executor
[0.835s] DEBUG:colcon.colcon_parallel_executor.executor.parallel:run_until_complete
[0.835s] INFO:colcon.colcon_ros.task.ament_cmake.build:Building ROS package in '/home/ori/my_ackermann/src/gazebo_ros2_control/gazebo_ros2_control' with build type 'ament_cmake'
[0.835s] INFO:colcon.colcon_cmake.task.cmake.build:Building CMake package in '/home/ori/my_ackermann/src/gazebo_ros2_control/gazebo_ros2_control'
[0.845s] INFO:colcon.colcon_core.plugin_system:Skipping extension 'colcon_core.shell.bat': Not used on non-Windows systems
[0.845s] INFO:colcon.colcon_core.shell:Skip shell extension 'powershell' for command environment: Not usable outside of PowerShell
[0.845s] DEBUG:colcon.colcon_core.shell:Skip shell extension 'dsv' for command environment
[0.873s] INFO:colcon.colcon_ros.task.ament_cmake.build:Building ROS package in '/home/ori/my_ackermann/src/diffdrive_arduino' with build type 'ament_cmake'
[0.873s] INFO:colcon.colcon_cmake.task.cmake.build:Building CMake package in '/home/ori/my_ackermann/src/diffdrive_arduino'
[0.882s] INFO:colcon.colcon_core.shell:Skip shell extension 'powershell' for command environment: Not usable outside of PowerShell
[0.882s] DEBUG:colcon.colcon_core.shell:Skip shell extension 'dsv' for command environment
[0.909s] INFO:colcon.colcon_ros.task.ament_cmake.build:Building ROS package in '/home/ori/my_ackermann/src/rc_car' with build type 'ament_cmake'
[0.909s] INFO:colcon.colcon_cmake.task.cmake.build:Building CMake package in '/home/ori/my_ackermann/src/rc_car'
[0.918s] INFO:colcon.colcon_core.shell:Skip shell extension 'powershell' for command environment: Not usable outside of PowerShell
[0.918s] DEBUG:colcon.colcon_core.shell:Skip shell extension 'dsv' for command environment
[0.946s] INFO:colcon.colcon_ros.task.ament_cmake.build:Building ROS package in '/home/ori/my_ackermann/src/serial' with build type 'ament_cmake'
[0.946s] INFO:colcon.colcon_cmake.task.cmake.build:Building CMake package in '/home/ori/my_ackermann/src/serial'
[0.955s] INFO:colcon.colcon_core.shell:Skip shell extension 'powershell' for command environment: Not usable outside of PowerShell
[0.955s] DEBUG:colcon.colcon_core.shell:Skip shell extension 'dsv' for command environment
[0.987s] DEBUG:colcon.colcon_core.event_handler.log_command:Invoking command in '/home/ori/my_ackermann/build/gazebo_ros2_control': CMAKE_PREFIX_PATH=${CMAKE_PREFIX_PATH}:/opt/ros/humble /usr/bin/cmake --build /home/ori/my_ackermann/build/gazebo_ros2_control -- -j20 -l20
[0.990s] DEBUG:colcon.colcon_core.event_handler.log_command:Invoking command in '/home/ori/my_ackermann/build/diffdrive_arduino': CMAKE_PREFIX_PATH=${CMAKE_PREFIX_PATH}:/opt/ros/humble /usr/bin/cmake --build /home/ori/my_ackermann/build/diffdrive_arduino -- -j20 -l20
[0.993s] DEBUG:colcon.colcon_core.event_handler.log_command:Invoking command in '/home/ori/my_ackermann/build/rc_car': CMAKE_PREFIX_PATH=${CMAKE_PREFIX_PATH}:/opt/ros/humble /usr/bin/cmake --build /home/ori/my_ackermann/build/rc_car -- -j20 -l20
[0.996s] DEBUG:colcon.colcon_core.event_handler.log_command:Invoking command in '/home/ori/my_ackermann/build/serial': CMAKE_PREFIX_PATH=${CMAKE_PREFIX_PATH}:/opt/ros/humble /usr/bin/cmake --build /home/ori/my_ackermann/build/serial -- -j20 -l20
[1.032s] DEBUG:colcon.colcon_core.event_handler.log_command:Invoked command in '/home/ori/my_ackermann/build/diffdrive_arduino' returned '0': CMAKE_PREFIX_PATH=${CMAKE_PREFIX_PATH}:/opt/ros/humble /usr/bin/cmake --build /home/ori/my_ackermann/build/diffdrive_arduino -- -j20 -l20
[1.044s] DEBUG:colcon.colcon_core.event_handler.log_command:Invoked command in '/home/ori/my_ackermann/build/gazebo_ros2_control' returned '0': CMAKE_PREFIX_PATH=${CMAKE_PREFIX_PATH}:/opt/ros/humble /usr/bin/cmake --build /home/ori/my_ackermann/build/gazebo_ros2_control -- -j20 -l20
[1.055s] DEBUG:colcon.colcon_core.event_handler.log_command:Invoking command in '/home/ori/my_ackermann/build/diffdrive_arduino': CMAKE_PREFIX_PATH=${CMAKE_PREFIX_PATH}:/opt/ros/humble /usr/bin/cmake --install /home/ori/my_ackermann/build/diffdrive_arduino
[1.056s] DEBUG:colcon.colcon_core.event_handler.log_command:Invoked command in '/home/ori/my_ackermann/build/serial' returned '0': CMAKE_PREFIX_PATH=${CMAKE_PREFIX_PATH}:/opt/ros/humble /usr/bin/cmake --build /home/ori/my_ackermann/build/serial -- -j20 -l20
[1.062s] Level 1:colcon.colcon_core.environment:create_environment_scripts_only(diffdrive_arduino)
[1.067s] DEBUG:colcon.colcon_core.event_handler.log_command:Invoked command in '/home/ori/my_ackermann/build/diffdrive_arduino' returned '0': CMAKE_PREFIX_PATH=${CMAKE_PREFIX_PATH}:/opt/ros/humble /usr/bin/cmake --install /home/ori/my_ackermann/build/diffdrive_arduino
[1.081s] Level 1:colcon.colcon_core.environment:checking '/home/ori/my_ackermann/install/diffdrive_arduino' for CMake module files
[1.081s] Level 1:colcon.colcon_core.environment:checking '/home/ori/my_ackermann/install/diffdrive_arduino' for CMake config files
[1.081s] Level 1:colcon.colcon_core.shell:create_environment_hook('diffdrive_arduino', 'cmake_prefix_path')
[1.089s] INFO:colcon.colcon_core.shell:Creating environment hook '/home/ori/my_ackermann/install/diffdrive_arduino/share/diffdrive_arduino/hook/cmake_prefix_path.ps1'
[1.090s] INFO:colcon.colcon_core.shell:Creating environment descriptor '/home/ori/my_ackermann/install/diffdrive_arduino/share/diffdrive_arduino/hook/cmake_prefix_path.dsv'
[1.090s] INFO:colcon.colcon_core.shell:Creating environment hook '/home/ori/my_ackermann/install/diffdrive_arduino/share/diffdrive_arduino/hook/cmake_prefix_path.sh'
[1.091s] Level 1:colcon.colcon_core.environment:checking '/home/ori/my_ackermann/install/diffdrive_arduino/lib'
[1.091s] Level 1:colcon.colcon_core.shell:create_environment_hook('diffdrive_arduino', 'ld_library_path_lib')
[1.100s] INFO:colcon.colcon_core.shell:Creating environment hook '/home/ori/my_ackermann/install/diffdrive_arduino/share/diffdrive_arduino/hook/ld_library_path_lib.ps1'
[1.100s] INFO:colcon.colcon_core.shell:Creating environment descriptor '/home/ori/my_ackermann/install/diffdrive_arduino/share/diffdrive_arduino/hook/ld_library_path_lib.dsv'
[1.100s] INFO:colcon.colcon_core.shell:Creating environment hook '/home/ori/my_ackermann/install/diffdrive_arduino/share/diffdrive_arduino/hook/ld_library_path_lib.sh'
[1.100s] Level 1:colcon.colcon_core.environment:checking '/home/ori/my_ackermann/install/diffdrive_arduino/bin'
[1.100s] Level 1:colcon.colcon_core.environment:checking '/home/ori/my_ackermann/install/diffdrive_arduino/lib/pkgconfig/diffdrive_arduino.pc'
[1.100s] Level 1:colcon.colcon_core.environment:checking '/home/ori/my_ackermann/install/diffdrive_arduino/lib/python3.10/site-packages'
[1.100s] Level 1:colcon.colcon_core.environment:checking '/home/ori/my_ackermann/install/diffdrive_arduino/bin'
[1.109s] INFO:colcon.colcon_core.shell:Creating package script '/home/ori/my_ackermann/install/diffdrive_arduino/share/diffdrive_arduino/package.ps1'
[1.109s] INFO:colcon.colcon_core.shell:Creating package descriptor '/home/ori/my_ackermann/install/diffdrive_arduino/share/diffdrive_arduino/package.dsv'
[1.110s] INFO:colcon.colcon_core.shell:Creating package script '/home/ori/my_ackermann/install/diffdrive_arduino/share/diffdrive_arduino/package.sh'
[1.110s] INFO:colcon.colcon_core.shell:Creating package script '/home/ori/my_ackermann/install/diffdrive_arduino/share/diffdrive_arduino/package.bash'
[1.111s] INFO:colcon.colcon_core.shell:Creating package script '/home/ori/my_ackermann/install/diffdrive_arduino/share/diffdrive_arduino/package.zsh'
[1.111s] Level 1:colcon.colcon_core.environment:create_file_with_runtime_dependencies(/home/ori/my_ackermann/install/diffdrive_arduino/share/colcon-core/packages/diffdrive_arduino)
[1.114s] DEBUG:colcon.colcon_core.event_handler.log_command:Invoking command in '/home/ori/my_ackermann/build/gazebo_ros2_control': CMAKE_PREFIX_PATH=${CMAKE_PREFIX_PATH}:/opt/ros/humble /usr/bin/cmake --install /home/ori/my_ackermann/build/gazebo_ros2_control
[1.114s] DEBUG:colcon.colcon_core.event_handler.log_command:Invoking command in '/home/ori/my_ackermann/build/serial': CMAKE_PREFIX_PATH=${CMAKE_PREFIX_PATH}:/opt/ros/humble /usr/bin/cmake --install /home/ori/my_ackermann/build/serial
[1.121s] Level 1:colcon.colcon_core.environment:create_environment_scripts_only(serial)
[1.121s] DEBUG:colcon.colcon_core.event_handler.log_command:Invoked command in '/home/ori/my_ackermann/build/serial' returned '0': CMAKE_PREFIX_PATH=${CMAKE_PREFIX_PATH}:/opt/ros/humble /usr/bin/cmake --install /home/ori/my_ackermann/build/serial
[1.130s] Level 1:colcon.colcon_core.environment:checking '/home/ori/my_ackermann/install/serial' for CMake module files
[1.130s] Level 1:colcon.colcon_core.environment:checking '/home/ori/my_ackermann/install/serial' for CMake config files
[1.131s] Level 1:colcon.colcon_core.shell:create_environment_hook('serial', 'cmake_prefix_path')
[1.139s] INFO:colcon.colcon_core.shell:Creating environment hook '/home/ori/my_ackermann/install/serial/share/serial/hook/cmake_prefix_path.ps1'
[1.139s] INFO:colcon.colcon_core.shell:Creating environment descriptor '/home/ori/my_ackermann/install/serial/share/serial/hook/cmake_prefix_path.dsv'
[1.139s] INFO:colcon.colcon_core.shell:Creating environment hook '/home/ori/my_ackermann/install/serial/share/serial/hook/cmake_prefix_path.sh'
[1.139s] Level 1:colcon.colcon_core.environment:checking '/home/ori/my_ackermann/install/serial/lib'
[1.140s] Level 1:colcon.colcon_core.environment:checking '/home/ori/my_ackermann/install/serial/bin'
[1.140s] Level 1:colcon.colcon_core.environment:checking '/home/ori/my_ackermann/install/serial/lib/pkgconfig/serial.pc'
[1.140s] Level 1:colcon.colcon_core.environment:checking '/home/ori/my_ackermann/install/serial/lib/python3.10/site-packages'
[1.140s] Level 1:colcon.colcon_core.environment:checking '/home/ori/my_ackermann/install/serial/bin'
[1.148s] INFO:colcon.colcon_core.shell:Creating package script '/home/ori/my_ackermann/install/serial/share/serial/package.ps1'
[1.149s] INFO:colcon.colcon_core.shell:Creating package descriptor '/home/ori/my_ackermann/install/serial/share/serial/package.dsv'
[1.149s] INFO:colcon.colcon_core.shell:Creating package script '/home/ori/my_ackermann/install/serial/share/serial/package.sh'
[1.149s] INFO:colcon.colcon_core.shell:Creating package script '/home/ori/my_ackermann/install/serial/share/serial/package.bash'
[1.149s] INFO:colcon.colcon_core.shell:Creating package script '/home/ori/my_ackermann/install/serial/share/serial/package.zsh'
[1.149s] Level 1:colcon.colcon_core.environment:create_file_with_runtime_dependencies(/home/ori/my_ackermann/install/serial/share/colcon-core/packages/serial)
[1.150s] Level 1:colcon.colcon_core.environment:create_environment_scripts_only(gazebo_ros2_control)
[1.150s] DEBUG:colcon.colcon_core.event_handler.log_command:Invoked command in '/home/ori/my_ackermann/build/gazebo_ros2_control' returned '0': CMAKE_PREFIX_PATH=${CMAKE_PREFIX_PATH}:/opt/ros/humble /usr/bin/cmake --install /home/ori/my_ackermann/build/gazebo_ros2_control
[1.159s] Level 1:colcon.colcon_core.environment:checking '/home/ori/my_ackermann/install/gazebo_ros2_control' for CMake module files
[1.159s] Level 1:colcon.colcon_core.environment:checking '/home/ori/my_ackermann/install/gazebo_ros2_control' for CMake config files
[1.159s] Level 1:colcon.colcon_core.shell:create_environment_hook('gazebo_ros2_control', 'cmake_prefix_path')
[1.168s] INFO:colcon.colcon_core.shell:Creating environment hook '/home/ori/my_ackermann/install/gazebo_ros2_control/share/gazebo_ros2_control/hook/cmake_prefix_path.ps1'
[1.168s] INFO:colcon.colcon_core.shell:Creating environment descriptor '/home/ori/my_ackermann/install/gazebo_ros2_control/share/gazebo_ros2_control/hook/cmake_prefix_path.dsv'
[1.168s] INFO:colcon.colcon_core.shell:Creating environment hook '/home/ori/my_ackermann/install/gazebo_ros2_control/share/gazebo_ros2_control/hook/cmake_prefix_path.sh'
[1.168s] Level 1:colcon.colcon_core.environment:checking '/home/ori/my_ackermann/install/gazebo_ros2_control/lib'
[1.168s] Level 1:colcon.colcon_core.shell:create_environment_hook('gazebo_ros2_control', 'ld_library_path_lib')
[1.177s] INFO:colcon.colcon_core.shell:Creating environment hook '/home/ori/my_ackermann/install/gazebo_ros2_control/share/gazebo_ros2_control/hook/ld_library_path_lib.ps1'
[1.177s] INFO:colcon.colcon_core.shell:Creating environment descriptor '/home/ori/my_ackermann/install/gazebo_ros2_control/share/gazebo_ros2_control/hook/ld_library_path_lib.dsv'
[1.178s] INFO:colcon.colcon_core.shell:Creating environment hook '/home/ori/my_ackermann/install/gazebo_ros2_control/share/gazebo_ros2_control/hook/ld_library_path_lib.sh'
[1.178s] Level 1:colcon.colcon_core.environment:checking '/home/ori/my_ackermann/install/gazebo_ros2_control/bin'
[1.178s] Level 1:colcon.colcon_core.environment:checking '/home/ori/my_ackermann/install/gazebo_ros2_control/lib/pkgconfig/gazebo_ros2_control.pc'
[1.178s] Level 1:colcon.colcon_core.environment:checking '/home/ori/my_ackermann/install/gazebo_ros2_control/lib/python3.10/site-packages'
[1.178s] Level 1:colcon.colcon_core.environment:checking '/home/ori/my_ackermann/install/gazebo_ros2_control/bin'
[1.187s] INFO:colcon.colcon_core.shell:Creating package script '/home/ori/my_ackermann/install/gazebo_ros2_control/share/gazebo_ros2_control/package.ps1'
[1.187s] INFO:colcon.colcon_core.shell:Creating package descriptor '/home/ori/my_ackermann/install/gazebo_ros2_control/share/gazebo_ros2_control/package.dsv'
[1.187s] INFO:colcon.colcon_core.shell:Creating package script '/home/ori/my_ackermann/install/gazebo_ros2_control/share/gazebo_ros2_control/package.sh'
[1.187s] INFO:colcon.colcon_core.shell:Creating package script '/home/ori/my_ackermann/install/gazebo_ros2_control/share/gazebo_ros2_control/package.bash'
[1.188s] INFO:colcon.colcon_core.shell:Creating package script '/home/ori/my_ackermann/install/gazebo_ros2_control/share/gazebo_ros2_control/package.zsh'
[1.188s] Level 1:colcon.colcon_core.environment:create_file_with_runtime_dependencies(/home/ori/my_ackermann/install/gazebo_ros2_control/share/colcon-core/packages/gazebo_ros2_control)
[1.198s] Level 1:colcon.colcon_core.environment:create_environment_scripts_only(diffdrive_arduino)
[1.207s] Level 1:colcon.colcon_core.environment:checking '/home/ori/my_ackermann/install/diffdrive_arduino' for CMake module files
[1.208s] Level 1:colcon.colcon_core.environment:checking '/home/ori/my_ackermann/install/diffdrive_arduino' for CMake config files
[1.208s] Level 1:colcon.colcon_core.shell:create_environment_hook('diffdrive_arduino', 'cmake_prefix_path')
[1.217s] INFO:colcon.colcon_core.shell:Creating environment hook '/home/ori/my_ackermann/install/diffdrive_arduino/share/diffdrive_arduino/hook/cmake_prefix_path.ps1'
[1.217s] INFO:colcon.colcon_core.shell:Creating environment descriptor '/home/ori/my_ackermann/install/diffdrive_arduino/share/diffdrive_arduino/hook/cmake_prefix_path.dsv'
[1.217s] INFO:colcon.colcon_core.shell:Creating environment hook '/home/ori/my_ackermann/install/diffdrive_arduino/share/diffdrive_arduino/hook/cmake_prefix_path.sh'
[1.218s] Level 1:colcon.colcon_core.environment:checking '/home/ori/my_ackermann/install/diffdrive_arduino/lib'
[1.218s] Level 1:colcon.colcon_core.shell:create_environment_hook('diffdrive_arduino', 'ld_library_path_lib')
[1.226s] INFO:colcon.colcon_core.shell:Creating environment hook '/home/ori/my_ackermann/install/diffdrive_arduino/share/diffdrive_arduino/hook/ld_library_path_lib.ps1'
[1.226s] INFO:colcon.colcon_core.shell:Creating environment descriptor '/home/ori/my_ackermann/install/diffdrive_arduino/share/diffdrive_arduino/hook/ld_library_path_lib.dsv'
[1.226s] INFO:colcon.colcon_core.shell:Creating environment hook '/home/ori/my_ackermann/install/diffdrive_arduino/share/diffdrive_arduino/hook/ld_library_path_lib.sh'
[1.227s] Level 1:colcon.colcon_core.environment:checking '/home/ori/my_ackermann/install/diffdrive_arduino/bin'
[1.227s] Level 1:colcon.colcon_core.environment:checking '/home/ori/my_ackermann/install/diffdrive_arduino/lib/pkgconfig/diffdrive_arduino.pc'
[1.227s] Level 1:colcon.colcon_core.environment:checking '/home/ori/my_ackermann/install/diffdrive_arduino/lib/python3.10/site-packages'
[1.227s] Level 1:colcon.colcon_core.environment:checking '/home/ori/my_ackermann/install/diffdrive_arduino/bin'
[1.235s] INFO:colcon.colcon_core.shell:Creating package script '/home/ori/my_ackermann/install/diffdrive_arduino/share/diffdrive_arduino/package.ps1'
[1.236s] INFO:colcon.colcon_core.shell:Creating package descriptor '/home/ori/my_ackermann/install/diffdrive_arduino/share/diffdrive_arduino/package.dsv'
[1.236s] INFO:colcon.colcon_core.shell:Creating package script '/home/ori/my_ackermann/install/diffdrive_arduino/share/diffdrive_arduino/package.sh'
[1.236s] INFO:colcon.colcon_core.shell:Creating package script '/home/ori/my_ackermann/install/diffdrive_arduino/share/diffdrive_arduino/package.bash'
[1.237s] INFO:colcon.colcon_core.shell:Creating package script '/home/ori/my_ackermann/install/diffdrive_arduino/share/diffdrive_arduino/package.zsh'
[1.237s] Level 1:colcon.colcon_core.environment:create_file_with_runtime_dependencies(/home/ori/my_ackermann/install/diffdrive_arduino/share/colcon-core/packages/diffdrive_arduino)
[1.246s] Level 1:colcon.colcon_core.environment:create_environment_scripts_only(serial)
[1.254s] Level 1:colcon.colcon_core.environment:checking '/home/ori/my_ackermann/install/serial' for CMake module files
[1.254s] Level 1:colcon.colcon_core.environment:checking '/home/ori/my_ackermann/install/serial' for CMake config files
[1.255s] Level 1:colcon.colcon_core.shell:create_environment_hook('serial', 'cmake_prefix_path')
[1.263s] INFO:colcon.colcon_core.shell:Creating environment hook '/home/ori/my_ackermann/install/serial/share/serial/hook/cmake_prefix_path.ps1'
[1.263s] INFO:colcon.colcon_core.shell:Creating environment descriptor '/home/ori/my_ackermann/install/serial/share/serial/hook/cmake_prefix_path.dsv'
[1.264s] INFO:colcon.colcon_core.shell:Creating environment hook '/home/ori/my_ackermann/install/serial/share/serial/hook/cmake_prefix_path.sh'
[1.264s] Level 1:colcon.colcon_core.environment:checking '/home/ori/my_ackermann/install/serial/lib'
[1.264s] Level 1:colcon.colcon_core.environment:checking '/home/ori/my_ackermann/install/serial/bin'
[1.264s] Level 1:colcon.colcon_core.environment:checking '/home/ori/my_ackermann/install/serial/lib/pkgconfig/serial.pc'
[1.264s] Level 1:colcon.colcon_core.environment:checking '/home/ori/my_ackermann/install/serial/lib/python3.10/site-packages'
[1.264s] Level 1:colcon.colcon_core.environment:checking '/home/ori/my_ackermann/install/serial/bin'
[1.273s] INFO:colcon.colcon_core.shell:Creating package script '/home/ori/my_ackermann/install/serial/share/serial/package.ps1'
[1.274s] INFO:colcon.colcon_core.shell:Creating package descriptor '/home/ori/my_ackermann/install/serial/share/serial/package.dsv'
[1.274s] INFO:colcon.colcon_core.shell:Creating package script '/home/ori/my_ackermann/install/serial/share/serial/package.sh'
[1.274s] INFO:colcon.colcon_core.shell:Creating package script '/home/ori/my_ackermann/install/serial/share/serial/package.bash'
[1.274s] INFO:colcon.colcon_core.shell:Creating package script '/home/ori/my_ackermann/install/serial/share/serial/package.zsh'
[1.275s] Level 1:colcon.colcon_core.environment:create_file_with_runtime_dependencies(/home/ori/my_ackermann/install/serial/share/colcon-core/packages/serial)
[1.285s] Level 1:colcon.colcon_core.environment:create_environment_scripts_only(gazebo_ros2_control)
[1.293s] Level 1:colcon.colcon_core.environment:checking '/home/ori/my_ackermann/install/gazebo_ros2_control' for CMake module files
[1.294s] Level 1:colcon.colcon_core.environment:checking '/home/ori/my_ackermann/install/gazebo_ros2_control' for CMake config files
[1.294s] Level 1:colcon.colcon_core.shell:create_environment_hook('gazebo_ros2_control', 'cmake_prefix_path')
[1.309s] INFO:colcon.colcon_core.shell:Creating environment hook '/home/ori/my_ackermann/install/gazebo_ros2_control/share/gazebo_ros2_control/hook/cmake_prefix_path.ps1'
[1.310s] INFO:colcon.colcon_core.shell:Creating environment descriptor '/home/ori/my_ackermann/install/gazebo_ros2_control/share/gazebo_ros2_control/hook/cmake_prefix_path.dsv'
[1.310s] INFO:colcon.colcon_core.shell:Creating environment hook '/home/ori/my_ackermann/install/gazebo_ros2_control/share/gazebo_ros2_control/hook/cmake_prefix_path.sh'
[1.310s] Level 1:colcon.colcon_core.environment:checking '/home/ori/my_ackermann/install/gazebo_ros2_control/lib'
[1.310s] Level 1:colcon.colcon_core.shell:create_environment_hook('gazebo_ros2_control', 'ld_library_path_lib')
[1.319s] INFO:colcon.colcon_core.shell:Creating environment hook '/home/ori/my_ackermann/install/gazebo_ros2_control/share/gazebo_ros2_control/hook/ld_library_path_lib.ps1'
[1.319s] INFO:colcon.colcon_core.shell:Creating environment descriptor '/home/ori/my_ackermann/install/gazebo_ros2_control/share/gazebo_ros2_control/hook/ld_library_path_lib.dsv'
[1.319s] INFO:colcon.colcon_core.shell:Creating environment hook '/home/ori/my_ackermann/install/gazebo_ros2_control/share/gazebo_ros2_control/hook/ld_library_path_lib.sh'
[1.319s] Level 1:colcon.colcon_core.environment:checking '/home/ori/my_ackermann/install/gazebo_ros2_control/bin'
[1.319s] Level 1:colcon.colcon_core.environment:checking '/home/ori/my_ackermann/install/gazebo_ros2_control/lib/pkgconfig/gazebo_ros2_control.pc'
[1.319s] Level 1:colcon.colcon_core.environment:checking '/home/ori/my_ackermann/install/gazebo_ros2_control/lib/python3.10/site-packages'
[1.320s] Level 1:colcon.colcon_core.environment:checking '/home/ori/my_ackermann/install/gazebo_ros2_control/bin'
[1.328s] INFO:colcon.colcon_core.shell:Creating package script '/home/ori/my_ackermann/install/gazebo_ros2_control/share/gazebo_ros2_control/package.ps1'
[1.329s] INFO:colcon.colcon_core.shell:Creating package descriptor '/home/ori/my_ackermann/install/gazebo_ros2_control/share/gazebo_ros2_control/package.dsv'
[1.329s] INFO:colcon.colcon_core.shell:Creating package script '/home/ori/my_ackermann/install/gazebo_ros2_control/share/gazebo_ros2_control/package.sh'
[1.329s] INFO:colcon.colcon_core.shell:Creating package script '/home/ori/my_ackermann/install/gazebo_ros2_control/share/gazebo_ros2_control/package.bash'
[1.329s] INFO:colcon.colcon_core.shell:Creating package script '/home/ori/my_ackermann/install/gazebo_ros2_control/share/gazebo_ros2_control/package.zsh'
[1.329s] Level 1:colcon.colcon_core.environment:create_file_with_runtime_dependencies(/home/ori/my_ackermann/install/gazebo_ros2_control/share/colcon-core/packages/gazebo_ros2_control)
[1.330s] INFO:colcon.colcon_ros.task.ament_cmake.build:Building ROS package in '/home/ori/my_ackermann/src/gazebo_ros2_control/gazebo_ros2_control_demos' with build type 'ament_cmake'
[1.330s] INFO:colcon.colcon_cmake.task.cmake.build:Building CMake package in '/home/ori/my_ackermann/src/gazebo_ros2_control/gazebo_ros2_control_demos'
[1.339s] INFO:colcon.colcon_core.shell:Skip shell extension 'powershell' for command environment: Not usable outside of PowerShell
[1.339s] DEBUG:colcon.colcon_core.shell:Skip shell extension 'dsv' for command environment
[1.367s] DEBUG:colcon.colcon_core.event_handler.log_command:Invoked command in '/home/ori/my_ackermann/build/rc_car' returned '0': CMAKE_PREFIX_PATH=${CMAKE_PREFIX_PATH}:/opt/ros/humble /usr/bin/cmake --build /home/ori/my_ackermann/build/rc_car -- -j20 -l20
[1.372s] DEBUG:colcon.colcon_core.event_handler.log_command:Invoking command in '/home/ori/my_ackermann/build/gazebo_ros2_control_demos': CMAKE_PREFIX_PATH=/home/ori/my_ackermann/install/gazebo_ros2_control:/home/ori/my_ackermann/install/serial:/home/ori/my_ackermann/install/rc_car:/home/ori/my_ackermann/install/gazebo_ros2_control_demos:/home/ori/my_ackermann/install/diffdrive_arduino:/opt/ros/humble LD_LIBRARY_PATH=/home/ori/my_ackermann/install/gazebo_ros2_control/lib:/home/ori/my_ackermann/install/serial/lib:/home/ori/my_ackermann/install/diffdrive_arduino/lib:/usr/lib/x86_64-linux-gnu/gazebo-11/plugins:/opt/ros/humble/opt/rviz_ogre_vendor/lib:/opt/ros/humble/lib/x86_64-linux-gnu:/opt/ros/humble/lib /usr/bin/cmake --build /home/ori/my_ackermann/build/gazebo_ros2_control_demos -- -j20 -l20
[1.383s] DEBUG:colcon.colcon_core.event_handler.log_command:Invoking command in '/home/ori/my_ackermann/build/rc_car': CMAKE_PREFIX_PATH=${CMAKE_PREFIX_PATH}:/opt/ros/humble /usr/bin/cmake --install /home/ori/my_ackermann/build/rc_car
[1.424s] Level 1:colcon.colcon_core.environment:create_environment_scripts_only(rc_car)
[1.428s] DEBUG:colcon.colcon_core.event_handler.log_command:Invoked command in '/home/ori/my_ackermann/build/rc_car' returned '0': CMAKE_PREFIX_PATH=${CMAKE_PREFIX_PATH}:/opt/ros/humble /usr/bin/cmake --install /home/ori/my_ackermann/build/rc_car
[1.436s] Level 1:colcon.colcon_core.environment:checking '/home/ori/my_ackermann/install/rc_car' for CMake module files
[1.437s] Level 1:colcon.colcon_core.environment:checking '/home/ori/my_ackermann/install/rc_car' for CMake config files
[1.437s] Level 1:colcon.colcon_core.shell:create_environment_hook('rc_car', 'cmake_prefix_path')
[1.445s] INFO:colcon.colcon_core.shell:Creating environment hook '/home/ori/my_ackermann/install/rc_car/share/rc_car/hook/cmake_prefix_path.ps1'
[1.446s] INFO:colcon.colcon_core.shell:Creating environment descriptor '/home/ori/my_ackermann/install/rc_car/share/rc_car/hook/cmake_prefix_path.dsv'
[1.446s] INFO:colcon.colcon_core.shell:Creating environment hook '/home/ori/my_ackermann/install/rc_car/share/rc_car/hook/cmake_prefix_path.sh'
[1.446s] Level 1:colcon.colcon_core.environment:checking '/home/ori/my_ackermann/install/rc_car/lib'
[1.446s] Level 1:colcon.colcon_core.environment:checking '/home/ori/my_ackermann/install/rc_car/bin'
[1.446s] Level 1:colcon.colcon_core.environment:checking '/home/ori/my_ackermann/install/rc_car/lib/pkgconfig/rc_car.pc'
[1.446s] Level 1:colcon.colcon_core.environment:checking '/home/ori/my_ackermann/install/rc_car/lib/python3.10/site-packages'
[1.446s] Level 1:colcon.colcon_core.environment:checking '/home/ori/my_ackermann/install/rc_car/bin'
[1.456s] INFO:colcon.colcon_core.shell:Creating package script '/home/ori/my_ackermann/install/rc_car/share/rc_car/package.ps1'
[1.456s] INFO:colcon.colcon_core.shell:Creating package descriptor '/home/ori/my_ackermann/install/rc_car/share/rc_car/package.dsv'
[1.456s] INFO:colcon.colcon_core.shell:Creating package script '/home/ori/my_ackermann/install/rc_car/share/rc_car/package.sh'
[1.456s] INFO:colcon.colcon_core.shell:Creating package script '/home/ori/my_ackermann/install/rc_car/share/rc_car/package.bash'
[1.456s] INFO:colcon.colcon_core.shell:Creating package script '/home/ori/my_ackermann/install/rc_car/share/rc_car/package.zsh'
[1.457s] Level 1:colcon.colcon_core.environment:create_file_with_runtime_dependencies(/home/ori/my_ackermann/install/rc_car/share/colcon-core/packages/rc_car)
[1.458s] DEBUG:colcon.colcon_core.event_handler.log_command:Invoked command in '/home/ori/my_ackermann/build/gazebo_ros2_control_demos' returned '0': CMAKE_PREFIX_PATH=/home/ori/my_ackermann/install/gazebo_ros2_control:/home/ori/my_ackermann/install/serial:/home/ori/my_ackermann/install/rc_car:/home/ori/my_ackermann/install/gazebo_ros2_control_demos:/home/ori/my_ackermann/install/diffdrive_arduino:/opt/ros/humble LD_LIBRARY_PATH=/home/ori/my_ackermann/install/gazebo_ros2_control/lib:/home/ori/my_ackermann/install/serial/lib:/home/ori/my_ackermann/install/diffdrive_arduino/lib:/usr/lib/x86_64-linux-gnu/gazebo-11/plugins:/opt/ros/humble/opt/rviz_ogre_vendor/lib:/opt/ros/humble/lib/x86_64-linux-gnu:/opt/ros/humble/lib /usr/bin/cmake --build /home/ori/my_ackermann/build/gazebo_ros2_control_demos -- -j20 -l20
[1.493s] Level 1:colcon.colcon_core.environment:create_environment_scripts_only(rc_car)
[1.501s] Level 1:colcon.colcon_core.environment:checking '/home/ori/my_ackermann/install/rc_car' for CMake module files
[1.502s] Level 1:colcon.colcon_core.environment:checking '/home/ori/my_ackermann/install/rc_car' for CMake config files
[1.502s] Level 1:colcon.colcon_core.shell:create_environment_hook('rc_car', 'cmake_prefix_path')
[1.510s] INFO:colcon.colcon_core.shell:Creating environment hook '/home/ori/my_ackermann/install/rc_car/share/rc_car/hook/cmake_prefix_path.ps1'
[1.510s] INFO:colcon.colcon_core.shell:Creating environment descriptor '/home/ori/my_ackermann/install/rc_car/share/rc_car/hook/cmake_prefix_path.dsv'
[1.511s] INFO:colcon.colcon_core.shell:Creating environment hook '/home/ori/my_ackermann/install/rc_car/share/rc_car/hook/cmake_prefix_path.sh'
[1.511s] Level 1:colcon.colcon_core.environment:checking '/home/ori/my_ackermann/install/rc_car/lib'
[1.511s] Level 1:colcon.colcon_core.environment:checking '/home/ori/my_ackermann/install/rc_car/bin'
[1.511s] Level 1:colcon.colcon_core.environment:checking '/home/ori/my_ackermann/install/rc_car/lib/pkgconfig/rc_car.pc'
[1.511s] Level 1:colcon.colcon_core.environment:checking '/home/ori/my_ackermann/install/rc_car/lib/python3.10/site-packages'
[1.511s] Level 1:colcon.colcon_core.environment:checking '/home/ori/my_ackermann/install/rc_car/bin'
[1.519s] INFO:colcon.colcon_core.shell:Creating package script '/home/ori/my_ackermann/install/rc_car/share/rc_car/package.ps1'
[1.520s] INFO:colcon.colcon_core.shell:Creating package descriptor '/home/ori/my_ackermann/install/rc_car/share/rc_car/package.dsv'
[1.520s] INFO:colcon.colcon_core.shell:Creating package script '/home/ori/my_ackermann/install/rc_car/share/rc_car/package.sh'
[1.520s] INFO:colcon.colcon_core.shell:Creating package script '/home/ori/my_ackermann/install/rc_car/share/rc_car/package.bash'
[1.520s] INFO:colcon.colcon_core.shell:Creating package script '/home/ori/my_ackermann/install/rc_car/share/rc_car/package.zsh'
[1.520s] Level 1:colcon.colcon_core.environment:create_file_with_runtime_dependencies(/home/ori/my_ackermann/install/rc_car/share/colcon-core/packages/rc_car)
[1.522s] DEBUG:colcon.colcon_core.event_handler.log_command:Invoking command in '/home/ori/my_ackermann/build/gazebo_ros2_control_demos': CMAKE_PREFIX_PATH=/home/ori/my_ackermann/install/gazebo_ros2_control:/home/ori/my_ackermann/install/serial:/home/ori/my_ackermann/install/rc_car:/home/ori/my_ackermann/install/gazebo_ros2_control_demos:/home/ori/my_ackermann/install/diffdrive_arduino:/opt/ros/humble LD_LIBRARY_PATH=/home/ori/my_ackermann/install/gazebo_ros2_control/lib:/home/ori/my_ackermann/install/serial/lib:/home/ori/my_ackermann/install/diffdrive_arduino/lib:/usr/lib/x86_64-linux-gnu/gazebo-11/plugins:/opt/ros/humble/opt/rviz_ogre_vendor/lib:/opt/ros/humble/lib/x86_64-linux-gnu:/opt/ros/humble/lib /usr/bin/cmake --install /home/ori/my_ackermann/build/gazebo_ros2_control_demos
[1.529s] Level 1:colcon.colcon_core.environment:create_environment_scripts_only(gazebo_ros2_control_demos)
[1.529s] DEBUG:colcon.colcon_core.event_handler.log_command:Invoked command in '/home/ori/my_ackermann/build/gazebo_ros2_control_demos' returned '0': CMAKE_PREFIX_PATH=/home/ori/my_ackermann/install/gazebo_ros2_control:/home/ori/my_ackermann/install/serial:/home/ori/my_ackermann/install/rc_car:/home/ori/my_ackermann/install/gazebo_ros2_control_demos:/home/ori/my_ackermann/install/diffdrive_arduino:/opt/ros/humble LD_LIBRARY_PATH=/home/ori/my_ackermann/install/gazebo_ros2_control/lib:/home/ori/my_ackermann/install/serial/lib:/home/ori/my_ackermann/install/diffdrive_arduino/lib:/usr/lib/x86_64-linux-gnu/gazebo-11/plugins:/opt/ros/humble/opt/rviz_ogre_vendor/lib:/opt/ros/humble/lib/x86_64-linux-gnu:/opt/ros/humble/lib /usr/bin/cmake --install /home/ori/my_ackermann/build/gazebo_ros2_control_demos
[1.538s] Level 1:colcon.colcon_core.environment:checking '/home/ori/my_ackermann/install/gazebo_ros2_control_demos' for CMake module files
[1.539s] Level 1:colcon.colcon_core.environment:checking '/home/ori/my_ackermann/install/gazebo_ros2_control_demos' for CMake config files
[1.539s] Level 1:colcon.colcon_core.shell:create_environment_hook('gazebo_ros2_control_demos', 'cmake_prefix_path')
[1.548s] INFO:colcon.colcon_core.shell:Creating environment hook '/home/ori/my_ackermann/install/gazebo_ros2_control_demos/share/gazebo_ros2_control_demos/hook/cmake_prefix_path.ps1'
[1.548s] INFO:colcon.colcon_core.shell:Creating environment descriptor '/home/ori/my_ackermann/install/gazebo_ros2_control_demos/share/gazebo_ros2_control_demos/hook/cmake_prefix_path.dsv'
[1.548s] INFO:colcon.colcon_core.shell:Creating environment hook '/home/ori/my_ackermann/install/gazebo_ros2_control_demos/share/gazebo_ros2_control_demos/hook/cmake_prefix_path.sh'
[1.548s] Level 1:colcon.colcon_core.environment:checking '/home/ori/my_ackermann/install/gazebo_ros2_control_demos/lib'
[1.548s] Level 1:colcon.colcon_core.environment:checking '/home/ori/my_ackermann/install/gazebo_ros2_control_demos/bin'
[1.549s] Level 1:colcon.colcon_core.environment:checking '/home/ori/my_ackermann/install/gazebo_ros2_control_demos/lib/pkgconfig/gazebo_ros2_control_demos.pc'
[1.549s] Level 1:colcon.colcon_core.environment:checking '/home/ori/my_ackermann/install/gazebo_ros2_control_demos/lib/python3.10/site-packages'
[1.549s] Level 1:colcon.colcon_core.environment:checking '/home/ori/my_ackermann/install/gazebo_ros2_control_demos/bin'
[1.558s] INFO:colcon.colcon_core.shell:Creating package script '/home/ori/my_ackermann/install/gazebo_ros2_control_demos/share/gazebo_ros2_control_demos/package.ps1'
[1.559s] INFO:colcon.colcon_core.shell:Creating package descriptor '/home/ori/my_ackermann/install/gazebo_ros2_control_demos/share/gazebo_ros2_control_demos/package.dsv'
[1.559s] INFO:colcon.colcon_core.shell:Creating package script '/home/ori/my_ackermann/install/gazebo_ros2_control_demos/share/gazebo_ros2_control_demos/package.sh'
[1.559s] INFO:colcon.colcon_core.shell:Creating package script '/home/ori/my_ackermann/install/gazebo_ros2_control_demos/share/gazebo_ros2_control_demos/package.bash'
[1.559s] INFO:colcon.colcon_core.shell:Creating package script '/home/ori/my_ackermann/install/gazebo_ros2_control_demos/share/gazebo_ros2_control_demos/package.zsh'
[1.559s] Level 1:colcon.colcon_core.environment:create_file_with_runtime_dependencies(/home/ori/my_ackermann/install/gazebo_ros2_control_demos/share/colcon-core/packages/gazebo_ros2_control_demos)
[1.609s] Level 1:colcon.colcon_core.environment:create_environment_scripts_only(gazebo_ros2_control_demos)
[1.618s] Level 1:colcon.colcon_core.environment:checking '/home/ori/my_ackermann/install/gazebo_ros2_control_demos' for CMake module files
[1.618s] Level 1:colcon.colcon_core.environment:checking '/home/ori/my_ackermann/install/gazebo_ros2_control_demos' for CMake config files
[1.618s] Level 1:colcon.colcon_core.shell:create_environment_hook('gazebo_ros2_control_demos', 'cmake_prefix_path')
[1.626s] INFO:colcon.colcon_core.shell:Creating environment hook '/home/ori/my_ackermann/install/gazebo_ros2_control_demos/share/gazebo_ros2_control_demos/hook/cmake_prefix_path.ps1'
[1.627s] INFO:colcon.colcon_core.shell:Creating environment descriptor '/home/ori/my_ackermann/install/gazebo_ros2_control_demos/share/gazebo_ros2_control_demos/hook/cmake_prefix_path.dsv'
[1.627s] INFO:colcon.colcon_core.shell:Creating environment hook '/home/ori/my_ackermann/install/gazebo_ros2_control_demos/share/gazebo_ros2_control_demos/hook/cmake_prefix_path.sh'
[1.627s] Level 1:colcon.colcon_core.environment:checking '/home/ori/my_ackermann/install/gazebo_ros2_control_demos/lib'
[1.627s] Level 1:colcon.colcon_core.environment:checking '/home/ori/my_ackermann/install/gazebo_ros2_control_demos/bin'
[1.627s] Level 1:colcon.colcon_core.environment:checking '/home/ori/my_ackermann/install/gazebo_ros2_control_demos/lib/pkgconfig/gazebo_ros2_control_demos.pc'
[1.627s] Level 1:colcon.colcon_core.environment:checking '/home/ori/my_ackermann/install/gazebo_ros2_control_demos/lib/python3.10/site-packages'
[1.628s] Level 1:colcon.colcon_core.environment:checking '/home/ori/my_ackermann/install/gazebo_ros2_control_demos/bin'
[1.636s] INFO:colcon.colcon_core.shell:Creating package script '/home/ori/my_ackermann/install/gazebo_ros2_control_demos/share/gazebo_ros2_control_demos/package.ps1'
[1.636s] INFO:colcon.colcon_core.shell:Creating package descriptor '/home/ori/my_ackermann/install/gazebo_ros2_control_demos/share/gazebo_ros2_control_demos/package.dsv'
[1.636s] INFO:colcon.colcon_core.shell:Creating package script '/home/ori/my_ackermann/install/gazebo_ros2_control_demos/share/gazebo_ros2_control_demos/package.sh'
[1.637s] INFO:colcon.colcon_core.shell:Creating package script '/home/ori/my_ackermann/install/gazebo_ros2_control_demos/share/gazebo_ros2_control_demos/package.bash'
[1.637s] INFO:colcon.colcon_core.shell:Creating package script '/home/ori/my_ackermann/install/gazebo_ros2_control_demos/share/gazebo_ros2_control_demos/package.zsh'
[1.637s] Level 1:colcon.colcon_core.environment:create_file_with_runtime_dependencies(/home/ori/my_ackermann/install/gazebo_ros2_control_demos/share/colcon-core/packages/gazebo_ros2_control_demos)
[1.637s] DEBUG:colcon.colcon_parallel_executor.executor.parallel:closing loop
[1.637s] DEBUG:colcon.colcon_parallel_executor.executor.parallel:loop closed
[1.637s] DEBUG:colcon.colcon_parallel_executor.executor.parallel:run_until_complete finished with '0'
[1.637s] DEBUG:colcon.colcon_core.event_reactor:joining thread
[1.650s] INFO:colcon.colcon_core.plugin_system:Skipping extension 'colcon_notification.desktop_notification.terminal_notifier': Not used on non-Darwin systems
[1.650s] INFO:colcon.colcon_core.plugin_system:Skipping extension 'colcon_notification.desktop_notification.win32': Not used on non-Windows systems
[1.650s] INFO:colcon.colcon_notification.desktop_notification:Sending desktop notification using 'notify2'
[1.659s] DEBUG:colcon.colcon_core.event_reactor:joined thread
[1.668s] INFO:colcon.colcon_core.shell:Creating prefix script '/home/ori/my_ackermann/install/local_setup.ps1'
[1.669s] INFO:colcon.colcon_core.shell:Creating prefix util module '/home/ori/my_ackermann/install/_local_setup_util_ps1.py'
[1.670s] INFO:colcon.colcon_core.shell:Creating prefix chain script '/home/ori/my_ackermann/install/setup.ps1'
[1.679s] INFO:colcon.colcon_core.shell:Creating prefix script '/home/ori/my_ackermann/install/local_setup.sh'
[1.680s] INFO:colcon.colcon_core.shell:Creating prefix util module '/home/ori/my_ackermann/install/_local_setup_util_sh.py'
[1.680s] INFO:colcon.colcon_core.shell:Creating prefix chain script '/home/ori/my_ackermann/install/setup.sh'
[1.689s] INFO:colcon.colcon_core.shell:Creating prefix script '/home/ori/my_ackermann/install/local_setup.bash'
[1.689s] INFO:colcon.colcon_core.shell:Creating prefix chain script '/home/ori/my_ackermann/install/setup.bash'
[1.698s] INFO:colcon.colcon_core.shell:Creating prefix script '/home/ori/my_ackermann/install/local_setup.zsh'
[1.698s] INFO:colcon.colcon_core.shell:Creating prefix chain script '/home/ori/my_ackermann/install/setup.zsh'
