[0.048s] Invoking command in '/home/ori/my_ackermann/build/serial': CMAKE_PREFIX_PATH=${CMAKE_PREFIX_PATH}:/opt/ros/humble /usr/bin/cmake --build /home/ori/my_ackermann/build/serial -- -j20 -l20
[0.070s] [35m[1mConsolidate compiler generated dependencies of target serial[0m
[0.075s] [35m[1mConsolidate compiler generated dependencies of target gtest_main[0m
[0.075s] [35m[1mConsolidate compiler generated dependencies of target gtest[0m
[0.081s] [ 28%] Built target serial
[0.087s] [35m[1mConsolidate compiler generated dependencies of target serial_example[0m
[0.087s] [ 42%] Built target gtest_main
[0.088s] [ 57%] Built target gtest
[0.094s] [35m[1mConsolidate compiler generated dependencies of target serial-test[0m
[0.094s] [35m[1mConsolidate compiler generated dependencies of target serial-test-timer[0m
[0.096s] [ 71%] Built target serial_example
[0.102s] [100%] Built target serial-test-timer
[0.103s] [100%] Built target serial-test
[0.115s] Invoked command in '/home/ori/my_ackermann/build/serial' returned '0': CMAKE_PREFIX_PATH=${CMAKE_PREFIX_PATH}:/opt/ros/humble /usr/bin/cmake --build /home/ori/my_ackermann/build/serial -- -j20 -l20
[0.171s] Invoking command in '/home/ori/my_ackermann/build/serial': CMAKE_PREFIX_PATH=${CMAKE_PREFIX_PATH}:/opt/ros/humble /usr/bin/cmake --install /home/ori/my_ackermann/build/serial
[0.175s] -- Install configuration: ""
[0.176s] -- Up-to-date: /home/ori/my_ackermann/install/serial/lib/libserial.a
[0.176s] -- Up-to-date: /home/ori/my_ackermann/install/serial/include/serial/serial.h
[0.177s] -- Up-to-date: /home/ori/my_ackermann/install/serial/include/serial/v8stdint.h
[0.177s] -- Up-to-date: /home/ori/my_ackermann/install/serial/share/serial/environment/library_path.sh
[0.177s] -- Up-to-date: /home/ori/my_ackermann/install/serial/share/serial/environment/library_path.dsv
[0.178s] -- Up-to-date: /home/ori/my_ackermann/install/serial/share/ament_index/resource_index/package_run_dependencies/serial
[0.178s] -- Up-to-date: /home/ori/my_ackermann/install/serial/share/ament_index/resource_index/parent_prefix_path/serial
[0.178s] -- Up-to-date: /home/ori/my_ackermann/install/serial/share/serial/environment/ament_prefix_path.sh
[0.179s] -- Up-to-date: /home/ori/my_ackermann/install/serial/share/serial/environment/ament_prefix_path.dsv
[0.179s] -- Up-to-date: /home/ori/my_ackermann/install/serial/share/serial/environment/path.sh
[0.179s] -- Up-to-date: /home/ori/my_ackermann/install/serial/share/serial/environment/path.dsv
[0.180s] -- Up-to-date: /home/ori/my_ackermann/install/serial/share/serial/local_setup.bash
[0.180s] -- Up-to-date: /home/ori/my_ackermann/install/serial/share/serial/local_setup.sh
[0.180s] -- Up-to-date: /home/ori/my_ackermann/install/serial/share/serial/local_setup.zsh
[0.181s] -- Up-to-date: /home/ori/my_ackermann/install/serial/share/serial/local_setup.dsv
[0.181s] -- Installing: /home/ori/my_ackermann/install/serial/share/serial/package.dsv
[0.181s] -- Up-to-date: /home/ori/my_ackermann/install/serial/share/ament_index/resource_index/packages/serial
[0.182s] -- Up-to-date: /home/ori/my_ackermann/install/serial/share/serial/cmake/ament_cmake_export_include_directories-extras.cmake
[0.182s] -- Up-to-date: /home/ori/my_ackermann/install/serial/share/serial/cmake/ament_cmake_export_libraries-extras.cmake
[0.182s] -- Up-to-date: /home/ori/my_ackermann/install/serial/share/serial/cmake/serialConfig.cmake
[0.183s] -- Up-to-date: /home/ori/my_ackermann/install/serial/share/serial/cmake/serialConfig-version.cmake
[0.183s] -- Up-to-date: /home/ori/my_ackermann/install/serial/share/serial/package.xml
[0.268s] Invoked command in '/home/ori/my_ackermann/build/serial' returned '0': CMAKE_PREFIX_PATH=${CMAKE_PREFIX_PATH}:/opt/ros/humble /usr/bin/cmake --install /home/ori/my_ackermann/build/serial
