[0.069s] DEBUG:colcon:Command line arguments: ['/usr/bin/colcon', 'list', '-p', '--base-paths', '/home/ori/Autonomous_Vehicle_Hardware']
[0.069s] DEBUG:colcon:Parsed command line arguments: Namespace(log_base=None, log_level=None, verb_name='list', build_base='build', ignore_user_meta=False, metas=['./colcon.meta'], base_paths=['/home/ori/Autonomous_Vehicle_Hardware'], packages_ignore=None, packages_ignore_regex=None, paths=None, packages_up_to=None, packages_up_to_regex=None, packages_above=None, packages_above_and_dependencies=None, packages_above_depth=None, packages_select_by_dep=None, packages_skip_by_dep=None, packages_skip_up_to=None, packages_select_build_failed=False, packages_skip_build_finished=False, packages_select_test_failures=False, packages_skip_test_passed=False, packages_select=None, packages_skip=None, packages_select_regex=None, packages_skip_regex=None, packages_start=None, packages_end=None, allow_overriding=[], topological_order=False, names_only=False, paths_only=True, topological_graph=False, topological_graph_dot=False, topological_graph_density=False, topological_graph_legend=False, topological_graph_dot_cluster=False, topological_graph_dot_include_skipped=False, mixin_files=None, mixin=None, verb_parser=<colcon_mixin.mixin.mixin_argument.MixinArgumentDecorator object at 0x7beba45fbb20>, verb_extension=<colcon_package_information.verb.list.ListVerb object at 0x7beba45faad0>, main=<bound method ListVerb.main of <colcon_package_information.verb.list.ListVerb object at 0x7beba45faad0>>, mixin_verb=('list',))
[0.185s] Level 1:colcon.colcon_core.package_discovery:discover_packages(colcon_meta) check parameters
[0.185s] Level 1:colcon.colcon_core.package_discovery:discover_packages(recursive) check parameters
[0.185s] Level 1:colcon.colcon_core.package_discovery:discover_packages(ignore) check parameters
[0.185s] Level 1:colcon.colcon_core.package_discovery:discover_packages(path) check parameters
[0.185s] Level 1:colcon.colcon_core.package_discovery:discover_packages(recursive) discover
[0.185s] INFO:colcon.colcon_core.package_discovery:Crawling recursively for packages in '/home/ori/Autonomous_Vehicle_Hardware'
[0.185s] Level 1:colcon.colcon_core.package_identification:_identify(/home/ori/Autonomous_Vehicle_Hardware) by extensions ['ignore', 'ignore_ament_install']
[0.185s] Level 1:colcon.colcon_core.package_identification:_identify(/home/ori/Autonomous_Vehicle_Hardware) by extension 'ignore'
[0.185s] Level 1:colcon.colcon_core.package_identification:_identify(/home/ori/Autonomous_Vehicle_Hardware) by extension 'ignore_ament_install'
[0.185s] Level 1:colcon.colcon_core.package_identification:_identify(/home/ori/Autonomous_Vehicle_Hardware) by extensions ['colcon_pkg']
[0.185s] Level 1:colcon.colcon_core.package_identification:_identify(/home/ori/Autonomous_Vehicle_Hardware) by extension 'colcon_pkg'
[0.185s] Level 1:colcon.colcon_core.package_identification:_identify(/home/ori/Autonomous_Vehicle_Hardware) by extensions ['colcon_meta']
[0.185s] Level 1:colcon.colcon_core.package_identification:_identify(/home/ori/Autonomous_Vehicle_Hardware) by extension 'colcon_meta'
[0.185s] Level 1:colcon.colcon_core.package_identification:_identify(/home/ori/Autonomous_Vehicle_Hardware) by extensions ['ros']
[0.185s] Level 1:colcon.colcon_core.package_identification:_identify(/home/ori/Autonomous_Vehicle_Hardware) by extension 'ros'
[0.193s] Level 1:colcon.colcon_core.package_identification:_identify(/home/ori/Autonomous_Vehicle_Hardware) by extensions ['cmake', 'python']
[0.193s] Level 1:colcon.colcon_core.package_identification:_identify(/home/ori/Autonomous_Vehicle_Hardware) by extension 'cmake'
[0.193s] Level 1:colcon.colcon_core.package_identification:_identify(/home/ori/Autonomous_Vehicle_Hardware) by extension 'python'
[0.193s] Level 1:colcon.colcon_core.package_identification:_identify(/home/ori/Autonomous_Vehicle_Hardware) by extensions ['python_setup_py']
[0.193s] Level 1:colcon.colcon_core.package_identification:_identify(/home/ori/Autonomous_Vehicle_Hardware) by extension 'python_setup_py'
[0.193s] Level 1:colcon.colcon_core.package_identification:_identify(/home/ori/Autonomous_Vehicle_Hardware/log) by extensions ['ignore', 'ignore_ament_install']
[0.193s] Level 1:colcon.colcon_core.package_identification:_identify(/home/ori/Autonomous_Vehicle_Hardware/log) by extension 'ignore'
[0.193s] Level 1:colcon.colcon_core.package_identification:_identify(/home/ori/Autonomous_Vehicle_Hardware/log) ignored
[0.193s] Level 1:colcon.colcon_core.package_identification:_identify(/home/ori/Autonomous_Vehicle_Hardware/src) by extensions ['ignore', 'ignore_ament_install']
[0.193s] Level 1:colcon.colcon_core.package_identification:_identify(/home/ori/Autonomous_Vehicle_Hardware/src) by extension 'ignore'
[0.193s] Level 1:colcon.colcon_core.package_identification:_identify(/home/ori/Autonomous_Vehicle_Hardware/src) by extension 'ignore_ament_install'
[0.193s] Level 1:colcon.colcon_core.package_identification:_identify(/home/ori/Autonomous_Vehicle_Hardware/src) by extensions ['colcon_pkg']
[0.193s] Level 1:colcon.colcon_core.package_identification:_identify(/home/ori/Autonomous_Vehicle_Hardware/src) by extension 'colcon_pkg'
[0.193s] Level 1:colcon.colcon_core.package_identification:_identify(/home/ori/Autonomous_Vehicle_Hardware/src) by extensions ['colcon_meta']
[0.193s] Level 1:colcon.colcon_core.package_identification:_identify(/home/ori/Autonomous_Vehicle_Hardware/src) by extension 'colcon_meta'
[0.193s] Level 1:colcon.colcon_core.package_identification:_identify(/home/ori/Autonomous_Vehicle_Hardware/src) by extensions ['ros']
[0.193s] Level 1:colcon.colcon_core.package_identification:_identify(/home/ori/Autonomous_Vehicle_Hardware/src) by extension 'ros'
[0.193s] Level 1:colcon.colcon_core.package_identification:_identify(/home/ori/Autonomous_Vehicle_Hardware/src) by extensions ['cmake', 'python']
[0.193s] Level 1:colcon.colcon_core.package_identification:_identify(/home/ori/Autonomous_Vehicle_Hardware/src) by extension 'cmake'
[0.193s] Level 1:colcon.colcon_core.package_identification:_identify(/home/ori/Autonomous_Vehicle_Hardware/src) by extension 'python'
[0.193s] Level 1:colcon.colcon_core.package_identification:_identify(/home/ori/Autonomous_Vehicle_Hardware/src) by extensions ['python_setup_py']
[0.193s] Level 1:colcon.colcon_core.package_identification:_identify(/home/ori/Autonomous_Vehicle_Hardware/src) by extension 'python_setup_py'
[0.193s] Level 1:colcon.colcon_core.package_identification:_identify(/home/ori/Autonomous_Vehicle_Hardware/src/diffdrive_arduino) by extensions ['ignore', 'ignore_ament_install']
[0.193s] Level 1:colcon.colcon_core.package_identification:_identify(/home/ori/Autonomous_Vehicle_Hardware/src/diffdrive_arduino) by extension 'ignore'
[0.193s] Level 1:colcon.colcon_core.package_identification:_identify(/home/ori/Autonomous_Vehicle_Hardware/src/diffdrive_arduino) by extension 'ignore_ament_install'
[0.194s] Level 1:colcon.colcon_core.package_identification:_identify(/home/ori/Autonomous_Vehicle_Hardware/src/diffdrive_arduino) by extensions ['colcon_pkg']
[0.194s] Level 1:colcon.colcon_core.package_identification:_identify(/home/ori/Autonomous_Vehicle_Hardware/src/diffdrive_arduino) by extension 'colcon_pkg'
[0.194s] Level 1:colcon.colcon_core.package_identification:_identify(/home/ori/Autonomous_Vehicle_Hardware/src/diffdrive_arduino) by extensions ['colcon_meta']
[0.194s] Level 1:colcon.colcon_core.package_identification:_identify(/home/ori/Autonomous_Vehicle_Hardware/src/diffdrive_arduino) by extension 'colcon_meta'
[0.194s] Level 1:colcon.colcon_core.package_identification:_identify(/home/ori/Autonomous_Vehicle_Hardware/src/diffdrive_arduino) by extensions ['ros']
[0.194s] Level 1:colcon.colcon_core.package_identification:_identify(/home/ori/Autonomous_Vehicle_Hardware/src/diffdrive_arduino) by extension 'ros'
[0.196s] DEBUG:colcon.colcon_core.package_identification:Package '/home/ori/Autonomous_Vehicle_Hardware/src/diffdrive_arduino' with type 'ros.ament_cmake' and name 'diffdrive_arduino'
[0.196s] Level 1:colcon.colcon_core.package_identification:_identify(/home/ori/Autonomous_Vehicle_Hardware/src/interfaces) by extensions ['ignore', 'ignore_ament_install']
[0.196s] Level 1:colcon.colcon_core.package_identification:_identify(/home/ori/Autonomous_Vehicle_Hardware/src/interfaces) by extension 'ignore'
[0.196s] Level 1:colcon.colcon_core.package_identification:_identify(/home/ori/Autonomous_Vehicle_Hardware/src/interfaces) by extension 'ignore_ament_install'
[0.196s] Level 1:colcon.colcon_core.package_identification:_identify(/home/ori/Autonomous_Vehicle_Hardware/src/interfaces) by extensions ['colcon_pkg']
[0.196s] Level 1:colcon.colcon_core.package_identification:_identify(/home/ori/Autonomous_Vehicle_Hardware/src/interfaces) by extension 'colcon_pkg'
[0.196s] Level 1:colcon.colcon_core.package_identification:_identify(/home/ori/Autonomous_Vehicle_Hardware/src/interfaces) by extensions ['colcon_meta']
[0.196s] Level 1:colcon.colcon_core.package_identification:_identify(/home/ori/Autonomous_Vehicle_Hardware/src/interfaces) by extension 'colcon_meta'
[0.196s] Level 1:colcon.colcon_core.package_identification:_identify(/home/ori/Autonomous_Vehicle_Hardware/src/interfaces) by extensions ['ros']
[0.196s] Level 1:colcon.colcon_core.package_identification:_identify(/home/ori/Autonomous_Vehicle_Hardware/src/interfaces) by extension 'ros'
[0.196s] DEBUG:colcon.colcon_core.package_identification:Package '/home/ori/Autonomous_Vehicle_Hardware/src/interfaces' with type 'ros.ament_cmake' and name 'interfaces'
[0.196s] Level 1:colcon.colcon_core.package_identification:_identify(/home/ori/Autonomous_Vehicle_Hardware/src/mocap_msgs) by extensions ['ignore', 'ignore_ament_install']
[0.197s] Level 1:colcon.colcon_core.package_identification:_identify(/home/ori/Autonomous_Vehicle_Hardware/src/mocap_msgs) by extension 'ignore'
[0.197s] Level 1:colcon.colcon_core.package_identification:_identify(/home/ori/Autonomous_Vehicle_Hardware/src/mocap_msgs) by extension 'ignore_ament_install'
[0.197s] Level 1:colcon.colcon_core.package_identification:_identify(/home/ori/Autonomous_Vehicle_Hardware/src/mocap_msgs) by extensions ['colcon_pkg']
[0.197s] Level 1:colcon.colcon_core.package_identification:_identify(/home/ori/Autonomous_Vehicle_Hardware/src/mocap_msgs) by extension 'colcon_pkg'
[0.197s] Level 1:colcon.colcon_core.package_identification:_identify(/home/ori/Autonomous_Vehicle_Hardware/src/mocap_msgs) by extensions ['colcon_meta']
[0.197s] Level 1:colcon.colcon_core.package_identification:_identify(/home/ori/Autonomous_Vehicle_Hardware/src/mocap_msgs) by extension 'colcon_meta'
[0.197s] Level 1:colcon.colcon_core.package_identification:_identify(/home/ori/Autonomous_Vehicle_Hardware/src/mocap_msgs) by extensions ['ros']
[0.197s] Level 1:colcon.colcon_core.package_identification:_identify(/home/ori/Autonomous_Vehicle_Hardware/src/mocap_msgs) by extension 'ros'
[0.197s] Level 1:colcon.colcon_core.package_identification:_identify(/home/ori/Autonomous_Vehicle_Hardware/src/mocap_msgs) by extensions ['cmake', 'python']
[0.197s] Level 1:colcon.colcon_core.package_identification:_identify(/home/ori/Autonomous_Vehicle_Hardware/src/mocap_msgs) by extension 'cmake'
[0.197s] Level 1:colcon.colcon_core.package_identification:_identify(/home/ori/Autonomous_Vehicle_Hardware/src/mocap_msgs) by extension 'python'
[0.197s] Level 1:colcon.colcon_core.package_identification:_identify(/home/ori/Autonomous_Vehicle_Hardware/src/mocap_msgs) by extensions ['python_setup_py']
[0.197s] Level 1:colcon.colcon_core.package_identification:_identify(/home/ori/Autonomous_Vehicle_Hardware/src/mocap_msgs) by extension 'python_setup_py'
[0.197s] Level 1:colcon.colcon_core.package_identification:_identify(/home/ori/Autonomous_Vehicle_Hardware/src/mocap_msgs/mocap_optitrack_driver) by extensions ['ignore', 'ignore_ament_install']
[0.197s] Level 1:colcon.colcon_core.package_identification:_identify(/home/ori/Autonomous_Vehicle_Hardware/src/mocap_msgs/mocap_optitrack_driver) by extension 'ignore'
[0.197s] Level 1:colcon.colcon_core.package_identification:_identify(/home/ori/Autonomous_Vehicle_Hardware/src/mocap_msgs/mocap_optitrack_driver) by extension 'ignore_ament_install'
[0.197s] Level 1:colcon.colcon_core.package_identification:_identify(/home/ori/Autonomous_Vehicle_Hardware/src/mocap_msgs/mocap_optitrack_driver) by extensions ['colcon_pkg']
[0.197s] Level 1:colcon.colcon_core.package_identification:_identify(/home/ori/Autonomous_Vehicle_Hardware/src/mocap_msgs/mocap_optitrack_driver) by extension 'colcon_pkg'
[0.197s] Level 1:colcon.colcon_core.package_identification:_identify(/home/ori/Autonomous_Vehicle_Hardware/src/mocap_msgs/mocap_optitrack_driver) by extensions ['colcon_meta']
[0.197s] Level 1:colcon.colcon_core.package_identification:_identify(/home/ori/Autonomous_Vehicle_Hardware/src/mocap_msgs/mocap_optitrack_driver) by extension 'colcon_meta'
[0.197s] Level 1:colcon.colcon_core.package_identification:_identify(/home/ori/Autonomous_Vehicle_Hardware/src/mocap_msgs/mocap_optitrack_driver) by extensions ['ros']
[0.197s] Level 1:colcon.colcon_core.package_identification:_identify(/home/ori/Autonomous_Vehicle_Hardware/src/mocap_msgs/mocap_optitrack_driver) by extension 'ros'
[0.198s] DEBUG:colcon.colcon_core.package_identification:Package '/home/ori/Autonomous_Vehicle_Hardware/src/mocap_msgs/mocap_optitrack_driver' with type 'ros.ament_cmake' and name 'mocap_optitrack_driver'
[0.198s] Level 1:colcon.colcon_core.package_identification:_identify(/home/ori/Autonomous_Vehicle_Hardware/src/rc_car) by extensions ['ignore', 'ignore_ament_install']
[0.198s] Level 1:colcon.colcon_core.package_identification:_identify(/home/ori/Autonomous_Vehicle_Hardware/src/rc_car) by extension 'ignore'
[0.198s] Level 1:colcon.colcon_core.package_identification:_identify(/home/ori/Autonomous_Vehicle_Hardware/src/rc_car) by extension 'ignore_ament_install'
[0.198s] Level 1:colcon.colcon_core.package_identification:_identify(/home/ori/Autonomous_Vehicle_Hardware/src/rc_car) by extensions ['colcon_pkg']
[0.198s] Level 1:colcon.colcon_core.package_identification:_identify(/home/ori/Autonomous_Vehicle_Hardware/src/rc_car) by extension 'colcon_pkg'
[0.198s] Level 1:colcon.colcon_core.package_identification:_identify(/home/ori/Autonomous_Vehicle_Hardware/src/rc_car) by extensions ['colcon_meta']
[0.198s] Level 1:colcon.colcon_core.package_identification:_identify(/home/ori/Autonomous_Vehicle_Hardware/src/rc_car) by extension 'colcon_meta'
[0.198s] Level 1:colcon.colcon_core.package_identification:_identify(/home/ori/Autonomous_Vehicle_Hardware/src/rc_car) by extensions ['ros']
[0.198s] Level 1:colcon.colcon_core.package_identification:_identify(/home/ori/Autonomous_Vehicle_Hardware/src/rc_car) by extension 'ros'
[0.198s] DEBUG:colcon.colcon_core.package_identification:Package '/home/ori/Autonomous_Vehicle_Hardware/src/rc_car' with type 'ros.ament_cmake' and name 'rc_car'
[0.198s] Level 1:colcon.colcon_core.package_identification:_identify(/home/ori/Autonomous_Vehicle_Hardware/src/serial) by extensions ['ignore', 'ignore_ament_install']
[0.198s] Level 1:colcon.colcon_core.package_identification:_identify(/home/ori/Autonomous_Vehicle_Hardware/src/serial) by extension 'ignore'
[0.199s] Level 1:colcon.colcon_core.package_identification:_identify(/home/ori/Autonomous_Vehicle_Hardware/src/serial) by extension 'ignore_ament_install'
[0.199s] Level 1:colcon.colcon_core.package_identification:_identify(/home/ori/Autonomous_Vehicle_Hardware/src/serial) by extensions ['colcon_pkg']
[0.199s] Level 1:colcon.colcon_core.package_identification:_identify(/home/ori/Autonomous_Vehicle_Hardware/src/serial) by extension 'colcon_pkg'
[0.199s] Level 1:colcon.colcon_core.package_identification:_identify(/home/ori/Autonomous_Vehicle_Hardware/src/serial) by extensions ['colcon_meta']
[0.199s] Level 1:colcon.colcon_core.package_identification:_identify(/home/ori/Autonomous_Vehicle_Hardware/src/serial) by extension 'colcon_meta'
[0.199s] Level 1:colcon.colcon_core.package_identification:_identify(/home/ori/Autonomous_Vehicle_Hardware/src/serial) by extensions ['ros']
[0.199s] Level 1:colcon.colcon_core.package_identification:_identify(/home/ori/Autonomous_Vehicle_Hardware/src/serial) by extension 'ros'
[0.199s] DEBUG:colcon.colcon_core.package_identification:Package '/home/ori/Autonomous_Vehicle_Hardware/src/serial' with type 'ros.ament_cmake' and name 'serial'
[0.199s] Level 1:colcon.colcon_core.package_discovery:discover_packages(recursive) using defaults
