Built target ament_cmake_python_copy_rc_car
running egg_info
writing rc_car.egg-info/PKG-INFO
writing dependency_links to rc_car.egg-info/dependency_links.txt
writing top-level names to rc_car.egg-info/top_level.txt
reading manifest file 'rc_car.egg-info/SOURCES.txt'
writing manifest file 'rc_car.egg-info/SOURCES.txt'
Built target ament_cmake_python_build_rc_car_egg
-- Install configuration: ""
-- Up-to-date: /home/ori/my_ackermann/install/rc_car/share/rc_car/environment/pythonpath.sh
-- Up-to-date: /home/ori/my_ackermann/install/rc_car/share/rc_car/environment/pythonpath.dsv
-- Up-to-date: /home/ori/my_ackermann/install/rc_car/local/lib/python3.10/dist-packages/rc_car-0.0.0-py3.10.egg-info
-- Installing: /home/ori/my_ackermann/install/rc_car/local/lib/python3.10/dist-packages/rc_car-0.0.0-py3.10.egg-info/dependency_links.txt
-- Installing: /home/ori/my_ackermann/install/rc_car/local/lib/python3.10/dist-packages/rc_car-0.0.0-py3.10.egg-info/top_level.txt
-- Installing: /home/ori/my_ackermann/install/rc_car/local/lib/python3.10/dist-packages/rc_car-0.0.0-py3.10.egg-info/PKG-INFO
-- Installing: /home/ori/my_ackermann/install/rc_car/local/lib/python3.10/dist-packages/rc_car-0.0.0-py3.10.egg-info/SOURCES.txt
-- Up-to-date: /home/ori/my_ackermann/install/rc_car/local/lib/python3.10/dist-packages/rc_car
-- Up-to-date: /home/ori/my_ackermann/install/rc_car/local/lib/python3.10/dist-packages/rc_car/__init__.py
Listing '/home/ori/my_ackermann/install/rc_car/local/lib/python3.10/dist-packages/rc_car'...
-- Up-to-date: /home/ori/my_ackermann/install/rc_car/share/rc_car/config
-- Up-to-date: /home/ori/my_ackermann/install/rc_car/share/rc_car/config/joystick.yaml
-- Up-to-date: /home/ori/my_ackermann/install/rc_car/share/rc_car/config/mapper_params_online_async.yaml
-- Up-to-date: /home/ori/my_ackermann/install/rc_car/share/rc_car/config/main.rviz
-- Up-to-date: /home/ori/my_ackermann/install/rc_car/share/rc_car/config/map.rviz
-- Up-to-date: /home/ori/my_ackermann/install/rc_car/share/rc_car/config/view_bot.rviz
-- Up-to-date: /home/ori/my_ackermann/install/rc_car/share/rc_car/config/gaz_ros2_ctl_use_sim.yaml
-- Up-to-date: /home/ori/my_ackermann/install/rc_car/share/rc_car/config/ball_tracker_params_sim.yaml
-- Up-to-date: /home/ori/my_ackermann/install/rc_car/share/rc_car/config/bicycle_steering_controller.yaml
-- Up-to-date: /home/ori/my_ackermann/install/rc_car/share/rc_car/config/gazebo_params.yaml
-- Up-to-date: /home/ori/my_ackermann/install/rc_car/share/rc_car/config/empty.yaml
-- Up-to-date: /home/ori/my_ackermann/install/rc_car/share/rc_car/config/ball_tracker_params_robot.yaml
-- Up-to-date: /home/ori/my_ackermann/install/rc_car/share/rc_car/config/drive_bot.rviz
-- Up-to-date: /home/ori/my_ackermann/install/rc_car/share/rc_car/config/ekf.yaml
-- Up-to-date: /home/ori/my_ackermann/install/rc_car/share/rc_car/config/twist_mux.yaml
-- Up-to-date: /home/ori/my_ackermann/install/rc_car/share/rc_car/config/nav2_params.yaml
-- Up-to-date: /home/ori/my_ackermann/install/rc_car/share/rc_car/description
-- Up-to-date: /home/ori/my_ackermann/install/rc_car/share/rc_car/description/robot.urdf.xacro
-- Up-to-date: /home/ori/my_ackermann/install/rc_car/share/rc_car/description/camera.xacro
-- Up-to-date: /home/ori/my_ackermann/install/rc_car/share/rc_car/description/imu.xacro
-- Up-to-date: /home/ori/my_ackermann/install/rc_car/share/rc_car/description/depth_camera.xacro
-- Up-to-date: /home/ori/my_ackermann/install/rc_car/share/rc_car/description/Traxxes_2DOF.xacro
-- Up-to-date: /home/ori/my_ackermann/install/rc_car/share/rc_car/description/lidar.xacro
-- Up-to-date: /home/ori/my_ackermann/install/rc_car/share/rc_car/description/face.xacro
-- Up-to-date: /home/ori/my_ackermann/install/rc_car/share/rc_car/description/depricated_Traxxes.xacro
-- Up-to-date: /home/ori/my_ackermann/install/rc_car/share/rc_car/description/ros2_control_bicycle.xacro
-- Up-to-date: /home/ori/my_ackermann/install/rc_car/share/rc_car/description/inertial_macros.xacro
-- Up-to-date: /home/ori/my_ackermann/install/rc_car/share/rc_car/launch
-- Up-to-date: /home/ori/my_ackermann/install/rc_car/share/rc_car/launch/online_async_launch.py
-- Up-to-date: /home/ori/my_ackermann/install/rc_car/share/rc_car/launch/rsp.launch.py
-- Up-to-date: /home/ori/my_ackermann/install/rc_car/share/rc_car/launch/launch_sim_bicycle.launch.py
-- Up-to-date: /home/ori/my_ackermann/install/rc_car/share/rc_car/launch/joystick.launch.py
-- Up-to-date: /home/ori/my_ackermann/install/rc_car/share/rc_car/launch/ball_tracker.launch.py
-- Up-to-date: /home/ori/my_ackermann/install/rc_car/share/rc_car/launch/rplidar.launch.py
-- Up-to-date: /home/ori/my_ackermann/install/rc_car/share/rc_car/launch/camera.launch.py
-- Up-to-date: /home/ori/my_ackermann/install/rc_car/share/rc_car/launch/launch_robot.launch.py
-- Up-to-date: /home/ori/my_ackermann/install/rc_car/share/rc_car/launch/localization_launch.py
-- Up-to-date: /home/ori/my_ackermann/install/rc_car/share/rc_car/launch/navigation_launch.py
-- Up-to-date: /home/ori/my_ackermann/install/rc_car/share/rc_car/worlds
-- Up-to-date: /home/ori/my_ackermann/install/rc_car/share/rc_car/worlds/empty.world
-- Up-to-date: /home/ori/my_ackermann/install/rc_car/share/rc_car/worlds/obstacles.world
-- Installing: /home/ori/my_ackermann/install/rc_car/share/rc_car/worlds/maze1.world
-- Up-to-date: /home/ori/my_ackermann/install/rc_car/share/rc_car/scripts
-- Up-to-date: /home/ori/my_ackermann/install/rc_car/share/rc_car/scripts/odom_publisher_bicycle.py
-- Up-to-date: /home/ori/my_ackermann/install/rc_car/lib/rc_car/odom_publisher_bicycle.py
-- Up-to-date: /home/ori/my_ackermann/install/rc_car/share/ament_index/resource_index/package_run_dependencies/rc_car
-- Up-to-date: /home/ori/my_ackermann/install/rc_car/share/ament_index/resource_index/parent_prefix_path/rc_car
-- Up-to-date: /home/ori/my_ackermann/install/rc_car/share/rc_car/environment/ament_prefix_path.sh
-- Up-to-date: /home/ori/my_ackermann/install/rc_car/share/rc_car/environment/ament_prefix_path.dsv
-- Up-to-date: /home/ori/my_ackermann/install/rc_car/share/rc_car/environment/path.sh
-- Up-to-date: /home/ori/my_ackermann/install/rc_car/share/rc_car/environment/path.dsv
-- Up-to-date: /home/ori/my_ackermann/install/rc_car/share/rc_car/local_setup.bash
-- Up-to-date: /home/ori/my_ackermann/install/rc_car/share/rc_car/local_setup.sh
-- Up-to-date: /home/ori/my_ackermann/install/rc_car/share/rc_car/local_setup.zsh
-- Up-to-date: /home/ori/my_ackermann/install/rc_car/share/rc_car/local_setup.dsv
-- Installing: /home/ori/my_ackermann/install/rc_car/share/rc_car/package.dsv
-- Up-to-date: /home/ori/my_ackermann/install/rc_car/share/ament_index/resource_index/packages/rc_car
-- Up-to-date: /home/ori/my_ackermann/install/rc_car/share/rc_car/cmake/rc_carConfig.cmake
-- Up-to-date: /home/ori/my_ackermann/install/rc_car/share/rc_car/cmake/rc_carConfig-version.cmake
-- Up-to-date: /home/ori/my_ackermann/install/rc_car/share/rc_car/package.xml
