[0.046s] Invoking command in '/home/ori/my_ackermann/build/serial': CMAKE_PREFIX_PATH=${CMAKE_PREFIX_PATH}:/opt/ros/humble /usr/bin/cmake --build /home/ori/my_ackermann/build/serial -- -j20 -l20
[0.076s] [ 14%] Built target gtest_main
[0.079s] [ 42%] Built target serial
[0.081s] [ 57%] Built target gtest
[0.095s] [ 71%] Built target serial_example
[0.095s] [ 85%] Built target serial-test-timer
[0.097s] [100%] Built target serial-test
[0.106s] Invoked command in '/home/ori/my_ackermann/build/serial' returned '0': CMAKE_PREFIX_PATH=${CMAKE_PREFIX_PATH}:/opt/ros/humble /usr/bin/cmake --build /home/ori/my_ackermann/build/serial -- -j20 -l20
[0.158s] Invoking command in '/home/ori/my_ackermann/build/serial': CMAKE_PREFIX_PATH=${CMAKE_PREFIX_PATH}:/opt/ros/humble /usr/bin/cmake --install /home/ori/my_ackermann/build/serial
[0.166s] -- Install configuration: ""
[0.166s] -- Up-to-date: /home/ori/my_ackermann/install/serial/lib/libserial.a
[0.166s] -- Up-to-date: /home/ori/my_ackermann/install/serial/include/serial/serial.h
[0.166s] -- Up-to-date: /home/ori/my_ackermann/install/serial/include/serial/v8stdint.h
[0.167s] -- Up-to-date: /home/ori/my_ackermann/install/serial/share/serial/environment/library_path.sh
[0.167s] -- Up-to-date: /home/ori/my_ackermann/install/serial/share/serial/environment/library_path.dsv
[0.167s] -- Up-to-date: /home/ori/my_ackermann/install/serial/share/ament_index/resource_index/package_run_dependencies/serial
[0.167s] -- Up-to-date: /home/ori/my_ackermann/install/serial/share/ament_index/resource_index/parent_prefix_path/serial
[0.167s] -- Up-to-date: /home/ori/my_ackermann/install/serial/share/serial/environment/ament_prefix_path.sh
[0.167s] -- Up-to-date: /home/ori/my_ackermann/install/serial/share/serial/environment/ament_prefix_path.dsv
[0.167s] -- Up-to-date: /home/ori/my_ackermann/install/serial/share/serial/environment/path.sh
[0.168s] -- Up-to-date: /home/ori/my_ackermann/install/serial/share/serial/environment/path.dsv
[0.168s] -- Up-to-date: /home/ori/my_ackermann/install/serial/share/serial/local_setup.bash
[0.168s] -- Up-to-date: /home/ori/my_ackermann/install/serial/share/serial/local_setup.sh
[0.168s] -- Up-to-date: /home/ori/my_ackermann/install/serial/share/serial/local_setup.zsh
[0.168s] -- Up-to-date: /home/ori/my_ackermann/install/serial/share/serial/local_setup.dsv
[0.168s] -- Installing: /home/ori/my_ackermann/install/serial/share/serial/package.dsv
[0.169s] -- Up-to-date: /home/ori/my_ackermann/install/serial/share/ament_index/resource_index/packages/serial
[0.169s] -- Up-to-date: /home/ori/my_ackermann/install/serial/share/serial/cmake/ament_cmake_export_include_directories-extras.cmake
[0.169s] -- Up-to-date: /home/ori/my_ackermann/install/serial/share/serial/cmake/ament_cmake_export_libraries-extras.cmake
[0.169s] -- Up-to-date: /home/ori/my_ackermann/install/serial/share/serial/cmake/serialConfig.cmake
[0.169s] -- Up-to-date: /home/ori/my_ackermann/install/serial/share/serial/cmake/serialConfig-version.cmake
[0.170s] -- Up-to-date: /home/ori/my_ackermann/install/serial/share/serial/package.xml
[0.211s] Invoked command in '/home/ori/my_ackermann/build/serial' returned '0': CMAKE_PREFIX_PATH=${CMAKE_PREFIX_PATH}:/opt/ros/humble /usr/bin/cmake --install /home/ori/my_ackermann/build/serial
