[0.618s] DEBUG:colcon:Command line arguments: ['/usr/bin/colcon', 'list', '-p', '--base-paths', '/home/ori/my_ackermann']
[0.618s] DEBUG:colcon:Parsed command line arguments: Namespace(log_base=None, log_level=None, verb_name='list', build_base='build', ignore_user_meta=False, metas=['./colcon.meta'], base_paths=['/home/ori/my_ackermann'], packages_ignore=None, packages_ignore_regex=None, paths=None, packages_up_to=None, packages_up_to_regex=None, packages_above=None, packages_above_and_dependencies=None, packages_above_depth=None, packages_select_by_dep=None, packages_skip_by_dep=None, packages_skip_up_to=None, packages_select_build_failed=False, packages_skip_build_finished=False, packages_select_test_failures=False, packages_skip_test_passed=False, packages_select=None, packages_skip=None, packages_select_regex=None, packages_skip_regex=None, packages_start=None, packages_end=None, allow_overriding=[], topological_order=False, names_only=False, paths_only=True, topological_graph=False, topological_graph_dot=False, topological_graph_density=False, topological_graph_legend=False, topological_graph_dot_cluster=False, topological_graph_dot_include_skipped=False, verb_parser=<colcon_defaults.argument_parser.defaults.DefaultArgumentsDecorator object at 0x7f97251db3d0>, verb_extension=<colcon_package_information.verb.list.ListVerb object at 0x7f97251db2e0>, main=<bound method ListVerb.main of <colcon_package_information.verb.list.ListVerb object at 0x7f97251db2e0>>)
[0.647s] Level 1:colcon.colcon_core.package_discovery:discover_packages(colcon_meta) check parameters
[0.647s] Level 1:colcon.colcon_core.package_discovery:discover_packages(recursive) check parameters
[0.648s] Level 1:colcon.colcon_core.package_discovery:discover_packages(ignore) check parameters
[0.648s] Level 1:colcon.colcon_core.package_discovery:discover_packages(path) check parameters
[0.648s] Level 1:colcon.colcon_core.package_discovery:discover_packages(recursive) discover
[0.648s] INFO:colcon.colcon_core.package_discovery:Crawling recursively for packages in '/home/ori/my_ackermann'
[0.648s] Level 1:colcon.colcon_core.package_identification:_identify(/home/ori/my_ackermann) by extensions ['ignore', 'ignore_ament_install']
[0.648s] Level 1:colcon.colcon_core.package_identification:_identify(/home/ori/my_ackermann) by extension 'ignore'
[0.648s] Level 1:colcon.colcon_core.package_identification:_identify(/home/ori/my_ackermann) by extension 'ignore_ament_install'
[0.648s] Level 1:colcon.colcon_core.package_identification:_identify(/home/ori/my_ackermann) by extensions ['colcon_pkg']
[0.648s] Level 1:colcon.colcon_core.package_identification:_identify(/home/ori/my_ackermann) by extension 'colcon_pkg'
[0.648s] Level 1:colcon.colcon_core.package_identification:_identify(/home/ori/my_ackermann) by extensions ['colcon_meta']
[0.648s] Level 1:colcon.colcon_core.package_identification:_identify(/home/ori/my_ackermann) by extension 'colcon_meta'
[0.648s] Level 1:colcon.colcon_core.package_identification:_identify(/home/ori/my_ackermann) by extensions ['ros']
[0.648s] Level 1:colcon.colcon_core.package_identification:_identify(/home/ori/my_ackermann) by extension 'ros'
[0.655s] Level 1:colcon.colcon_core.package_identification:_identify(/home/ori/my_ackermann) by extensions ['cmake', 'python']
[0.655s] Level 1:colcon.colcon_core.package_identification:_identify(/home/ori/my_ackermann) by extension 'cmake'
[0.655s] Level 1:colcon.colcon_core.package_identification:_identify(/home/ori/my_ackermann) by extension 'python'
[0.655s] Level 1:colcon.colcon_core.package_identification:_identify(/home/ori/my_ackermann) by extensions ['python_setup_py']
[0.655s] Level 1:colcon.colcon_core.package_identification:_identify(/home/ori/my_ackermann) by extension 'python_setup_py'
[0.656s] Level 1:colcon.colcon_core.package_identification:_identify(/home/ori/my_ackermann/log) by extensions ['ignore', 'ignore_ament_install']
[0.656s] Level 1:colcon.colcon_core.package_identification:_identify(/home/ori/my_ackermann/log) by extension 'ignore'
[0.656s] Level 1:colcon.colcon_core.package_identification:_identify(/home/ori/my_ackermann/log) ignored
[0.656s] Level 1:colcon.colcon_core.package_identification:_identify(/home/ori/my_ackermann/src) by extensions ['ignore', 'ignore_ament_install']
[0.656s] Level 1:colcon.colcon_core.package_identification:_identify(/home/ori/my_ackermann/src) by extension 'ignore'
[0.656s] Level 1:colcon.colcon_core.package_identification:_identify(/home/ori/my_ackermann/src) by extension 'ignore_ament_install'
[0.656s] Level 1:colcon.colcon_core.package_identification:_identify(/home/ori/my_ackermann/src) by extensions ['colcon_pkg']
[0.656s] Level 1:colcon.colcon_core.package_identification:_identify(/home/ori/my_ackermann/src) by extension 'colcon_pkg'
[0.656s] Level 1:colcon.colcon_core.package_identification:_identify(/home/ori/my_ackermann/src) by extensions ['colcon_meta']
[0.656s] Level 1:colcon.colcon_core.package_identification:_identify(/home/ori/my_ackermann/src) by extension 'colcon_meta'
[0.656s] Level 1:colcon.colcon_core.package_identification:_identify(/home/ori/my_ackermann/src) by extensions ['ros']
[0.656s] Level 1:colcon.colcon_core.package_identification:_identify(/home/ori/my_ackermann/src) by extension 'ros'
[0.656s] Level 1:colcon.colcon_core.package_identification:_identify(/home/ori/my_ackermann/src) by extensions ['cmake', 'python']
[0.656s] Level 1:colcon.colcon_core.package_identification:_identify(/home/ori/my_ackermann/src) by extension 'cmake'
[0.656s] Level 1:colcon.colcon_core.package_identification:_identify(/home/ori/my_ackermann/src) by extension 'python'
[0.656s] Level 1:colcon.colcon_core.package_identification:_identify(/home/ori/my_ackermann/src) by extensions ['python_setup_py']
[0.656s] Level 1:colcon.colcon_core.package_identification:_identify(/home/ori/my_ackermann/src) by extension 'python_setup_py'
[0.656s] Level 1:colcon.colcon_core.package_identification:_identify(/home/ori/my_ackermann/src/diffdrive_arduino) by extensions ['ignore', 'ignore_ament_install']
[0.656s] Level 1:colcon.colcon_core.package_identification:_identify(/home/ori/my_ackermann/src/diffdrive_arduino) by extension 'ignore'
[0.656s] Level 1:colcon.colcon_core.package_identification:_identify(/home/ori/my_ackermann/src/diffdrive_arduino) by extension 'ignore_ament_install'
[0.656s] Level 1:colcon.colcon_core.package_identification:_identify(/home/ori/my_ackermann/src/diffdrive_arduino) by extensions ['colcon_pkg']
[0.656s] Level 1:colcon.colcon_core.package_identification:_identify(/home/ori/my_ackermann/src/diffdrive_arduino) by extension 'colcon_pkg'
[0.656s] Level 1:colcon.colcon_core.package_identification:_identify(/home/ori/my_ackermann/src/diffdrive_arduino) by extensions ['colcon_meta']
[0.656s] Level 1:colcon.colcon_core.package_identification:_identify(/home/ori/my_ackermann/src/diffdrive_arduino) by extension 'colcon_meta'
[0.656s] Level 1:colcon.colcon_core.package_identification:_identify(/home/ori/my_ackermann/src/diffdrive_arduino) by extensions ['ros']
[0.656s] Level 1:colcon.colcon_core.package_identification:_identify(/home/ori/my_ackermann/src/diffdrive_arduino) by extension 'ros'
[0.658s] DEBUG:colcon.colcon_core.package_identification:Package '/home/ori/my_ackermann/src/diffdrive_arduino' with type 'ros.ament_cmake' and name 'diffdrive_arduino'
[0.658s] Level 1:colcon.colcon_core.package_identification:_identify(/home/ori/my_ackermann/src/gazebo_ros2_control) by extensions ['ignore', 'ignore_ament_install']
[0.658s] Level 1:colcon.colcon_core.package_identification:_identify(/home/ori/my_ackermann/src/gazebo_ros2_control) by extension 'ignore'
[0.658s] Level 1:colcon.colcon_core.package_identification:_identify(/home/ori/my_ackermann/src/gazebo_ros2_control) by extension 'ignore_ament_install'
[0.658s] Level 1:colcon.colcon_core.package_identification:_identify(/home/ori/my_ackermann/src/gazebo_ros2_control) by extensions ['colcon_pkg']
[0.658s] Level 1:colcon.colcon_core.package_identification:_identify(/home/ori/my_ackermann/src/gazebo_ros2_control) by extension 'colcon_pkg'
[0.658s] Level 1:colcon.colcon_core.package_identification:_identify(/home/ori/my_ackermann/src/gazebo_ros2_control) by extensions ['colcon_meta']
[0.658s] Level 1:colcon.colcon_core.package_identification:_identify(/home/ori/my_ackermann/src/gazebo_ros2_control) by extension 'colcon_meta'
[0.658s] Level 1:colcon.colcon_core.package_identification:_identify(/home/ori/my_ackermann/src/gazebo_ros2_control) by extensions ['ros']
[0.658s] Level 1:colcon.colcon_core.package_identification:_identify(/home/ori/my_ackermann/src/gazebo_ros2_control) by extension 'ros'
[0.659s] Level 1:colcon.colcon_core.package_identification:_identify(/home/ori/my_ackermann/src/gazebo_ros2_control) by extensions ['cmake', 'python']
[0.659s] Level 1:colcon.colcon_core.package_identification:_identify(/home/ori/my_ackermann/src/gazebo_ros2_control) by extension 'cmake'
[0.659s] Level 1:colcon.colcon_core.package_identification:_identify(/home/ori/my_ackermann/src/gazebo_ros2_control) by extension 'python'
[0.659s] Level 1:colcon.colcon_core.package_identification:_identify(/home/ori/my_ackermann/src/gazebo_ros2_control) by extensions ['python_setup_py']
[0.659s] Level 1:colcon.colcon_core.package_identification:_identify(/home/ori/my_ackermann/src/gazebo_ros2_control) by extension 'python_setup_py'
[0.659s] Level 1:colcon.colcon_core.package_identification:_identify(/home/ori/my_ackermann/src/gazebo_ros2_control/Docker) by extensions ['ignore', 'ignore_ament_install']
[0.659s] Level 1:colcon.colcon_core.package_identification:_identify(/home/ori/my_ackermann/src/gazebo_ros2_control/Docker) by extension 'ignore'
[0.659s] Level 1:colcon.colcon_core.package_identification:_identify(/home/ori/my_ackermann/src/gazebo_ros2_control/Docker) by extension 'ignore_ament_install'
[0.659s] Level 1:colcon.colcon_core.package_identification:_identify(/home/ori/my_ackermann/src/gazebo_ros2_control/Docker) by extensions ['colcon_pkg']
[0.659s] Level 1:colcon.colcon_core.package_identification:_identify(/home/ori/my_ackermann/src/gazebo_ros2_control/Docker) by extension 'colcon_pkg'
[0.659s] Level 1:colcon.colcon_core.package_identification:_identify(/home/ori/my_ackermann/src/gazebo_ros2_control/Docker) by extensions ['colcon_meta']
[0.659s] Level 1:colcon.colcon_core.package_identification:_identify(/home/ori/my_ackermann/src/gazebo_ros2_control/Docker) by extension 'colcon_meta'
[0.659s] Level 1:colcon.colcon_core.package_identification:_identify(/home/ori/my_ackermann/src/gazebo_ros2_control/Docker) by extensions ['ros']
[0.659s] Level 1:colcon.colcon_core.package_identification:_identify(/home/ori/my_ackermann/src/gazebo_ros2_control/Docker) by extension 'ros'
[0.659s] Level 1:colcon.colcon_core.package_identification:_identify(/home/ori/my_ackermann/src/gazebo_ros2_control/Docker) by extensions ['cmake', 'python']
[0.659s] Level 1:colcon.colcon_core.package_identification:_identify(/home/ori/my_ackermann/src/gazebo_ros2_control/Docker) by extension 'cmake'
[0.659s] Level 1:colcon.colcon_core.package_identification:_identify(/home/ori/my_ackermann/src/gazebo_ros2_control/Docker) by extension 'python'
[0.659s] Level 1:colcon.colcon_core.package_identification:_identify(/home/ori/my_ackermann/src/gazebo_ros2_control/Docker) by extensions ['python_setup_py']
[0.659s] Level 1:colcon.colcon_core.package_identification:_identify(/home/ori/my_ackermann/src/gazebo_ros2_control/Docker) by extension 'python_setup_py'
[0.659s] Level 1:colcon.colcon_core.package_identification:_identify(/home/ori/my_ackermann/src/gazebo_ros2_control/doc) by extensions ['ignore', 'ignore_ament_install']
[0.659s] Level 1:colcon.colcon_core.package_identification:_identify(/home/ori/my_ackermann/src/gazebo_ros2_control/doc) by extension 'ignore'
[0.659s] Level 1:colcon.colcon_core.package_identification:_identify(/home/ori/my_ackermann/src/gazebo_ros2_control/doc) by extension 'ignore_ament_install'
[0.659s] Level 1:colcon.colcon_core.package_identification:_identify(/home/ori/my_ackermann/src/gazebo_ros2_control/doc) by extensions ['colcon_pkg']
[0.659s] Level 1:colcon.colcon_core.package_identification:_identify(/home/ori/my_ackermann/src/gazebo_ros2_control/doc) by extension 'colcon_pkg'
[0.659s] Level 1:colcon.colcon_core.package_identification:_identify(/home/ori/my_ackermann/src/gazebo_ros2_control/doc) by extensions ['colcon_meta']
[0.659s] Level 1:colcon.colcon_core.package_identification:_identify(/home/ori/my_ackermann/src/gazebo_ros2_control/doc) by extension 'colcon_meta'
[0.659s] Level 1:colcon.colcon_core.package_identification:_identify(/home/ori/my_ackermann/src/gazebo_ros2_control/doc) by extensions ['ros']
[0.659s] Level 1:colcon.colcon_core.package_identification:_identify(/home/ori/my_ackermann/src/gazebo_ros2_control/doc) by extension 'ros'
[0.659s] Level 1:colcon.colcon_core.package_identification:_identify(/home/ori/my_ackermann/src/gazebo_ros2_control/doc) by extensions ['cmake', 'python']
[0.659s] Level 1:colcon.colcon_core.package_identification:_identify(/home/ori/my_ackermann/src/gazebo_ros2_control/doc) by extension 'cmake'
[0.659s] Level 1:colcon.colcon_core.package_identification:_identify(/home/ori/my_ackermann/src/gazebo_ros2_control/doc) by extension 'python'
[0.659s] Level 1:colcon.colcon_core.package_identification:_identify(/home/ori/my_ackermann/src/gazebo_ros2_control/doc) by extensions ['python_setup_py']
[0.659s] Level 1:colcon.colcon_core.package_identification:_identify(/home/ori/my_ackermann/src/gazebo_ros2_control/doc) by extension 'python_setup_py'
[0.659s] Level 1:colcon.colcon_core.package_identification:_identify(/home/ori/my_ackermann/src/gazebo_ros2_control/doc/img) by extensions ['ignore', 'ignore_ament_install']
[0.659s] Level 1:colcon.colcon_core.package_identification:_identify(/home/ori/my_ackermann/src/gazebo_ros2_control/doc/img) by extension 'ignore'
[0.660s] Level 1:colcon.colcon_core.package_identification:_identify(/home/ori/my_ackermann/src/gazebo_ros2_control/doc/img) by extension 'ignore_ament_install'
[0.660s] Level 1:colcon.colcon_core.package_identification:_identify(/home/ori/my_ackermann/src/gazebo_ros2_control/doc/img) by extensions ['colcon_pkg']
[0.660s] Level 1:colcon.colcon_core.package_identification:_identify(/home/ori/my_ackermann/src/gazebo_ros2_control/doc/img) by extension 'colcon_pkg'
[0.660s] Level 1:colcon.colcon_core.package_identification:_identify(/home/ori/my_ackermann/src/gazebo_ros2_control/doc/img) by extensions ['colcon_meta']
[0.660s] Level 1:colcon.colcon_core.package_identification:_identify(/home/ori/my_ackermann/src/gazebo_ros2_control/doc/img) by extension 'colcon_meta'
[0.660s] Level 1:colcon.colcon_core.package_identification:_identify(/home/ori/my_ackermann/src/gazebo_ros2_control/doc/img) by extensions ['ros']
[0.660s] Level 1:colcon.colcon_core.package_identification:_identify(/home/ori/my_ackermann/src/gazebo_ros2_control/doc/img) by extension 'ros'
[0.660s] Level 1:colcon.colcon_core.package_identification:_identify(/home/ori/my_ackermann/src/gazebo_ros2_control/doc/img) by extensions ['cmake', 'python']
[0.660s] Level 1:colcon.colcon_core.package_identification:_identify(/home/ori/my_ackermann/src/gazebo_ros2_control/doc/img) by extension 'cmake'
[0.660s] Level 1:colcon.colcon_core.package_identification:_identify(/home/ori/my_ackermann/src/gazebo_ros2_control/doc/img) by extension 'python'
[0.660s] Level 1:colcon.colcon_core.package_identification:_identify(/home/ori/my_ackermann/src/gazebo_ros2_control/doc/img) by extensions ['python_setup_py']
[0.660s] Level 1:colcon.colcon_core.package_identification:_identify(/home/ori/my_ackermann/src/gazebo_ros2_control/doc/img) by extension 'python_setup_py'
[0.660s] Level 1:colcon.colcon_core.package_identification:_identify(/home/ori/my_ackermann/src/gazebo_ros2_control/gazebo_ros2_control) by extensions ['ignore', 'ignore_ament_install']
[0.660s] Level 1:colcon.colcon_core.package_identification:_identify(/home/ori/my_ackermann/src/gazebo_ros2_control/gazebo_ros2_control) by extension 'ignore'
[0.660s] Level 1:colcon.colcon_core.package_identification:_identify(/home/ori/my_ackermann/src/gazebo_ros2_control/gazebo_ros2_control) by extension 'ignore_ament_install'
[0.660s] Level 1:colcon.colcon_core.package_identification:_identify(/home/ori/my_ackermann/src/gazebo_ros2_control/gazebo_ros2_control) by extensions ['colcon_pkg']
[0.660s] Level 1:colcon.colcon_core.package_identification:_identify(/home/ori/my_ackermann/src/gazebo_ros2_control/gazebo_ros2_control) by extension 'colcon_pkg'
[0.660s] Level 1:colcon.colcon_core.package_identification:_identify(/home/ori/my_ackermann/src/gazebo_ros2_control/gazebo_ros2_control) by extensions ['colcon_meta']
[0.660s] Level 1:colcon.colcon_core.package_identification:_identify(/home/ori/my_ackermann/src/gazebo_ros2_control/gazebo_ros2_control) by extension 'colcon_meta'
[0.660s] Level 1:colcon.colcon_core.package_identification:_identify(/home/ori/my_ackermann/src/gazebo_ros2_control/gazebo_ros2_control) by extensions ['ros']
[0.660s] Level 1:colcon.colcon_core.package_identification:_identify(/home/ori/my_ackermann/src/gazebo_ros2_control/gazebo_ros2_control) by extension 'ros'
[0.661s] DEBUG:colcon.colcon_core.package_identification:Package '/home/ori/my_ackermann/src/gazebo_ros2_control/gazebo_ros2_control' with type 'ros.ament_cmake' and name 'gazebo_ros2_control'
[0.661s] Level 1:colcon.colcon_core.package_identification:_identify(/home/ori/my_ackermann/src/gazebo_ros2_control/gazebo_ros2_control_demos) by extensions ['ignore', 'ignore_ament_install']
[0.661s] Level 1:colcon.colcon_core.package_identification:_identify(/home/ori/my_ackermann/src/gazebo_ros2_control/gazebo_ros2_control_demos) by extension 'ignore'
[0.661s] Level 1:colcon.colcon_core.package_identification:_identify(/home/ori/my_ackermann/src/gazebo_ros2_control/gazebo_ros2_control_demos) by extension 'ignore_ament_install'
[0.661s] Level 1:colcon.colcon_core.package_identification:_identify(/home/ori/my_ackermann/src/gazebo_ros2_control/gazebo_ros2_control_demos) by extensions ['colcon_pkg']
[0.661s] Level 1:colcon.colcon_core.package_identification:_identify(/home/ori/my_ackermann/src/gazebo_ros2_control/gazebo_ros2_control_demos) by extension 'colcon_pkg'
[0.661s] Level 1:colcon.colcon_core.package_identification:_identify(/home/ori/my_ackermann/src/gazebo_ros2_control/gazebo_ros2_control_demos) by extensions ['colcon_meta']
[0.661s] Level 1:colcon.colcon_core.package_identification:_identify(/home/ori/my_ackermann/src/gazebo_ros2_control/gazebo_ros2_control_demos) by extension 'colcon_meta'
[0.661s] Level 1:colcon.colcon_core.package_identification:_identify(/home/ori/my_ackermann/src/gazebo_ros2_control/gazebo_ros2_control_demos) by extensions ['ros']
[0.661s] Level 1:colcon.colcon_core.package_identification:_identify(/home/ori/my_ackermann/src/gazebo_ros2_control/gazebo_ros2_control_demos) by extension 'ros'
[0.662s] DEBUG:colcon.colcon_core.package_identification:Package '/home/ori/my_ackermann/src/gazebo_ros2_control/gazebo_ros2_control_demos' with type 'ros.ament_cmake' and name 'gazebo_ros2_control_demos'
[0.662s] Level 1:colcon.colcon_core.package_identification:_identify(/home/ori/my_ackermann/src/rc_car) by extensions ['ignore', 'ignore_ament_install']
[0.662s] Level 1:colcon.colcon_core.package_identification:_identify(/home/ori/my_ackermann/src/rc_car) by extension 'ignore'
[0.662s] Level 1:colcon.colcon_core.package_identification:_identify(/home/ori/my_ackermann/src/rc_car) by extension 'ignore_ament_install'
[0.662s] Level 1:colcon.colcon_core.package_identification:_identify(/home/ori/my_ackermann/src/rc_car) by extensions ['colcon_pkg']
[0.662s] Level 1:colcon.colcon_core.package_identification:_identify(/home/ori/my_ackermann/src/rc_car) by extension 'colcon_pkg'
[0.662s] Level 1:colcon.colcon_core.package_identification:_identify(/home/ori/my_ackermann/src/rc_car) by extensions ['colcon_meta']
[0.662s] Level 1:colcon.colcon_core.package_identification:_identify(/home/ori/my_ackermann/src/rc_car) by extension 'colcon_meta'
[0.662s] Level 1:colcon.colcon_core.package_identification:_identify(/home/ori/my_ackermann/src/rc_car) by extensions ['ros']
[0.662s] Level 1:colcon.colcon_core.package_identification:_identify(/home/ori/my_ackermann/src/rc_car) by extension 'ros'
[0.662s] DEBUG:colcon.colcon_core.package_identification:Package '/home/ori/my_ackermann/src/rc_car' with type 'ros.ament_cmake' and name 'rc_car'
[0.662s] Level 1:colcon.colcon_core.package_identification:_identify(/home/ori/my_ackermann/src/serial) by extensions ['ignore', 'ignore_ament_install']
[0.662s] Level 1:colcon.colcon_core.package_identification:_identify(/home/ori/my_ackermann/src/serial) by extension 'ignore'
[0.662s] Level 1:colcon.colcon_core.package_identification:_identify(/home/ori/my_ackermann/src/serial) by extension 'ignore_ament_install'
[0.663s] Level 1:colcon.colcon_core.package_identification:_identify(/home/ori/my_ackermann/src/serial) by extensions ['colcon_pkg']
[0.663s] Level 1:colcon.colcon_core.package_identification:_identify(/home/ori/my_ackermann/src/serial) by extension 'colcon_pkg'
[0.663s] Level 1:colcon.colcon_core.package_identification:_identify(/home/ori/my_ackermann/src/serial) by extensions ['colcon_meta']
[0.663s] Level 1:colcon.colcon_core.package_identification:_identify(/home/ori/my_ackermann/src/serial) by extension 'colcon_meta'
[0.663s] Level 1:colcon.colcon_core.package_identification:_identify(/home/ori/my_ackermann/src/serial) by extensions ['ros']
[0.663s] Level 1:colcon.colcon_core.package_identification:_identify(/home/ori/my_ackermann/src/serial) by extension 'ros'
[0.663s] DEBUG:colcon.colcon_core.package_identification:Package '/home/ori/my_ackermann/src/serial' with type 'ros.ament_cmake' and name 'serial'
[0.663s] Level 1:colcon.colcon_core.package_discovery:discover_packages(recursive) using defaults
