[0.646s] DEBUG:colcon:Command line arguments: ['/usr/bin/colcon', 'build']
[0.646s] DEBUG:colcon:Parsed command line arguments: Namespace(log_base=None, log_level=None, verb_name='build', build_base='build', install_base='install', merge_install=False, symlink_install=False, test_result_base=None, continue_on_error=False, executor='parallel', parallel_workers=20, event_handlers=None, ignore_user_meta=False, metas=['./colcon.meta'], base_paths=['.'], packages_ignore=None, packages_ignore_regex=None, paths=None, packages_up_to=None, packages_up_to_regex=None, packages_above=None, packages_above_and_dependencies=None, packages_above_depth=None, packages_select_by_dep=None, packages_skip_by_dep=None, packages_skip_up_to=None, packages_select_build_failed=False, packages_skip_build_finished=False, packages_select_test_failures=False, packages_skip_test_passed=False, packages_select=None, packages_skip=None, packages_select_regex=None, packages_skip_regex=None, packages_start=None, packages_end=None, allow_overriding=[], cmake_args=None, cmake_target=None, cmake_target_skip_unavailable=False, cmake_clean_cache=False, cmake_clean_first=False, cmake_force_configure=False, ament_cmake_args=None, catkin_cmake_args=None, catkin_skip_building_tests=False, verb_parser=<colcon_defaults.argument_parser.defaults.DefaultArgumentsDecorator object at 0x7ff897996d40>, verb_extension=<colcon_core.verb.build.BuildVerb object at 0x7ff897996c20>, main=<bound method BuildVerb.main of <colcon_core.verb.build.BuildVerb object at 0x7ff897996c20>>)
[0.674s] Level 1:colcon.colcon_core.package_discovery:discover_packages(colcon_meta) check parameters
[0.674s] Level 1:colcon.colcon_core.package_discovery:discover_packages(recursive) check parameters
[0.675s] Level 1:colcon.colcon_core.package_discovery:discover_packages(ignore) check parameters
[0.675s] Level 1:colcon.colcon_core.package_discovery:discover_packages(path) check parameters
[0.675s] Level 1:colcon.colcon_core.package_discovery:discover_packages(colcon_meta) discover
[0.675s] Level 1:colcon.colcon_core.package_discovery:discover_packages(recursive) discover
[0.675s] INFO:colcon.colcon_core.package_discovery:Crawling recursively for packages in '/home/ori/my_ackermann'
[0.675s] Level 1:colcon.colcon_core.package_identification:_identify(.) by extensions ['ignore', 'ignore_ament_install']
[0.675s] Level 1:colcon.colcon_core.package_identification:_identify(.) by extension 'ignore'
[0.675s] Level 1:colcon.colcon_core.package_identification:_identify(.) by extension 'ignore_ament_install'
[0.675s] Level 1:colcon.colcon_core.package_identification:_identify(.) by extensions ['colcon_pkg']
[0.675s] Level 1:colcon.colcon_core.package_identification:_identify(.) by extension 'colcon_pkg'
[0.675s] Level 1:colcon.colcon_core.package_identification:_identify(.) by extensions ['colcon_meta']
[0.675s] Level 1:colcon.colcon_core.package_identification:_identify(.) by extension 'colcon_meta'
[0.675s] Level 1:colcon.colcon_core.package_identification:_identify(.) by extensions ['ros']
[0.675s] Level 1:colcon.colcon_core.package_identification:_identify(.) by extension 'ros'
[0.683s] Level 1:colcon.colcon_core.package_identification:_identify(.) by extensions ['cmake', 'python']
[0.683s] Level 1:colcon.colcon_core.package_identification:_identify(.) by extension 'cmake'
[0.683s] Level 1:colcon.colcon_core.package_identification:_identify(.) by extension 'python'
[0.683s] Level 1:colcon.colcon_core.package_identification:_identify(.) by extensions ['python_setup_py']
[0.683s] Level 1:colcon.colcon_core.package_identification:_identify(.) by extension 'python_setup_py'
[0.683s] Level 1:colcon.colcon_core.package_identification:_identify(build) by extensions ['ignore', 'ignore_ament_install']
[0.683s] Level 1:colcon.colcon_core.package_identification:_identify(build) by extension 'ignore'
[0.683s] Level 1:colcon.colcon_core.package_identification:_identify(build) ignored
[0.683s] Level 1:colcon.colcon_core.package_identification:_identify(install) by extensions ['ignore', 'ignore_ament_install']
[0.683s] Level 1:colcon.colcon_core.package_identification:_identify(install) by extension 'ignore'
[0.683s] Level 1:colcon.colcon_core.package_identification:_identify(install) ignored
[0.683s] Level 1:colcon.colcon_core.package_identification:_identify(log) by extensions ['ignore', 'ignore_ament_install']
[0.683s] Level 1:colcon.colcon_core.package_identification:_identify(log) by extension 'ignore'
[0.683s] Level 1:colcon.colcon_core.package_identification:_identify(log) ignored
[0.683s] Level 1:colcon.colcon_core.package_identification:_identify(src) by extensions ['ignore', 'ignore_ament_install']
[0.683s] Level 1:colcon.colcon_core.package_identification:_identify(src) by extension 'ignore'
[0.683s] Level 1:colcon.colcon_core.package_identification:_identify(src) by extension 'ignore_ament_install'
[0.683s] Level 1:colcon.colcon_core.package_identification:_identify(src) by extensions ['colcon_pkg']
[0.683s] Level 1:colcon.colcon_core.package_identification:_identify(src) by extension 'colcon_pkg'
[0.683s] Level 1:colcon.colcon_core.package_identification:_identify(src) by extensions ['colcon_meta']
[0.683s] Level 1:colcon.colcon_core.package_identification:_identify(src) by extension 'colcon_meta'
[0.684s] Level 1:colcon.colcon_core.package_identification:_identify(src) by extensions ['ros']
[0.684s] Level 1:colcon.colcon_core.package_identification:_identify(src) by extension 'ros'
[0.684s] Level 1:colcon.colcon_core.package_identification:_identify(src) by extensions ['cmake', 'python']
[0.684s] Level 1:colcon.colcon_core.package_identification:_identify(src) by extension 'cmake'
[0.684s] Level 1:colcon.colcon_core.package_identification:_identify(src) by extension 'python'
[0.684s] Level 1:colcon.colcon_core.package_identification:_identify(src) by extensions ['python_setup_py']
[0.684s] Level 1:colcon.colcon_core.package_identification:_identify(src) by extension 'python_setup_py'
[0.684s] Level 1:colcon.colcon_core.package_identification:_identify(src/diffdrive_arduino) by extensions ['ignore', 'ignore_ament_install']
[0.684s] Level 1:colcon.colcon_core.package_identification:_identify(src/diffdrive_arduino) by extension 'ignore'
[0.684s] Level 1:colcon.colcon_core.package_identification:_identify(src/diffdrive_arduino) by extension 'ignore_ament_install'
[0.684s] Level 1:colcon.colcon_core.package_identification:_identify(src/diffdrive_arduino) by extensions ['colcon_pkg']
[0.684s] Level 1:colcon.colcon_core.package_identification:_identify(src/diffdrive_arduino) by extension 'colcon_pkg'
[0.684s] Level 1:colcon.colcon_core.package_identification:_identify(src/diffdrive_arduino) by extensions ['colcon_meta']
[0.684s] Level 1:colcon.colcon_core.package_identification:_identify(src/diffdrive_arduino) by extension 'colcon_meta'
[0.684s] Level 1:colcon.colcon_core.package_identification:_identify(src/diffdrive_arduino) by extensions ['ros']
[0.684s] Level 1:colcon.colcon_core.package_identification:_identify(src/diffdrive_arduino) by extension 'ros'
[0.686s] DEBUG:colcon.colcon_core.package_identification:Package 'src/diffdrive_arduino' with type 'ros.ament_cmake' and name 'diffdrive_arduino'
[0.686s] Level 1:colcon.colcon_core.package_identification:_identify(src/gazebo_ros2_control) by extensions ['ignore', 'ignore_ament_install']
[0.686s] Level 1:colcon.colcon_core.package_identification:_identify(src/gazebo_ros2_control) by extension 'ignore'
[0.686s] Level 1:colcon.colcon_core.package_identification:_identify(src/gazebo_ros2_control) by extension 'ignore_ament_install'
[0.686s] Level 1:colcon.colcon_core.package_identification:_identify(src/gazebo_ros2_control) by extensions ['colcon_pkg']
[0.686s] Level 1:colcon.colcon_core.package_identification:_identify(src/gazebo_ros2_control) by extension 'colcon_pkg'
[0.686s] Level 1:colcon.colcon_core.package_identification:_identify(src/gazebo_ros2_control) by extensions ['colcon_meta']
[0.686s] Level 1:colcon.colcon_core.package_identification:_identify(src/gazebo_ros2_control) by extension 'colcon_meta'
[0.686s] Level 1:colcon.colcon_core.package_identification:_identify(src/gazebo_ros2_control) by extensions ['ros']
[0.686s] Level 1:colcon.colcon_core.package_identification:_identify(src/gazebo_ros2_control) by extension 'ros'
[0.686s] Level 1:colcon.colcon_core.package_identification:_identify(src/gazebo_ros2_control) by extensions ['cmake', 'python']
[0.686s] Level 1:colcon.colcon_core.package_identification:_identify(src/gazebo_ros2_control) by extension 'cmake'
[0.686s] Level 1:colcon.colcon_core.package_identification:_identify(src/gazebo_ros2_control) by extension 'python'
[0.686s] Level 1:colcon.colcon_core.package_identification:_identify(src/gazebo_ros2_control) by extensions ['python_setup_py']
[0.686s] Level 1:colcon.colcon_core.package_identification:_identify(src/gazebo_ros2_control) by extension 'python_setup_py'
[0.686s] Level 1:colcon.colcon_core.package_identification:_identify(src/gazebo_ros2_control/Docker) by extensions ['ignore', 'ignore_ament_install']
[0.686s] Level 1:colcon.colcon_core.package_identification:_identify(src/gazebo_ros2_control/Docker) by extension 'ignore'
[0.687s] Level 1:colcon.colcon_core.package_identification:_identify(src/gazebo_ros2_control/Docker) by extension 'ignore_ament_install'
[0.687s] Level 1:colcon.colcon_core.package_identification:_identify(src/gazebo_ros2_control/Docker) by extensions ['colcon_pkg']
[0.687s] Level 1:colcon.colcon_core.package_identification:_identify(src/gazebo_ros2_control/Docker) by extension 'colcon_pkg'
[0.687s] Level 1:colcon.colcon_core.package_identification:_identify(src/gazebo_ros2_control/Docker) by extensions ['colcon_meta']
[0.687s] Level 1:colcon.colcon_core.package_identification:_identify(src/gazebo_ros2_control/Docker) by extension 'colcon_meta'
[0.687s] Level 1:colcon.colcon_core.package_identification:_identify(src/gazebo_ros2_control/Docker) by extensions ['ros']
[0.687s] Level 1:colcon.colcon_core.package_identification:_identify(src/gazebo_ros2_control/Docker) by extension 'ros'
[0.687s] Level 1:colcon.colcon_core.package_identification:_identify(src/gazebo_ros2_control/Docker) by extensions ['cmake', 'python']
[0.687s] Level 1:colcon.colcon_core.package_identification:_identify(src/gazebo_ros2_control/Docker) by extension 'cmake'
[0.687s] Level 1:colcon.colcon_core.package_identification:_identify(src/gazebo_ros2_control/Docker) by extension 'python'
[0.687s] Level 1:colcon.colcon_core.package_identification:_identify(src/gazebo_ros2_control/Docker) by extensions ['python_setup_py']
[0.687s] Level 1:colcon.colcon_core.package_identification:_identify(src/gazebo_ros2_control/Docker) by extension 'python_setup_py'
[0.687s] Level 1:colcon.colcon_core.package_identification:_identify(src/gazebo_ros2_control/doc) by extensions ['ignore', 'ignore_ament_install']
[0.687s] Level 1:colcon.colcon_core.package_identification:_identify(src/gazebo_ros2_control/doc) by extension 'ignore'
[0.687s] Level 1:colcon.colcon_core.package_identification:_identify(src/gazebo_ros2_control/doc) by extension 'ignore_ament_install'
[0.687s] Level 1:colcon.colcon_core.package_identification:_identify(src/gazebo_ros2_control/doc) by extensions ['colcon_pkg']
[0.687s] Level 1:colcon.colcon_core.package_identification:_identify(src/gazebo_ros2_control/doc) by extension 'colcon_pkg'
[0.687s] Level 1:colcon.colcon_core.package_identification:_identify(src/gazebo_ros2_control/doc) by extensions ['colcon_meta']
[0.687s] Level 1:colcon.colcon_core.package_identification:_identify(src/gazebo_ros2_control/doc) by extension 'colcon_meta'
[0.687s] Level 1:colcon.colcon_core.package_identification:_identify(src/gazebo_ros2_control/doc) by extensions ['ros']
[0.687s] Level 1:colcon.colcon_core.package_identification:_identify(src/gazebo_ros2_control/doc) by extension 'ros'
[0.687s] Level 1:colcon.colcon_core.package_identification:_identify(src/gazebo_ros2_control/doc) by extensions ['cmake', 'python']
[0.687s] Level 1:colcon.colcon_core.package_identification:_identify(src/gazebo_ros2_control/doc) by extension 'cmake'
[0.687s] Level 1:colcon.colcon_core.package_identification:_identify(src/gazebo_ros2_control/doc) by extension 'python'
[0.687s] Level 1:colcon.colcon_core.package_identification:_identify(src/gazebo_ros2_control/doc) by extensions ['python_setup_py']
[0.687s] Level 1:colcon.colcon_core.package_identification:_identify(src/gazebo_ros2_control/doc) by extension 'python_setup_py'
[0.687s] Level 1:colcon.colcon_core.package_identification:_identify(src/gazebo_ros2_control/doc/img) by extensions ['ignore', 'ignore_ament_install']
[0.687s] Level 1:colcon.colcon_core.package_identification:_identify(src/gazebo_ros2_control/doc/img) by extension 'ignore'
[0.687s] Level 1:colcon.colcon_core.package_identification:_identify(src/gazebo_ros2_control/doc/img) by extension 'ignore_ament_install'
[0.687s] Level 1:colcon.colcon_core.package_identification:_identify(src/gazebo_ros2_control/doc/img) by extensions ['colcon_pkg']
[0.687s] Level 1:colcon.colcon_core.package_identification:_identify(src/gazebo_ros2_control/doc/img) by extension 'colcon_pkg'
[0.687s] Level 1:colcon.colcon_core.package_identification:_identify(src/gazebo_ros2_control/doc/img) by extensions ['colcon_meta']
[0.687s] Level 1:colcon.colcon_core.package_identification:_identify(src/gazebo_ros2_control/doc/img) by extension 'colcon_meta'
[0.687s] Level 1:colcon.colcon_core.package_identification:_identify(src/gazebo_ros2_control/doc/img) by extensions ['ros']
[0.687s] Level 1:colcon.colcon_core.package_identification:_identify(src/gazebo_ros2_control/doc/img) by extension 'ros'
[0.687s] Level 1:colcon.colcon_core.package_identification:_identify(src/gazebo_ros2_control/doc/img) by extensions ['cmake', 'python']
[0.687s] Level 1:colcon.colcon_core.package_identification:_identify(src/gazebo_ros2_control/doc/img) by extension 'cmake'
[0.687s] Level 1:colcon.colcon_core.package_identification:_identify(src/gazebo_ros2_control/doc/img) by extension 'python'
[0.687s] Level 1:colcon.colcon_core.package_identification:_identify(src/gazebo_ros2_control/doc/img) by extensions ['python_setup_py']
[0.687s] Level 1:colcon.colcon_core.package_identification:_identify(src/gazebo_ros2_control/doc/img) by extension 'python_setup_py'
[0.688s] Level 1:colcon.colcon_core.package_identification:_identify(src/gazebo_ros2_control/gazebo_ros2_control) by extensions ['ignore', 'ignore_ament_install']
[0.688s] Level 1:colcon.colcon_core.package_identification:_identify(src/gazebo_ros2_control/gazebo_ros2_control) by extension 'ignore'
[0.688s] Level 1:colcon.colcon_core.package_identification:_identify(src/gazebo_ros2_control/gazebo_ros2_control) by extension 'ignore_ament_install'
[0.688s] Level 1:colcon.colcon_core.package_identification:_identify(src/gazebo_ros2_control/gazebo_ros2_control) by extensions ['colcon_pkg']
[0.688s] Level 1:colcon.colcon_core.package_identification:_identify(src/gazebo_ros2_control/gazebo_ros2_control) by extension 'colcon_pkg'
[0.688s] Level 1:colcon.colcon_core.package_identification:_identify(src/gazebo_ros2_control/gazebo_ros2_control) by extensions ['colcon_meta']
[0.688s] Level 1:colcon.colcon_core.package_identification:_identify(src/gazebo_ros2_control/gazebo_ros2_control) by extension 'colcon_meta'
[0.688s] Level 1:colcon.colcon_core.package_identification:_identify(src/gazebo_ros2_control/gazebo_ros2_control) by extensions ['ros']
[0.688s] Level 1:colcon.colcon_core.package_identification:_identify(src/gazebo_ros2_control/gazebo_ros2_control) by extension 'ros'
[0.688s] DEBUG:colcon.colcon_core.package_identification:Package 'src/gazebo_ros2_control/gazebo_ros2_control' with type 'ros.ament_cmake' and name 'gazebo_ros2_control'
[0.689s] Level 1:colcon.colcon_core.package_identification:_identify(src/gazebo_ros2_control/gazebo_ros2_control_demos) by extensions ['ignore', 'ignore_ament_install']
[0.689s] Level 1:colcon.colcon_core.package_identification:_identify(src/gazebo_ros2_control/gazebo_ros2_control_demos) by extension 'ignore'
[0.689s] Level 1:colcon.colcon_core.package_identification:_identify(src/gazebo_ros2_control/gazebo_ros2_control_demos) by extension 'ignore_ament_install'
[0.689s] Level 1:colcon.colcon_core.package_identification:_identify(src/gazebo_ros2_control/gazebo_ros2_control_demos) by extensions ['colcon_pkg']
[0.689s] Level 1:colcon.colcon_core.package_identification:_identify(src/gazebo_ros2_control/gazebo_ros2_control_demos) by extension 'colcon_pkg'
[0.689s] Level 1:colcon.colcon_core.package_identification:_identify(src/gazebo_ros2_control/gazebo_ros2_control_demos) by extensions ['colcon_meta']
[0.689s] Level 1:colcon.colcon_core.package_identification:_identify(src/gazebo_ros2_control/gazebo_ros2_control_demos) by extension 'colcon_meta'
[0.689s] Level 1:colcon.colcon_core.package_identification:_identify(src/gazebo_ros2_control/gazebo_ros2_control_demos) by extensions ['ros']
[0.689s] Level 1:colcon.colcon_core.package_identification:_identify(src/gazebo_ros2_control/gazebo_ros2_control_demos) by extension 'ros'
[0.689s] DEBUG:colcon.colcon_core.package_identification:Package 'src/gazebo_ros2_control/gazebo_ros2_control_demos' with type 'ros.ament_cmake' and name 'gazebo_ros2_control_demos'
[0.689s] Level 1:colcon.colcon_core.package_identification:_identify(src/rc_car) by extensions ['ignore', 'ignore_ament_install']
[0.689s] Level 1:colcon.colcon_core.package_identification:_identify(src/rc_car) by extension 'ignore'
[0.689s] Level 1:colcon.colcon_core.package_identification:_identify(src/rc_car) by extension 'ignore_ament_install'
[0.689s] Level 1:colcon.colcon_core.package_identification:_identify(src/rc_car) by extensions ['colcon_pkg']
[0.689s] Level 1:colcon.colcon_core.package_identification:_identify(src/rc_car) by extension 'colcon_pkg'
[0.690s] Level 1:colcon.colcon_core.package_identification:_identify(src/rc_car) by extensions ['colcon_meta']
[0.690s] Level 1:colcon.colcon_core.package_identification:_identify(src/rc_car) by extension 'colcon_meta'
[0.690s] Level 1:colcon.colcon_core.package_identification:_identify(src/rc_car) by extensions ['ros']
[0.690s] Level 1:colcon.colcon_core.package_identification:_identify(src/rc_car) by extension 'ros'
[0.690s] DEBUG:colcon.colcon_core.package_identification:Package 'src/rc_car' with type 'ros.ament_cmake' and name 'rc_car'
[0.690s] Level 1:colcon.colcon_core.package_identification:_identify(src/serial) by extensions ['ignore', 'ignore_ament_install']
[0.690s] Level 1:colcon.colcon_core.package_identification:_identify(src/serial) by extension 'ignore'
[0.690s] Level 1:colcon.colcon_core.package_identification:_identify(src/serial) by extension 'ignore_ament_install'
[0.690s] Level 1:colcon.colcon_core.package_identification:_identify(src/serial) by extensions ['colcon_pkg']
[0.690s] Level 1:colcon.colcon_core.package_identification:_identify(src/serial) by extension 'colcon_pkg'
[0.690s] Level 1:colcon.colcon_core.package_identification:_identify(src/serial) by extensions ['colcon_meta']
[0.690s] Level 1:colcon.colcon_core.package_identification:_identify(src/serial) by extension 'colcon_meta'
[0.690s] Level 1:colcon.colcon_core.package_identification:_identify(src/serial) by extensions ['ros']
[0.690s] Level 1:colcon.colcon_core.package_identification:_identify(src/serial) by extension 'ros'
[0.690s] DEBUG:colcon.colcon_core.package_identification:Package 'src/serial' with type 'ros.ament_cmake' and name 'serial'
[0.691s] Level 1:colcon.colcon_core.package_discovery:discover_packages(recursive) using defaults
[0.691s] Level 1:colcon.colcon_core.package_discovery:discover_packages(ignore) discover
[0.691s] Level 1:colcon.colcon_core.package_discovery:discover_packages(ignore) using defaults
[0.691s] Level 1:colcon.colcon_core.package_discovery:discover_packages(path) discover
[0.691s] Level 1:colcon.colcon_core.package_discovery:discover_packages(path) using defaults
[0.746s] Level 1:colcon.colcon_core.package_discovery:discover_packages(prefix_path) check parameters
[0.746s] Level 1:colcon.colcon_core.package_discovery:discover_packages(prefix_path) discover
[0.766s] DEBUG:colcon.colcon_installed_package_information.package_discovery:Found 426 installed packages in /opt/ros/humble
[0.773s] Level 1:colcon.colcon_core.package_discovery:discover_packages(prefix_path) using defaults
[0.842s] Level 5:colcon.colcon_core.verb:set package 'diffdrive_arduino' build argument 'cmake_args' from command line to 'None'
[0.843s] Level 5:colcon.colcon_core.verb:set package 'diffdrive_arduino' build argument 'cmake_target' from command line to 'None'
[0.843s] Level 5:colcon.colcon_core.verb:set package 'diffdrive_arduino' build argument 'cmake_target_skip_unavailable' from command line to 'False'
[0.843s] Level 5:colcon.colcon_core.verb:set package 'diffdrive_arduino' build argument 'cmake_clean_cache' from command line to 'False'
[0.843s] Level 5:colcon.colcon_core.verb:set package 'diffdrive_arduino' build argument 'cmake_clean_first' from command line to 'False'
[0.843s] Level 5:colcon.colcon_core.verb:set package 'diffdrive_arduino' build argument 'cmake_force_configure' from command line to 'False'
[0.843s] Level 5:colcon.colcon_core.verb:set package 'diffdrive_arduino' build argument 'ament_cmake_args' from command line to 'None'
[0.843s] Level 5:colcon.colcon_core.verb:set package 'diffdrive_arduino' build argument 'catkin_cmake_args' from command line to 'None'
[0.843s] Level 5:colcon.colcon_core.verb:set package 'diffdrive_arduino' build argument 'catkin_skip_building_tests' from command line to 'False'
[0.843s] DEBUG:colcon.colcon_core.verb:Building package 'diffdrive_arduino' with the following arguments: {'ament_cmake_args': None, 'build_base': '/home/ori/my_ackermann/build/diffdrive_arduino', 'catkin_cmake_args': None, 'catkin_skip_building_tests': False, 'cmake_args': None, 'cmake_clean_cache': False, 'cmake_clean_first': False, 'cmake_force_configure': False, 'cmake_target': None, 'cmake_target_skip_unavailable': False, 'install_base': '/home/ori/my_ackermann/install/diffdrive_arduino', 'merge_install': False, 'path': '/home/ori/my_ackermann/src/diffdrive_arduino', 'symlink_install': False, 'test_result_base': None}
[0.852s] Level 5:colcon.colcon_core.verb:set package 'gazebo_ros2_control' build argument 'cmake_args' from command line to 'None'
[0.852s] Level 5:colcon.colcon_core.verb:set package 'gazebo_ros2_control' build argument 'cmake_target' from command line to 'None'
[0.852s] Level 5:colcon.colcon_core.verb:set package 'gazebo_ros2_control' build argument 'cmake_target_skip_unavailable' from command line to 'False'
[0.852s] Level 5:colcon.colcon_core.verb:set package 'gazebo_ros2_control' build argument 'cmake_clean_cache' from command line to 'False'
[0.852s] Level 5:colcon.colcon_core.verb:set package 'gazebo_ros2_control' build argument 'cmake_clean_first' from command line to 'False'
[0.852s] Level 5:colcon.colcon_core.verb:set package 'gazebo_ros2_control' build argument 'cmake_force_configure' from command line to 'False'
[0.852s] Level 5:colcon.colcon_core.verb:set package 'gazebo_ros2_control' build argument 'ament_cmake_args' from command line to 'None'
[0.852s] Level 5:colcon.colcon_core.verb:set package 'gazebo_ros2_control' build argument 'catkin_cmake_args' from command line to 'None'
[0.852s] Level 5:colcon.colcon_core.verb:set package 'gazebo_ros2_control' build argument 'catkin_skip_building_tests' from command line to 'False'
[0.852s] DEBUG:colcon.colcon_core.verb:Building package 'gazebo_ros2_control' with the following arguments: {'ament_cmake_args': None, 'build_base': '/home/ori/my_ackermann/build/gazebo_ros2_control', 'catkin_cmake_args': None, 'catkin_skip_building_tests': False, 'cmake_args': None, 'cmake_clean_cache': False, 'cmake_clean_first': False, 'cmake_force_configure': False, 'cmake_target': None, 'cmake_target_skip_unavailable': False, 'install_base': '/home/ori/my_ackermann/install/gazebo_ros2_control', 'merge_install': False, 'path': '/home/ori/my_ackermann/src/gazebo_ros2_control/gazebo_ros2_control', 'symlink_install': False, 'test_result_base': None}
[0.861s] Level 5:colcon.colcon_core.verb:set package 'rc_car' build argument 'cmake_args' from command line to 'None'
[0.861s] Level 5:colcon.colcon_core.verb:set package 'rc_car' build argument 'cmake_target' from command line to 'None'
[0.861s] Level 5:colcon.colcon_core.verb:set package 'rc_car' build argument 'cmake_target_skip_unavailable' from command line to 'False'
[0.861s] Level 5:colcon.colcon_core.verb:set package 'rc_car' build argument 'cmake_clean_cache' from command line to 'False'
[0.861s] Level 5:colcon.colcon_core.verb:set package 'rc_car' build argument 'cmake_clean_first' from command line to 'False'
[0.861s] Level 5:colcon.colcon_core.verb:set package 'rc_car' build argument 'cmake_force_configure' from command line to 'False'
[0.861s] Level 5:colcon.colcon_core.verb:set package 'rc_car' build argument 'ament_cmake_args' from command line to 'None'
[0.861s] Level 5:colcon.colcon_core.verb:set package 'rc_car' build argument 'catkin_cmake_args' from command line to 'None'
[0.861s] Level 5:colcon.colcon_core.verb:set package 'rc_car' build argument 'catkin_skip_building_tests' from command line to 'False'
[0.861s] DEBUG:colcon.colcon_core.verb:Building package 'rc_car' with the following arguments: {'ament_cmake_args': None, 'build_base': '/home/ori/my_ackermann/build/rc_car', 'catkin_cmake_args': None, 'catkin_skip_building_tests': False, 'cmake_args': None, 'cmake_clean_cache': False, 'cmake_clean_first': False, 'cmake_force_configure': False, 'cmake_target': None, 'cmake_target_skip_unavailable': False, 'install_base': '/home/ori/my_ackermann/install/rc_car', 'merge_install': False, 'path': '/home/ori/my_ackermann/src/rc_car', 'symlink_install': False, 'test_result_base': None}
[0.870s] Level 5:colcon.colcon_core.verb:set package 'serial' build argument 'cmake_args' from command line to 'None'
[0.870s] Level 5:colcon.colcon_core.verb:set package 'serial' build argument 'cmake_target' from command line to 'None'
[0.870s] Level 5:colcon.colcon_core.verb:set package 'serial' build argument 'cmake_target_skip_unavailable' from command line to 'False'
[0.870s] Level 5:colcon.colcon_core.verb:set package 'serial' build argument 'cmake_clean_cache' from command line to 'False'
[0.870s] Level 5:colcon.colcon_core.verb:set package 'serial' build argument 'cmake_clean_first' from command line to 'False'
[0.870s] Level 5:colcon.colcon_core.verb:set package 'serial' build argument 'cmake_force_configure' from command line to 'False'
[0.870s] Level 5:colcon.colcon_core.verb:set package 'serial' build argument 'ament_cmake_args' from command line to 'None'
[0.870s] Level 5:colcon.colcon_core.verb:set package 'serial' build argument 'catkin_cmake_args' from command line to 'None'
[0.870s] Level 5:colcon.colcon_core.verb:set package 'serial' build argument 'catkin_skip_building_tests' from command line to 'False'
[0.870s] DEBUG:colcon.colcon_core.verb:Building package 'serial' with the following arguments: {'ament_cmake_args': None, 'build_base': '/home/ori/my_ackermann/build/serial', 'catkin_cmake_args': None, 'catkin_skip_building_tests': False, 'cmake_args': None, 'cmake_clean_cache': False, 'cmake_clean_first': False, 'cmake_force_configure': False, 'cmake_target': None, 'cmake_target_skip_unavailable': False, 'install_base': '/home/ori/my_ackermann/install/serial', 'merge_install': False, 'path': '/home/ori/my_ackermann/src/serial', 'symlink_install': False, 'test_result_base': None}
[0.879s] Level 5:colcon.colcon_core.verb:set package 'gazebo_ros2_control_demos' build argument 'cmake_args' from command line to 'None'
[0.879s] Level 5:colcon.colcon_core.verb:set package 'gazebo_ros2_control_demos' build argument 'cmake_target' from command line to 'None'
[0.879s] Level 5:colcon.colcon_core.verb:set package 'gazebo_ros2_control_demos' build argument 'cmake_target_skip_unavailable' from command line to 'False'
[0.879s] Level 5:colcon.colcon_core.verb:set package 'gazebo_ros2_control_demos' build argument 'cmake_clean_cache' from command line to 'False'
[0.879s] Level 5:colcon.colcon_core.verb:set package 'gazebo_ros2_control_demos' build argument 'cmake_clean_first' from command line to 'False'
[0.879s] Level 5:colcon.colcon_core.verb:set package 'gazebo_ros2_control_demos' build argument 'cmake_force_configure' from command line to 'False'
[0.879s] Level 5:colcon.colcon_core.verb:set package 'gazebo_ros2_control_demos' build argument 'ament_cmake_args' from command line to 'None'
[0.879s] Level 5:colcon.colcon_core.verb:set package 'gazebo_ros2_control_demos' build argument 'catkin_cmake_args' from command line to 'None'
[0.879s] Level 5:colcon.colcon_core.verb:set package 'gazebo_ros2_control_demos' build argument 'catkin_skip_building_tests' from command line to 'False'
[0.879s] DEBUG:colcon.colcon_core.verb:Building package 'gazebo_ros2_control_demos' with the following arguments: {'ament_cmake_args': None, 'build_base': '/home/ori/my_ackermann/build/gazebo_ros2_control_demos', 'catkin_cmake_args': None, 'catkin_skip_building_tests': False, 'cmake_args': None, 'cmake_clean_cache': False, 'cmake_clean_first': False, 'cmake_force_configure': False, 'cmake_target': None, 'cmake_target_skip_unavailable': False, 'install_base': '/home/ori/my_ackermann/install/gazebo_ros2_control_demos', 'merge_install': False, 'path': '/home/ori/my_ackermann/src/gazebo_ros2_control/gazebo_ros2_control_demos', 'symlink_install': False, 'test_result_base': None}
[0.888s] INFO:colcon.colcon_core.executor:Executing jobs using 'parallel' executor
[0.897s] DEBUG:colcon.colcon_parallel_executor.executor.parallel:run_until_complete
[0.898s] INFO:colcon.colcon_ros.task.ament_cmake.build:Building ROS package in '/home/ori/my_ackermann/src/gazebo_ros2_control/gazebo_ros2_control' with build type 'ament_cmake'
[0.898s] INFO:colcon.colcon_cmake.task.cmake.build:Building CMake package in '/home/ori/my_ackermann/src/gazebo_ros2_control/gazebo_ros2_control'
[0.918s] INFO:colcon.colcon_core.plugin_system:Skipping extension 'colcon_core.shell.bat': Not used on non-Windows systems
[0.918s] INFO:colcon.colcon_core.shell:Skip shell extension 'powershell' for command environment: Not usable outside of PowerShell
[0.918s] DEBUG:colcon.colcon_core.shell:Skip shell extension 'dsv' for command environment
[0.938s] INFO:colcon.colcon_ros.task.ament_cmake.build:Building ROS package in '/home/ori/my_ackermann/src/diffdrive_arduino' with build type 'ament_cmake'
[0.938s] INFO:colcon.colcon_cmake.task.cmake.build:Building CMake package in '/home/ori/my_ackermann/src/diffdrive_arduino'
[0.948s] INFO:colcon.colcon_core.shell:Skip shell extension 'powershell' for command environment: Not usable outside of PowerShell
[0.948s] DEBUG:colcon.colcon_core.shell:Skip shell extension 'dsv' for command environment
[0.967s] INFO:colcon.colcon_ros.task.ament_cmake.build:Building ROS package in '/home/ori/my_ackermann/src/rc_car' with build type 'ament_cmake'
[0.967s] INFO:colcon.colcon_cmake.task.cmake.build:Building CMake package in '/home/ori/my_ackermann/src/rc_car'
[0.976s] INFO:colcon.colcon_core.shell:Skip shell extension 'powershell' for command environment: Not usable outside of PowerShell
[0.977s] DEBUG:colcon.colcon_core.shell:Skip shell extension 'dsv' for command environment
[0.996s] INFO:colcon.colcon_ros.task.ament_cmake.build:Building ROS package in '/home/ori/my_ackermann/src/serial' with build type 'ament_cmake'
[0.996s] INFO:colcon.colcon_cmake.task.cmake.build:Building CMake package in '/home/ori/my_ackermann/src/serial'
[1.005s] INFO:colcon.colcon_core.shell:Skip shell extension 'powershell' for command environment: Not usable outside of PowerShell
[1.005s] DEBUG:colcon.colcon_core.shell:Skip shell extension 'dsv' for command environment
[1.031s] DEBUG:colcon.colcon_core.event_handler.log_command:Invoking command in '/home/ori/my_ackermann/build/gazebo_ros2_control': CMAKE_PREFIX_PATH=/opt/ros/humble /usr/bin/cmake --build /home/ori/my_ackermann/build/gazebo_ros2_control -- -j20 -l20
[1.033s] DEBUG:colcon.colcon_core.event_handler.log_command:Invoking command in '/home/ori/my_ackermann/build/diffdrive_arduino': CMAKE_PREFIX_PATH=/opt/ros/humble /usr/bin/cmake --build /home/ori/my_ackermann/build/diffdrive_arduino -- -j20 -l20
[1.036s] DEBUG:colcon.colcon_core.event_handler.log_command:Invoking command in '/home/ori/my_ackermann/build/rc_car': CMAKE_PREFIX_PATH=/opt/ros/humble /usr/bin/cmake --build /home/ori/my_ackermann/build/rc_car -- -j20 -l20
[1.040s] DEBUG:colcon.colcon_core.event_handler.log_command:Invoking command in '/home/ori/my_ackermann/build/serial': CMAKE_PREFIX_PATH=/opt/ros/humble /usr/bin/cmake --build /home/ori/my_ackermann/build/serial -- -j20 -l20
[1.094s] DEBUG:colcon.colcon_core.event_handler.log_command:Invoked command in '/home/ori/my_ackermann/build/diffdrive_arduino' returned '0': CMAKE_PREFIX_PATH=/opt/ros/humble /usr/bin/cmake --build /home/ori/my_ackermann/build/diffdrive_arduino -- -j20 -l20
[1.118s] DEBUG:colcon.colcon_core.event_handler.log_command:Invoking command in '/home/ori/my_ackermann/build/diffdrive_arduino': CMAKE_PREFIX_PATH=/opt/ros/humble /usr/bin/cmake --install /home/ori/my_ackermann/build/diffdrive_arduino
[1.119s] DEBUG:colcon.colcon_core.event_handler.log_command:Invoked command in '/home/ori/my_ackermann/build/serial' returned '0': CMAKE_PREFIX_PATH=/opt/ros/humble /usr/bin/cmake --build /home/ori/my_ackermann/build/serial -- -j20 -l20
[1.120s] DEBUG:colcon.colcon_core.event_handler.log_command:Invoked command in '/home/ori/my_ackermann/build/gazebo_ros2_control' returned '0': CMAKE_PREFIX_PATH=/opt/ros/humble /usr/bin/cmake --build /home/ori/my_ackermann/build/gazebo_ros2_control -- -j20 -l20
[1.126s] Level 1:colcon.colcon_core.environment:create_environment_scripts_only(diffdrive_arduino)
[1.127s] DEBUG:colcon.colcon_core.event_handler.log_command:Invoked command in '/home/ori/my_ackermann/build/diffdrive_arduino' returned '0': CMAKE_PREFIX_PATH=/opt/ros/humble /usr/bin/cmake --install /home/ori/my_ackermann/build/diffdrive_arduino
[1.140s] Level 1:colcon.colcon_core.environment:checking '/home/ori/my_ackermann/install/diffdrive_arduino' for CMake module files
[1.141s] Level 1:colcon.colcon_core.environment:checking '/home/ori/my_ackermann/install/diffdrive_arduino' for CMake config files
[1.141s] Level 1:colcon.colcon_core.shell:create_environment_hook('diffdrive_arduino', 'cmake_prefix_path')
[1.149s] INFO:colcon.colcon_core.shell:Creating environment hook '/home/ori/my_ackermann/install/diffdrive_arduino/share/diffdrive_arduino/hook/cmake_prefix_path.ps1'
[1.150s] INFO:colcon.colcon_core.shell:Creating environment descriptor '/home/ori/my_ackermann/install/diffdrive_arduino/share/diffdrive_arduino/hook/cmake_prefix_path.dsv'
[1.150s] INFO:colcon.colcon_core.shell:Creating environment hook '/home/ori/my_ackermann/install/diffdrive_arduino/share/diffdrive_arduino/hook/cmake_prefix_path.sh'
[1.151s] Level 1:colcon.colcon_core.environment:checking '/home/ori/my_ackermann/install/diffdrive_arduino/lib'
[1.151s] Level 1:colcon.colcon_core.shell:create_environment_hook('diffdrive_arduino', 'ld_library_path_lib')
[1.160s] INFO:colcon.colcon_core.shell:Creating environment hook '/home/ori/my_ackermann/install/diffdrive_arduino/share/diffdrive_arduino/hook/ld_library_path_lib.ps1'
[1.160s] INFO:colcon.colcon_core.shell:Creating environment descriptor '/home/ori/my_ackermann/install/diffdrive_arduino/share/diffdrive_arduino/hook/ld_library_path_lib.dsv'
[1.160s] INFO:colcon.colcon_core.shell:Creating environment hook '/home/ori/my_ackermann/install/diffdrive_arduino/share/diffdrive_arduino/hook/ld_library_path_lib.sh'
[1.161s] Level 1:colcon.colcon_core.environment:checking '/home/ori/my_ackermann/install/diffdrive_arduino/bin'
[1.161s] Level 1:colcon.colcon_core.environment:checking '/home/ori/my_ackermann/install/diffdrive_arduino/lib/pkgconfig/diffdrive_arduino.pc'
[1.161s] Level 1:colcon.colcon_core.environment:checking '/home/ori/my_ackermann/install/diffdrive_arduino/lib/python3.10/site-packages'
[1.161s] Level 1:colcon.colcon_core.environment:checking '/home/ori/my_ackermann/install/diffdrive_arduino/bin'
[1.170s] INFO:colcon.colcon_core.shell:Creating package script '/home/ori/my_ackermann/install/diffdrive_arduino/share/diffdrive_arduino/package.ps1'
[1.170s] INFO:colcon.colcon_core.shell:Creating package descriptor '/home/ori/my_ackermann/install/diffdrive_arduino/share/diffdrive_arduino/package.dsv'
[1.171s] INFO:colcon.colcon_core.shell:Creating package script '/home/ori/my_ackermann/install/diffdrive_arduino/share/diffdrive_arduino/package.sh'
[1.171s] INFO:colcon.colcon_core.shell:Creating package script '/home/ori/my_ackermann/install/diffdrive_arduino/share/diffdrive_arduino/package.bash'
[1.172s] INFO:colcon.colcon_core.shell:Creating package script '/home/ori/my_ackermann/install/diffdrive_arduino/share/diffdrive_arduino/package.zsh'
[1.172s] Level 1:colcon.colcon_core.environment:create_file_with_runtime_dependencies(/home/ori/my_ackermann/install/diffdrive_arduino/share/colcon-core/packages/diffdrive_arduino)
[1.174s] DEBUG:colcon.colcon_core.event_handler.log_command:Invoking command in '/home/ori/my_ackermann/build/serial': CMAKE_PREFIX_PATH=/opt/ros/humble /usr/bin/cmake --install /home/ori/my_ackermann/build/serial
[1.175s] DEBUG:colcon.colcon_core.event_handler.log_command:Invoking command in '/home/ori/my_ackermann/build/gazebo_ros2_control': CMAKE_PREFIX_PATH=/opt/ros/humble /usr/bin/cmake --install /home/ori/my_ackermann/build/gazebo_ros2_control
[1.184s] Level 1:colcon.colcon_core.environment:create_environment_scripts_only(gazebo_ros2_control)
[1.185s] DEBUG:colcon.colcon_core.event_handler.log_command:Invoked command in '/home/ori/my_ackermann/build/gazebo_ros2_control' returned '0': CMAKE_PREFIX_PATH=/opt/ros/humble /usr/bin/cmake --install /home/ori/my_ackermann/build/gazebo_ros2_control
[1.194s] Level 1:colcon.colcon_core.environment:checking '/home/ori/my_ackermann/install/gazebo_ros2_control' for CMake module files
[1.194s] Level 1:colcon.colcon_core.environment:checking '/home/ori/my_ackermann/install/gazebo_ros2_control' for CMake config files
[1.194s] Level 1:colcon.colcon_core.shell:create_environment_hook('gazebo_ros2_control', 'cmake_prefix_path')
[1.204s] INFO:colcon.colcon_core.shell:Creating environment hook '/home/ori/my_ackermann/install/gazebo_ros2_control/share/gazebo_ros2_control/hook/cmake_prefix_path.ps1'
[1.204s] INFO:colcon.colcon_core.shell:Creating environment descriptor '/home/ori/my_ackermann/install/gazebo_ros2_control/share/gazebo_ros2_control/hook/cmake_prefix_path.dsv'
[1.204s] INFO:colcon.colcon_core.shell:Creating environment hook '/home/ori/my_ackermann/install/gazebo_ros2_control/share/gazebo_ros2_control/hook/cmake_prefix_path.sh'
[1.205s] Level 1:colcon.colcon_core.environment:checking '/home/ori/my_ackermann/install/gazebo_ros2_control/lib'
[1.205s] Level 1:colcon.colcon_core.shell:create_environment_hook('gazebo_ros2_control', 'ld_library_path_lib')
[1.213s] INFO:colcon.colcon_core.shell:Creating environment hook '/home/ori/my_ackermann/install/gazebo_ros2_control/share/gazebo_ros2_control/hook/ld_library_path_lib.ps1'
[1.214s] INFO:colcon.colcon_core.shell:Creating environment descriptor '/home/ori/my_ackermann/install/gazebo_ros2_control/share/gazebo_ros2_control/hook/ld_library_path_lib.dsv'
[1.214s] INFO:colcon.colcon_core.shell:Creating environment hook '/home/ori/my_ackermann/install/gazebo_ros2_control/share/gazebo_ros2_control/hook/ld_library_path_lib.sh'
[1.214s] Level 1:colcon.colcon_core.environment:checking '/home/ori/my_ackermann/install/gazebo_ros2_control/bin'
[1.214s] Level 1:colcon.colcon_core.environment:checking '/home/ori/my_ackermann/install/gazebo_ros2_control/lib/pkgconfig/gazebo_ros2_control.pc'
[1.214s] Level 1:colcon.colcon_core.environment:checking '/home/ori/my_ackermann/install/gazebo_ros2_control/lib/python3.10/site-packages'
[1.214s] Level 1:colcon.colcon_core.environment:checking '/home/ori/my_ackermann/install/gazebo_ros2_control/bin'
[1.223s] INFO:colcon.colcon_core.shell:Creating package script '/home/ori/my_ackermann/install/gazebo_ros2_control/share/gazebo_ros2_control/package.ps1'
[1.223s] INFO:colcon.colcon_core.shell:Creating package descriptor '/home/ori/my_ackermann/install/gazebo_ros2_control/share/gazebo_ros2_control/package.dsv'
[1.223s] INFO:colcon.colcon_core.shell:Creating package script '/home/ori/my_ackermann/install/gazebo_ros2_control/share/gazebo_ros2_control/package.sh'
[1.224s] INFO:colcon.colcon_core.shell:Creating package script '/home/ori/my_ackermann/install/gazebo_ros2_control/share/gazebo_ros2_control/package.bash'
[1.224s] INFO:colcon.colcon_core.shell:Creating package script '/home/ori/my_ackermann/install/gazebo_ros2_control/share/gazebo_ros2_control/package.zsh'
[1.224s] Level 1:colcon.colcon_core.environment:create_file_with_runtime_dependencies(/home/ori/my_ackermann/install/gazebo_ros2_control/share/colcon-core/packages/gazebo_ros2_control)
[1.225s] Level 1:colcon.colcon_core.environment:create_environment_scripts_only(serial)
[1.225s] DEBUG:colcon.colcon_core.event_handler.log_command:Invoked command in '/home/ori/my_ackermann/build/serial' returned '0': CMAKE_PREFIX_PATH=/opt/ros/humble /usr/bin/cmake --install /home/ori/my_ackermann/build/serial
[1.235s] Level 1:colcon.colcon_core.environment:checking '/home/ori/my_ackermann/install/serial' for CMake module files
[1.235s] Level 1:colcon.colcon_core.environment:checking '/home/ori/my_ackermann/install/serial' for CMake config files
[1.235s] Level 1:colcon.colcon_core.shell:create_environment_hook('serial', 'cmake_prefix_path')
[1.244s] INFO:colcon.colcon_core.shell:Creating environment hook '/home/ori/my_ackermann/install/serial/share/serial/hook/cmake_prefix_path.ps1'
[1.244s] INFO:colcon.colcon_core.shell:Creating environment descriptor '/home/ori/my_ackermann/install/serial/share/serial/hook/cmake_prefix_path.dsv'
[1.244s] INFO:colcon.colcon_core.shell:Creating environment hook '/home/ori/my_ackermann/install/serial/share/serial/hook/cmake_prefix_path.sh'
[1.244s] Level 1:colcon.colcon_core.environment:checking '/home/ori/my_ackermann/install/serial/lib'
[1.245s] Level 1:colcon.colcon_core.environment:checking '/home/ori/my_ackermann/install/serial/bin'
[1.245s] Level 1:colcon.colcon_core.environment:checking '/home/ori/my_ackermann/install/serial/lib/pkgconfig/serial.pc'
[1.245s] Level 1:colcon.colcon_core.environment:checking '/home/ori/my_ackermann/install/serial/lib/python3.10/site-packages'
[1.245s] Level 1:colcon.colcon_core.environment:checking '/home/ori/my_ackermann/install/serial/bin'
[1.253s] INFO:colcon.colcon_core.shell:Creating package script '/home/ori/my_ackermann/install/serial/share/serial/package.ps1'
[1.254s] INFO:colcon.colcon_core.shell:Creating package descriptor '/home/ori/my_ackermann/install/serial/share/serial/package.dsv'
[1.254s] INFO:colcon.colcon_core.shell:Creating package script '/home/ori/my_ackermann/install/serial/share/serial/package.sh'
[1.254s] INFO:colcon.colcon_core.shell:Creating package script '/home/ori/my_ackermann/install/serial/share/serial/package.bash'
[1.254s] INFO:colcon.colcon_core.shell:Creating package script '/home/ori/my_ackermann/install/serial/share/serial/package.zsh'
[1.255s] Level 1:colcon.colcon_core.environment:create_file_with_runtime_dependencies(/home/ori/my_ackermann/install/serial/share/colcon-core/packages/serial)
[1.266s] Level 1:colcon.colcon_core.environment:create_environment_scripts_only(diffdrive_arduino)
[1.275s] Level 1:colcon.colcon_core.environment:checking '/home/ori/my_ackermann/install/diffdrive_arduino' for CMake module files
[1.275s] Level 1:colcon.colcon_core.environment:checking '/home/ori/my_ackermann/install/diffdrive_arduino' for CMake config files
[1.275s] Level 1:colcon.colcon_core.shell:create_environment_hook('diffdrive_arduino', 'cmake_prefix_path')
[1.284s] INFO:colcon.colcon_core.shell:Creating environment hook '/home/ori/my_ackermann/install/diffdrive_arduino/share/diffdrive_arduino/hook/cmake_prefix_path.ps1'
[1.284s] INFO:colcon.colcon_core.shell:Creating environment descriptor '/home/ori/my_ackermann/install/diffdrive_arduino/share/diffdrive_arduino/hook/cmake_prefix_path.dsv'
[1.285s] INFO:colcon.colcon_core.shell:Creating environment hook '/home/ori/my_ackermann/install/diffdrive_arduino/share/diffdrive_arduino/hook/cmake_prefix_path.sh'
[1.285s] Level 1:colcon.colcon_core.environment:checking '/home/ori/my_ackermann/install/diffdrive_arduino/lib'
[1.285s] Level 1:colcon.colcon_core.shell:create_environment_hook('diffdrive_arduino', 'ld_library_path_lib')
[1.294s] INFO:colcon.colcon_core.shell:Creating environment hook '/home/ori/my_ackermann/install/diffdrive_arduino/share/diffdrive_arduino/hook/ld_library_path_lib.ps1'
[1.294s] INFO:colcon.colcon_core.shell:Creating environment descriptor '/home/ori/my_ackermann/install/diffdrive_arduino/share/diffdrive_arduino/hook/ld_library_path_lib.dsv'
[1.294s] INFO:colcon.colcon_core.shell:Creating environment hook '/home/ori/my_ackermann/install/diffdrive_arduino/share/diffdrive_arduino/hook/ld_library_path_lib.sh'
[1.294s] Level 1:colcon.colcon_core.environment:checking '/home/ori/my_ackermann/install/diffdrive_arduino/bin'
[1.295s] Level 1:colcon.colcon_core.environment:checking '/home/ori/my_ackermann/install/diffdrive_arduino/lib/pkgconfig/diffdrive_arduino.pc'
[1.295s] Level 1:colcon.colcon_core.environment:checking '/home/ori/my_ackermann/install/diffdrive_arduino/lib/python3.10/site-packages'
[1.295s] Level 1:colcon.colcon_core.environment:checking '/home/ori/my_ackermann/install/diffdrive_arduino/bin'
[1.304s] INFO:colcon.colcon_core.shell:Creating package script '/home/ori/my_ackermann/install/diffdrive_arduino/share/diffdrive_arduino/package.ps1'
[1.304s] INFO:colcon.colcon_core.shell:Creating package descriptor '/home/ori/my_ackermann/install/diffdrive_arduino/share/diffdrive_arduino/package.dsv'
[1.304s] INFO:colcon.colcon_core.shell:Creating package script '/home/ori/my_ackermann/install/diffdrive_arduino/share/diffdrive_arduino/package.sh'
[1.304s] INFO:colcon.colcon_core.shell:Creating package script '/home/ori/my_ackermann/install/diffdrive_arduino/share/diffdrive_arduino/package.bash'
[1.305s] INFO:colcon.colcon_core.shell:Creating package script '/home/ori/my_ackermann/install/diffdrive_arduino/share/diffdrive_arduino/package.zsh'
[1.305s] Level 1:colcon.colcon_core.environment:create_file_with_runtime_dependencies(/home/ori/my_ackermann/install/diffdrive_arduino/share/colcon-core/packages/diffdrive_arduino)
[1.315s] Level 1:colcon.colcon_core.environment:create_environment_scripts_only(gazebo_ros2_control)
[1.323s] Level 1:colcon.colcon_core.environment:checking '/home/ori/my_ackermann/install/gazebo_ros2_control' for CMake module files
[1.323s] Level 1:colcon.colcon_core.environment:checking '/home/ori/my_ackermann/install/gazebo_ros2_control' for CMake config files
[1.324s] Level 1:colcon.colcon_core.shell:create_environment_hook('gazebo_ros2_control', 'cmake_prefix_path')
[1.332s] INFO:colcon.colcon_core.shell:Creating environment hook '/home/ori/my_ackermann/install/gazebo_ros2_control/share/gazebo_ros2_control/hook/cmake_prefix_path.ps1'
[1.333s] INFO:colcon.colcon_core.shell:Creating environment descriptor '/home/ori/my_ackermann/install/gazebo_ros2_control/share/gazebo_ros2_control/hook/cmake_prefix_path.dsv'
[1.333s] INFO:colcon.colcon_core.shell:Creating environment hook '/home/ori/my_ackermann/install/gazebo_ros2_control/share/gazebo_ros2_control/hook/cmake_prefix_path.sh'
[1.333s] Level 1:colcon.colcon_core.environment:checking '/home/ori/my_ackermann/install/gazebo_ros2_control/lib'
[1.333s] Level 1:colcon.colcon_core.shell:create_environment_hook('gazebo_ros2_control', 'ld_library_path_lib')
[1.342s] INFO:colcon.colcon_core.shell:Creating environment hook '/home/ori/my_ackermann/install/gazebo_ros2_control/share/gazebo_ros2_control/hook/ld_library_path_lib.ps1'
[1.342s] INFO:colcon.colcon_core.shell:Creating environment descriptor '/home/ori/my_ackermann/install/gazebo_ros2_control/share/gazebo_ros2_control/hook/ld_library_path_lib.dsv'
[1.342s] INFO:colcon.colcon_core.shell:Creating environment hook '/home/ori/my_ackermann/install/gazebo_ros2_control/share/gazebo_ros2_control/hook/ld_library_path_lib.sh'
[1.343s] Level 1:colcon.colcon_core.environment:checking '/home/ori/my_ackermann/install/gazebo_ros2_control/bin'
[1.343s] Level 1:colcon.colcon_core.environment:checking '/home/ori/my_ackermann/install/gazebo_ros2_control/lib/pkgconfig/gazebo_ros2_control.pc'
[1.343s] Level 1:colcon.colcon_core.environment:checking '/home/ori/my_ackermann/install/gazebo_ros2_control/lib/python3.10/site-packages'
[1.343s] Level 1:colcon.colcon_core.environment:checking '/home/ori/my_ackermann/install/gazebo_ros2_control/bin'
[1.351s] INFO:colcon.colcon_core.shell:Creating package script '/home/ori/my_ackermann/install/gazebo_ros2_control/share/gazebo_ros2_control/package.ps1'
[1.352s] INFO:colcon.colcon_core.shell:Creating package descriptor '/home/ori/my_ackermann/install/gazebo_ros2_control/share/gazebo_ros2_control/package.dsv'
[1.352s] INFO:colcon.colcon_core.shell:Creating package script '/home/ori/my_ackermann/install/gazebo_ros2_control/share/gazebo_ros2_control/package.sh'
[1.352s] INFO:colcon.colcon_core.shell:Creating package script '/home/ori/my_ackermann/install/gazebo_ros2_control/share/gazebo_ros2_control/package.bash'
[1.352s] INFO:colcon.colcon_core.shell:Creating package script '/home/ori/my_ackermann/install/gazebo_ros2_control/share/gazebo_ros2_control/package.zsh'
[1.353s] Level 1:colcon.colcon_core.environment:create_file_with_runtime_dependencies(/home/ori/my_ackermann/install/gazebo_ros2_control/share/colcon-core/packages/gazebo_ros2_control)
[1.353s] INFO:colcon.colcon_ros.task.ament_cmake.build:Building ROS package in '/home/ori/my_ackermann/src/gazebo_ros2_control/gazebo_ros2_control_demos' with build type 'ament_cmake'
[1.353s] INFO:colcon.colcon_cmake.task.cmake.build:Building CMake package in '/home/ori/my_ackermann/src/gazebo_ros2_control/gazebo_ros2_control_demos'
[1.363s] INFO:colcon.colcon_core.shell:Skip shell extension 'powershell' for command environment: Not usable outside of PowerShell
[1.363s] DEBUG:colcon.colcon_core.shell:Skip shell extension 'dsv' for command environment
[1.383s] DEBUG:colcon.colcon_core.event_handler.log_command:Invoked command in '/home/ori/my_ackermann/build/rc_car' returned '0': CMAKE_PREFIX_PATH=/opt/ros/humble /usr/bin/cmake --build /home/ori/my_ackermann/build/rc_car -- -j20 -l20
[1.393s] Level 1:colcon.colcon_core.environment:create_environment_scripts_only(serial)
[1.403s] Level 1:colcon.colcon_core.environment:checking '/home/ori/my_ackermann/install/serial' for CMake module files
[1.403s] Level 1:colcon.colcon_core.environment:checking '/home/ori/my_ackermann/install/serial' for CMake config files
[1.403s] Level 1:colcon.colcon_core.shell:create_environment_hook('serial', 'cmake_prefix_path')
[1.412s] INFO:colcon.colcon_core.shell:Creating environment hook '/home/ori/my_ackermann/install/serial/share/serial/hook/cmake_prefix_path.ps1'
[1.413s] INFO:colcon.colcon_core.shell:Creating environment descriptor '/home/ori/my_ackermann/install/serial/share/serial/hook/cmake_prefix_path.dsv'
[1.413s] INFO:colcon.colcon_core.shell:Creating environment hook '/home/ori/my_ackermann/install/serial/share/serial/hook/cmake_prefix_path.sh'
[1.413s] Level 1:colcon.colcon_core.environment:checking '/home/ori/my_ackermann/install/serial/lib'
[1.413s] Level 1:colcon.colcon_core.environment:checking '/home/ori/my_ackermann/install/serial/bin'
[1.413s] Level 1:colcon.colcon_core.environment:checking '/home/ori/my_ackermann/install/serial/lib/pkgconfig/serial.pc'
[1.413s] Level 1:colcon.colcon_core.environment:checking '/home/ori/my_ackermann/install/serial/lib/python3.10/site-packages'
[1.414s] Level 1:colcon.colcon_core.environment:checking '/home/ori/my_ackermann/install/serial/bin'
[1.432s] INFO:colcon.colcon_core.shell:Creating package script '/home/ori/my_ackermann/install/serial/share/serial/package.ps1'
[1.433s] INFO:colcon.colcon_core.shell:Creating package descriptor '/home/ori/my_ackermann/install/serial/share/serial/package.dsv'
[1.433s] INFO:colcon.colcon_core.shell:Creating package script '/home/ori/my_ackermann/install/serial/share/serial/package.sh'
[1.433s] INFO:colcon.colcon_core.shell:Creating package script '/home/ori/my_ackermann/install/serial/share/serial/package.bash'
[1.433s] INFO:colcon.colcon_core.shell:Creating package script '/home/ori/my_ackermann/install/serial/share/serial/package.zsh'
[1.434s] Level 1:colcon.colcon_core.environment:create_file_with_runtime_dependencies(/home/ori/my_ackermann/install/serial/share/colcon-core/packages/serial)
[1.437s] DEBUG:colcon.colcon_core.event_handler.log_command:Invoking command in '/home/ori/my_ackermann/build/gazebo_ros2_control_demos': AMENT_PREFIX_PATH=/home/ori/my_ackermann/install/gazebo_ros2_control:${AMENT_PREFIX_PATH} CMAKE_PREFIX_PATH=/home/ori/my_ackermann/install/gazebo_ros2_control:/opt/ros/humble LD_LIBRARY_PATH=/home/ori/my_ackermann/install/gazebo_ros2_control/lib:${LD_LIBRARY_PATH} /usr/bin/cmake --build /home/ori/my_ackermann/build/gazebo_ros2_control_demos -- -j20 -l20
[1.438s] DEBUG:colcon.colcon_core.event_handler.log_command:Invoking command in '/home/ori/my_ackermann/build/rc_car': CMAKE_PREFIX_PATH=/opt/ros/humble /usr/bin/cmake --install /home/ori/my_ackermann/build/rc_car
[1.477s] Level 1:colcon.colcon_core.environment:create_environment_scripts_only(rc_car)
[1.480s] DEBUG:colcon.colcon_core.event_handler.log_command:Invoked command in '/home/ori/my_ackermann/build/rc_car' returned '0': CMAKE_PREFIX_PATH=/opt/ros/humble /usr/bin/cmake --install /home/ori/my_ackermann/build/rc_car
[1.493s] Level 1:colcon.colcon_core.environment:checking '/home/ori/my_ackermann/install/rc_car' for CMake module files
[1.494s] Level 1:colcon.colcon_core.environment:checking '/home/ori/my_ackermann/install/rc_car' for CMake config files
[1.494s] Level 1:colcon.colcon_core.shell:create_environment_hook('rc_car', 'cmake_prefix_path')
[1.503s] INFO:colcon.colcon_core.shell:Creating environment hook '/home/ori/my_ackermann/install/rc_car/share/rc_car/hook/cmake_prefix_path.ps1'
[1.503s] INFO:colcon.colcon_core.shell:Creating environment descriptor '/home/ori/my_ackermann/install/rc_car/share/rc_car/hook/cmake_prefix_path.dsv'
[1.503s] INFO:colcon.colcon_core.shell:Creating environment hook '/home/ori/my_ackermann/install/rc_car/share/rc_car/hook/cmake_prefix_path.sh'
[1.504s] Level 1:colcon.colcon_core.environment:checking '/home/ori/my_ackermann/install/rc_car/lib'
[1.504s] Level 1:colcon.colcon_core.environment:checking '/home/ori/my_ackermann/install/rc_car/bin'
[1.504s] Level 1:colcon.colcon_core.environment:checking '/home/ori/my_ackermann/install/rc_car/lib/pkgconfig/rc_car.pc'
[1.504s] Level 1:colcon.colcon_core.environment:checking '/home/ori/my_ackermann/install/rc_car/lib/python3.10/site-packages'
[1.504s] Level 1:colcon.colcon_core.environment:checking '/home/ori/my_ackermann/install/rc_car/bin'
[1.513s] INFO:colcon.colcon_core.shell:Creating package script '/home/ori/my_ackermann/install/rc_car/share/rc_car/package.ps1'
[1.513s] INFO:colcon.colcon_core.shell:Creating package descriptor '/home/ori/my_ackermann/install/rc_car/share/rc_car/package.dsv'
[1.514s] INFO:colcon.colcon_core.shell:Creating package script '/home/ori/my_ackermann/install/rc_car/share/rc_car/package.sh'
[1.514s] INFO:colcon.colcon_core.shell:Creating package script '/home/ori/my_ackermann/install/rc_car/share/rc_car/package.bash'
[1.514s] INFO:colcon.colcon_core.shell:Creating package script '/home/ori/my_ackermann/install/rc_car/share/rc_car/package.zsh'
[1.514s] Level 1:colcon.colcon_core.environment:create_file_with_runtime_dependencies(/home/ori/my_ackermann/install/rc_car/share/colcon-core/packages/rc_car)
[1.516s] DEBUG:colcon.colcon_core.event_handler.log_command:Invoked command in '/home/ori/my_ackermann/build/gazebo_ros2_control_demos' returned '0': AMENT_PREFIX_PATH=/home/ori/my_ackermann/install/gazebo_ros2_control:${AMENT_PREFIX_PATH} CMAKE_PREFIX_PATH=/home/ori/my_ackermann/install/gazebo_ros2_control:/opt/ros/humble LD_LIBRARY_PATH=/home/ori/my_ackermann/install/gazebo_ros2_control/lib:${LD_LIBRARY_PATH} /usr/bin/cmake --build /home/ori/my_ackermann/build/gazebo_ros2_control_demos -- -j20 -l20
[1.539s] Level 1:colcon.colcon_core.environment:create_environment_scripts_only(rc_car)
[1.547s] Level 1:colcon.colcon_core.environment:checking '/home/ori/my_ackermann/install/rc_car' for CMake module files
[1.548s] Level 1:colcon.colcon_core.environment:checking '/home/ori/my_ackermann/install/rc_car' for CMake config files
[1.548s] Level 1:colcon.colcon_core.shell:create_environment_hook('rc_car', 'cmake_prefix_path')
[1.557s] INFO:colcon.colcon_core.shell:Creating environment hook '/home/ori/my_ackermann/install/rc_car/share/rc_car/hook/cmake_prefix_path.ps1'
[1.557s] INFO:colcon.colcon_core.shell:Creating environment descriptor '/home/ori/my_ackermann/install/rc_car/share/rc_car/hook/cmake_prefix_path.dsv'
[1.557s] INFO:colcon.colcon_core.shell:Creating environment hook '/home/ori/my_ackermann/install/rc_car/share/rc_car/hook/cmake_prefix_path.sh'
[1.557s] Level 1:colcon.colcon_core.environment:checking '/home/ori/my_ackermann/install/rc_car/lib'
[1.558s] Level 1:colcon.colcon_core.environment:checking '/home/ori/my_ackermann/install/rc_car/bin'
[1.558s] Level 1:colcon.colcon_core.environment:checking '/home/ori/my_ackermann/install/rc_car/lib/pkgconfig/rc_car.pc'
[1.558s] Level 1:colcon.colcon_core.environment:checking '/home/ori/my_ackermann/install/rc_car/lib/python3.10/site-packages'
[1.558s] Level 1:colcon.colcon_core.environment:checking '/home/ori/my_ackermann/install/rc_car/bin'
[1.567s] INFO:colcon.colcon_core.shell:Creating package script '/home/ori/my_ackermann/install/rc_car/share/rc_car/package.ps1'
[1.567s] INFO:colcon.colcon_core.shell:Creating package descriptor '/home/ori/my_ackermann/install/rc_car/share/rc_car/package.dsv'
[1.567s] INFO:colcon.colcon_core.shell:Creating package script '/home/ori/my_ackermann/install/rc_car/share/rc_car/package.sh'
[1.568s] INFO:colcon.colcon_core.shell:Creating package script '/home/ori/my_ackermann/install/rc_car/share/rc_car/package.bash'
[1.568s] INFO:colcon.colcon_core.shell:Creating package script '/home/ori/my_ackermann/install/rc_car/share/rc_car/package.zsh'
[1.568s] Level 1:colcon.colcon_core.environment:create_file_with_runtime_dependencies(/home/ori/my_ackermann/install/rc_car/share/colcon-core/packages/rc_car)
[1.570s] DEBUG:colcon.colcon_core.event_handler.log_command:Invoking command in '/home/ori/my_ackermann/build/gazebo_ros2_control_demos': AMENT_PREFIX_PATH=/home/ori/my_ackermann/install/gazebo_ros2_control:${AMENT_PREFIX_PATH} CMAKE_PREFIX_PATH=/home/ori/my_ackermann/install/gazebo_ros2_control:/opt/ros/humble LD_LIBRARY_PATH=/home/ori/my_ackermann/install/gazebo_ros2_control/lib:${LD_LIBRARY_PATH} /usr/bin/cmake --install /home/ori/my_ackermann/build/gazebo_ros2_control_demos
[1.578s] Level 1:colcon.colcon_core.environment:create_environment_scripts_only(gazebo_ros2_control_demos)
[1.579s] DEBUG:colcon.colcon_core.event_handler.log_command:Invoked command in '/home/ori/my_ackermann/build/gazebo_ros2_control_demos' returned '0': AMENT_PREFIX_PATH=/home/ori/my_ackermann/install/gazebo_ros2_control:${AMENT_PREFIX_PATH} CMAKE_PREFIX_PATH=/home/ori/my_ackermann/install/gazebo_ros2_control:/opt/ros/humble LD_LIBRARY_PATH=/home/ori/my_ackermann/install/gazebo_ros2_control/lib:${LD_LIBRARY_PATH} /usr/bin/cmake --install /home/ori/my_ackermann/build/gazebo_ros2_control_demos
[1.589s] Level 1:colcon.colcon_core.environment:checking '/home/ori/my_ackermann/install/gazebo_ros2_control_demos' for CMake module files
[1.590s] Level 1:colcon.colcon_core.environment:checking '/home/ori/my_ackermann/install/gazebo_ros2_control_demos' for CMake config files
[1.590s] Level 1:colcon.colcon_core.shell:create_environment_hook('gazebo_ros2_control_demos', 'cmake_prefix_path')
[1.599s] INFO:colcon.colcon_core.shell:Creating environment hook '/home/ori/my_ackermann/install/gazebo_ros2_control_demos/share/gazebo_ros2_control_demos/hook/cmake_prefix_path.ps1'
[1.599s] INFO:colcon.colcon_core.shell:Creating environment descriptor '/home/ori/my_ackermann/install/gazebo_ros2_control_demos/share/gazebo_ros2_control_demos/hook/cmake_prefix_path.dsv'
[1.599s] INFO:colcon.colcon_core.shell:Creating environment hook '/home/ori/my_ackermann/install/gazebo_ros2_control_demos/share/gazebo_ros2_control_demos/hook/cmake_prefix_path.sh'
[1.600s] Level 1:colcon.colcon_core.environment:checking '/home/ori/my_ackermann/install/gazebo_ros2_control_demos/lib'
[1.600s] Level 1:colcon.colcon_core.environment:checking '/home/ori/my_ackermann/install/gazebo_ros2_control_demos/bin'
[1.600s] Level 1:colcon.colcon_core.environment:checking '/home/ori/my_ackermann/install/gazebo_ros2_control_demos/lib/pkgconfig/gazebo_ros2_control_demos.pc'
[1.600s] Level 1:colcon.colcon_core.environment:checking '/home/ori/my_ackermann/install/gazebo_ros2_control_demos/lib/python3.10/site-packages'
[1.600s] Level 1:colcon.colcon_core.environment:checking '/home/ori/my_ackermann/install/gazebo_ros2_control_demos/bin'
[1.609s] INFO:colcon.colcon_core.shell:Creating package script '/home/ori/my_ackermann/install/gazebo_ros2_control_demos/share/gazebo_ros2_control_demos/package.ps1'
[1.609s] INFO:colcon.colcon_core.shell:Creating package descriptor '/home/ori/my_ackermann/install/gazebo_ros2_control_demos/share/gazebo_ros2_control_demos/package.dsv'
[1.609s] INFO:colcon.colcon_core.shell:Creating package script '/home/ori/my_ackermann/install/gazebo_ros2_control_demos/share/gazebo_ros2_control_demos/package.sh'
[1.609s] INFO:colcon.colcon_core.shell:Creating package script '/home/ori/my_ackermann/install/gazebo_ros2_control_demos/share/gazebo_ros2_control_demos/package.bash'
[1.610s] INFO:colcon.colcon_core.shell:Creating package script '/home/ori/my_ackermann/install/gazebo_ros2_control_demos/share/gazebo_ros2_control_demos/package.zsh'
[1.610s] Level 1:colcon.colcon_core.environment:create_file_with_runtime_dependencies(/home/ori/my_ackermann/install/gazebo_ros2_control_demos/share/colcon-core/packages/gazebo_ros2_control_demos)
[1.644s] Level 1:colcon.colcon_core.environment:create_environment_scripts_only(gazebo_ros2_control_demos)
[1.653s] Level 1:colcon.colcon_core.environment:checking '/home/ori/my_ackermann/install/gazebo_ros2_control_demos' for CMake module files
[1.653s] Level 1:colcon.colcon_core.environment:checking '/home/ori/my_ackermann/install/gazebo_ros2_control_demos' for CMake config files
[1.654s] Level 1:colcon.colcon_core.shell:create_environment_hook('gazebo_ros2_control_demos', 'cmake_prefix_path')
[1.662s] INFO:colcon.colcon_core.shell:Creating environment hook '/home/ori/my_ackermann/install/gazebo_ros2_control_demos/share/gazebo_ros2_control_demos/hook/cmake_prefix_path.ps1'
[1.662s] INFO:colcon.colcon_core.shell:Creating environment descriptor '/home/ori/my_ackermann/install/gazebo_ros2_control_demos/share/gazebo_ros2_control_demos/hook/cmake_prefix_path.dsv'
[1.663s] INFO:colcon.colcon_core.shell:Creating environment hook '/home/ori/my_ackermann/install/gazebo_ros2_control_demos/share/gazebo_ros2_control_demos/hook/cmake_prefix_path.sh'
[1.663s] Level 1:colcon.colcon_core.environment:checking '/home/ori/my_ackermann/install/gazebo_ros2_control_demos/lib'
[1.663s] Level 1:colcon.colcon_core.environment:checking '/home/ori/my_ackermann/install/gazebo_ros2_control_demos/bin'
[1.663s] Level 1:colcon.colcon_core.environment:checking '/home/ori/my_ackermann/install/gazebo_ros2_control_demos/lib/pkgconfig/gazebo_ros2_control_demos.pc'
[1.663s] Level 1:colcon.colcon_core.environment:checking '/home/ori/my_ackermann/install/gazebo_ros2_control_demos/lib/python3.10/site-packages'
[1.663s] Level 1:colcon.colcon_core.environment:checking '/home/ori/my_ackermann/install/gazebo_ros2_control_demos/bin'
[1.672s] INFO:colcon.colcon_core.shell:Creating package script '/home/ori/my_ackermann/install/gazebo_ros2_control_demos/share/gazebo_ros2_control_demos/package.ps1'
[1.672s] INFO:colcon.colcon_core.shell:Creating package descriptor '/home/ori/my_ackermann/install/gazebo_ros2_control_demos/share/gazebo_ros2_control_demos/package.dsv'
[1.672s] INFO:colcon.colcon_core.shell:Creating package script '/home/ori/my_ackermann/install/gazebo_ros2_control_demos/share/gazebo_ros2_control_demos/package.sh'
[1.673s] INFO:colcon.colcon_core.shell:Creating package script '/home/ori/my_ackermann/install/gazebo_ros2_control_demos/share/gazebo_ros2_control_demos/package.bash'
[1.673s] INFO:colcon.colcon_core.shell:Creating package script '/home/ori/my_ackermann/install/gazebo_ros2_control_demos/share/gazebo_ros2_control_demos/package.zsh'
[1.673s] Level 1:colcon.colcon_core.environment:create_file_with_runtime_dependencies(/home/ori/my_ackermann/install/gazebo_ros2_control_demos/share/colcon-core/packages/gazebo_ros2_control_demos)
[1.673s] DEBUG:colcon.colcon_parallel_executor.executor.parallel:closing loop
[1.673s] DEBUG:colcon.colcon_parallel_executor.executor.parallel:loop closed
[1.673s] DEBUG:colcon.colcon_parallel_executor.executor.parallel:run_until_complete finished with '0'
[1.673s] DEBUG:colcon.colcon_core.event_reactor:joining thread
[1.687s] INFO:colcon.colcon_core.plugin_system:Skipping extension 'colcon_notification.desktop_notification.terminal_notifier': Not used on non-Darwin systems
[1.687s] INFO:colcon.colcon_core.plugin_system:Skipping extension 'colcon_notification.desktop_notification.win32': Not used on non-Windows systems
[1.687s] INFO:colcon.colcon_notification.desktop_notification:Sending desktop notification using 'notify2'
[1.698s] DEBUG:colcon.colcon_core.event_reactor:joined thread
[1.709s] INFO:colcon.colcon_core.shell:Creating prefix script '/home/ori/my_ackermann/install/local_setup.ps1'
[1.709s] INFO:colcon.colcon_core.shell:Creating prefix util module '/home/ori/my_ackermann/install/_local_setup_util_ps1.py'
[1.711s] INFO:colcon.colcon_core.shell:Creating prefix chain script '/home/ori/my_ackermann/install/setup.ps1'
[1.721s] INFO:colcon.colcon_core.shell:Creating prefix script '/home/ori/my_ackermann/install/local_setup.sh'
[1.721s] INFO:colcon.colcon_core.shell:Creating prefix util module '/home/ori/my_ackermann/install/_local_setup_util_sh.py'
[1.721s] INFO:colcon.colcon_core.shell:Creating prefix chain script '/home/ori/my_ackermann/install/setup.sh'
[1.731s] INFO:colcon.colcon_core.shell:Creating prefix script '/home/ori/my_ackermann/install/local_setup.bash'
[1.731s] INFO:colcon.colcon_core.shell:Creating prefix chain script '/home/ori/my_ackermann/install/setup.bash'
[1.741s] INFO:colcon.colcon_core.shell:Creating prefix script '/home/ori/my_ackermann/install/local_setup.zsh'
[1.742s] INFO:colcon.colcon_core.shell:Creating prefix chain script '/home/ori/my_ackermann/install/setup.zsh'
