[0.015s] Invoking command in '/home/ori/Autonomous_Vehicle_Hardware/build/serial': CMAKE_PREFIX_PATH=/opt/ros/humble /usr/bin/cmake --build /home/ori/Autonomous_Vehicle_Hardware/build/serial -- -j20 -l20
[0.037s] [35m[1mConsolidate compiler generated dependencies of target gtest_main[0m
[0.037s] [35m[1mConsolidate compiler generated dependencies of target gtest[0m
[0.038s] [35m[1mConsolidate compiler generated dependencies of target serial[0m
[0.046s] [ 14%] Built target gtest_main
[0.046s] [ 28%] Built target gtest
[0.052s] [ 57%] Built target serial
[0.059s] [35m[1mConsolidate compiler generated dependencies of target serial_example[0m
[0.062s] [35m[1mConsolidate compiler generated dependencies of target serial-test-timer[0m
[0.063s] [35m[1mConsolidate compiler generated dependencies of target serial-test[0m
[0.067s] [ 71%] Built target serial_example
[0.073s] [ 85%] Built target serial-test
[0.074s] [100%] Built target serial-test-timer
[0.086s] Invoked command in '/home/ori/Autonomous_Vehicle_Hardware/build/serial' returned '0': CMAKE_PREFIX_PATH=/opt/ros/humble /usr/bin/cmake --build /home/ori/Autonomous_Vehicle_Hardware/build/serial -- -j20 -l20
[0.126s] Invoking command in '/home/ori/Autonomous_Vehicle_Hardware/build/serial': CMAKE_PREFIX_PATH=/opt/ros/humble /usr/bin/cmake --install /home/ori/Autonomous_Vehicle_Hardware/build/serial
[0.134s] -- Install configuration: ""
[0.134s] -- Installing: /home/ori/Autonomous_Vehicle_Hardware/install/serial/lib/libserial.a
[0.135s] -- Installing: /home/ori/Autonomous_Vehicle_Hardware/install/serial/include/serial/serial.h
[0.135s] -- Installing: /home/ori/Autonomous_Vehicle_Hardware/install/serial/include/serial/v8stdint.h
[0.135s] -- Installing: /home/ori/Autonomous_Vehicle_Hardware/install/serial/share/serial/environment/library_path.sh
[0.136s] -- Installing: /home/ori/Autonomous_Vehicle_Hardware/install/serial/share/serial/environment/library_path.dsv
[0.136s] -- Installing: /home/ori/Autonomous_Vehicle_Hardware/install/serial/share/ament_index/resource_index/package_run_dependencies/serial
[0.136s] -- Installing: /home/ori/Autonomous_Vehicle_Hardware/install/serial/share/ament_index/resource_index/parent_prefix_path/serial
[0.136s] -- Installing: /home/ori/Autonomous_Vehicle_Hardware/install/serial/share/serial/environment/ament_prefix_path.sh
[0.136s] -- Installing: /home/ori/Autonomous_Vehicle_Hardware/install/serial/share/serial/environment/ament_prefix_path.dsv
[0.137s] -- Installing: /home/ori/Autonomous_Vehicle_Hardware/install/serial/share/serial/environment/path.sh
[0.137s] -- Installing: /home/ori/Autonomous_Vehicle_Hardware/install/serial/share/serial/environment/path.dsv
[0.137s] -- Installing: /home/ori/Autonomous_Vehicle_Hardware/install/serial/share/serial/local_setup.bash
[0.138s] -- Installing: /home/ori/Autonomous_Vehicle_Hardware/install/serial/share/serial/local_setup.sh
[0.138s] -- Installing: /home/ori/Autonomous_Vehicle_Hardware/install/serial/share/serial/local_setup.zsh
[0.138s] -- Installing: /home/ori/Autonomous_Vehicle_Hardware/install/serial/share/serial/local_setup.dsv
[0.138s] -- Installing: /home/ori/Autonomous_Vehicle_Hardware/install/serial/share/serial/package.dsv
[0.138s] -- Installing: /home/ori/Autonomous_Vehicle_Hardware/install/serial/share/ament_index/resource_index/packages/serial
[0.138s] -- Installing: /home/ori/Autonomous_Vehicle_Hardware/install/serial/share/serial/cmake/ament_cmake_export_include_directories-extras.cmake
[0.138s] -- Installing: /home/ori/Autonomous_Vehicle_Hardware/install/serial/share/serial/cmake/ament_cmake_export_libraries-extras.cmake
[0.139s] -- Installing: /home/ori/Autonomous_Vehicle_Hardware/install/serial/share/serial/cmake/serialConfig.cmake
[0.139s] -- Installing: /home/ori/Autonomous_Vehicle_Hardware/install/serial/share/serial/cmake/serialConfig-version.cmake
[0.139s] -- Installing: /home/ori/Autonomous_Vehicle_Hardware/install/serial/share/serial/package.xml
[0.142s] Invoked command in '/home/ori/Autonomous_Vehicle_Hardware/build/serial' returned '0': CMAKE_PREFIX_PATH=/opt/ros/humble /usr/bin/cmake --install /home/ori/Autonomous_Vehicle_Hardware/build/serial
