[0.039s] Invoking command in '/home/ori/my_ackermann/build/gazebo_ros2_control_demos': AMENT_PREFIX_PATH=/home/ori/my_ackermann/install/gazebo_ros2_control:${AMENT_PREFIX_PATH} CMAKE_PREFIX_PATH=/home/ori/my_ackermann/install/gazebo_ros2_control:/opt/ros/humble LD_LIBRARY_PATH=/home/ori/my_ackermann/install/gazebo_ros2_control/lib:${LD_LIBRARY_PATH} /usr/bin/cmake --build /home/ori/my_ackermann/build/gazebo_ros2_control_demos -- -j20 -l20
[0.089s] [ 33%] Built target example_effort
[0.090s] [ 33%] Built target example_diff_drive
[0.090s] [ 50%] Built target example_gripper
[0.090s] [ 66%] Built target example_velocity
[0.092s] [ 83%] Built target example_tricycle_drive
[0.092s] [100%] Built target example_position
[0.116s] Invoked command in '/home/ori/my_ackermann/build/gazebo_ros2_control_demos' returned '0': AMENT_PREFIX_PATH=/home/ori/my_ackermann/install/gazebo_ros2_control:${AMENT_PREFIX_PATH} CMAKE_PREFIX_PATH=/home/ori/my_ackermann/install/gazebo_ros2_control:/opt/ros/humble LD_LIBRARY_PATH=/home/ori/my_ackermann/install/gazebo_ros2_control/lib:${LD_LIBRARY_PATH} /usr/bin/cmake --build /home/ori/my_ackermann/build/gazebo_ros2_control_demos -- -j20 -l20
[0.169s] Invoking command in '/home/ori/my_ackermann/build/gazebo_ros2_control_demos': AMENT_PREFIX_PATH=/home/ori/my_ackermann/install/gazebo_ros2_control:${AMENT_PREFIX_PATH} CMAKE_PREFIX_PATH=/home/ori/my_ackermann/install/gazebo_ros2_control:/opt/ros/humble LD_LIBRARY_PATH=/home/ori/my_ackermann/install/gazebo_ros2_control/lib:${LD_LIBRARY_PATH} /usr/bin/cmake --install /home/ori/my_ackermann/build/gazebo_ros2_control_demos
[0.174s] -- Install configuration: ""
[0.174s] -- Up-to-date: /home/ori/my_ackermann/install/gazebo_ros2_control_demos/share/gazebo_ros2_control_demos//launch
[0.174s] -- Up-to-date: /home/ori/my_ackermann/install/gazebo_ros2_control_demos/share/gazebo_ros2_control_demos//launch/cart_example_velocity.launch.py
[0.174s] -- Up-to-date: /home/ori/my_ackermann/install/gazebo_ros2_control_demos/share/gazebo_ros2_control_demos//launch/cart_example_effort.launch.py
[0.174s] -- Up-to-date: /home/ori/my_ackermann/install/gazebo_ros2_control_demos/share/gazebo_ros2_control_demos//launch/cart_example_position.launch.py
[0.174s] -- Up-to-date: /home/ori/my_ackermann/install/gazebo_ros2_control_demos/share/gazebo_ros2_control_demos//launch/gripper_mimic_joint_example.launch.py
[0.174s] -- Up-to-date: /home/ori/my_ackermann/install/gazebo_ros2_control_demos/share/gazebo_ros2_control_demos//launch/diff_drive.launch.py
[0.174s] -- Up-to-date: /home/ori/my_ackermann/install/gazebo_ros2_control_demos/share/gazebo_ros2_control_demos//launch/tricycle_drive.launch.py
[0.174s] -- Up-to-date: /home/ori/my_ackermann/install/gazebo_ros2_control_demos/share/gazebo_ros2_control_demos//config
[0.174s] -- Up-to-date: /home/ori/my_ackermann/install/gazebo_ros2_control_demos/share/gazebo_ros2_control_demos//config/tricycle_drive_controller.yaml
[0.174s] -- Up-to-date: /home/ori/my_ackermann/install/gazebo_ros2_control_demos/share/gazebo_ros2_control_demos//config/config.rviz
[0.174s] -- Up-to-date: /home/ori/my_ackermann/install/gazebo_ros2_control_demos/share/gazebo_ros2_control_demos//config/cartpole_controller.yaml
[0.174s] -- Up-to-date: /home/ori/my_ackermann/install/gazebo_ros2_control_demos/share/gazebo_ros2_control_demos//config/gripper_controller.yaml
[0.175s] -- Up-to-date: /home/ori/my_ackermann/install/gazebo_ros2_control_demos/share/gazebo_ros2_control_demos//config/diff_drive_controller.yaml
[0.175s] -- Up-to-date: /home/ori/my_ackermann/install/gazebo_ros2_control_demos/share/gazebo_ros2_control_demos//config/cartpole_controller_velocity.yaml
[0.175s] -- Up-to-date: /home/ori/my_ackermann/install/gazebo_ros2_control_demos/share/gazebo_ros2_control_demos//config/cartpole_controller_effort.yaml
[0.175s] -- Up-to-date: /home/ori/my_ackermann/install/gazebo_ros2_control_demos/share/gazebo_ros2_control_demos//urdf
[0.175s] -- Up-to-date: /home/ori/my_ackermann/install/gazebo_ros2_control_demos/share/gazebo_ros2_control_demos//urdf/test_diff_drive.xacro.urdf
[0.175s] -- Up-to-date: /home/ori/my_ackermann/install/gazebo_ros2_control_demos/share/gazebo_ros2_control_demos//urdf/test_gripper_mimic_joint.xacro.urdf
[0.175s] -- Up-to-date: /home/ori/my_ackermann/install/gazebo_ros2_control_demos/share/gazebo_ros2_control_demos//urdf/test_cart_velocity.xacro.urdf
[0.175s] -- Up-to-date: /home/ori/my_ackermann/install/gazebo_ros2_control_demos/share/gazebo_ros2_control_demos//urdf/test_tricycle_drive.xacro.urdf
[0.175s] -- Up-to-date: /home/ori/my_ackermann/install/gazebo_ros2_control_demos/share/gazebo_ros2_control_demos//urdf/test_cart_position.xacro.urdf
[0.175s] -- Up-to-date: /home/ori/my_ackermann/install/gazebo_ros2_control_demos/share/gazebo_ros2_control_demos//urdf/test_cart_effort.xacro.urdf
[0.175s] -- Up-to-date: /home/ori/my_ackermann/install/gazebo_ros2_control_demos/lib/gazebo_ros2_control_demos/example_position
[0.175s] -- Up-to-date: /home/ori/my_ackermann/install/gazebo_ros2_control_demos/lib/gazebo_ros2_control_demos/example_velocity
[0.175s] -- Up-to-date: /home/ori/my_ackermann/install/gazebo_ros2_control_demos/lib/gazebo_ros2_control_demos/example_effort
[0.175s] -- Up-to-date: /home/ori/my_ackermann/install/gazebo_ros2_control_demos/lib/gazebo_ros2_control_demos/example_diff_drive
[0.175s] -- Up-to-date: /home/ori/my_ackermann/install/gazebo_ros2_control_demos/lib/gazebo_ros2_control_demos/example_tricycle_drive
[0.175s] -- Up-to-date: /home/ori/my_ackermann/install/gazebo_ros2_control_demos/lib/gazebo_ros2_control_demos/example_gripper
[0.175s] -- Up-to-date: /home/ori/my_ackermann/install/gazebo_ros2_control_demos/share/ament_index/resource_index/package_run_dependencies/gazebo_ros2_control_demos
[0.175s] -- Up-to-date: /home/ori/my_ackermann/install/gazebo_ros2_control_demos/share/ament_index/resource_index/parent_prefix_path/gazebo_ros2_control_demos
[0.175s] -- Up-to-date: /home/ori/my_ackermann/install/gazebo_ros2_control_demos/share/gazebo_ros2_control_demos/environment/ament_prefix_path.sh
[0.175s] -- Up-to-date: /home/ori/my_ackermann/install/gazebo_ros2_control_demos/share/gazebo_ros2_control_demos/environment/ament_prefix_path.dsv
[0.175s] -- Up-to-date: /home/ori/my_ackermann/install/gazebo_ros2_control_demos/share/gazebo_ros2_control_demos/environment/path.sh
[0.175s] -- Up-to-date: /home/ori/my_ackermann/install/gazebo_ros2_control_demos/share/gazebo_ros2_control_demos/environment/path.dsv
[0.175s] -- Up-to-date: /home/ori/my_ackermann/install/gazebo_ros2_control_demos/share/gazebo_ros2_control_demos/local_setup.bash
[0.175s] -- Up-to-date: /home/ori/my_ackermann/install/gazebo_ros2_control_demos/share/gazebo_ros2_control_demos/local_setup.sh
[0.175s] -- Up-to-date: /home/ori/my_ackermann/install/gazebo_ros2_control_demos/share/gazebo_ros2_control_demos/local_setup.zsh
[0.176s] -- Up-to-date: /home/ori/my_ackermann/install/gazebo_ros2_control_demos/share/gazebo_ros2_control_demos/local_setup.dsv
[0.176s] -- Installing: /home/ori/my_ackermann/install/gazebo_ros2_control_demos/share/gazebo_ros2_control_demos/package.dsv
[0.176s] -- Up-to-date: /home/ori/my_ackermann/install/gazebo_ros2_control_demos/share/ament_index/resource_index/packages/gazebo_ros2_control_demos
[0.176s] -- Up-to-date: /home/ori/my_ackermann/install/gazebo_ros2_control_demos/share/gazebo_ros2_control_demos/cmake/gazebo_ros2_control_demosConfig.cmake
[0.176s] -- Up-to-date: /home/ori/my_ackermann/install/gazebo_ros2_control_demos/share/gazebo_ros2_control_demos/cmake/gazebo_ros2_control_demosConfig-version.cmake
[0.176s] -- Up-to-date: /home/ori/my_ackermann/install/gazebo_ros2_control_demos/share/gazebo_ros2_control_demos/package.xml
[0.177s] Invoked command in '/home/ori/my_ackermann/build/gazebo_ros2_control_demos' returned '0': AMENT_PREFIX_PATH=/home/ori/my_ackermann/install/gazebo_ros2_control:${AMENT_PREFIX_PATH} CMAKE_PREFIX_PATH=/home/ori/my_ackermann/install/gazebo_ros2_control:/opt/ros/humble LD_LIBRARY_PATH=/home/ori/my_ackermann/install/gazebo_ros2_control/lib:${LD_LIBRARY_PATH} /usr/bin/cmake --install /home/ori/my_ackermann/build/gazebo_ros2_control_demos
