[0.038s] Invoking command in '/home/ori/my_ackermann/build/serial': CMAKE_PREFIX_PATH=/opt/ros/humble /usr/bin/cmake --build /home/ori/my_ackermann/build/serial -- -j20 -l20
[0.066s] [ 42%] Built target serial
[0.066s] [ 42%] Built target gtest_main
[0.069s] [ 57%] Built target gtest
[0.078s] [ 71%] Built target serial_example
[0.082s] [ 92%] Built target serial-test-timer
[0.082s] [100%] Built target serial-test
[0.089s] Invoked command in '/home/ori/my_ackermann/build/serial' returned '0': CMAKE_PREFIX_PATH=/opt/ros/humble /usr/bin/cmake --build /home/ori/my_ackermann/build/serial -- -j20 -l20
[0.159s] Invoking command in '/home/ori/my_ackermann/build/serial': CMAKE_PREFIX_PATH=/opt/ros/humble /usr/bin/cmake --install /home/ori/my_ackermann/build/serial
[0.163s] -- Install configuration: ""
[0.163s] -- Up-to-date: /home/ori/my_ackermann/install/serial/lib/libserial.a
[0.163s] -- Up-to-date: /home/ori/my_ackermann/install/serial/include/serial/serial.h
[0.164s] -- Up-to-date: /home/ori/my_ackermann/install/serial/include/serial/v8stdint.h
[0.164s] -- Up-to-date: /home/ori/my_ackermann/install/serial/share/serial/environment/library_path.sh
[0.164s] -- Up-to-date: /home/ori/my_ackermann/install/serial/share/serial/environment/library_path.dsv
[0.164s] -- Up-to-date: /home/ori/my_ackermann/install/serial/share/ament_index/resource_index/package_run_dependencies/serial
[0.164s] -- Up-to-date: /home/ori/my_ackermann/install/serial/share/ament_index/resource_index/parent_prefix_path/serial
[0.165s] -- Up-to-date: /home/ori/my_ackermann/install/serial/share/serial/environment/ament_prefix_path.sh
[0.165s] -- Up-to-date: /home/ori/my_ackermann/install/serial/share/serial/environment/ament_prefix_path.dsv
[0.165s] -- Up-to-date: /home/ori/my_ackermann/install/serial/share/serial/environment/path.sh
[0.165s] -- Up-to-date: /home/ori/my_ackermann/install/serial/share/serial/environment/path.dsv
[0.166s] -- Up-to-date: /home/ori/my_ackermann/install/serial/share/serial/local_setup.bash
[0.166s] -- Up-to-date: /home/ori/my_ackermann/install/serial/share/serial/local_setup.sh
[0.166s] -- Up-to-date: /home/ori/my_ackermann/install/serial/share/serial/local_setup.zsh
[0.166s] -- Up-to-date: /home/ori/my_ackermann/install/serial/share/serial/local_setup.dsv
[0.167s] -- Installing: /home/ori/my_ackermann/install/serial/share/serial/package.dsv
[0.167s] -- Up-to-date: /home/ori/my_ackermann/install/serial/share/ament_index/resource_index/packages/serial
[0.167s] -- Up-to-date: /home/ori/my_ackermann/install/serial/share/serial/cmake/ament_cmake_export_include_directories-extras.cmake
[0.168s] -- Up-to-date: /home/ori/my_ackermann/install/serial/share/serial/cmake/ament_cmake_export_libraries-extras.cmake
[0.168s] -- Up-to-date: /home/ori/my_ackermann/install/serial/share/serial/cmake/serialConfig.cmake
[0.168s] -- Up-to-date: /home/ori/my_ackermann/install/serial/share/serial/cmake/serialConfig-version.cmake
[0.169s] -- Up-to-date: /home/ori/my_ackermann/install/serial/share/serial/package.xml
[0.176s] Invoked command in '/home/ori/my_ackermann/build/serial' returned '0': CMAKE_PREFIX_PATH=/opt/ros/humble /usr/bin/cmake --install /home/ori/my_ackermann/build/serial
