[0.010s] Invoking command in '/home/ori/Autonomous_Vehicle_Hardware/build/diffdrive_arduino': CMAKE_PREFIX_PATH=/opt/ros/humble /usr/bin/cmake /home/ori/Autonomous_Vehicle_Hardware/src/diffdrive_arduino -DCMAKE_INSTALL_PREFIX=/home/ori/Autonomous_Vehicle_Hardware/install/diffdrive_arduino
[0.066s] -- The CXX compiler identification is GNU 11.4.0
[0.072s] -- Detecting CXX compiler ABI info
[0.125s] -- Detecting CXX compiler ABI info - done
[0.130s] -- Check for working CXX compiler: /usr/bin/c++ - skipped
[0.130s] -- Detecting CXX compile features
[0.131s] -- Detecting CXX compile features - done
[0.132s] -- Found ament_cmake: 1.3.9 (/opt/ros/humble/share/ament_cmake/cmake)
[0.236s] -- Found Python3: /usr/bin/python3 (found version "3.10.12") found components: Interpreter 
[0.292s] -- Found hardware_interface: 2.41.0 (/opt/ros/humble/share/hardware_interface/cmake)
[0.320s] -- Found rosidl_generator_c: 3.1.5 (/opt/ros/humble/share/rosidl_generator_c/cmake)
[0.323s] -- Found rosidl_adapter: 3.1.5 (/opt/ros/humble/share/rosidl_adapter/cmake)
[0.329s] -- Found rosidl_generator_cpp: 3.1.5 (/opt/ros/humble/share/rosidl_generator_cpp/cmake)
[0.338s] -- Using all available rosidl_typesupport_c: rosidl_typesupport_fastrtps_c;rosidl_typesupport_introspection_c
[0.351s] -- Using all available rosidl_typesupport_cpp: rosidl_typesupport_fastrtps_cpp;rosidl_typesupport_introspection_cpp
[0.880s] -- Found rmw_implementation_cmake: 6.1.2 (/opt/ros/humble/share/rmw_implementation_cmake/cmake)
[0.882s] -- Found rmw_fastrtps_cpp: 6.2.6 (/opt/ros/humble/share/rmw_fastrtps_cpp/cmake)
[0.907s] -- Found TinyXML2 via Config file: TinyXML2_DIR-NOTFOUND
[0.940s] -- Found OpenSSL: /usr/lib/x86_64-linux-gnu/libcrypto.so (found version "3.0.2")  
[0.942s] -- Found TinyXML2 via Config file: TinyXML2_DIR-NOTFOUND
[0.959s] -- Found FastRTPS: /opt/ros/humble/include  
[0.967s] -- Found TinyXML2 via Config file: TinyXML2_DIR-NOTFOUND
[0.976s] -- Found TinyXML2 via Config file: TinyXML2_DIR-NOTFOUND
[0.986s] -- Using RMW implementation 'rmw_fastrtps_cpp' as default
[0.998s] -- Looking for C++ include pthread.h
[1.059s] -- Looking for C++ include pthread.h - found
[1.059s] -- Performing Test CMAKE_HAVE_LIBC_PTHREAD
[1.115s] -- Performing Test CMAKE_HAVE_LIBC_PTHREAD - Success
[1.116s] -- Found Threads: TRUE  
[1.273s] -- Found ament_cmake_gtest: 1.3.9 (/opt/ros/humble/share/ament_cmake_gtest/cmake)
[1.322s] -- Configuring done
[1.339s] -- Generating done
[1.340s] -- Build files have been written to: /home/ori/Autonomous_Vehicle_Hardware/build/diffdrive_arduino
