[0.010s] Invoking command in '/home/ori/Autonomous_Vehicle_Hardware/build/mocap_optitrack_driver': CMAKE_PREFIX_PATH=/opt/ros/humble /usr/bin/cmake /home/ori/Autonomous_Vehicle_Hardware/src/mocap_msgs/mocap_optitrack_driver -DCMAKE_INSTALL_PREFIX=/home/ori/Autonomous_Vehicle_Hardware/install/mocap_optitrack_driver
[0.056s] -- The C compiler identification is GNU 11.4.0
[0.092s] -- The CXX compiler identification is GNU 11.4.0
[0.098s] -- Detecting C compiler ABI info
[0.142s] -- Detecting C compiler ABI info - done
[0.146s] -- Check for working C compiler: /usr/bin/cc - skipped
[0.147s] -- Detecting C compile features
[0.147s] -- Detecting C compile features - done
[0.149s] -- Detecting CXX compiler ABI info
[0.199s] -- Detecting CXX compiler ABI info - done
[0.204s] -- Check for working CXX compiler: /usr/bin/c++ - skipped
[0.204s] -- Detecting CXX compile features
[0.205s] -- Detecting CXX compile features - done
[0.206s] -- Found ament_cmake: 1.3.9 (/opt/ros/humble/share/ament_cmake/cmake)
[0.309s] -- Found Python3: /usr/bin/python3 (found version "3.10.12") found components: Interpreter 
[0.367s] -- Found rclcpp: 16.0.9 (/opt/ros/humble/share/rclcpp/cmake)
[0.396s] -- Found rosidl_generator_c: 3.1.5 (/opt/ros/humble/share/rosidl_generator_c/cmake)
[0.399s] -- Found rosidl_adapter: 3.1.5 (/opt/ros/humble/share/rosidl_adapter/cmake)
[0.404s] -- Found rosidl_generator_cpp: 3.1.5 (/opt/ros/humble/share/rosidl_generator_cpp/cmake)
[0.413s] -- Using all available rosidl_typesupport_c: rosidl_typesupport_fastrtps_c;rosidl_typesupport_introspection_c
[0.426s] -- Using all available rosidl_typesupport_cpp: rosidl_typesupport_fastrtps_cpp;rosidl_typesupport_introspection_cpp
[0.482s] -- Found rmw_implementation_cmake: 6.1.2 (/opt/ros/humble/share/rmw_implementation_cmake/cmake)
[0.485s] -- Found rmw_fastrtps_cpp: 6.2.6 (/opt/ros/humble/share/rmw_fastrtps_cpp/cmake)
[0.558s] -- Found OpenSSL: /usr/lib/x86_64-linux-gnu/libcrypto.so (found version "3.0.2")  
[0.592s] -- Found FastRTPS: /opt/ros/humble/include  
[0.633s] -- Using RMW implementation 'rmw_fastrtps_cpp' as default
[0.645s] -- Looking for pthread.h
[0.694s] -- Looking for pthread.h - found
[0.695s] -- Performing Test CMAKE_HAVE_LIBC_PTHREAD
[0.747s] -- Performing Test CMAKE_HAVE_LIBC_PTHREAD - Success
[0.748s] -- Found Threads: TRUE  
[0.862s] -- Found rclcpp_lifecycle: 16.0.9 (/opt/ros/humble/share/rclcpp_lifecycle/cmake)
[0.891s] -- Found tf2: 0.25.7 (/opt/ros/humble/share/tf2/cmake)
[0.934s] -- Found tf2_ros: 0.25.7 (/opt/ros/humble/share/tf2_ros/cmake)
[1.221s] [31mCMake Error at CMakeLists.txt:24 (find_package):
[1.221s]   By not providing "Findmocap_msgs.cmake" in CMAKE_MODULE_PATH this project
[1.221s]   has asked CMake to find a package configuration file provided by
[1.221s]   "mocap_msgs", but CMake did not find one.
[1.221s] 
[1.221s]   Could not find a package configuration file provided by "mocap_msgs" with
[1.221s]   any of the following names:
[1.221s] 
[1.221s]     mocap_msgsConfig.cmake
[1.221s]     mocap_msgs-config.cmake
[1.221s] 
[1.222s]   Add the installation prefix of "mocap_msgs" to CMAKE_PREFIX_PATH or set
[1.222s]   "mocap_msgs_DIR" to a directory containing one of the above files.  If
[1.222s]   "mocap_msgs" provides a separate development package or SDK, be sure it has
[1.222s]   been installed.
[1.222s] 
[1.222s] [0m
[1.222s] -- Configuring incomplete, errors occurred!
[1.222s] See also "/home/ori/Autonomous_Vehicle_Hardware/build/mocap_optitrack_driver/CMakeFiles/CMakeOutput.log".
[1.228s] Invoked command in '/home/ori/Autonomous_Vehicle_Hardware/build/mocap_optitrack_driver' returned '1': CMAKE_PREFIX_PATH=/opt/ros/humble /usr/bin/cmake /home/ori/Autonomous_Vehicle_Hardware/src/mocap_msgs/mocap_optitrack_driver -DCMAKE_INSTALL_PREFIX=/home/ori/Autonomous_Vehicle_Hardware/install/mocap_optitrack_driver
